Copyright 1986-2021 Xilinx, Inc. All Rights Reserved.
---------------------------------------------------------------------------------------------------------------------------------------
| Tool Version : Vivado v.2021.2 (lin64) Build 3367213 Tue Oct 19 02:47:39 MDT 2021
| Date         : Mon Jul 24 07:26:58 2023
| Host         : pc-eii26 running 64-bit Ubuntu 22.04.2 LTS
| Command      : report_drc -file design_1_wrapper_drc_opted.rpt -pb design_1_wrapper_drc_opted.pb -rpx design_1_wrapper_drc_opted.rpx
| Design       : design_1_wrapper
| Device       : xc7z020clg400-1
| Speed File   : -1
| Design State : Synthesized
---------------------------------------------------------------------------------------------------------------------------------------

Report DRC

Table of Contents
-----------------
1. REPORT SUMMARY
2. REPORT DETAILS

1. REPORT SUMMARY
-----------------
            Netlist: netlist
          Floorplan: design_1
      Design limits: <entire design considered>
           Ruledeck: default
             Max violations: <unlimited>
             Violations found: 100
+-----------+----------+-------------------------------------------------------------------+------------+
| Rule      | Severity | Description                                                       | Violations |
+-----------+----------+-------------------------------------------------------------------+------------+
| DPIP-1    | Warning  | Input pipelining                                                  | 7          |
| DPOP-1    | Warning  | PREG Output pipelining                                            | 34         |
| DPOP-2    | Warning  | MREG Output pipelining                                            | 27         |
| REQP-1840 | Warning  | RAMB18 async control check                                        | 8          |
| AVAL-4    | Advisory | enum_USE_DPORT_FALSE_enum_DREG_ADREG_0_connects_CED_CEAD_RSTD_GND | 22         |
| AVAL-5    | Advisory | enum_USE_MULT_NONE_enum_DREG_ADREG_0_connects_CED_CEAD_RSTD_GND   | 2          |
+-----------+----------+-------------------------------------------------------------------+------------+

2. REPORT DETAILS
-----------------
DPIP-1#1 Warning
Input pipelining  
DSP design_1_i/top_graph_top_rfi_C_0/inst/MADCpt_2048_3_ap_int_16_U0/dmul_64ns_64ns_64_7_max_dsp_1_U135/top_graph_top_rfi_C_dmul_64ns_64ns_64_7_max_dsp_1_ip_u/inst/i_synth/MULT.OP/i_non_prim.MULT/DSP48E1_SPD_DBL_VARIANT.FIX_MULT/DSP1/i_no_versal_es1_workaround.DSP input design_1_i/top_graph_top_rfi_C_0/inst/MADCpt_2048_3_ap_int_16_U0/dmul_64ns_64ns_64_7_max_dsp_1_U135/top_graph_top_rfi_C_dmul_64ns_64ns_64_7_max_dsp_1_ip_u/inst/i_synth/MULT.OP/i_non_prim.MULT/DSP48E1_SPD_DBL_VARIANT.FIX_MULT/DSP1/i_no_versal_es1_workaround.DSP/A[29:0] is not pipelined. Pipelining DSP48 input will improve performance.
Related violations: <none>

DPIP-1#2 Warning
Input pipelining  
DSP design_1_i/top_graph_top_rfi_C_0/inst/MADCpt_2048_3_ap_int_16_U0/dmul_64ns_64ns_64_7_max_dsp_1_U135/top_graph_top_rfi_C_dmul_64ns_64ns_64_7_max_dsp_1_ip_u/inst/i_synth/MULT.OP/i_non_prim.R_AND_R/LOGIC.R_AND_R/DSP48_E1.DSP48E1_ADD.DSP48E1_ADD/i_no_versal_es1_workaround.DSP input design_1_i/top_graph_top_rfi_C_0/inst/MADCpt_2048_3_ap_int_16_U0/dmul_64ns_64ns_64_7_max_dsp_1_U135/top_graph_top_rfi_C_dmul_64ns_64ns_64_7_max_dsp_1_ip_u/inst/i_synth/MULT.OP/i_non_prim.R_AND_R/LOGIC.R_AND_R/DSP48_E1.DSP48E1_ADD.DSP48E1_ADD/i_no_versal_es1_workaround.DSP/B[17:0] is not pipelined. Pipelining DSP48 input will improve performance.
Related violations: <none>

DPIP-1#3 Warning
Input pipelining  
DSP design_1_i/top_graph_top_rfi_C_0/inst/MADCpt_2048_3_ap_int_16_U0/dmul_64ns_64ns_64_7_max_dsp_1_U135/top_graph_top_rfi_C_dmul_64ns_64ns_64_7_max_dsp_1_ip_u/inst/i_synth/MULT.OP/i_non_prim.R_AND_R/LOGIC.R_AND_R/DSP48_E1.DSP48E1_ADD.DSP48E1_ADD/i_no_versal_es1_workaround.DSP input design_1_i/top_graph_top_rfi_C_0/inst/MADCpt_2048_3_ap_int_16_U0/dmul_64ns_64ns_64_7_max_dsp_1_U135/top_graph_top_rfi_C_dmul_64ns_64ns_64_7_max_dsp_1_ip_u/inst/i_synth/MULT.OP/i_non_prim.R_AND_R/LOGIC.R_AND_R/DSP48_E1.DSP48E1_ADD.DSP48E1_ADD/i_no_versal_es1_workaround.DSP/C[47:0] is not pipelined. Pipelining DSP48 input will improve performance.
Related violations: <none>

DPIP-1#4 Warning
Input pipelining  
DSP design_1_i/top_graph_top_rfi_C_0/inst/MADCpt_2048_3_ap_int_16_U0/grp_computeMedian_fu_132/dmul_64ns_64ns_64_7_max_dsp_1_U116/top_graph_top_rfi_C_dmul_64ns_64ns_64_7_max_dsp_1_ip_u/inst/i_synth/MULT.OP/i_non_prim.MULT/DSP48E1_SPD_DBL_VARIANT.FIX_MULT/DSP1/i_no_versal_es1_workaround.DSP input design_1_i/top_graph_top_rfi_C_0/inst/MADCpt_2048_3_ap_int_16_U0/grp_computeMedian_fu_132/dmul_64ns_64ns_64_7_max_dsp_1_U116/top_graph_top_rfi_C_dmul_64ns_64ns_64_7_max_dsp_1_ip_u/inst/i_synth/MULT.OP/i_non_prim.MULT/DSP48E1_SPD_DBL_VARIANT.FIX_MULT/DSP1/i_no_versal_es1_workaround.DSP/A[29:0] is not pipelined. Pipelining DSP48 input will improve performance.
Related violations: <none>

DPIP-1#5 Warning
Input pipelining  
DSP design_1_i/top_graph_top_rfi_C_0/inst/MADCpt_2048_3_ap_int_16_U0/grp_computeMedian_fu_132/dmul_64ns_64ns_64_7_max_dsp_1_U116/top_graph_top_rfi_C_dmul_64ns_64ns_64_7_max_dsp_1_ip_u/inst/i_synth/MULT.OP/i_non_prim.R_AND_R/LOGIC.R_AND_R/DSP48_E1.DSP48E1_ADD.DSP48E1_ADD/i_no_versal_es1_workaround.DSP input design_1_i/top_graph_top_rfi_C_0/inst/MADCpt_2048_3_ap_int_16_U0/grp_computeMedian_fu_132/dmul_64ns_64ns_64_7_max_dsp_1_U116/top_graph_top_rfi_C_dmul_64ns_64ns_64_7_max_dsp_1_ip_u/inst/i_synth/MULT.OP/i_non_prim.R_AND_R/LOGIC.R_AND_R/DSP48_E1.DSP48E1_ADD.DSP48E1_ADD/i_no_versal_es1_workaround.DSP/B[17:0] is not pipelined. Pipelining DSP48 input will improve performance.
Related violations: <none>

DPIP-1#6 Warning
Input pipelining  
DSP design_1_i/top_graph_top_rfi_C_0/inst/MADCpt_2048_3_ap_int_16_U0/grp_computeMedian_fu_132/dmul_64ns_64ns_64_7_max_dsp_1_U116/top_graph_top_rfi_C_dmul_64ns_64ns_64_7_max_dsp_1_ip_u/inst/i_synth/MULT.OP/i_non_prim.R_AND_R/LOGIC.R_AND_R/DSP48_E1.DSP48E1_ADD.DSP48E1_ADD/i_no_versal_es1_workaround.DSP input design_1_i/top_graph_top_rfi_C_0/inst/MADCpt_2048_3_ap_int_16_U0/grp_computeMedian_fu_132/dmul_64ns_64ns_64_7_max_dsp_1_U116/top_graph_top_rfi_C_dmul_64ns_64ns_64_7_max_dsp_1_ip_u/inst/i_synth/MULT.OP/i_non_prim.R_AND_R/LOGIC.R_AND_R/DSP48_E1.DSP48E1_ADD.DSP48E1_ADD/i_no_versal_es1_workaround.DSP/C[47:0] is not pipelined. Pipelining DSP48 input will improve performance.
Related violations: <none>

DPIP-1#7 Warning
Input pipelining  
DSP design_1_i/top_graph_top_rfi_C_0/inst/STDCpt_2048_3_ap_int_16_U0/grp_stdDeviationList_fu_178/grp_pow_generic_double_s_fu_132/mac_muladd_16s_15ns_19s_31_4_1_U41/top_graph_top_rfi_C_mac_muladd_16s_15ns_19s_31_4_1_DSP48_0_U/p_reg_reg input design_1_i/top_graph_top_rfi_C_0/inst/STDCpt_2048_3_ap_int_16_U0/grp_stdDeviationList_fu_178/grp_pow_generic_double_s_fu_132/mac_muladd_16s_15ns_19s_31_4_1_U41/top_graph_top_rfi_C_mac_muladd_16s_15ns_19s_31_4_1_DSP48_0_U/p_reg_reg/C[47:0] is not pipelined. Pipelining DSP48 input will improve performance.
Related violations: <none>

DPOP-1#1 Warning
PREG Output pipelining  
DSP design_1_i/top_graph_top_rfi_C_0/inst/MADCpt_2048_3_ap_int_16_U0/dmul_64ns_64ns_64_7_max_dsp_1_U135/top_graph_top_rfi_C_dmul_64ns_64ns_64_7_max_dsp_1_ip_u/inst/i_synth/MULT.OP/i_non_prim.MULT/DSP48E1_SPD_DBL_VARIANT.FIX_MULT/DSP0/i_no_versal_es1_workaround.DSP output design_1_i/top_graph_top_rfi_C_0/inst/MADCpt_2048_3_ap_int_16_U0/dmul_64ns_64ns_64_7_max_dsp_1_U135/top_graph_top_rfi_C_dmul_64ns_64ns_64_7_max_dsp_1_ip_u/inst/i_synth/MULT.OP/i_non_prim.MULT/DSP48E1_SPD_DBL_VARIANT.FIX_MULT/DSP0/i_no_versal_es1_workaround.DSP/PATTERNDETECT is not pipelined (PREG=0). Pipelining the DSP48 output will improve performance and often saves power so it is suggested whenever possible to fully pipeline this function.  If this DSP48 function was inferred, it is suggested to describe an additional register stage after this function.  If the DSP48 was instantiated in the design, it is suggested to set the PREG attribute to 1.
Related violations: <none>

DPOP-1#2 Warning
PREG Output pipelining  
DSP design_1_i/top_graph_top_rfi_C_0/inst/MADCpt_2048_3_ap_int_16_U0/dmul_64ns_64ns_64_7_max_dsp_1_U135/top_graph_top_rfi_C_dmul_64ns_64ns_64_7_max_dsp_1_ip_u/inst/i_synth/MULT.OP/i_non_prim.MULT/DSP48E1_SPD_DBL_VARIANT.FIX_MULT/DSP2/i_no_versal_es1_workaround.DSP output design_1_i/top_graph_top_rfi_C_0/inst/MADCpt_2048_3_ap_int_16_U0/dmul_64ns_64ns_64_7_max_dsp_1_U135/top_graph_top_rfi_C_dmul_64ns_64ns_64_7_max_dsp_1_ip_u/inst/i_synth/MULT.OP/i_non_prim.MULT/DSP48E1_SPD_DBL_VARIANT.FIX_MULT/DSP2/i_no_versal_es1_workaround.DSP/PATTERNDETECT is not pipelined (PREG=0). Pipelining the DSP48 output will improve performance and often saves power so it is suggested whenever possible to fully pipeline this function.  If this DSP48 function was inferred, it is suggested to describe an additional register stage after this function.  If the DSP48 was instantiated in the design, it is suggested to set the PREG attribute to 1.
Related violations: <none>

DPOP-1#3 Warning
PREG Output pipelining  
DSP design_1_i/top_graph_top_rfi_C_0/inst/MADCpt_2048_3_ap_int_16_U0/dmul_64ns_64ns_64_7_max_dsp_1_U135/top_graph_top_rfi_C_dmul_64ns_64ns_64_7_max_dsp_1_ip_u/inst/i_synth/MULT.OP/i_non_prim.MULT/DSP48E1_SPD_DBL_VARIANT.FIX_MULT/DSP5/i_no_versal_es1_workaround.DSP output design_1_i/top_graph_top_rfi_C_0/inst/MADCpt_2048_3_ap_int_16_U0/dmul_64ns_64ns_64_7_max_dsp_1_U135/top_graph_top_rfi_C_dmul_64ns_64ns_64_7_max_dsp_1_ip_u/inst/i_synth/MULT.OP/i_non_prim.MULT/DSP48E1_SPD_DBL_VARIANT.FIX_MULT/DSP5/i_no_versal_es1_workaround.DSP/PATTERNDETECT is not pipelined (PREG=0). Pipelining the DSP48 output will improve performance and often saves power so it is suggested whenever possible to fully pipeline this function.  If this DSP48 function was inferred, it is suggested to describe an additional register stage after this function.  If the DSP48 was instantiated in the design, it is suggested to set the PREG attribute to 1.
Related violations: <none>

DPOP-1#4 Warning
PREG Output pipelining  
DSP design_1_i/top_graph_top_rfi_C_0/inst/MADCpt_2048_3_ap_int_16_U0/dmul_64ns_64ns_64_7_max_dsp_1_U135/top_graph_top_rfi_C_dmul_64ns_64ns_64_7_max_dsp_1_ip_u/inst/i_synth/MULT.OP/i_non_prim.MULT/DSP48E1_SPD_DBL_VARIANT.FIX_MULT/DSP8/i_no_versal_es1_workaround.DSP output design_1_i/top_graph_top_rfi_C_0/inst/MADCpt_2048_3_ap_int_16_U0/dmul_64ns_64ns_64_7_max_dsp_1_U135/top_graph_top_rfi_C_dmul_64ns_64ns_64_7_max_dsp_1_ip_u/inst/i_synth/MULT.OP/i_non_prim.MULT/DSP48E1_SPD_DBL_VARIANT.FIX_MULT/DSP8/i_no_versal_es1_workaround.DSP/P[47:0] is not pipelined (PREG=0). Pipelining the DSP48 output will improve performance and often saves power so it is suggested whenever possible to fully pipeline this function.  If this DSP48 function was inferred, it is suggested to describe an additional register stage after this function.  If the DSP48 was instantiated in the design, it is suggested to set the PREG attribute to 1.
Related violations: <none>

DPOP-1#5 Warning
PREG Output pipelining  
DSP design_1_i/top_graph_top_rfi_C_0/inst/MADCpt_2048_3_ap_int_16_U0/dmul_64ns_64ns_64_7_max_dsp_1_U135/top_graph_top_rfi_C_dmul_64ns_64ns_64_7_max_dsp_1_ip_u/inst/i_synth/MULT.OP/i_non_prim.MULT/DSP48E1_SPD_DBL_VARIANT.FIX_MULT/FULL_MAX_USAGE.DSP9/i_no_versal_es1_workaround.DSP output design_1_i/top_graph_top_rfi_C_0/inst/MADCpt_2048_3_ap_int_16_U0/dmul_64ns_64ns_64_7_max_dsp_1_U135/top_graph_top_rfi_C_dmul_64ns_64ns_64_7_max_dsp_1_ip_u/inst/i_synth/MULT.OP/i_non_prim.MULT/DSP48E1_SPD_DBL_VARIANT.FIX_MULT/FULL_MAX_USAGE.DSP9/i_no_versal_es1_workaround.DSP/P[47:0] is not pipelined (PREG=0). Pipelining the DSP48 output will improve performance and often saves power so it is suggested whenever possible to fully pipeline this function.  If this DSP48 function was inferred, it is suggested to describe an additional register stage after this function.  If the DSP48 was instantiated in the design, it is suggested to set the PREG attribute to 1.
Related violations: <none>

DPOP-1#6 Warning
PREG Output pipelining  
DSP design_1_i/top_graph_top_rfi_C_0/inst/MADCpt_2048_3_ap_int_16_U0/dmul_64ns_64ns_64_7_max_dsp_1_U135/top_graph_top_rfi_C_dmul_64ns_64ns_64_7_max_dsp_1_ip_u/inst/i_synth/MULT.OP/i_non_prim.R_AND_R/LOGIC.R_AND_R/DSP48_E1.DSP48E1_ADD.DSP48E1_ADD/i_no_versal_es1_workaround.DSP output design_1_i/top_graph_top_rfi_C_0/inst/MADCpt_2048_3_ap_int_16_U0/dmul_64ns_64ns_64_7_max_dsp_1_U135/top_graph_top_rfi_C_dmul_64ns_64ns_64_7_max_dsp_1_ip_u/inst/i_synth/MULT.OP/i_non_prim.R_AND_R/LOGIC.R_AND_R/DSP48_E1.DSP48E1_ADD.DSP48E1_ADD/i_no_versal_es1_workaround.DSP/P[47:0] is not pipelined (PREG=0). Pipelining the DSP48 output will improve performance and often saves power so it is suggested whenever possible to fully pipeline this function.  If this DSP48 function was inferred, it is suggested to describe an additional register stage after this function.  If the DSP48 was instantiated in the design, it is suggested to set the PREG attribute to 1.
Related violations: <none>

DPOP-1#7 Warning
PREG Output pipelining  
DSP design_1_i/top_graph_top_rfi_C_0/inst/MADCpt_2048_3_ap_int_16_U0/grp_computeMedian_fu_132/dmul_64ns_64ns_64_7_max_dsp_1_U116/top_graph_top_rfi_C_dmul_64ns_64ns_64_7_max_dsp_1_ip_u/inst/i_synth/MULT.OP/i_non_prim.MULT/DSP48E1_SPD_DBL_VARIANT.FIX_MULT/DSP0/i_no_versal_es1_workaround.DSP output design_1_i/top_graph_top_rfi_C_0/inst/MADCpt_2048_3_ap_int_16_U0/grp_computeMedian_fu_132/dmul_64ns_64ns_64_7_max_dsp_1_U116/top_graph_top_rfi_C_dmul_64ns_64ns_64_7_max_dsp_1_ip_u/inst/i_synth/MULT.OP/i_non_prim.MULT/DSP48E1_SPD_DBL_VARIANT.FIX_MULT/DSP0/i_no_versal_es1_workaround.DSP/PATTERNDETECT is not pipelined (PREG=0). Pipelining the DSP48 output will improve performance and often saves power so it is suggested whenever possible to fully pipeline this function.  If this DSP48 function was inferred, it is suggested to describe an additional register stage after this function.  If the DSP48 was instantiated in the design, it is suggested to set the PREG attribute to 1.
Related violations: <none>

DPOP-1#8 Warning
PREG Output pipelining  
DSP design_1_i/top_graph_top_rfi_C_0/inst/MADCpt_2048_3_ap_int_16_U0/grp_computeMedian_fu_132/dmul_64ns_64ns_64_7_max_dsp_1_U116/top_graph_top_rfi_C_dmul_64ns_64ns_64_7_max_dsp_1_ip_u/inst/i_synth/MULT.OP/i_non_prim.MULT/DSP48E1_SPD_DBL_VARIANT.FIX_MULT/DSP2/i_no_versal_es1_workaround.DSP output design_1_i/top_graph_top_rfi_C_0/inst/MADCpt_2048_3_ap_int_16_U0/grp_computeMedian_fu_132/dmul_64ns_64ns_64_7_max_dsp_1_U116/top_graph_top_rfi_C_dmul_64ns_64ns_64_7_max_dsp_1_ip_u/inst/i_synth/MULT.OP/i_non_prim.MULT/DSP48E1_SPD_DBL_VARIANT.FIX_MULT/DSP2/i_no_versal_es1_workaround.DSP/PATTERNDETECT is not pipelined (PREG=0). Pipelining the DSP48 output will improve performance and often saves power so it is suggested whenever possible to fully pipeline this function.  If this DSP48 function was inferred, it is suggested to describe an additional register stage after this function.  If the DSP48 was instantiated in the design, it is suggested to set the PREG attribute to 1.
Related violations: <none>

DPOP-1#9 Warning
PREG Output pipelining  
DSP design_1_i/top_graph_top_rfi_C_0/inst/MADCpt_2048_3_ap_int_16_U0/grp_computeMedian_fu_132/dmul_64ns_64ns_64_7_max_dsp_1_U116/top_graph_top_rfi_C_dmul_64ns_64ns_64_7_max_dsp_1_ip_u/inst/i_synth/MULT.OP/i_non_prim.MULT/DSP48E1_SPD_DBL_VARIANT.FIX_MULT/DSP5/i_no_versal_es1_workaround.DSP output design_1_i/top_graph_top_rfi_C_0/inst/MADCpt_2048_3_ap_int_16_U0/grp_computeMedian_fu_132/dmul_64ns_64ns_64_7_max_dsp_1_U116/top_graph_top_rfi_C_dmul_64ns_64ns_64_7_max_dsp_1_ip_u/inst/i_synth/MULT.OP/i_non_prim.MULT/DSP48E1_SPD_DBL_VARIANT.FIX_MULT/DSP5/i_no_versal_es1_workaround.DSP/PATTERNDETECT is not pipelined (PREG=0). Pipelining the DSP48 output will improve performance and often saves power so it is suggested whenever possible to fully pipeline this function.  If this DSP48 function was inferred, it is suggested to describe an additional register stage after this function.  If the DSP48 was instantiated in the design, it is suggested to set the PREG attribute to 1.
Related violations: <none>

DPOP-1#10 Warning
PREG Output pipelining  
DSP design_1_i/top_graph_top_rfi_C_0/inst/MADCpt_2048_3_ap_int_16_U0/grp_computeMedian_fu_132/dmul_64ns_64ns_64_7_max_dsp_1_U116/top_graph_top_rfi_C_dmul_64ns_64ns_64_7_max_dsp_1_ip_u/inst/i_synth/MULT.OP/i_non_prim.MULT/DSP48E1_SPD_DBL_VARIANT.FIX_MULT/DSP8/i_no_versal_es1_workaround.DSP output design_1_i/top_graph_top_rfi_C_0/inst/MADCpt_2048_3_ap_int_16_U0/grp_computeMedian_fu_132/dmul_64ns_64ns_64_7_max_dsp_1_U116/top_graph_top_rfi_C_dmul_64ns_64ns_64_7_max_dsp_1_ip_u/inst/i_synth/MULT.OP/i_non_prim.MULT/DSP48E1_SPD_DBL_VARIANT.FIX_MULT/DSP8/i_no_versal_es1_workaround.DSP/P[47:0] is not pipelined (PREG=0). Pipelining the DSP48 output will improve performance and often saves power so it is suggested whenever possible to fully pipeline this function.  If this DSP48 function was inferred, it is suggested to describe an additional register stage after this function.  If the DSP48 was instantiated in the design, it is suggested to set the PREG attribute to 1.
Related violations: <none>

DPOP-1#11 Warning
PREG Output pipelining  
DSP design_1_i/top_graph_top_rfi_C_0/inst/MADCpt_2048_3_ap_int_16_U0/grp_computeMedian_fu_132/dmul_64ns_64ns_64_7_max_dsp_1_U116/top_graph_top_rfi_C_dmul_64ns_64ns_64_7_max_dsp_1_ip_u/inst/i_synth/MULT.OP/i_non_prim.MULT/DSP48E1_SPD_DBL_VARIANT.FIX_MULT/FULL_MAX_USAGE.DSP9/i_no_versal_es1_workaround.DSP output design_1_i/top_graph_top_rfi_C_0/inst/MADCpt_2048_3_ap_int_16_U0/grp_computeMedian_fu_132/dmul_64ns_64ns_64_7_max_dsp_1_U116/top_graph_top_rfi_C_dmul_64ns_64ns_64_7_max_dsp_1_ip_u/inst/i_synth/MULT.OP/i_non_prim.MULT/DSP48E1_SPD_DBL_VARIANT.FIX_MULT/FULL_MAX_USAGE.DSP9/i_no_versal_es1_workaround.DSP/P[47:0] is not pipelined (PREG=0). Pipelining the DSP48 output will improve performance and often saves power so it is suggested whenever possible to fully pipeline this function.  If this DSP48 function was inferred, it is suggested to describe an additional register stage after this function.  If the DSP48 was instantiated in the design, it is suggested to set the PREG attribute to 1.
Related violations: <none>

DPOP-1#12 Warning
PREG Output pipelining  
DSP design_1_i/top_graph_top_rfi_C_0/inst/MADCpt_2048_3_ap_int_16_U0/grp_computeMedian_fu_132/dmul_64ns_64ns_64_7_max_dsp_1_U116/top_graph_top_rfi_C_dmul_64ns_64ns_64_7_max_dsp_1_ip_u/inst/i_synth/MULT.OP/i_non_prim.R_AND_R/LOGIC.R_AND_R/DSP48_E1.DSP48E1_ADD.DSP48E1_ADD/i_no_versal_es1_workaround.DSP output design_1_i/top_graph_top_rfi_C_0/inst/MADCpt_2048_3_ap_int_16_U0/grp_computeMedian_fu_132/dmul_64ns_64ns_64_7_max_dsp_1_U116/top_graph_top_rfi_C_dmul_64ns_64ns_64_7_max_dsp_1_ip_u/inst/i_synth/MULT.OP/i_non_prim.R_AND_R/LOGIC.R_AND_R/DSP48_E1.DSP48E1_ADD.DSP48E1_ADD/i_no_versal_es1_workaround.DSP/P[47:0] is not pipelined (PREG=0). Pipelining the DSP48 output will improve performance and often saves power so it is suggested whenever possible to fully pipeline this function.  If this DSP48 function was inferred, it is suggested to describe an additional register stage after this function.  If the DSP48 was instantiated in the design, it is suggested to set the PREG attribute to 1.
Related violations: <none>

DPOP-1#13 Warning
PREG Output pipelining  
DSP design_1_i/top_graph_top_rfi_C_0/inst/STDCpt_2048_3_ap_int_16_U0/grp_stdDeviationList_fu_178/grp_pow_generic_double_s_fu_132/mul_12s_80ns_90_5_1_U35/tmp_product output design_1_i/top_graph_top_rfi_C_0/inst/STDCpt_2048_3_ap_int_16_U0/grp_stdDeviationList_fu_178/grp_pow_generic_double_s_fu_132/mul_12s_80ns_90_5_1_U35/tmp_product/P[47:0] is not pipelined (PREG=0). Pipelining the DSP48 output will improve performance and often saves power so it is suggested whenever possible to fully pipeline this function.  If this DSP48 function was inferred, it is suggested to describe an additional register stage after this function.  If the DSP48 was instantiated in the design, it is suggested to set the PREG attribute to 1.
Related violations: <none>

DPOP-1#14 Warning
PREG Output pipelining  
DSP design_1_i/top_graph_top_rfi_C_0/inst/STDCpt_2048_3_ap_int_16_U0/grp_stdDeviationList_fu_178/grp_pow_generic_double_s_fu_132/mul_12s_80ns_90_5_1_U35/tmp_product__0 output design_1_i/top_graph_top_rfi_C_0/inst/STDCpt_2048_3_ap_int_16_U0/grp_stdDeviationList_fu_178/grp_pow_generic_double_s_fu_132/mul_12s_80ns_90_5_1_U35/tmp_product__0/P[47:0] is not pipelined (PREG=0). Pipelining the DSP48 output will improve performance and often saves power so it is suggested whenever possible to fully pipeline this function.  If this DSP48 function was inferred, it is suggested to describe an additional register stage after this function.  If the DSP48 was instantiated in the design, it is suggested to set the PREG attribute to 1.
Related violations: <none>

DPOP-1#15 Warning
PREG Output pipelining  
DSP design_1_i/top_graph_top_rfi_C_0/inst/STDCpt_2048_3_ap_int_16_U0/grp_stdDeviationList_fu_178/grp_pow_generic_double_s_fu_132/mul_13s_71s_71_5_1_U37/tmp_product output design_1_i/top_graph_top_rfi_C_0/inst/STDCpt_2048_3_ap_int_16_U0/grp_stdDeviationList_fu_178/grp_pow_generic_double_s_fu_132/mul_13s_71s_71_5_1_U37/tmp_product/P[47:0] is not pipelined (PREG=0). Pipelining the DSP48 output will improve performance and often saves power so it is suggested whenever possible to fully pipeline this function.  If this DSP48 function was inferred, it is suggested to describe an additional register stage after this function.  If the DSP48 was instantiated in the design, it is suggested to set the PREG attribute to 1.
Related violations: <none>

DPOP-1#16 Warning
PREG Output pipelining  
DSP design_1_i/top_graph_top_rfi_C_0/inst/STDCpt_2048_3_ap_int_16_U0/grp_stdDeviationList_fu_178/grp_pow_generic_double_s_fu_132/mul_40ns_40ns_80_2_1_U36/tmp_product output design_1_i/top_graph_top_rfi_C_0/inst/STDCpt_2048_3_ap_int_16_U0/grp_stdDeviationList_fu_178/grp_pow_generic_double_s_fu_132/mul_40ns_40ns_80_2_1_U36/tmp_product/P[47:0] is not pipelined (PREG=0). Pipelining the DSP48 output will improve performance and often saves power so it is suggested whenever possible to fully pipeline this function.  If this DSP48 function was inferred, it is suggested to describe an additional register stage after this function.  If the DSP48 was instantiated in the design, it is suggested to set the PREG attribute to 1.
Related violations: <none>

DPOP-1#17 Warning
PREG Output pipelining  
DSP design_1_i/top_graph_top_rfi_C_0/inst/STDCpt_2048_3_ap_int_16_U0/grp_stdDeviationList_fu_178/grp_pow_generic_double_s_fu_132/mul_40ns_40ns_80_2_1_U36/tmp_product__0 output design_1_i/top_graph_top_rfi_C_0/inst/STDCpt_2048_3_ap_int_16_U0/grp_stdDeviationList_fu_178/grp_pow_generic_double_s_fu_132/mul_40ns_40ns_80_2_1_U36/tmp_product__0/P[47:0] is not pipelined (PREG=0). Pipelining the DSP48 output will improve performance and often saves power so it is suggested whenever possible to fully pipeline this function.  If this DSP48 function was inferred, it is suggested to describe an additional register stage after this function.  If the DSP48 was instantiated in the design, it is suggested to set the PREG attribute to 1.
Related violations: <none>

DPOP-1#18 Warning
PREG Output pipelining  
DSP design_1_i/top_graph_top_rfi_C_0/inst/STDCpt_2048_3_ap_int_16_U0/grp_stdDeviationList_fu_178/grp_pow_generic_double_s_fu_132/mul_43ns_36ns_79_3_1_U38/tmp_product output design_1_i/top_graph_top_rfi_C_0/inst/STDCpt_2048_3_ap_int_16_U0/grp_stdDeviationList_fu_178/grp_pow_generic_double_s_fu_132/mul_43ns_36ns_79_3_1_U38/tmp_product/P[47:0] is not pipelined (PREG=0). Pipelining the DSP48 output will improve performance and often saves power so it is suggested whenever possible to fully pipeline this function.  If this DSP48 function was inferred, it is suggested to describe an additional register stage after this function.  If the DSP48 was instantiated in the design, it is suggested to set the PREG attribute to 1.
Related violations: <none>

DPOP-1#19 Warning
PREG Output pipelining  
DSP design_1_i/top_graph_top_rfi_C_0/inst/STDCpt_2048_3_ap_int_16_U0/grp_stdDeviationList_fu_178/grp_pow_generic_double_s_fu_132/mul_43ns_36ns_79_3_1_U38/tmp_product__0 output design_1_i/top_graph_top_rfi_C_0/inst/STDCpt_2048_3_ap_int_16_U0/grp_stdDeviationList_fu_178/grp_pow_generic_double_s_fu_132/mul_43ns_36ns_79_3_1_U38/tmp_product__0/P[47:0] is not pipelined (PREG=0). Pipelining the DSP48 output will improve performance and often saves power so it is suggested whenever possible to fully pipeline this function.  If this DSP48 function was inferred, it is suggested to describe an additional register stage after this function.  If the DSP48 was instantiated in the design, it is suggested to set the PREG attribute to 1.
Related violations: <none>

DPOP-1#20 Warning
PREG Output pipelining  
DSP design_1_i/top_graph_top_rfi_C_0/inst/STDCpt_2048_3_ap_int_16_U0/grp_stdDeviationList_fu_178/grp_pow_generic_double_s_fu_132/mul_43ns_36ns_79_3_1_U38/tmp_product__1 output design_1_i/top_graph_top_rfi_C_0/inst/STDCpt_2048_3_ap_int_16_U0/grp_stdDeviationList_fu_178/grp_pow_generic_double_s_fu_132/mul_43ns_36ns_79_3_1_U38/tmp_product__1/P[47:0] is not pipelined (PREG=0). Pipelining the DSP48 output will improve performance and often saves power so it is suggested whenever possible to fully pipeline this function.  If this DSP48 function was inferred, it is suggested to describe an additional register stage after this function.  If the DSP48 was instantiated in the design, it is suggested to set the PREG attribute to 1.
Related violations: <none>

DPOP-1#21 Warning
PREG Output pipelining  
DSP design_1_i/top_graph_top_rfi_C_0/inst/STDCpt_2048_3_ap_int_16_U0/grp_stdDeviationList_fu_178/grp_pow_generic_double_s_fu_132/mul_49ns_44ns_93_5_1_U39/tmp_product output design_1_i/top_graph_top_rfi_C_0/inst/STDCpt_2048_3_ap_int_16_U0/grp_stdDeviationList_fu_178/grp_pow_generic_double_s_fu_132/mul_49ns_44ns_93_5_1_U39/tmp_product/P[47:0] is not pipelined (PREG=0). Pipelining the DSP48 output will improve performance and often saves power so it is suggested whenever possible to fully pipeline this function.  If this DSP48 function was inferred, it is suggested to describe an additional register stage after this function.  If the DSP48 was instantiated in the design, it is suggested to set the PREG attribute to 1.
Related violations: <none>

DPOP-1#22 Warning
PREG Output pipelining  
DSP design_1_i/top_graph_top_rfi_C_0/inst/STDCpt_2048_3_ap_int_16_U0/grp_stdDeviationList_fu_178/grp_pow_generic_double_s_fu_132/mul_50ns_50ns_100_5_1_U40/tmp_product output design_1_i/top_graph_top_rfi_C_0/inst/STDCpt_2048_3_ap_int_16_U0/grp_stdDeviationList_fu_178/grp_pow_generic_double_s_fu_132/mul_50ns_50ns_100_5_1_U40/tmp_product/P[47:0] is not pipelined (PREG=0). Pipelining the DSP48 output will improve performance and often saves power so it is suggested whenever possible to fully pipeline this function.  If this DSP48 function was inferred, it is suggested to describe an additional register stage after this function.  If the DSP48 was instantiated in the design, it is suggested to set the PREG attribute to 1.
Related violations: <none>

DPOP-1#23 Warning
PREG Output pipelining  
DSP design_1_i/top_graph_top_rfi_C_0/inst/STDCpt_2048_3_ap_int_16_U0/grp_stdDeviationList_fu_178/grp_pow_generic_double_s_fu_132/mul_6ns_73ns_79_5_1_U29/tmp_product output design_1_i/top_graph_top_rfi_C_0/inst/STDCpt_2048_3_ap_int_16_U0/grp_stdDeviationList_fu_178/grp_pow_generic_double_s_fu_132/mul_6ns_73ns_79_5_1_U29/tmp_product/P[47:0] is not pipelined (PREG=0). Pipelining the DSP48 output will improve performance and often saves power so it is suggested whenever possible to fully pipeline this function.  If this DSP48 function was inferred, it is suggested to describe an additional register stage after this function.  If the DSP48 was instantiated in the design, it is suggested to set the PREG attribute to 1.
Related violations: <none>

DPOP-1#24 Warning
PREG Output pipelining  
DSP design_1_i/top_graph_top_rfi_C_0/inst/STDCpt_2048_3_ap_int_16_U0/grp_stdDeviationList_fu_178/grp_pow_generic_double_s_fu_132/mul_6ns_77ns_83_5_1_U34/tmp_product output design_1_i/top_graph_top_rfi_C_0/inst/STDCpt_2048_3_ap_int_16_U0/grp_stdDeviationList_fu_178/grp_pow_generic_double_s_fu_132/mul_6ns_77ns_83_5_1_U34/tmp_product/P[47:0] is not pipelined (PREG=0). Pipelining the DSP48 output will improve performance and often saves power so it is suggested whenever possible to fully pipeline this function.  If this DSP48 function was inferred, it is suggested to describe an additional register stage after this function.  If the DSP48 was instantiated in the design, it is suggested to set the PREG attribute to 1.
Related violations: <none>

DPOP-1#25 Warning
PREG Output pipelining  
DSP design_1_i/top_graph_top_rfi_C_0/inst/STDCpt_2048_3_ap_int_16_U0/grp_stdDeviationList_fu_178/grp_pow_generic_double_s_fu_132/mul_6ns_77ns_83_5_1_U34/tmp_product__0 output design_1_i/top_graph_top_rfi_C_0/inst/STDCpt_2048_3_ap_int_16_U0/grp_stdDeviationList_fu_178/grp_pow_generic_double_s_fu_132/mul_6ns_77ns_83_5_1_U34/tmp_product__0/P[47:0] is not pipelined (PREG=0). Pipelining the DSP48 output will improve performance and often saves power so it is suggested whenever possible to fully pipeline this function.  If this DSP48 function was inferred, it is suggested to describe an additional register stage after this function.  If the DSP48 was instantiated in the design, it is suggested to set the PREG attribute to 1.
Related violations: <none>

DPOP-1#26 Warning
PREG Output pipelining  
DSP design_1_i/top_graph_top_rfi_C_0/inst/STDCpt_2048_3_ap_int_16_U0/grp_stdDeviationList_fu_178/grp_pow_generic_double_s_fu_132/mul_6ns_82ns_88_5_1_U33/tmp_product output design_1_i/top_graph_top_rfi_C_0/inst/STDCpt_2048_3_ap_int_16_U0/grp_stdDeviationList_fu_178/grp_pow_generic_double_s_fu_132/mul_6ns_82ns_88_5_1_U33/tmp_product/P[47:0] is not pipelined (PREG=0). Pipelining the DSP48 output will improve performance and often saves power so it is suggested whenever possible to fully pipeline this function.  If this DSP48 function was inferred, it is suggested to describe an additional register stage after this function.  If the DSP48 was instantiated in the design, it is suggested to set the PREG attribute to 1.
Related violations: <none>

DPOP-1#27 Warning
PREG Output pipelining  
DSP design_1_i/top_graph_top_rfi_C_0/inst/STDCpt_2048_3_ap_int_16_U0/grp_stdDeviationList_fu_178/grp_pow_generic_double_s_fu_132/mul_6ns_82ns_88_5_1_U33/tmp_product__0 output design_1_i/top_graph_top_rfi_C_0/inst/STDCpt_2048_3_ap_int_16_U0/grp_stdDeviationList_fu_178/grp_pow_generic_double_s_fu_132/mul_6ns_82ns_88_5_1_U33/tmp_product__0/P[47:0] is not pipelined (PREG=0). Pipelining the DSP48 output will improve performance and often saves power so it is suggested whenever possible to fully pipeline this function.  If this DSP48 function was inferred, it is suggested to describe an additional register stage after this function.  If the DSP48 was instantiated in the design, it is suggested to set the PREG attribute to 1.
Related violations: <none>

DPOP-1#28 Warning
PREG Output pipelining  
DSP design_1_i/top_graph_top_rfi_C_0/inst/STDCpt_2048_3_ap_int_16_U0/grp_stdDeviationList_fu_178/grp_pow_generic_double_s_fu_132/mul_6ns_87ns_93_5_1_U32/tmp_product output design_1_i/top_graph_top_rfi_C_0/inst/STDCpt_2048_3_ap_int_16_U0/grp_stdDeviationList_fu_178/grp_pow_generic_double_s_fu_132/mul_6ns_87ns_93_5_1_U32/tmp_product/P[47:0] is not pipelined (PREG=0). Pipelining the DSP48 output will improve performance and often saves power so it is suggested whenever possible to fully pipeline this function.  If this DSP48 function was inferred, it is suggested to describe an additional register stage after this function.  If the DSP48 was instantiated in the design, it is suggested to set the PREG attribute to 1.
Related violations: <none>

DPOP-1#29 Warning
PREG Output pipelining  
DSP design_1_i/top_graph_top_rfi_C_0/inst/STDCpt_2048_3_ap_int_16_U0/grp_stdDeviationList_fu_178/grp_pow_generic_double_s_fu_132/mul_6ns_87ns_93_5_1_U32/tmp_product__0 output design_1_i/top_graph_top_rfi_C_0/inst/STDCpt_2048_3_ap_int_16_U0/grp_stdDeviationList_fu_178/grp_pow_generic_double_s_fu_132/mul_6ns_87ns_93_5_1_U32/tmp_product__0/P[47:0] is not pipelined (PREG=0). Pipelining the DSP48 output will improve performance and often saves power so it is suggested whenever possible to fully pipeline this function.  If this DSP48 function was inferred, it is suggested to describe an additional register stage after this function.  If the DSP48 was instantiated in the design, it is suggested to set the PREG attribute to 1.
Related violations: <none>

DPOP-1#30 Warning
PREG Output pipelining  
DSP design_1_i/top_graph_top_rfi_C_0/inst/STDCpt_2048_3_ap_int_16_U0/grp_stdDeviationList_fu_178/grp_pow_generic_double_s_fu_132/mul_6ns_92ns_98_5_1_U31/tmp_product output design_1_i/top_graph_top_rfi_C_0/inst/STDCpt_2048_3_ap_int_16_U0/grp_stdDeviationList_fu_178/grp_pow_generic_double_s_fu_132/mul_6ns_92ns_98_5_1_U31/tmp_product/P[47:0] is not pipelined (PREG=0). Pipelining the DSP48 output will improve performance and often saves power so it is suggested whenever possible to fully pipeline this function.  If this DSP48 function was inferred, it is suggested to describe an additional register stage after this function.  If the DSP48 was instantiated in the design, it is suggested to set the PREG attribute to 1.
Related violations: <none>

DPOP-1#31 Warning
PREG Output pipelining  
DSP design_1_i/top_graph_top_rfi_C_0/inst/STDCpt_2048_3_ap_int_16_U0/grp_stdDeviationList_fu_178/grp_pow_generic_double_s_fu_132/mul_6ns_92ns_98_5_1_U31/tmp_product__0 output design_1_i/top_graph_top_rfi_C_0/inst/STDCpt_2048_3_ap_int_16_U0/grp_stdDeviationList_fu_178/grp_pow_generic_double_s_fu_132/mul_6ns_92ns_98_5_1_U31/tmp_product__0/P[47:0] is not pipelined (PREG=0). Pipelining the DSP48 output will improve performance and often saves power so it is suggested whenever possible to fully pipeline this function.  If this DSP48 function was inferred, it is suggested to describe an additional register stage after this function.  If the DSP48 was instantiated in the design, it is suggested to set the PREG attribute to 1.
Related violations: <none>

DPOP-1#32 Warning
PREG Output pipelining  
DSP design_1_i/top_graph_top_rfi_C_0/inst/STDCpt_2048_3_ap_int_16_U0/grp_stdDeviationList_fu_178/grp_pow_generic_double_s_fu_132/mul_71ns_4ns_75_5_1_U28/tmp_product output design_1_i/top_graph_top_rfi_C_0/inst/STDCpt_2048_3_ap_int_16_U0/grp_stdDeviationList_fu_178/grp_pow_generic_double_s_fu_132/mul_71ns_4ns_75_5_1_U28/tmp_product/P[47:0] is not pipelined (PREG=0). Pipelining the DSP48 output will improve performance and often saves power so it is suggested whenever possible to fully pipeline this function.  If this DSP48 function was inferred, it is suggested to describe an additional register stage after this function.  If the DSP48 was instantiated in the design, it is suggested to set the PREG attribute to 1.
Related violations: <none>

DPOP-1#33 Warning
PREG Output pipelining  
DSP design_1_i/top_graph_top_rfi_C_0/inst/STDCpt_2048_3_ap_int_16_U0/grp_stdDeviationList_fu_178/grp_pow_generic_double_s_fu_132/mul_83ns_6ns_89_5_1_U30/tmp_product output design_1_i/top_graph_top_rfi_C_0/inst/STDCpt_2048_3_ap_int_16_U0/grp_stdDeviationList_fu_178/grp_pow_generic_double_s_fu_132/mul_83ns_6ns_89_5_1_U30/tmp_product/P[47:0] is not pipelined (PREG=0). Pipelining the DSP48 output will improve performance and often saves power so it is suggested whenever possible to fully pipeline this function.  If this DSP48 function was inferred, it is suggested to describe an additional register stage after this function.  If the DSP48 was instantiated in the design, it is suggested to set the PREG attribute to 1.
Related violations: <none>

DPOP-1#34 Warning
PREG Output pipelining  
DSP design_1_i/top_graph_top_rfi_C_0/inst/STDCpt_2048_3_ap_int_16_U0/grp_stdDeviationList_fu_178/grp_pow_generic_double_s_fu_132/mul_83ns_6ns_89_5_1_U30/tmp_product__0 output design_1_i/top_graph_top_rfi_C_0/inst/STDCpt_2048_3_ap_int_16_U0/grp_stdDeviationList_fu_178/grp_pow_generic_double_s_fu_132/mul_83ns_6ns_89_5_1_U30/tmp_product__0/P[47:0] is not pipelined (PREG=0). Pipelining the DSP48 output will improve performance and often saves power so it is suggested whenever possible to fully pipeline this function.  If this DSP48 function was inferred, it is suggested to describe an additional register stage after this function.  If the DSP48 was instantiated in the design, it is suggested to set the PREG attribute to 1.
Related violations: <none>

DPOP-2#1 Warning
MREG Output pipelining  
DSP design_1_i/top_graph_top_rfi_C_0/inst/MADCpt_2048_3_ap_int_16_U0/dmul_64ns_64ns_64_7_max_dsp_1_U135/top_graph_top_rfi_C_dmul_64ns_64ns_64_7_max_dsp_1_ip_u/inst/i_synth/MULT.OP/i_non_prim.MULT/DSP48E1_SPD_DBL_VARIANT.FIX_MULT/DSP0/i_no_versal_es1_workaround.DSP multiplier stage design_1_i/top_graph_top_rfi_C_0/inst/MADCpt_2048_3_ap_int_16_U0/dmul_64ns_64ns_64_7_max_dsp_1_U135/top_graph_top_rfi_C_dmul_64ns_64ns_64_7_max_dsp_1_ip_u/inst/i_synth/MULT.OP/i_non_prim.MULT/DSP48E1_SPD_DBL_VARIANT.FIX_MULT/DSP0/i_no_versal_es1_workaround.DSP/PATTERNDETECT is not pipelined (MREG=0). Pipelining the multiplier function will improve performance and will save significant power so it is suggested whenever possible to fully pipeline this function.  If this multiplier was inferred, it is suggested to describe an additional register stage after this function.  If there is no registered adder/accumulator following the multiply function, two pipeline stages are suggested to allow both the MREG and PREG registers to be used.  If the DSP48 was instantiated in the design, it is suggested to set both the MREG and PREG attributes to 1 when performing multiply functions.
Related violations: <none>

DPOP-2#2 Warning
MREG Output pipelining  
DSP design_1_i/top_graph_top_rfi_C_0/inst/MADCpt_2048_3_ap_int_16_U0/dmul_64ns_64ns_64_7_max_dsp_1_U135/top_graph_top_rfi_C_dmul_64ns_64ns_64_7_max_dsp_1_ip_u/inst/i_synth/MULT.OP/i_non_prim.MULT/DSP48E1_SPD_DBL_VARIANT.FIX_MULT/DSP7/i_no_versal_es1_workaround.DSP multiplier stage design_1_i/top_graph_top_rfi_C_0/inst/MADCpt_2048_3_ap_int_16_U0/dmul_64ns_64ns_64_7_max_dsp_1_U135/top_graph_top_rfi_C_dmul_64ns_64ns_64_7_max_dsp_1_ip_u/inst/i_synth/MULT.OP/i_non_prim.MULT/DSP48E1_SPD_DBL_VARIANT.FIX_MULT/DSP7/i_no_versal_es1_workaround.DSP/P[47:0] is not pipelined (MREG=0). Pipelining the multiplier function will improve performance and will save significant power so it is suggested whenever possible to fully pipeline this function.  If this multiplier was inferred, it is suggested to describe an additional register stage after this function.  If there is no registered adder/accumulator following the multiply function, two pipeline stages are suggested to allow both the MREG and PREG registers to be used.  If the DSP48 was instantiated in the design, it is suggested to set both the MREG and PREG attributes to 1 when performing multiply functions.
Related violations: <none>

DPOP-2#3 Warning
MREG Output pipelining  
DSP design_1_i/top_graph_top_rfi_C_0/inst/MADCpt_2048_3_ap_int_16_U0/dmul_64ns_64ns_64_7_max_dsp_1_U135/top_graph_top_rfi_C_dmul_64ns_64ns_64_7_max_dsp_1_ip_u/inst/i_synth/MULT.OP/i_non_prim.MULT/DSP48E1_SPD_DBL_VARIANT.FIX_MULT/FULL_MAX_USAGE.DSP9/i_no_versal_es1_workaround.DSP multiplier stage design_1_i/top_graph_top_rfi_C_0/inst/MADCpt_2048_3_ap_int_16_U0/dmul_64ns_64ns_64_7_max_dsp_1_U135/top_graph_top_rfi_C_dmul_64ns_64ns_64_7_max_dsp_1_ip_u/inst/i_synth/MULT.OP/i_non_prim.MULT/DSP48E1_SPD_DBL_VARIANT.FIX_MULT/FULL_MAX_USAGE.DSP9/i_no_versal_es1_workaround.DSP/P[47:0] is not pipelined (MREG=0). Pipelining the multiplier function will improve performance and will save significant power so it is suggested whenever possible to fully pipeline this function.  If this multiplier was inferred, it is suggested to describe an additional register stage after this function.  If there is no registered adder/accumulator following the multiply function, two pipeline stages are suggested to allow both the MREG and PREG registers to be used.  If the DSP48 was instantiated in the design, it is suggested to set both the MREG and PREG attributes to 1 when performing multiply functions.
Related violations: <none>

DPOP-2#4 Warning
MREG Output pipelining  
DSP design_1_i/top_graph_top_rfi_C_0/inst/MADCpt_2048_3_ap_int_16_U0/grp_computeMedian_fu_132/dmul_64ns_64ns_64_7_max_dsp_1_U116/top_graph_top_rfi_C_dmul_64ns_64ns_64_7_max_dsp_1_ip_u/inst/i_synth/MULT.OP/i_non_prim.MULT/DSP48E1_SPD_DBL_VARIANT.FIX_MULT/DSP0/i_no_versal_es1_workaround.DSP multiplier stage design_1_i/top_graph_top_rfi_C_0/inst/MADCpt_2048_3_ap_int_16_U0/grp_computeMedian_fu_132/dmul_64ns_64ns_64_7_max_dsp_1_U116/top_graph_top_rfi_C_dmul_64ns_64ns_64_7_max_dsp_1_ip_u/inst/i_synth/MULT.OP/i_non_prim.MULT/DSP48E1_SPD_DBL_VARIANT.FIX_MULT/DSP0/i_no_versal_es1_workaround.DSP/PATTERNDETECT is not pipelined (MREG=0). Pipelining the multiplier function will improve performance and will save significant power so it is suggested whenever possible to fully pipeline this function.  If this multiplier was inferred, it is suggested to describe an additional register stage after this function.  If there is no registered adder/accumulator following the multiply function, two pipeline stages are suggested to allow both the MREG and PREG registers to be used.  If the DSP48 was instantiated in the design, it is suggested to set both the MREG and PREG attributes to 1 when performing multiply functions.
Related violations: <none>

DPOP-2#5 Warning
MREG Output pipelining  
DSP design_1_i/top_graph_top_rfi_C_0/inst/MADCpt_2048_3_ap_int_16_U0/grp_computeMedian_fu_132/dmul_64ns_64ns_64_7_max_dsp_1_U116/top_graph_top_rfi_C_dmul_64ns_64ns_64_7_max_dsp_1_ip_u/inst/i_synth/MULT.OP/i_non_prim.MULT/DSP48E1_SPD_DBL_VARIANT.FIX_MULT/DSP7/i_no_versal_es1_workaround.DSP multiplier stage design_1_i/top_graph_top_rfi_C_0/inst/MADCpt_2048_3_ap_int_16_U0/grp_computeMedian_fu_132/dmul_64ns_64ns_64_7_max_dsp_1_U116/top_graph_top_rfi_C_dmul_64ns_64ns_64_7_max_dsp_1_ip_u/inst/i_synth/MULT.OP/i_non_prim.MULT/DSP48E1_SPD_DBL_VARIANT.FIX_MULT/DSP7/i_no_versal_es1_workaround.DSP/P[47:0] is not pipelined (MREG=0). Pipelining the multiplier function will improve performance and will save significant power so it is suggested whenever possible to fully pipeline this function.  If this multiplier was inferred, it is suggested to describe an additional register stage after this function.  If there is no registered adder/accumulator following the multiply function, two pipeline stages are suggested to allow both the MREG and PREG registers to be used.  If the DSP48 was instantiated in the design, it is suggested to set both the MREG and PREG attributes to 1 when performing multiply functions.
Related violations: <none>

DPOP-2#6 Warning
MREG Output pipelining  
DSP design_1_i/top_graph_top_rfi_C_0/inst/MADCpt_2048_3_ap_int_16_U0/grp_computeMedian_fu_132/dmul_64ns_64ns_64_7_max_dsp_1_U116/top_graph_top_rfi_C_dmul_64ns_64ns_64_7_max_dsp_1_ip_u/inst/i_synth/MULT.OP/i_non_prim.MULT/DSP48E1_SPD_DBL_VARIANT.FIX_MULT/FULL_MAX_USAGE.DSP9/i_no_versal_es1_workaround.DSP multiplier stage design_1_i/top_graph_top_rfi_C_0/inst/MADCpt_2048_3_ap_int_16_U0/grp_computeMedian_fu_132/dmul_64ns_64ns_64_7_max_dsp_1_U116/top_graph_top_rfi_C_dmul_64ns_64ns_64_7_max_dsp_1_ip_u/inst/i_synth/MULT.OP/i_non_prim.MULT/DSP48E1_SPD_DBL_VARIANT.FIX_MULT/FULL_MAX_USAGE.DSP9/i_no_versal_es1_workaround.DSP/P[47:0] is not pipelined (MREG=0). Pipelining the multiplier function will improve performance and will save significant power so it is suggested whenever possible to fully pipeline this function.  If this multiplier was inferred, it is suggested to describe an additional register stage after this function.  If there is no registered adder/accumulator following the multiply function, two pipeline stages are suggested to allow both the MREG and PREG registers to be used.  If the DSP48 was instantiated in the design, it is suggested to set both the MREG and PREG attributes to 1 when performing multiply functions.
Related violations: <none>

DPOP-2#7 Warning
MREG Output pipelining  
DSP design_1_i/top_graph_top_rfi_C_0/inst/STDCpt_2048_3_ap_int_16_U0/grp_stdDeviationList_fu_178/grp_pow_generic_double_s_fu_132/mul_12s_80ns_90_5_1_U35/buff0_reg multiplier stage design_1_i/top_graph_top_rfi_C_0/inst/STDCpt_2048_3_ap_int_16_U0/grp_stdDeviationList_fu_178/grp_pow_generic_double_s_fu_132/mul_12s_80ns_90_5_1_U35/buff0_reg/P[47:0] is not pipelined (MREG=0). Pipelining the multiplier function will improve performance and will save significant power so it is suggested whenever possible to fully pipeline this function.  If this multiplier was inferred, it is suggested to describe an additional register stage after this function.  If there is no registered adder/accumulator following the multiply function, two pipeline stages are suggested to allow both the MREG and PREG registers to be used.  If the DSP48 was instantiated in the design, it is suggested to set both the MREG and PREG attributes to 1 when performing multiply functions.
Related violations: <none>

DPOP-2#8 Warning
MREG Output pipelining  
DSP design_1_i/top_graph_top_rfi_C_0/inst/STDCpt_2048_3_ap_int_16_U0/grp_stdDeviationList_fu_178/grp_pow_generic_double_s_fu_132/mul_13s_71s_71_5_1_U37/buff0_reg multiplier stage design_1_i/top_graph_top_rfi_C_0/inst/STDCpt_2048_3_ap_int_16_U0/grp_stdDeviationList_fu_178/grp_pow_generic_double_s_fu_132/mul_13s_71s_71_5_1_U37/buff0_reg/P[47:0] is not pipelined (MREG=0). Pipelining the multiplier function will improve performance and will save significant power so it is suggested whenever possible to fully pipeline this function.  If this multiplier was inferred, it is suggested to describe an additional register stage after this function.  If there is no registered adder/accumulator following the multiply function, two pipeline stages are suggested to allow both the MREG and PREG registers to be used.  If the DSP48 was instantiated in the design, it is suggested to set both the MREG and PREG attributes to 1 when performing multiply functions.
Related violations: <none>

DPOP-2#9 Warning
MREG Output pipelining  
DSP design_1_i/top_graph_top_rfi_C_0/inst/STDCpt_2048_3_ap_int_16_U0/grp_stdDeviationList_fu_178/grp_pow_generic_double_s_fu_132/mul_40ns_40ns_80_2_1_U36/dout_reg multiplier stage design_1_i/top_graph_top_rfi_C_0/inst/STDCpt_2048_3_ap_int_16_U0/grp_stdDeviationList_fu_178/grp_pow_generic_double_s_fu_132/mul_40ns_40ns_80_2_1_U36/dout_reg/P[47:0] is not pipelined (MREG=0). Pipelining the multiplier function will improve performance and will save significant power so it is suggested whenever possible to fully pipeline this function.  If this multiplier was inferred, it is suggested to describe an additional register stage after this function.  If there is no registered adder/accumulator following the multiply function, two pipeline stages are suggested to allow both the MREG and PREG registers to be used.  If the DSP48 was instantiated in the design, it is suggested to set both the MREG and PREG attributes to 1 when performing multiply functions.
Related violations: <none>

DPOP-2#10 Warning
MREG Output pipelining  
DSP design_1_i/top_graph_top_rfi_C_0/inst/STDCpt_2048_3_ap_int_16_U0/grp_stdDeviationList_fu_178/grp_pow_generic_double_s_fu_132/mul_40ns_40ns_80_2_1_U36/dout_reg__0 multiplier stage design_1_i/top_graph_top_rfi_C_0/inst/STDCpt_2048_3_ap_int_16_U0/grp_stdDeviationList_fu_178/grp_pow_generic_double_s_fu_132/mul_40ns_40ns_80_2_1_U36/dout_reg__0/P[47:0] is not pipelined (MREG=0). Pipelining the multiplier function will improve performance and will save significant power so it is suggested whenever possible to fully pipeline this function.  If this multiplier was inferred, it is suggested to describe an additional register stage after this function.  If there is no registered adder/accumulator following the multiply function, two pipeline stages are suggested to allow both the MREG and PREG registers to be used.  If the DSP48 was instantiated in the design, it is suggested to set both the MREG and PREG attributes to 1 when performing multiply functions.
Related violations: <none>

DPOP-2#11 Warning
MREG Output pipelining  
DSP design_1_i/top_graph_top_rfi_C_0/inst/STDCpt_2048_3_ap_int_16_U0/grp_stdDeviationList_fu_178/grp_pow_generic_double_s_fu_132/mul_40ns_40ns_80_2_1_U36/dout_reg__1 multiplier stage design_1_i/top_graph_top_rfi_C_0/inst/STDCpt_2048_3_ap_int_16_U0/grp_stdDeviationList_fu_178/grp_pow_generic_double_s_fu_132/mul_40ns_40ns_80_2_1_U36/dout_reg__1/P[47:0] is not pipelined (MREG=0). Pipelining the multiplier function will improve performance and will save significant power so it is suggested whenever possible to fully pipeline this function.  If this multiplier was inferred, it is suggested to describe an additional register stage after this function.  If there is no registered adder/accumulator following the multiply function, two pipeline stages are suggested to allow both the MREG and PREG registers to be used.  If the DSP48 was instantiated in the design, it is suggested to set both the MREG and PREG attributes to 1 when performing multiply functions.
Related violations: <none>

DPOP-2#12 Warning
MREG Output pipelining  
DSP design_1_i/top_graph_top_rfi_C_0/inst/STDCpt_2048_3_ap_int_16_U0/grp_stdDeviationList_fu_178/grp_pow_generic_double_s_fu_132/mul_40ns_40ns_80_2_1_U36/tmp_product multiplier stage design_1_i/top_graph_top_rfi_C_0/inst/STDCpt_2048_3_ap_int_16_U0/grp_stdDeviationList_fu_178/grp_pow_generic_double_s_fu_132/mul_40ns_40ns_80_2_1_U36/tmp_product/P[47:0] is not pipelined (MREG=0). Pipelining the multiplier function will improve performance and will save significant power so it is suggested whenever possible to fully pipeline this function.  If this multiplier was inferred, it is suggested to describe an additional register stage after this function.  If there is no registered adder/accumulator following the multiply function, two pipeline stages are suggested to allow both the MREG and PREG registers to be used.  If the DSP48 was instantiated in the design, it is suggested to set both the MREG and PREG attributes to 1 when performing multiply functions.
Related violations: <none>

DPOP-2#13 Warning
MREG Output pipelining  
DSP design_1_i/top_graph_top_rfi_C_0/inst/STDCpt_2048_3_ap_int_16_U0/grp_stdDeviationList_fu_178/grp_pow_generic_double_s_fu_132/mul_40ns_40ns_80_2_1_U36/tmp_product__0 multiplier stage design_1_i/top_graph_top_rfi_C_0/inst/STDCpt_2048_3_ap_int_16_U0/grp_stdDeviationList_fu_178/grp_pow_generic_double_s_fu_132/mul_40ns_40ns_80_2_1_U36/tmp_product__0/P[47:0] is not pipelined (MREG=0). Pipelining the multiplier function will improve performance and will save significant power so it is suggested whenever possible to fully pipeline this function.  If this multiplier was inferred, it is suggested to describe an additional register stage after this function.  If there is no registered adder/accumulator following the multiply function, two pipeline stages are suggested to allow both the MREG and PREG registers to be used.  If the DSP48 was instantiated in the design, it is suggested to set both the MREG and PREG attributes to 1 when performing multiply functions.
Related violations: <none>

DPOP-2#14 Warning
MREG Output pipelining  
DSP design_1_i/top_graph_top_rfi_C_0/inst/STDCpt_2048_3_ap_int_16_U0/grp_stdDeviationList_fu_178/grp_pow_generic_double_s_fu_132/mul_43ns_36ns_79_3_1_U38/buff0_reg multiplier stage design_1_i/top_graph_top_rfi_C_0/inst/STDCpt_2048_3_ap_int_16_U0/grp_stdDeviationList_fu_178/grp_pow_generic_double_s_fu_132/mul_43ns_36ns_79_3_1_U38/buff0_reg/P[47:0] is not pipelined (MREG=0). Pipelining the multiplier function will improve performance and will save significant power so it is suggested whenever possible to fully pipeline this function.  If this multiplier was inferred, it is suggested to describe an additional register stage after this function.  If there is no registered adder/accumulator following the multiply function, two pipeline stages are suggested to allow both the MREG and PREG registers to be used.  If the DSP48 was instantiated in the design, it is suggested to set both the MREG and PREG attributes to 1 when performing multiply functions.
Related violations: <none>

DPOP-2#15 Warning
MREG Output pipelining  
DSP design_1_i/top_graph_top_rfi_C_0/inst/STDCpt_2048_3_ap_int_16_U0/grp_stdDeviationList_fu_178/grp_pow_generic_double_s_fu_132/mul_43ns_36ns_79_3_1_U38/buff0_reg__0 multiplier stage design_1_i/top_graph_top_rfi_C_0/inst/STDCpt_2048_3_ap_int_16_U0/grp_stdDeviationList_fu_178/grp_pow_generic_double_s_fu_132/mul_43ns_36ns_79_3_1_U38/buff0_reg__0/P[47:0] is not pipelined (MREG=0). Pipelining the multiplier function will improve performance and will save significant power so it is suggested whenever possible to fully pipeline this function.  If this multiplier was inferred, it is suggested to describe an additional register stage after this function.  If there is no registered adder/accumulator following the multiply function, two pipeline stages are suggested to allow both the MREG and PREG registers to be used.  If the DSP48 was instantiated in the design, it is suggested to set both the MREG and PREG attributes to 1 when performing multiply functions.
Related violations: <none>

DPOP-2#16 Warning
MREG Output pipelining  
DSP design_1_i/top_graph_top_rfi_C_0/inst/STDCpt_2048_3_ap_int_16_U0/grp_stdDeviationList_fu_178/grp_pow_generic_double_s_fu_132/mul_43ns_36ns_79_3_1_U38/buff0_reg__1 multiplier stage design_1_i/top_graph_top_rfi_C_0/inst/STDCpt_2048_3_ap_int_16_U0/grp_stdDeviationList_fu_178/grp_pow_generic_double_s_fu_132/mul_43ns_36ns_79_3_1_U38/buff0_reg__1/P[47:0] is not pipelined (MREG=0). Pipelining the multiplier function will improve performance and will save significant power so it is suggested whenever possible to fully pipeline this function.  If this multiplier was inferred, it is suggested to describe an additional register stage after this function.  If there is no registered adder/accumulator following the multiply function, two pipeline stages are suggested to allow both the MREG and PREG registers to be used.  If the DSP48 was instantiated in the design, it is suggested to set both the MREG and PREG attributes to 1 when performing multiply functions.
Related violations: <none>

DPOP-2#17 Warning
MREG Output pipelining  
DSP design_1_i/top_graph_top_rfi_C_0/inst/STDCpt_2048_3_ap_int_16_U0/grp_stdDeviationList_fu_178/grp_pow_generic_double_s_fu_132/mul_43ns_36ns_79_3_1_U38/tmp_product multiplier stage design_1_i/top_graph_top_rfi_C_0/inst/STDCpt_2048_3_ap_int_16_U0/grp_stdDeviationList_fu_178/grp_pow_generic_double_s_fu_132/mul_43ns_36ns_79_3_1_U38/tmp_product/P[47:0] is not pipelined (MREG=0). Pipelining the multiplier function will improve performance and will save significant power so it is suggested whenever possible to fully pipeline this function.  If this multiplier was inferred, it is suggested to describe an additional register stage after this function.  If there is no registered adder/accumulator following the multiply function, two pipeline stages are suggested to allow both the MREG and PREG registers to be used.  If the DSP48 was instantiated in the design, it is suggested to set both the MREG and PREG attributes to 1 when performing multiply functions.
Related violations: <none>

DPOP-2#18 Warning
MREG Output pipelining  
DSP design_1_i/top_graph_top_rfi_C_0/inst/STDCpt_2048_3_ap_int_16_U0/grp_stdDeviationList_fu_178/grp_pow_generic_double_s_fu_132/mul_43ns_36ns_79_3_1_U38/tmp_product__0 multiplier stage design_1_i/top_graph_top_rfi_C_0/inst/STDCpt_2048_3_ap_int_16_U0/grp_stdDeviationList_fu_178/grp_pow_generic_double_s_fu_132/mul_43ns_36ns_79_3_1_U38/tmp_product__0/P[47:0] is not pipelined (MREG=0). Pipelining the multiplier function will improve performance and will save significant power so it is suggested whenever possible to fully pipeline this function.  If this multiplier was inferred, it is suggested to describe an additional register stage after this function.  If there is no registered adder/accumulator following the multiply function, two pipeline stages are suggested to allow both the MREG and PREG registers to be used.  If the DSP48 was instantiated in the design, it is suggested to set both the MREG and PREG attributes to 1 when performing multiply functions.
Related violations: <none>

DPOP-2#19 Warning
MREG Output pipelining  
DSP design_1_i/top_graph_top_rfi_C_0/inst/STDCpt_2048_3_ap_int_16_U0/grp_stdDeviationList_fu_178/grp_pow_generic_double_s_fu_132/mul_43ns_36ns_79_3_1_U38/tmp_product__1 multiplier stage design_1_i/top_graph_top_rfi_C_0/inst/STDCpt_2048_3_ap_int_16_U0/grp_stdDeviationList_fu_178/grp_pow_generic_double_s_fu_132/mul_43ns_36ns_79_3_1_U38/tmp_product__1/P[47:0] is not pipelined (MREG=0). Pipelining the multiplier function will improve performance and will save significant power so it is suggested whenever possible to fully pipeline this function.  If this multiplier was inferred, it is suggested to describe an additional register stage after this function.  If there is no registered adder/accumulator following the multiply function, two pipeline stages are suggested to allow both the MREG and PREG registers to be used.  If the DSP48 was instantiated in the design, it is suggested to set both the MREG and PREG attributes to 1 when performing multiply functions.
Related violations: <none>

DPOP-2#20 Warning
MREG Output pipelining  
DSP design_1_i/top_graph_top_rfi_C_0/inst/STDCpt_2048_3_ap_int_16_U0/grp_stdDeviationList_fu_178/grp_pow_generic_double_s_fu_132/mul_54s_6ns_54_5_1_U27/buff0_reg multiplier stage design_1_i/top_graph_top_rfi_C_0/inst/STDCpt_2048_3_ap_int_16_U0/grp_stdDeviationList_fu_178/grp_pow_generic_double_s_fu_132/mul_54s_6ns_54_5_1_U27/buff0_reg/P[47:0] is not pipelined (MREG=0). Pipelining the multiplier function will improve performance and will save significant power so it is suggested whenever possible to fully pipeline this function.  If this multiplier was inferred, it is suggested to describe an additional register stage after this function.  If there is no registered adder/accumulator following the multiply function, two pipeline stages are suggested to allow both the MREG and PREG registers to be used.  If the DSP48 was instantiated in the design, it is suggested to set both the MREG and PREG attributes to 1 when performing multiply functions.
Related violations: <none>

DPOP-2#21 Warning
MREG Output pipelining  
DSP design_1_i/top_graph_top_rfi_C_0/inst/STDCpt_2048_3_ap_int_16_U0/grp_stdDeviationList_fu_178/grp_pow_generic_double_s_fu_132/mul_6ns_73ns_79_5_1_U29/buff0_reg multiplier stage design_1_i/top_graph_top_rfi_C_0/inst/STDCpt_2048_3_ap_int_16_U0/grp_stdDeviationList_fu_178/grp_pow_generic_double_s_fu_132/mul_6ns_73ns_79_5_1_U29/buff0_reg/P[47:0] is not pipelined (MREG=0). Pipelining the multiplier function will improve performance and will save significant power so it is suggested whenever possible to fully pipeline this function.  If this multiplier was inferred, it is suggested to describe an additional register stage after this function.  If there is no registered adder/accumulator following the multiply function, two pipeline stages are suggested to allow both the MREG and PREG registers to be used.  If the DSP48 was instantiated in the design, it is suggested to set both the MREG and PREG attributes to 1 when performing multiply functions.
Related violations: <none>

DPOP-2#22 Warning
MREG Output pipelining  
DSP design_1_i/top_graph_top_rfi_C_0/inst/STDCpt_2048_3_ap_int_16_U0/grp_stdDeviationList_fu_178/grp_pow_generic_double_s_fu_132/mul_6ns_77ns_83_5_1_U34/buff0_reg multiplier stage design_1_i/top_graph_top_rfi_C_0/inst/STDCpt_2048_3_ap_int_16_U0/grp_stdDeviationList_fu_178/grp_pow_generic_double_s_fu_132/mul_6ns_77ns_83_5_1_U34/buff0_reg/P[47:0] is not pipelined (MREG=0). Pipelining the multiplier function will improve performance and will save significant power so it is suggested whenever possible to fully pipeline this function.  If this multiplier was inferred, it is suggested to describe an additional register stage after this function.  If there is no registered adder/accumulator following the multiply function, two pipeline stages are suggested to allow both the MREG and PREG registers to be used.  If the DSP48 was instantiated in the design, it is suggested to set both the MREG and PREG attributes to 1 when performing multiply functions.
Related violations: <none>

DPOP-2#23 Warning
MREG Output pipelining  
DSP design_1_i/top_graph_top_rfi_C_0/inst/STDCpt_2048_3_ap_int_16_U0/grp_stdDeviationList_fu_178/grp_pow_generic_double_s_fu_132/mul_6ns_82ns_88_5_1_U33/buff0_reg multiplier stage design_1_i/top_graph_top_rfi_C_0/inst/STDCpt_2048_3_ap_int_16_U0/grp_stdDeviationList_fu_178/grp_pow_generic_double_s_fu_132/mul_6ns_82ns_88_5_1_U33/buff0_reg/P[47:0] is not pipelined (MREG=0). Pipelining the multiplier function will improve performance and will save significant power so it is suggested whenever possible to fully pipeline this function.  If this multiplier was inferred, it is suggested to describe an additional register stage after this function.  If there is no registered adder/accumulator following the multiply function, two pipeline stages are suggested to allow both the MREG and PREG registers to be used.  If the DSP48 was instantiated in the design, it is suggested to set both the MREG and PREG attributes to 1 when performing multiply functions.
Related violations: <none>

DPOP-2#24 Warning
MREG Output pipelining  
DSP design_1_i/top_graph_top_rfi_C_0/inst/STDCpt_2048_3_ap_int_16_U0/grp_stdDeviationList_fu_178/grp_pow_generic_double_s_fu_132/mul_6ns_87ns_93_5_1_U32/buff0_reg multiplier stage design_1_i/top_graph_top_rfi_C_0/inst/STDCpt_2048_3_ap_int_16_U0/grp_stdDeviationList_fu_178/grp_pow_generic_double_s_fu_132/mul_6ns_87ns_93_5_1_U32/buff0_reg/P[47:0] is not pipelined (MREG=0). Pipelining the multiplier function will improve performance and will save significant power so it is suggested whenever possible to fully pipeline this function.  If this multiplier was inferred, it is suggested to describe an additional register stage after this function.  If there is no registered adder/accumulator following the multiply function, two pipeline stages are suggested to allow both the MREG and PREG registers to be used.  If the DSP48 was instantiated in the design, it is suggested to set both the MREG and PREG attributes to 1 when performing multiply functions.
Related violations: <none>

DPOP-2#25 Warning
MREG Output pipelining  
DSP design_1_i/top_graph_top_rfi_C_0/inst/STDCpt_2048_3_ap_int_16_U0/grp_stdDeviationList_fu_178/grp_pow_generic_double_s_fu_132/mul_6ns_92ns_98_5_1_U31/buff0_reg multiplier stage design_1_i/top_graph_top_rfi_C_0/inst/STDCpt_2048_3_ap_int_16_U0/grp_stdDeviationList_fu_178/grp_pow_generic_double_s_fu_132/mul_6ns_92ns_98_5_1_U31/buff0_reg/P[47:0] is not pipelined (MREG=0). Pipelining the multiplier function will improve performance and will save significant power so it is suggested whenever possible to fully pipeline this function.  If this multiplier was inferred, it is suggested to describe an additional register stage after this function.  If there is no registered adder/accumulator following the multiply function, two pipeline stages are suggested to allow both the MREG and PREG registers to be used.  If the DSP48 was instantiated in the design, it is suggested to set both the MREG and PREG attributes to 1 when performing multiply functions.
Related violations: <none>

DPOP-2#26 Warning
MREG Output pipelining  
DSP design_1_i/top_graph_top_rfi_C_0/inst/STDCpt_2048_3_ap_int_16_U0/grp_stdDeviationList_fu_178/grp_pow_generic_double_s_fu_132/mul_71ns_4ns_75_5_1_U28/buff0_reg multiplier stage design_1_i/top_graph_top_rfi_C_0/inst/STDCpt_2048_3_ap_int_16_U0/grp_stdDeviationList_fu_178/grp_pow_generic_double_s_fu_132/mul_71ns_4ns_75_5_1_U28/buff0_reg/P[47:0] is not pipelined (MREG=0). Pipelining the multiplier function will improve performance and will save significant power so it is suggested whenever possible to fully pipeline this function.  If this multiplier was inferred, it is suggested to describe an additional register stage after this function.  If there is no registered adder/accumulator following the multiply function, two pipeline stages are suggested to allow both the MREG and PREG registers to be used.  If the DSP48 was instantiated in the design, it is suggested to set both the MREG and PREG attributes to 1 when performing multiply functions.
Related violations: <none>

DPOP-2#27 Warning
MREG Output pipelining  
DSP design_1_i/top_graph_top_rfi_C_0/inst/STDCpt_2048_3_ap_int_16_U0/grp_stdDeviationList_fu_178/grp_pow_generic_double_s_fu_132/mul_83ns_6ns_89_5_1_U30/buff0_reg multiplier stage design_1_i/top_graph_top_rfi_C_0/inst/STDCpt_2048_3_ap_int_16_U0/grp_stdDeviationList_fu_178/grp_pow_generic_double_s_fu_132/mul_83ns_6ns_89_5_1_U30/buff0_reg/P[47:0] is not pipelined (MREG=0). Pipelining the multiplier function will improve performance and will save significant power so it is suggested whenever possible to fully pipeline this function.  If this multiplier was inferred, it is suggested to describe an additional register stage after this function.  If there is no registered adder/accumulator following the multiply function, two pipeline stages are suggested to allow both the MREG and PREG registers to be used.  If the DSP48 was instantiated in the design, it is suggested to set both the MREG and PREG attributes to 1 when performing multiply functions.
Related violations: <none>

REQP-1840#1 Warning
RAMB18 async control check  
The RAMB18E1 design_1_i/mem_write_top_rfi_C_0/inst/gmem_m_axi_U/bus_write/buff_wdata/mem_reg has an input control pin design_1_i/mem_write_top_rfi_C_0/inst/gmem_m_axi_U/bus_write/buff_wdata/mem_reg/ADDRBWRADDR[10] (net: design_1_i/mem_write_top_rfi_C_0/inst/gmem_m_axi_U/bus_write/buff_wdata/rnext[6]) which is driven by a register (design_1_i/axi_mem_intercon/m00_couplers/auto_pc/inst/gen_axi4_axi3.axi3_conv_inst/USE_WRITE.write_addr_inst/USE_BURSTS.cmd_queue/inst/fifo_gen_inst/inst_fifo_gen/gconvfifo.rf/grf.rf/gntv_or_sync_fifo.gl0.rd/gr1.gr1_int.rfwft/empty_fwft_i_reg) that has an active asychronous set or reset. This may cause corruption of the memory contents and/or read values when the set/reset is asserted and is not analyzed by the default static timing analysis. It is suggested to eliminate the use of a set/reset to registers driving this RAMB pin or else use a synchronous reset in which the assertion of the reset is timed by default.
Related violations: <none>

REQP-1840#2 Warning
RAMB18 async control check  
The RAMB18E1 design_1_i/mem_write_top_rfi_C_0/inst/gmem_m_axi_U/bus_write/buff_wdata/mem_reg has an input control pin design_1_i/mem_write_top_rfi_C_0/inst/gmem_m_axi_U/bus_write/buff_wdata/mem_reg/ADDRBWRADDR[11] (net: design_1_i/mem_write_top_rfi_C_0/inst/gmem_m_axi_U/bus_write/buff_wdata/rnext[7]) which is driven by a register (design_1_i/axi_mem_intercon/m00_couplers/auto_pc/inst/gen_axi4_axi3.axi3_conv_inst/USE_WRITE.write_addr_inst/USE_BURSTS.cmd_queue/inst/fifo_gen_inst/inst_fifo_gen/gconvfifo.rf/grf.rf/gntv_or_sync_fifo.gl0.rd/gr1.gr1_int.rfwft/empty_fwft_i_reg) that has an active asychronous set or reset. This may cause corruption of the memory contents and/or read values when the set/reset is asserted and is not analyzed by the default static timing analysis. It is suggested to eliminate the use of a set/reset to registers driving this RAMB pin or else use a synchronous reset in which the assertion of the reset is timed by default.
Related violations: <none>

REQP-1840#3 Warning
RAMB18 async control check  
The RAMB18E1 design_1_i/mem_write_top_rfi_C_0/inst/gmem_m_axi_U/bus_write/buff_wdata/mem_reg has an input control pin design_1_i/mem_write_top_rfi_C_0/inst/gmem_m_axi_U/bus_write/buff_wdata/mem_reg/ADDRBWRADDR[4] (net: design_1_i/mem_write_top_rfi_C_0/inst/gmem_m_axi_U/bus_write/buff_wdata/rnext[0]) which is driven by a register (design_1_i/axi_mem_intercon/m00_couplers/auto_pc/inst/gen_axi4_axi3.axi3_conv_inst/USE_WRITE.write_addr_inst/USE_BURSTS.cmd_queue/inst/fifo_gen_inst/inst_fifo_gen/gconvfifo.rf/grf.rf/gntv_or_sync_fifo.gl0.rd/gr1.gr1_int.rfwft/empty_fwft_i_reg) that has an active asychronous set or reset. This may cause corruption of the memory contents and/or read values when the set/reset is asserted and is not analyzed by the default static timing analysis. It is suggested to eliminate the use of a set/reset to registers driving this RAMB pin or else use a synchronous reset in which the assertion of the reset is timed by default.
Related violations: <none>

REQP-1840#4 Warning
RAMB18 async control check  
The RAMB18E1 design_1_i/mem_write_top_rfi_C_0/inst/gmem_m_axi_U/bus_write/buff_wdata/mem_reg has an input control pin design_1_i/mem_write_top_rfi_C_0/inst/gmem_m_axi_U/bus_write/buff_wdata/mem_reg/ADDRBWRADDR[5] (net: design_1_i/mem_write_top_rfi_C_0/inst/gmem_m_axi_U/bus_write/buff_wdata/rnext[1]) which is driven by a register (design_1_i/axi_mem_intercon/m00_couplers/auto_pc/inst/gen_axi4_axi3.axi3_conv_inst/USE_WRITE.write_addr_inst/USE_BURSTS.cmd_queue/inst/fifo_gen_inst/inst_fifo_gen/gconvfifo.rf/grf.rf/gntv_or_sync_fifo.gl0.rd/gr1.gr1_int.rfwft/empty_fwft_i_reg) that has an active asychronous set or reset. This may cause corruption of the memory contents and/or read values when the set/reset is asserted and is not analyzed by the default static timing analysis. It is suggested to eliminate the use of a set/reset to registers driving this RAMB pin or else use a synchronous reset in which the assertion of the reset is timed by default.
Related violations: <none>

REQP-1840#5 Warning
RAMB18 async control check  
The RAMB18E1 design_1_i/mem_write_top_rfi_C_0/inst/gmem_m_axi_U/bus_write/buff_wdata/mem_reg has an input control pin design_1_i/mem_write_top_rfi_C_0/inst/gmem_m_axi_U/bus_write/buff_wdata/mem_reg/ADDRBWRADDR[6] (net: design_1_i/mem_write_top_rfi_C_0/inst/gmem_m_axi_U/bus_write/buff_wdata/rnext[2]) which is driven by a register (design_1_i/axi_mem_intercon/m00_couplers/auto_pc/inst/gen_axi4_axi3.axi3_conv_inst/USE_WRITE.write_addr_inst/USE_BURSTS.cmd_queue/inst/fifo_gen_inst/inst_fifo_gen/gconvfifo.rf/grf.rf/gntv_or_sync_fifo.gl0.rd/gr1.gr1_int.rfwft/empty_fwft_i_reg) that has an active asychronous set or reset. This may cause corruption of the memory contents and/or read values when the set/reset is asserted and is not analyzed by the default static timing analysis. It is suggested to eliminate the use of a set/reset to registers driving this RAMB pin or else use a synchronous reset in which the assertion of the reset is timed by default.
Related violations: <none>

REQP-1840#6 Warning
RAMB18 async control check  
The RAMB18E1 design_1_i/mem_write_top_rfi_C_0/inst/gmem_m_axi_U/bus_write/buff_wdata/mem_reg has an input control pin design_1_i/mem_write_top_rfi_C_0/inst/gmem_m_axi_U/bus_write/buff_wdata/mem_reg/ADDRBWRADDR[7] (net: design_1_i/mem_write_top_rfi_C_0/inst/gmem_m_axi_U/bus_write/buff_wdata/rnext[3]) which is driven by a register (design_1_i/axi_mem_intercon/m00_couplers/auto_pc/inst/gen_axi4_axi3.axi3_conv_inst/USE_WRITE.write_addr_inst/USE_BURSTS.cmd_queue/inst/fifo_gen_inst/inst_fifo_gen/gconvfifo.rf/grf.rf/gntv_or_sync_fifo.gl0.rd/gr1.gr1_int.rfwft/empty_fwft_i_reg) that has an active asychronous set or reset. This may cause corruption of the memory contents and/or read values when the set/reset is asserted and is not analyzed by the default static timing analysis. It is suggested to eliminate the use of a set/reset to registers driving this RAMB pin or else use a synchronous reset in which the assertion of the reset is timed by default.
Related violations: <none>

REQP-1840#7 Warning
RAMB18 async control check  
The RAMB18E1 design_1_i/mem_write_top_rfi_C_0/inst/gmem_m_axi_U/bus_write/buff_wdata/mem_reg has an input control pin design_1_i/mem_write_top_rfi_C_0/inst/gmem_m_axi_U/bus_write/buff_wdata/mem_reg/ADDRBWRADDR[8] (net: design_1_i/mem_write_top_rfi_C_0/inst/gmem_m_axi_U/bus_write/buff_wdata/rnext[4]) which is driven by a register (design_1_i/axi_mem_intercon/m00_couplers/auto_pc/inst/gen_axi4_axi3.axi3_conv_inst/USE_WRITE.write_addr_inst/USE_BURSTS.cmd_queue/inst/fifo_gen_inst/inst_fifo_gen/gconvfifo.rf/grf.rf/gntv_or_sync_fifo.gl0.rd/gr1.gr1_int.rfwft/empty_fwft_i_reg) that has an active asychronous set or reset. This may cause corruption of the memory contents and/or read values when the set/reset is asserted and is not analyzed by the default static timing analysis. It is suggested to eliminate the use of a set/reset to registers driving this RAMB pin or else use a synchronous reset in which the assertion of the reset is timed by default.
Related violations: <none>

REQP-1840#8 Warning
RAMB18 async control check  
The RAMB18E1 design_1_i/mem_write_top_rfi_C_0/inst/gmem_m_axi_U/bus_write/buff_wdata/mem_reg has an input control pin design_1_i/mem_write_top_rfi_C_0/inst/gmem_m_axi_U/bus_write/buff_wdata/mem_reg/ADDRBWRADDR[9] (net: design_1_i/mem_write_top_rfi_C_0/inst/gmem_m_axi_U/bus_write/buff_wdata/rnext[5]) which is driven by a register (design_1_i/axi_mem_intercon/m00_couplers/auto_pc/inst/gen_axi4_axi3.axi3_conv_inst/USE_WRITE.write_addr_inst/USE_BURSTS.cmd_queue/inst/fifo_gen_inst/inst_fifo_gen/gconvfifo.rf/grf.rf/gntv_or_sync_fifo.gl0.rd/gr1.gr1_int.rfwft/empty_fwft_i_reg) that has an active asychronous set or reset. This may cause corruption of the memory contents and/or read values when the set/reset is asserted and is not analyzed by the default static timing analysis. It is suggested to eliminate the use of a set/reset to registers driving this RAMB pin or else use a synchronous reset in which the assertion of the reset is timed by default.
Related violations: <none>

AVAL-4#1 Advisory
enum_USE_DPORT_FALSE_enum_DREG_ADREG_0_connects_CED_CEAD_RSTD_GND  
design_1_i/top_graph_top_rfi_C_0/inst/MADCpt_2048_3_ap_int_16_U0/dmul_64ns_64ns_64_7_max_dsp_1_U135/top_graph_top_rfi_C_dmul_64ns_64ns_64_7_max_dsp_1_ip_u/inst/i_synth/MULT.OP/i_non_prim.MULT/DSP48E1_SPD_DBL_VARIANT.FIX_MULT/DSP0/i_no_versal_es1_workaround.DSP: DSP48E1 is not using the D port (USE_DPORT = FALSE). For improved power characteristics, set DREG and ADREG to '1', tie CED, CEAD, and RSTD to logic '0'.
Related violations: <none>

AVAL-4#2 Advisory
enum_USE_DPORT_FALSE_enum_DREG_ADREG_0_connects_CED_CEAD_RSTD_GND  
design_1_i/top_graph_top_rfi_C_0/inst/MADCpt_2048_3_ap_int_16_U0/dmul_64ns_64ns_64_7_max_dsp_1_U135/top_graph_top_rfi_C_dmul_64ns_64ns_64_7_max_dsp_1_ip_u/inst/i_synth/MULT.OP/i_non_prim.MULT/DSP48E1_SPD_DBL_VARIANT.FIX_MULT/DSP1/i_no_versal_es1_workaround.DSP: DSP48E1 is not using the D port (USE_DPORT = FALSE). For improved power characteristics, set DREG and ADREG to '1', tie CED, CEAD, and RSTD to logic '0'.
Related violations: <none>

AVAL-4#3 Advisory
enum_USE_DPORT_FALSE_enum_DREG_ADREG_0_connects_CED_CEAD_RSTD_GND  
design_1_i/top_graph_top_rfi_C_0/inst/MADCpt_2048_3_ap_int_16_U0/dmul_64ns_64ns_64_7_max_dsp_1_U135/top_graph_top_rfi_C_dmul_64ns_64ns_64_7_max_dsp_1_ip_u/inst/i_synth/MULT.OP/i_non_prim.MULT/DSP48E1_SPD_DBL_VARIANT.FIX_MULT/DSP2/i_no_versal_es1_workaround.DSP: DSP48E1 is not using the D port (USE_DPORT = FALSE). For improved power characteristics, set DREG and ADREG to '1', tie CED, CEAD, and RSTD to logic '0'.
Related violations: <none>

AVAL-4#4 Advisory
enum_USE_DPORT_FALSE_enum_DREG_ADREG_0_connects_CED_CEAD_RSTD_GND  
design_1_i/top_graph_top_rfi_C_0/inst/MADCpt_2048_3_ap_int_16_U0/dmul_64ns_64ns_64_7_max_dsp_1_U135/top_graph_top_rfi_C_dmul_64ns_64ns_64_7_max_dsp_1_ip_u/inst/i_synth/MULT.OP/i_non_prim.MULT/DSP48E1_SPD_DBL_VARIANT.FIX_MULT/DSP3/i_no_versal_es1_workaround.DSP: DSP48E1 is not using the D port (USE_DPORT = FALSE). For improved power characteristics, set DREG and ADREG to '1', tie CED, CEAD, and RSTD to logic '0'.
Related violations: <none>

AVAL-4#5 Advisory
enum_USE_DPORT_FALSE_enum_DREG_ADREG_0_connects_CED_CEAD_RSTD_GND  
design_1_i/top_graph_top_rfi_C_0/inst/MADCpt_2048_3_ap_int_16_U0/dmul_64ns_64ns_64_7_max_dsp_1_U135/top_graph_top_rfi_C_dmul_64ns_64ns_64_7_max_dsp_1_ip_u/inst/i_synth/MULT.OP/i_non_prim.MULT/DSP48E1_SPD_DBL_VARIANT.FIX_MULT/DSP4/i_no_versal_es1_workaround.DSP: DSP48E1 is not using the D port (USE_DPORT = FALSE). For improved power characteristics, set DREG and ADREG to '1', tie CED, CEAD, and RSTD to logic '0'.
Related violations: <none>

AVAL-4#6 Advisory
enum_USE_DPORT_FALSE_enum_DREG_ADREG_0_connects_CED_CEAD_RSTD_GND  
design_1_i/top_graph_top_rfi_C_0/inst/MADCpt_2048_3_ap_int_16_U0/dmul_64ns_64ns_64_7_max_dsp_1_U135/top_graph_top_rfi_C_dmul_64ns_64ns_64_7_max_dsp_1_ip_u/inst/i_synth/MULT.OP/i_non_prim.MULT/DSP48E1_SPD_DBL_VARIANT.FIX_MULT/DSP5/i_no_versal_es1_workaround.DSP: DSP48E1 is not using the D port (USE_DPORT = FALSE). For improved power characteristics, set DREG and ADREG to '1', tie CED, CEAD, and RSTD to logic '0'.
Related violations: <none>

AVAL-4#7 Advisory
enum_USE_DPORT_FALSE_enum_DREG_ADREG_0_connects_CED_CEAD_RSTD_GND  
design_1_i/top_graph_top_rfi_C_0/inst/MADCpt_2048_3_ap_int_16_U0/dmul_64ns_64ns_64_7_max_dsp_1_U135/top_graph_top_rfi_C_dmul_64ns_64ns_64_7_max_dsp_1_ip_u/inst/i_synth/MULT.OP/i_non_prim.MULT/DSP48E1_SPD_DBL_VARIANT.FIX_MULT/DSP6/i_no_versal_es1_workaround.DSP: DSP48E1 is not using the D port (USE_DPORT = FALSE). For improved power characteristics, set DREG and ADREG to '1', tie CED, CEAD, and RSTD to logic '0'.
Related violations: <none>

AVAL-4#8 Advisory
enum_USE_DPORT_FALSE_enum_DREG_ADREG_0_connects_CED_CEAD_RSTD_GND  
design_1_i/top_graph_top_rfi_C_0/inst/MADCpt_2048_3_ap_int_16_U0/dmul_64ns_64ns_64_7_max_dsp_1_U135/top_graph_top_rfi_C_dmul_64ns_64ns_64_7_max_dsp_1_ip_u/inst/i_synth/MULT.OP/i_non_prim.MULT/DSP48E1_SPD_DBL_VARIANT.FIX_MULT/DSP7/i_no_versal_es1_workaround.DSP: DSP48E1 is not using the D port (USE_DPORT = FALSE). For improved power characteristics, set DREG and ADREG to '1', tie CED, CEAD, and RSTD to logic '0'.
Related violations: <none>

AVAL-4#9 Advisory
enum_USE_DPORT_FALSE_enum_DREG_ADREG_0_connects_CED_CEAD_RSTD_GND  
design_1_i/top_graph_top_rfi_C_0/inst/MADCpt_2048_3_ap_int_16_U0/dmul_64ns_64ns_64_7_max_dsp_1_U135/top_graph_top_rfi_C_dmul_64ns_64ns_64_7_max_dsp_1_ip_u/inst/i_synth/MULT.OP/i_non_prim.MULT/DSP48E1_SPD_DBL_VARIANT.FIX_MULT/DSP8/i_no_versal_es1_workaround.DSP: DSP48E1 is not using the D port (USE_DPORT = FALSE). For improved power characteristics, set DREG and ADREG to '1', tie CED, CEAD, and RSTD to logic '0'.
Related violations: <none>

AVAL-4#10 Advisory
enum_USE_DPORT_FALSE_enum_DREG_ADREG_0_connects_CED_CEAD_RSTD_GND  
design_1_i/top_graph_top_rfi_C_0/inst/MADCpt_2048_3_ap_int_16_U0/dmul_64ns_64ns_64_7_max_dsp_1_U135/top_graph_top_rfi_C_dmul_64ns_64ns_64_7_max_dsp_1_ip_u/inst/i_synth/MULT.OP/i_non_prim.MULT/DSP48E1_SPD_DBL_VARIANT.FIX_MULT/FULL_MAX_USAGE.DSP9/i_no_versal_es1_workaround.DSP: DSP48E1 is not using the D port (USE_DPORT = FALSE). For improved power characteristics, set DREG and ADREG to '1', tie CED, CEAD, and RSTD to logic '0'.
Related violations: <none>

AVAL-4#11 Advisory
enum_USE_DPORT_FALSE_enum_DREG_ADREG_0_connects_CED_CEAD_RSTD_GND  
design_1_i/top_graph_top_rfi_C_0/inst/MADCpt_2048_3_ap_int_16_U0/dmul_64ns_64ns_64_7_max_dsp_1_U135/top_graph_top_rfi_C_dmul_64ns_64ns_64_7_max_dsp_1_ip_u/inst/i_synth/MULT.OP/i_non_prim.R_AND_R/LOGIC.R_AND_R/DSP48_E1.DSP48E1_ADD.DSP48E1_ADD/i_no_versal_es1_workaround.DSP: DSP48E1 is not using the D port (USE_DPORT = FALSE). For improved power characteristics, set DREG and ADREG to '1', tie CED, CEAD, and RSTD to logic '0'.
Related violations: <none>

AVAL-4#12 Advisory
enum_USE_DPORT_FALSE_enum_DREG_ADREG_0_connects_CED_CEAD_RSTD_GND  
design_1_i/top_graph_top_rfi_C_0/inst/MADCpt_2048_3_ap_int_16_U0/grp_computeMedian_fu_132/dmul_64ns_64ns_64_7_max_dsp_1_U116/top_graph_top_rfi_C_dmul_64ns_64ns_64_7_max_dsp_1_ip_u/inst/i_synth/MULT.OP/i_non_prim.MULT/DSP48E1_SPD_DBL_VARIANT.FIX_MULT/DSP0/i_no_versal_es1_workaround.DSP: DSP48E1 is not using the D port (USE_DPORT = FALSE). For improved power characteristics, set DREG and ADREG to '1', tie CED, CEAD, and RSTD to logic '0'.
Related violations: <none>

AVAL-4#13 Advisory
enum_USE_DPORT_FALSE_enum_DREG_ADREG_0_connects_CED_CEAD_RSTD_GND  
design_1_i/top_graph_top_rfi_C_0/inst/MADCpt_2048_3_ap_int_16_U0/grp_computeMedian_fu_132/dmul_64ns_64ns_64_7_max_dsp_1_U116/top_graph_top_rfi_C_dmul_64ns_64ns_64_7_max_dsp_1_ip_u/inst/i_synth/MULT.OP/i_non_prim.MULT/DSP48E1_SPD_DBL_VARIANT.FIX_MULT/DSP1/i_no_versal_es1_workaround.DSP: DSP48E1 is not using the D port (USE_DPORT = FALSE). For improved power characteristics, set DREG and ADREG to '1', tie CED, CEAD, and RSTD to logic '0'.
Related violations: <none>

AVAL-4#14 Advisory
enum_USE_DPORT_FALSE_enum_DREG_ADREG_0_connects_CED_CEAD_RSTD_GND  
design_1_i/top_graph_top_rfi_C_0/inst/MADCpt_2048_3_ap_int_16_U0/grp_computeMedian_fu_132/dmul_64ns_64ns_64_7_max_dsp_1_U116/top_graph_top_rfi_C_dmul_64ns_64ns_64_7_max_dsp_1_ip_u/inst/i_synth/MULT.OP/i_non_prim.MULT/DSP48E1_SPD_DBL_VARIANT.FIX_MULT/DSP2/i_no_versal_es1_workaround.DSP: DSP48E1 is not using the D port (USE_DPORT = FALSE). For improved power characteristics, set DREG and ADREG to '1', tie CED, CEAD, and RSTD to logic '0'.
Related violations: <none>

AVAL-4#15 Advisory
enum_USE_DPORT_FALSE_enum_DREG_ADREG_0_connects_CED_CEAD_RSTD_GND  
design_1_i/top_graph_top_rfi_C_0/inst/MADCpt_2048_3_ap_int_16_U0/grp_computeMedian_fu_132/dmul_64ns_64ns_64_7_max_dsp_1_U116/top_graph_top_rfi_C_dmul_64ns_64ns_64_7_max_dsp_1_ip_u/inst/i_synth/MULT.OP/i_non_prim.MULT/DSP48E1_SPD_DBL_VARIANT.FIX_MULT/DSP3/i_no_versal_es1_workaround.DSP: DSP48E1 is not using the D port (USE_DPORT = FALSE). For improved power characteristics, set DREG and ADREG to '1', tie CED, CEAD, and RSTD to logic '0'.
Related violations: <none>

AVAL-4#16 Advisory
enum_USE_DPORT_FALSE_enum_DREG_ADREG_0_connects_CED_CEAD_RSTD_GND  
design_1_i/top_graph_top_rfi_C_0/inst/MADCpt_2048_3_ap_int_16_U0/grp_computeMedian_fu_132/dmul_64ns_64ns_64_7_max_dsp_1_U116/top_graph_top_rfi_C_dmul_64ns_64ns_64_7_max_dsp_1_ip_u/inst/i_synth/MULT.OP/i_non_prim.MULT/DSP48E1_SPD_DBL_VARIANT.FIX_MULT/DSP4/i_no_versal_es1_workaround.DSP: DSP48E1 is not using the D port (USE_DPORT = FALSE). For improved power characteristics, set DREG and ADREG to '1', tie CED, CEAD, and RSTD to logic '0'.
Related violations: <none>

AVAL-4#17 Advisory
enum_USE_DPORT_FALSE_enum_DREG_ADREG_0_connects_CED_CEAD_RSTD_GND  
design_1_i/top_graph_top_rfi_C_0/inst/MADCpt_2048_3_ap_int_16_U0/grp_computeMedian_fu_132/dmul_64ns_64ns_64_7_max_dsp_1_U116/top_graph_top_rfi_C_dmul_64ns_64ns_64_7_max_dsp_1_ip_u/inst/i_synth/MULT.OP/i_non_prim.MULT/DSP48E1_SPD_DBL_VARIANT.FIX_MULT/DSP5/i_no_versal_es1_workaround.DSP: DSP48E1 is not using the D port (USE_DPORT = FALSE). For improved power characteristics, set DREG and ADREG to '1', tie CED, CEAD, and RSTD to logic '0'.
Related violations: <none>

AVAL-4#18 Advisory
enum_USE_DPORT_FALSE_enum_DREG_ADREG_0_connects_CED_CEAD_RSTD_GND  
design_1_i/top_graph_top_rfi_C_0/inst/MADCpt_2048_3_ap_int_16_U0/grp_computeMedian_fu_132/dmul_64ns_64ns_64_7_max_dsp_1_U116/top_graph_top_rfi_C_dmul_64ns_64ns_64_7_max_dsp_1_ip_u/inst/i_synth/MULT.OP/i_non_prim.MULT/DSP48E1_SPD_DBL_VARIANT.FIX_MULT/DSP6/i_no_versal_es1_workaround.DSP: DSP48E1 is not using the D port (USE_DPORT = FALSE). For improved power characteristics, set DREG and ADREG to '1', tie CED, CEAD, and RSTD to logic '0'.
Related violations: <none>

AVAL-4#19 Advisory
enum_USE_DPORT_FALSE_enum_DREG_ADREG_0_connects_CED_CEAD_RSTD_GND  
design_1_i/top_graph_top_rfi_C_0/inst/MADCpt_2048_3_ap_int_16_U0/grp_computeMedian_fu_132/dmul_64ns_64ns_64_7_max_dsp_1_U116/top_graph_top_rfi_C_dmul_64ns_64ns_64_7_max_dsp_1_ip_u/inst/i_synth/MULT.OP/i_non_prim.MULT/DSP48E1_SPD_DBL_VARIANT.FIX_MULT/DSP7/i_no_versal_es1_workaround.DSP: DSP48E1 is not using the D port (USE_DPORT = FALSE). For improved power characteristics, set DREG and ADREG to '1', tie CED, CEAD, and RSTD to logic '0'.
Related violations: <none>

AVAL-4#20 Advisory
enum_USE_DPORT_FALSE_enum_DREG_ADREG_0_connects_CED_CEAD_RSTD_GND  
design_1_i/top_graph_top_rfi_C_0/inst/MADCpt_2048_3_ap_int_16_U0/grp_computeMedian_fu_132/dmul_64ns_64ns_64_7_max_dsp_1_U116/top_graph_top_rfi_C_dmul_64ns_64ns_64_7_max_dsp_1_ip_u/inst/i_synth/MULT.OP/i_non_prim.MULT/DSP48E1_SPD_DBL_VARIANT.FIX_MULT/DSP8/i_no_versal_es1_workaround.DSP: DSP48E1 is not using the D port (USE_DPORT = FALSE). For improved power characteristics, set DREG and ADREG to '1', tie CED, CEAD, and RSTD to logic '0'.
Related violations: <none>

AVAL-4#21 Advisory
enum_USE_DPORT_FALSE_enum_DREG_ADREG_0_connects_CED_CEAD_RSTD_GND  
design_1_i/top_graph_top_rfi_C_0/inst/MADCpt_2048_3_ap_int_16_U0/grp_computeMedian_fu_132/dmul_64ns_64ns_64_7_max_dsp_1_U116/top_graph_top_rfi_C_dmul_64ns_64ns_64_7_max_dsp_1_ip_u/inst/i_synth/MULT.OP/i_non_prim.MULT/DSP48E1_SPD_DBL_VARIANT.FIX_MULT/FULL_MAX_USAGE.DSP9/i_no_versal_es1_workaround.DSP: DSP48E1 is not using the D port (USE_DPORT = FALSE). For improved power characteristics, set DREG and ADREG to '1', tie CED, CEAD, and RSTD to logic '0'.
Related violations: <none>

AVAL-4#22 Advisory
enum_USE_DPORT_FALSE_enum_DREG_ADREG_0_connects_CED_CEAD_RSTD_GND  
design_1_i/top_graph_top_rfi_C_0/inst/MADCpt_2048_3_ap_int_16_U0/grp_computeMedian_fu_132/dmul_64ns_64ns_64_7_max_dsp_1_U116/top_graph_top_rfi_C_dmul_64ns_64ns_64_7_max_dsp_1_ip_u/inst/i_synth/MULT.OP/i_non_prim.R_AND_R/LOGIC.R_AND_R/DSP48_E1.DSP48E1_ADD.DSP48E1_ADD/i_no_versal_es1_workaround.DSP: DSP48E1 is not using the D port (USE_DPORT = FALSE). For improved power characteristics, set DREG and ADREG to '1', tie CED, CEAD, and RSTD to logic '0'.
Related violations: <none>

AVAL-5#1 Advisory
enum_USE_MULT_NONE_enum_DREG_ADREG_0_connects_CED_CEAD_RSTD_GND  
design_1_i/top_graph_top_rfi_C_0/inst/MADCpt_2048_3_ap_int_16_U0/dmul_64ns_64ns_64_7_max_dsp_1_U135/top_graph_top_rfi_C_dmul_64ns_64ns_64_7_max_dsp_1_ip_u/inst/i_synth/MULT.OP/i_non_prim.R_AND_R/LOGIC.R_AND_R/DSP48_E1.DSP48E1_ADD.DSP48E1_ADD/i_no_versal_es1_workaround.DSP: DSP48E1 is not using the Multiplier (USE_MULT = NONE). For improved power characteristics, set DREG and ADREG to '1', tie CED, CEAD, and RSTD to logic '0'.
Related violations: <none>

AVAL-5#2 Advisory
enum_USE_MULT_NONE_enum_DREG_ADREG_0_connects_CED_CEAD_RSTD_GND  
design_1_i/top_graph_top_rfi_C_0/inst/MADCpt_2048_3_ap_int_16_U0/grp_computeMedian_fu_132/dmul_64ns_64ns_64_7_max_dsp_1_U116/top_graph_top_rfi_C_dmul_64ns_64ns_64_7_max_dsp_1_ip_u/inst/i_synth/MULT.OP/i_non_prim.R_AND_R/LOGIC.R_AND_R/DSP48_E1.DSP48E1_ADD.DSP48E1_ADD/i_no_versal_es1_workaround.DSP: DSP48E1 is not using the Multiplier (USE_MULT = NONE). For improved power characteristics, set DREG and ADREG to '1', tie CED, CEAD, and RSTD to logic '0'.
Related violations: <none>


