

================================================================
== Vitis HLS Report for 'mem_read_top_rfi_C'
================================================================
* Date:           Thu Jul  6 01:43:02 2023

* Version:        2021.2 (Build 3367213 on Tue Oct 19 02:47:39 MDT 2021)
* Project:        mem_read_top_rfi_C
* Solution:       solution1 (Vivado IP Flow Target)
* Product family: zynq
* Target device:  xc7z020-clg400-1


================================================================
== Performance Estimates
================================================================
+ Timing: 
    * Summary: 
    +--------+----------+----------+------------+
    |  Clock |  Target  | Estimated| Uncertainty|
    +--------+----------+----------+------------+
    |ap_clk  |  10.00 ns|  7.591 ns|     2.70 ns|
    +--------+----------+----------+------------+

+ Latency: 
    * Summary: 
    +---------+---------+----------+----------+-----+-----+---------+
    |  Latency (cycles) |  Latency (absolute) |  Interval | Pipeline|
    |   min   |   max   |    min   |    max   | min | max |   Type  |
    +---------+---------+----------+----------+-----+-----+---------+
    |        ?|        ?|         ?|         ?|    ?|    ?|       no|
    +---------+---------+----------+----------+-----+-----+---------+

    + Detail: 
        * Instance: 
        N/A

        * Loop: 
        +----------+---------+---------+----------+-----------+-----------+------+----------+
        |          |  Latency (cycles) | Iteration|  Initiation Interval  | Trip |          |
        | Loop Name|   min   |   max   |  Latency |  achieved |   target  | Count| Pipelined|
        +----------+---------+---------+----------+-----------+-----------+------+----------+
        |- Loop 1  |        ?|        ?|        11|          2|          1|     ?|       yes|
        +----------+---------+---------+----------+-----------+-----------+------+----------+

============================================================
+ Verbose Summary: Synthesis Manager
============================================================
InlineROM: 1
ExposeGlobal: 0
============================================================
+ Verbose Summary: CDFG Model
============================================================
IsTopModel: 1
ResetActiveHigh: 1
IsCombinational: 0
IsDatapathOnly: 0
HasWiredReturn: 1
HasMFsm: 2
HasVarLatency: 1
IsPipeline: 0
IsRtlPipelined: 0
IsInstanceOverlapped: 0
IsDontTouch: 0
HasImplIP: 0
IsGatedGlobalClock: 0

+ Individual pipeline summary: 
  * Pipeline-0: initiation interval (II) = 2, depth = 11


============================================================
+ Verbose Summary: Schedule
============================================================
* Number of FSM states : 13
* Pipeline : 1
  Pipeline-0 : II = 2, D = 11, States = { 2 3 4 5 6 7 8 9 10 11 12 }
* Dataflow Pipeline: 0

* FSM state transitions: 
1 --> 2 
2 --> 3 
3 --> 4 
4 --> 5 
5 --> 6 
6 --> 7 
7 --> 8 
8 --> 9 
9 --> 10 
10 --> 11 
11 --> 12 
12 --> 13 2 
13 --> 

* FSM state operations: 

State 1 <SV = 0> <Delay = 1.00>
ST_1 : Operation 14 [1/1] (0.00ns)   --->   "%spectopmodule_ln0 = spectopmodule void @_ssdm_op_SpecTopModule, void @empty_2"   --->   Operation 14 'spectopmodule' 'spectopmodule_ln0' <Predicate = true> <Delay = 0.00>
ST_1 : Operation 15 [1/1] (0.00ns)   --->   "%specinterface_ln0 = specinterface void @_ssdm_op_SpecInterface, i64 %gmem, void @empty_13, i32 0, i32 0, void @empty_12, i32 0, i32 0, void @empty_11, void @empty_10, void @empty_12, i32 16, i32 16, i32 16, i32 16, void @empty_11, void @empty_12"   --->   Operation 15 'specinterface' 'specinterface_ln0' <Predicate = true> <Delay = 0.00>
ST_1 : Operation 16 [1/1] (0.00ns)   --->   "%specbitsmap_ln0 = specbitsmap void @_ssdm_op_SpecBitsMap, i64 %gmem"   --->   Operation 16 'specbitsmap' 'specbitsmap_ln0' <Predicate = true> <Delay = 0.00>
ST_1 : Operation 17 [1/1] (0.00ns)   --->   "%specinterface_ln0 = specinterface void @_ssdm_op_SpecInterface, i64 %raw_data_real_i_mem, void @empty_9, i32 0, i32 0, void @empty_12, i32 0, i32 0, void @empty_1, void @empty_4, void @empty_12, i32 0, i32 0, i32 0, i32 0, void @empty_5, void @empty_0"   --->   Operation 17 'specinterface' 'specinterface_ln0' <Predicate = true> <Delay = 0.00>
ST_1 : Operation 18 [1/1] (0.00ns)   --->   "%specinterface_ln0 = specinterface void @_ssdm_op_SpecInterface, i64 %raw_data_real_i_mem, void @empty_8, i32 0, i32 0, void @empty_12, i32 0, i32 0, void @empty_12, void @empty_12, void @empty_12, i32 0, i32 0, i32 0, i32 0, void @empty_5, void @empty_0"   --->   Operation 18 'specinterface' 'specinterface_ln0' <Predicate = true> <Delay = 0.00>
ST_1 : Operation 19 [1/1] (0.00ns)   --->   "%specinterface_ln0 = specinterface void @_ssdm_op_SpecInterface, i64 %raw_data_real_i_stream, void @empty, i32 1, i32 1, void @empty_6, i32 0, i32 0, void @empty_12, void @empty_12, void @empty_12, i32 0, i32 0, i32 0, i32 0, void @empty_12, void @empty_12"   --->   Operation 19 'specinterface' 'specinterface_ln0' <Predicate = true> <Delay = 0.00>
ST_1 : Operation 20 [1/1] (0.00ns)   --->   "%specbitsmap_ln0 = specbitsmap void @_ssdm_op_SpecBitsMap, i64 %raw_data_real_i_stream"   --->   Operation 20 'specbitsmap' 'specbitsmap_ln0' <Predicate = true> <Delay = 0.00>
ST_1 : Operation 21 [1/1] (0.00ns)   --->   "%specinterface_ln0 = specinterface void @_ssdm_op_SpecInterface, i64 %raw_data_im_i_mem, void @empty_9, i32 0, i32 0, void @empty_12, i32 0, i32 0, void @empty_1, void @empty_3, void @empty_12, i32 0, i32 0, i32 0, i32 0, void @empty_7, void @empty_0"   --->   Operation 21 'specinterface' 'specinterface_ln0' <Predicate = true> <Delay = 0.00>
ST_1 : Operation 22 [1/1] (0.00ns)   --->   "%specinterface_ln0 = specinterface void @_ssdm_op_SpecInterface, i64 %raw_data_im_i_mem, void @empty_8, i32 0, i32 0, void @empty_12, i32 0, i32 0, void @empty_12, void @empty_12, void @empty_12, i32 0, i32 0, i32 0, i32 0, void @empty_7, void @empty_0"   --->   Operation 22 'specinterface' 'specinterface_ln0' <Predicate = true> <Delay = 0.00>
ST_1 : Operation 23 [1/1] (0.00ns)   --->   "%specinterface_ln0 = specinterface void @_ssdm_op_SpecInterface, i64 %raw_data_im_i_stream, void @empty, i32 1, i32 1, void @empty_6, i32 0, i32 0, void @empty_12, void @empty_12, void @empty_12, i32 0, i32 0, i32 0, i32 0, void @empty_12, void @empty_12"   --->   Operation 23 'specinterface' 'specinterface_ln0' <Predicate = true> <Delay = 0.00>
ST_1 : Operation 24 [1/1] (0.00ns)   --->   "%specbitsmap_ln0 = specbitsmap void @_ssdm_op_SpecBitsMap, i64 %raw_data_im_i_stream"   --->   Operation 24 'specbitsmap' 'specbitsmap_ln0' <Predicate = true> <Delay = 0.00>
ST_1 : Operation 25 [1/1] (0.00ns)   --->   "%specinterface_ln0 = specinterface void @_ssdm_op_SpecInterface, i32 0, void @empty_9, i32 0, i32 0, void @empty_12, i32 0, i32 0, void @empty_1, void @empty_12, void @empty_12, i32 0, i32 0, i32 0, i32 0, void @empty_12, void @empty_12"   --->   Operation 25 'specinterface' 'specinterface_ln0' <Predicate = true> <Delay = 0.00>
ST_1 : Operation 26 [1/1] (1.00ns)   --->   "%raw_data_im_i_mem_read = read i64 @_ssdm_op_Read.s_axilite.i64, i64 %raw_data_im_i_mem" [mem_read_top_rfi_C.cpp:79]   --->   Operation 26 'read' 'raw_data_im_i_mem_read' <Predicate = true> <Delay = 1.00> <CoreInst = "s_axilite">   --->   Core 114 's_axilite' <Latency = 0> <II = 1> <Delay = 1.00> <Adapter> <Opcode : 'read' 'write'>
ST_1 : Operation 27 [1/1] (1.00ns)   --->   "%raw_data_real_i_mem_read = read i64 @_ssdm_op_Read.s_axilite.i64, i64 %raw_data_real_i_mem" [mem_read_top_rfi_C.cpp:79]   --->   Operation 27 'read' 'raw_data_real_i_mem_read' <Predicate = true> <Delay = 1.00> <CoreInst = "s_axilite">   --->   Core 114 's_axilite' <Latency = 0> <II = 1> <Delay = 1.00> <Adapter> <Opcode : 'read' 'write'>
ST_1 : Operation 28 [1/1] (0.00ns)   --->   "%br_ln0 = br void"   --->   Operation 28 'br' 'br_ln0' <Predicate = true> <Delay = 0.00>

State 2 <SV = 1> <Delay = 7.59>
ST_2 : Operation 29 [1/1] (0.00ns)   --->   "%specpipeline_ln0 = specpipeline void @_ssdm_op_SpecPipeline, i32 4294967295, i32 0, i32 1, i32 0, void @p_str"   --->   Operation 29 'specpipeline' 'specpipeline_ln0' <Predicate = true> <Delay = 0.00>
ST_2 : Operation 30 [1/1] (0.00ns)   --->   "%current_rate_1_load = load i32 %current_rate_1" [mem_read_top_rfi_C.cpp:56]   --->   Operation 30 'load' 'current_rate_1_load' <Predicate = true> <Delay = 0.00>
ST_2 : Operation 31 [1/1] (2.47ns)   --->   "%icmp_ln56 = icmp_slt  i32 %current_rate_1_load, i32 409600" [mem_read_top_rfi_C.cpp:56]   --->   Operation 31 'icmp' 'icmp_ln56' <Predicate = true> <Delay = 2.47> <CoreInst = "Cmp">   --->   Core 9 'Cmp' <Latency = 0> <II = 1> <Delay = 2.47> <FuncUnit> <Opcode : 'icmp'> <InPorts = 2> <OutPorts = 1>
ST_2 : Operation 32 [1/1] (0.00ns)   --->   "%current_factor_1_load = load i32 %current_factor_1" [mem_read_top_rfi_C.cpp:56]   --->   Operation 32 'load' 'current_factor_1_load' <Predicate = true> <Delay = 0.00>
ST_2 : Operation 33 [1/1] (2.47ns)   --->   "%icmp_ln56_1 = icmp_slt  i32 %current_factor_1_load, i32 1" [mem_read_top_rfi_C.cpp:56]   --->   Operation 33 'icmp' 'icmp_ln56_1' <Predicate = true> <Delay = 2.47> <CoreInst = "Cmp">   --->   Core 9 'Cmp' <Latency = 0> <II = 1> <Delay = 2.47> <FuncUnit> <Opcode : 'icmp'> <InPorts = 2> <OutPorts = 1>
ST_2 : Operation 34 [1/1] (0.97ns)   --->   "%and_ln56 = and i1 %icmp_ln56, i1 %icmp_ln56_1" [mem_read_top_rfi_C.cpp:56]   --->   Operation 34 'and' 'and_ln56' <Predicate = true> <Delay = 0.97> <CoreInst = "LogicGate">   --->   Core 74 'LogicGate' <Latency = 0> <II = 1> <Delay = 0.97> <FuncUnit> <Opcode : 'and' 'or' 'xor'> <InPorts = 2> <OutPorts = 1>
ST_2 : Operation 35 [1/1] (1.58ns)   --->   "%br_ln56 = br i1 %and_ln56, void %_ZL9readInputIdLi0ELi1ELi409600ELi1EEbPT_RN3hls6streamIS0_Li0EEE.exit, void" [mem_read_top_rfi_C.cpp:56]   --->   Operation 35 'br' 'br_ln56' <Predicate = true> <Delay = 1.58>
ST_2 : Operation 36 [1/1] (0.00ns)   --->   "%shl_ln = bitconcatenate i35 @_ssdm_op_BitConcatenate.i35.i32.i3, i32 %current_rate_1_load, i3 0" [mem_read_top_rfi_C.cpp:58]   --->   Operation 36 'bitconcatenate' 'shl_ln' <Predicate = (and_ln56)> <Delay = 0.00>
ST_2 : Operation 37 [1/1] (0.00ns)   --->   "%sext_ln58 = sext i35 %shl_ln" [mem_read_top_rfi_C.cpp:58]   --->   Operation 37 'sext' 'sext_ln58' <Predicate = (and_ln56)> <Delay = 0.00>
ST_2 : Operation 38 [1/1] (3.52ns)   --->   "%add_ln58 = add i64 %sext_ln58, i64 %raw_data_real_i_mem_read" [mem_read_top_rfi_C.cpp:58]   --->   Operation 38 'add' 'add_ln58' <Predicate = (and_ln56)> <Delay = 3.52> <CoreInst = "Adder">   --->   Core 1 'Adder' <Latency = 0> <II = 1> <Delay = 3.52> <FuncUnit> <Opcode : 'add' 'sub'> <InPorts = 2> <OutPorts = 1>
ST_2 : Operation 39 [1/1] (0.00ns)   --->   "%trunc_ln = partselect i61 @_ssdm_op_PartSelect.i61.i64.i32.i32, i64 %add_ln58, i32 3, i32 63" [/home/orenaud/Xilinx/Vitis_HLS/2021.2/common/technology/autopilot/hls_stream_39.h:173]   --->   Operation 39 'partselect' 'trunc_ln' <Predicate = (and_ln56)> <Delay = 0.00>
ST_2 : Operation 40 [1/1] (2.55ns)   --->   "%add_ln59 = add i32 %current_rate_1_load, i32 1" [mem_read_top_rfi_C.cpp:59]   --->   Operation 40 'add' 'add_ln59' <Predicate = (and_ln56)> <Delay = 2.55> <CoreInst = "Adder">   --->   Core 1 'Adder' <Latency = 0> <II = 1> <Delay = 3.52> <FuncUnit> <Opcode : 'add' 'sub'> <InPorts = 2> <OutPorts = 1>
ST_2 : Operation 41 [1/1] (1.58ns)   --->   "%store_ln59 = store i32 %add_ln59, i32 %current_rate_1" [mem_read_top_rfi_C.cpp:59]   --->   Operation 41 'store' 'store_ln59' <Predicate = (and_ln56)> <Delay = 1.58>
ST_2 : Operation 42 [1/1] (2.47ns)   --->   "%icmp_ln62 = icmp_sgt  i32 %add_ln59, i32 409599" [mem_read_top_rfi_C.cpp:62]   --->   Operation 42 'icmp' 'icmp_ln62' <Predicate = (and_ln56)> <Delay = 2.47> <CoreInst = "Cmp">   --->   Core 9 'Cmp' <Latency = 0> <II = 1> <Delay = 2.47> <FuncUnit> <Opcode : 'icmp'> <InPorts = 2> <OutPorts = 1>
ST_2 : Operation 43 [1/1] (0.00ns)   --->   "%br_ln62 = br i1 %icmp_ln62, void %._crit_edge, void" [mem_read_top_rfi_C.cpp:62]   --->   Operation 43 'br' 'br_ln62' <Predicate = (and_ln56)> <Delay = 0.00>
ST_2 : Operation 44 [1/1] (1.58ns)   --->   "%store_ln63 = store i32 0, i32 %current_rate_1" [mem_read_top_rfi_C.cpp:63]   --->   Operation 44 'store' 'store_ln63' <Predicate = (and_ln56 & icmp_ln62)> <Delay = 1.58>
ST_2 : Operation 45 [1/1] (2.55ns)   --->   "%add_ln64 = add i32 %current_factor_1_load, i32 1" [mem_read_top_rfi_C.cpp:64]   --->   Operation 45 'add' 'add_ln64' <Predicate = (and_ln56 & icmp_ln62)> <Delay = 2.55> <CoreInst = "Adder">   --->   Core 1 'Adder' <Latency = 0> <II = 1> <Delay = 3.52> <FuncUnit> <Opcode : 'add' 'sub'> <InPorts = 2> <OutPorts = 1>
ST_2 : Operation 46 [1/1] (0.00ns)   --->   "%store_ln64 = store i32 %add_ln64, i32 %current_factor_1" [mem_read_top_rfi_C.cpp:64]   --->   Operation 46 'store' 'store_ln64' <Predicate = (and_ln56 & icmp_ln62)> <Delay = 0.00>
ST_2 : Operation 47 [1/1] (0.00ns)   --->   "%br_ln65 = br void %._crit_edge" [mem_read_top_rfi_C.cpp:65]   --->   Operation 47 'br' 'br_ln65' <Predicate = (and_ln56 & icmp_ln62)> <Delay = 0.00>
ST_2 : Operation 48 [1/1] (1.58ns)   --->   "%br_ln66 = br void %_ZL9readInputIdLi0ELi1ELi409600ELi1EEbPT_RN3hls6streamIS0_Li0EEE.exit" [mem_read_top_rfi_C.cpp:66]   --->   Operation 48 'br' 'br_ln66' <Predicate = (and_ln56)> <Delay = 1.58>
ST_2 : Operation 49 [1/1] (0.00ns)   --->   "%current_rate_load = load i32 %current_rate" [mem_read_top_rfi_C.cpp:56]   --->   Operation 49 'load' 'current_rate_load' <Predicate = true> <Delay = 0.00>
ST_2 : Operation 50 [1/1] (2.47ns)   --->   "%icmp_ln56_2 = icmp_slt  i32 %current_rate_load, i32 409600" [mem_read_top_rfi_C.cpp:56]   --->   Operation 50 'icmp' 'icmp_ln56_2' <Predicate = true> <Delay = 2.47> <CoreInst = "Cmp">   --->   Core 9 'Cmp' <Latency = 0> <II = 1> <Delay = 2.47> <FuncUnit> <Opcode : 'icmp'> <InPorts = 2> <OutPorts = 1>
ST_2 : Operation 51 [1/1] (0.00ns)   --->   "%current_factor_load = load i32 %current_factor" [mem_read_top_rfi_C.cpp:56]   --->   Operation 51 'load' 'current_factor_load' <Predicate = true> <Delay = 0.00>
ST_2 : Operation 52 [1/1] (2.47ns)   --->   "%icmp_ln56_3 = icmp_slt  i32 %current_factor_load, i32 1" [mem_read_top_rfi_C.cpp:56]   --->   Operation 52 'icmp' 'icmp_ln56_3' <Predicate = true> <Delay = 2.47> <CoreInst = "Cmp">   --->   Core 9 'Cmp' <Latency = 0> <II = 1> <Delay = 2.47> <FuncUnit> <Opcode : 'icmp'> <InPorts = 2> <OutPorts = 1>
ST_2 : Operation 53 [1/1] (0.97ns)   --->   "%and_ln56_1 = and i1 %icmp_ln56_2, i1 %icmp_ln56_3" [mem_read_top_rfi_C.cpp:56]   --->   Operation 53 'and' 'and_ln56_1' <Predicate = true> <Delay = 0.97> <CoreInst = "LogicGate">   --->   Core 74 'LogicGate' <Latency = 0> <II = 1> <Delay = 0.97> <FuncUnit> <Opcode : 'and' 'or' 'xor'> <InPorts = 2> <OutPorts = 1>
ST_2 : Operation 54 [1/1] (1.58ns)   --->   "%br_ln56 = br i1 %and_ln56_1, void %_ZL9readInputIdLi1ELi1ELi409600ELi1EEbPT_RN3hls6streamIS0_Li0EEE.exit, void" [mem_read_top_rfi_C.cpp:56]   --->   Operation 54 'br' 'br_ln56' <Predicate = true> <Delay = 1.58>
ST_2 : Operation 55 [1/1] (2.55ns)   --->   "%add_ln59_1 = add i32 %current_rate_load, i32 1" [mem_read_top_rfi_C.cpp:59]   --->   Operation 55 'add' 'add_ln59_1' <Predicate = (and_ln56_1)> <Delay = 2.55> <CoreInst = "Adder">   --->   Core 1 'Adder' <Latency = 0> <II = 1> <Delay = 3.52> <FuncUnit> <Opcode : 'add' 'sub'> <InPorts = 2> <OutPorts = 1>
ST_2 : Operation 56 [1/1] (1.58ns)   --->   "%store_ln59 = store i32 %add_ln59_1, i32 %current_rate" [mem_read_top_rfi_C.cpp:59]   --->   Operation 56 'store' 'store_ln59' <Predicate = (and_ln56_1)> <Delay = 1.58>
ST_2 : Operation 57 [1/1] (2.47ns)   --->   "%icmp_ln62_1 = icmp_sgt  i32 %add_ln59_1, i32 409599" [mem_read_top_rfi_C.cpp:62]   --->   Operation 57 'icmp' 'icmp_ln62_1' <Predicate = (and_ln56_1)> <Delay = 2.47> <CoreInst = "Cmp">   --->   Core 9 'Cmp' <Latency = 0> <II = 1> <Delay = 2.47> <FuncUnit> <Opcode : 'icmp'> <InPorts = 2> <OutPorts = 1>
ST_2 : Operation 58 [1/1] (0.00ns)   --->   "%br_ln62 = br i1 %icmp_ln62_1, void %._crit_edge1, void" [mem_read_top_rfi_C.cpp:62]   --->   Operation 58 'br' 'br_ln62' <Predicate = (and_ln56_1)> <Delay = 0.00>
ST_2 : Operation 59 [1/1] (1.58ns)   --->   "%store_ln63 = store i32 0, i32 %current_rate" [mem_read_top_rfi_C.cpp:63]   --->   Operation 59 'store' 'store_ln63' <Predicate = (and_ln56_1 & icmp_ln62_1)> <Delay = 1.58>
ST_2 : Operation 60 [1/1] (2.55ns)   --->   "%add_ln64_1 = add i32 %current_factor_load, i32 1" [mem_read_top_rfi_C.cpp:64]   --->   Operation 60 'add' 'add_ln64_1' <Predicate = (and_ln56_1 & icmp_ln62_1)> <Delay = 2.55> <CoreInst = "Adder">   --->   Core 1 'Adder' <Latency = 0> <II = 1> <Delay = 3.52> <FuncUnit> <Opcode : 'add' 'sub'> <InPorts = 2> <OutPorts = 1>
ST_2 : Operation 61 [1/1] (0.00ns)   --->   "%store_ln64 = store i32 %add_ln64_1, i32 %current_factor" [mem_read_top_rfi_C.cpp:64]   --->   Operation 61 'store' 'store_ln64' <Predicate = (and_ln56_1 & icmp_ln62_1)> <Delay = 0.00>
ST_2 : Operation 62 [1/1] (0.00ns)   --->   "%br_ln65 = br void %._crit_edge1" [mem_read_top_rfi_C.cpp:65]   --->   Operation 62 'br' 'br_ln65' <Predicate = (and_ln56_1 & icmp_ln62_1)> <Delay = 0.00>
ST_2 : Operation 63 [1/1] (1.58ns)   --->   "%br_ln66 = br void %_ZL9readInputIdLi1ELi1ELi409600ELi1EEbPT_RN3hls6streamIS0_Li0EEE.exit" [mem_read_top_rfi_C.cpp:66]   --->   Operation 63 'br' 'br_ln66' <Predicate = (and_ln56_1)> <Delay = 1.58>

State 3 <SV = 2> <Delay = 7.30>
ST_3 : Operation 64 [1/1] (0.00ns)   --->   "%sext_ln173 = sext i61 %trunc_ln" [/home/orenaud/Xilinx/Vitis_HLS/2021.2/common/technology/autopilot/hls_stream_39.h:173]   --->   Operation 64 'sext' 'sext_ln173' <Predicate = (and_ln56)> <Delay = 0.00>
ST_3 : Operation 65 [1/1] (0.00ns)   --->   "%gmem_addr = getelementptr i64 %gmem, i64 %sext_ln173" [/home/orenaud/Xilinx/Vitis_HLS/2021.2/common/technology/autopilot/hls_stream_39.h:173]   --->   Operation 65 'getelementptr' 'gmem_addr' <Predicate = (and_ln56)> <Delay = 0.00>
ST_3 : Operation 66 [7/7] (7.30ns)   --->   "%gmem_load_req = readreq i1 @_ssdm_op_ReadReq.m_axi.i64P1A, i64 %gmem_addr, i32 1" [/home/orenaud/Xilinx/Vitis_HLS/2021.2/common/technology/autopilot/hls_stream_39.h:173]   --->   Operation 66 'readreq' 'gmem_load_req' <Predicate = (and_ln56)> <Delay = 7.30> <CoreInst = "m_axi">   --->   Core 113 'm_axi' <Latency = 5> <II = 1> <Delay = 1.00> <Adapter> <Opcode : 'read' 'write' 'readreq' 'writereq' 'writeresp'>
ST_3 : Operation 67 [1/1] (0.00ns)   --->   "%shouldContinue_1 = phi i1 1, void %._crit_edge, i1 0, void"   --->   Operation 67 'phi' 'shouldContinue_1' <Predicate = true> <Delay = 0.00>
ST_3 : Operation 68 [1/1] (0.00ns)   --->   "%shl_ln58_1 = bitconcatenate i35 @_ssdm_op_BitConcatenate.i35.i32.i3, i32 %current_rate_load, i3 0" [mem_read_top_rfi_C.cpp:58]   --->   Operation 68 'bitconcatenate' 'shl_ln58_1' <Predicate = (and_ln56_1)> <Delay = 0.00>
ST_3 : Operation 69 [1/1] (0.00ns)   --->   "%sext_ln58_1 = sext i35 %shl_ln58_1" [mem_read_top_rfi_C.cpp:58]   --->   Operation 69 'sext' 'sext_ln58_1' <Predicate = (and_ln56_1)> <Delay = 0.00>
ST_3 : Operation 70 [1/1] (3.52ns)   --->   "%add_ln58_1 = add i64 %sext_ln58_1, i64 %raw_data_im_i_mem_read" [mem_read_top_rfi_C.cpp:58]   --->   Operation 70 'add' 'add_ln58_1' <Predicate = (and_ln56_1)> <Delay = 3.52> <CoreInst = "Adder">   --->   Core 1 'Adder' <Latency = 0> <II = 1> <Delay = 3.52> <FuncUnit> <Opcode : 'add' 'sub'> <InPorts = 2> <OutPorts = 1>
ST_3 : Operation 71 [1/1] (0.00ns)   --->   "%trunc_ln173_1 = partselect i61 @_ssdm_op_PartSelect.i61.i64.i32.i32, i64 %add_ln58_1, i32 3, i32 63" [/home/orenaud/Xilinx/Vitis_HLS/2021.2/common/technology/autopilot/hls_stream_39.h:173]   --->   Operation 71 'partselect' 'trunc_ln173_1' <Predicate = (and_ln56_1)> <Delay = 0.00>
ST_3 : Operation 72 [1/1] (0.00ns) (grouped into LUT with out node shouldContinue)   --->   "%retval_0_i11 = phi i1 1, void %._crit_edge1, i1 0, void %_ZL9readInputIdLi0ELi1ELi409600ELi1EEbPT_RN3hls6streamIS0_Li0EEE.exit"   --->   Operation 72 'phi' 'retval_0_i11' <Predicate = true> <Delay = 0.00>
ST_3 : Operation 73 [1/1] (0.97ns) (out node of the LUT)   --->   "%shouldContinue = or i1 %shouldContinue_1, i1 %retval_0_i11" [mem_read_top_rfi_C.cpp:93]   --->   Operation 73 'or' 'shouldContinue' <Predicate = true> <Delay = 0.97> <CoreInst = "LogicGate">   --->   Core 74 'LogicGate' <Latency = 0> <II = 1> <Delay = 0.97> <FuncUnit> <Opcode : 'and' 'or' 'xor'> <InPorts = 2> <OutPorts = 1>
ST_3 : Operation 74 [1/1] (0.00ns)   --->   "%br_ln90 = br i1 %shouldContinue, void, void" [mem_read_top_rfi_C.cpp:90]   --->   Operation 74 'br' 'br_ln90' <Predicate = true> <Delay = 0.00>

State 4 <SV = 3> <Delay = 7.30>
ST_4 : Operation 75 [6/7] (7.30ns)   --->   "%gmem_load_req = readreq i1 @_ssdm_op_ReadReq.m_axi.i64P1A, i64 %gmem_addr, i32 1" [/home/orenaud/Xilinx/Vitis_HLS/2021.2/common/technology/autopilot/hls_stream_39.h:173]   --->   Operation 75 'readreq' 'gmem_load_req' <Predicate = (and_ln56)> <Delay = 7.30> <CoreInst = "m_axi">   --->   Core 113 'm_axi' <Latency = 5> <II = 1> <Delay = 1.00> <Adapter> <Opcode : 'read' 'write' 'readreq' 'writereq' 'writeresp'>
ST_4 : Operation 76 [1/1] (0.00ns)   --->   "%sext_ln173_1 = sext i61 %trunc_ln173_1" [/home/orenaud/Xilinx/Vitis_HLS/2021.2/common/technology/autopilot/hls_stream_39.h:173]   --->   Operation 76 'sext' 'sext_ln173_1' <Predicate = (and_ln56_1)> <Delay = 0.00>
ST_4 : Operation 77 [1/1] (0.00ns)   --->   "%gmem_addr_1 = getelementptr i64 %gmem, i64 %sext_ln173_1" [/home/orenaud/Xilinx/Vitis_HLS/2021.2/common/technology/autopilot/hls_stream_39.h:173]   --->   Operation 77 'getelementptr' 'gmem_addr_1' <Predicate = (and_ln56_1)> <Delay = 0.00>
ST_4 : Operation 78 [7/7] (7.30ns)   --->   "%gmem_load_1_req = readreq i1 @_ssdm_op_ReadReq.m_axi.i64P1A, i64 %gmem_addr_1, i32 1" [/home/orenaud/Xilinx/Vitis_HLS/2021.2/common/technology/autopilot/hls_stream_39.h:173]   --->   Operation 78 'readreq' 'gmem_load_1_req' <Predicate = (and_ln56_1)> <Delay = 7.30> <CoreInst = "m_axi">   --->   Core 113 'm_axi' <Latency = 5> <II = 1> <Delay = 1.00> <Adapter> <Opcode : 'read' 'write' 'readreq' 'writereq' 'writeresp'>

State 5 <SV = 4> <Delay = 7.30>
ST_5 : Operation 79 [5/7] (7.30ns)   --->   "%gmem_load_req = readreq i1 @_ssdm_op_ReadReq.m_axi.i64P1A, i64 %gmem_addr, i32 1" [/home/orenaud/Xilinx/Vitis_HLS/2021.2/common/technology/autopilot/hls_stream_39.h:173]   --->   Operation 79 'readreq' 'gmem_load_req' <Predicate = (and_ln56)> <Delay = 7.30> <CoreInst = "m_axi">   --->   Core 113 'm_axi' <Latency = 5> <II = 1> <Delay = 1.00> <Adapter> <Opcode : 'read' 'write' 'readreq' 'writereq' 'writeresp'>
ST_5 : Operation 80 [6/7] (7.30ns)   --->   "%gmem_load_1_req = readreq i1 @_ssdm_op_ReadReq.m_axi.i64P1A, i64 %gmem_addr_1, i32 1" [/home/orenaud/Xilinx/Vitis_HLS/2021.2/common/technology/autopilot/hls_stream_39.h:173]   --->   Operation 80 'readreq' 'gmem_load_1_req' <Predicate = (and_ln56_1)> <Delay = 7.30> <CoreInst = "m_axi">   --->   Core 113 'm_axi' <Latency = 5> <II = 1> <Delay = 1.00> <Adapter> <Opcode : 'read' 'write' 'readreq' 'writereq' 'writeresp'>

State 6 <SV = 5> <Delay = 7.30>
ST_6 : Operation 81 [4/7] (7.30ns)   --->   "%gmem_load_req = readreq i1 @_ssdm_op_ReadReq.m_axi.i64P1A, i64 %gmem_addr, i32 1" [/home/orenaud/Xilinx/Vitis_HLS/2021.2/common/technology/autopilot/hls_stream_39.h:173]   --->   Operation 81 'readreq' 'gmem_load_req' <Predicate = (and_ln56)> <Delay = 7.30> <CoreInst = "m_axi">   --->   Core 113 'm_axi' <Latency = 5> <II = 1> <Delay = 1.00> <Adapter> <Opcode : 'read' 'write' 'readreq' 'writereq' 'writeresp'>
ST_6 : Operation 82 [5/7] (7.30ns)   --->   "%gmem_load_1_req = readreq i1 @_ssdm_op_ReadReq.m_axi.i64P1A, i64 %gmem_addr_1, i32 1" [/home/orenaud/Xilinx/Vitis_HLS/2021.2/common/technology/autopilot/hls_stream_39.h:173]   --->   Operation 82 'readreq' 'gmem_load_1_req' <Predicate = (and_ln56_1)> <Delay = 7.30> <CoreInst = "m_axi">   --->   Core 113 'm_axi' <Latency = 5> <II = 1> <Delay = 1.00> <Adapter> <Opcode : 'read' 'write' 'readreq' 'writereq' 'writeresp'>

State 7 <SV = 6> <Delay = 7.30>
ST_7 : Operation 83 [3/7] (7.30ns)   --->   "%gmem_load_req = readreq i1 @_ssdm_op_ReadReq.m_axi.i64P1A, i64 %gmem_addr, i32 1" [/home/orenaud/Xilinx/Vitis_HLS/2021.2/common/technology/autopilot/hls_stream_39.h:173]   --->   Operation 83 'readreq' 'gmem_load_req' <Predicate = (and_ln56)> <Delay = 7.30> <CoreInst = "m_axi">   --->   Core 113 'm_axi' <Latency = 5> <II = 1> <Delay = 1.00> <Adapter> <Opcode : 'read' 'write' 'readreq' 'writereq' 'writeresp'>
ST_7 : Operation 84 [4/7] (7.30ns)   --->   "%gmem_load_1_req = readreq i1 @_ssdm_op_ReadReq.m_axi.i64P1A, i64 %gmem_addr_1, i32 1" [/home/orenaud/Xilinx/Vitis_HLS/2021.2/common/technology/autopilot/hls_stream_39.h:173]   --->   Operation 84 'readreq' 'gmem_load_1_req' <Predicate = (and_ln56_1)> <Delay = 7.30> <CoreInst = "m_axi">   --->   Core 113 'm_axi' <Latency = 5> <II = 1> <Delay = 1.00> <Adapter> <Opcode : 'read' 'write' 'readreq' 'writereq' 'writeresp'>

State 8 <SV = 7> <Delay = 7.30>
ST_8 : Operation 85 [2/7] (7.30ns)   --->   "%gmem_load_req = readreq i1 @_ssdm_op_ReadReq.m_axi.i64P1A, i64 %gmem_addr, i32 1" [/home/orenaud/Xilinx/Vitis_HLS/2021.2/common/technology/autopilot/hls_stream_39.h:173]   --->   Operation 85 'readreq' 'gmem_load_req' <Predicate = (and_ln56)> <Delay = 7.30> <CoreInst = "m_axi">   --->   Core 113 'm_axi' <Latency = 5> <II = 1> <Delay = 1.00> <Adapter> <Opcode : 'read' 'write' 'readreq' 'writereq' 'writeresp'>
ST_8 : Operation 86 [3/7] (7.30ns)   --->   "%gmem_load_1_req = readreq i1 @_ssdm_op_ReadReq.m_axi.i64P1A, i64 %gmem_addr_1, i32 1" [/home/orenaud/Xilinx/Vitis_HLS/2021.2/common/technology/autopilot/hls_stream_39.h:173]   --->   Operation 86 'readreq' 'gmem_load_1_req' <Predicate = (and_ln56_1)> <Delay = 7.30> <CoreInst = "m_axi">   --->   Core 113 'm_axi' <Latency = 5> <II = 1> <Delay = 1.00> <Adapter> <Opcode : 'read' 'write' 'readreq' 'writereq' 'writeresp'>

State 9 <SV = 8> <Delay = 7.30>
ST_9 : Operation 87 [1/7] (7.30ns)   --->   "%gmem_load_req = readreq i1 @_ssdm_op_ReadReq.m_axi.i64P1A, i64 %gmem_addr, i32 1" [/home/orenaud/Xilinx/Vitis_HLS/2021.2/common/technology/autopilot/hls_stream_39.h:173]   --->   Operation 87 'readreq' 'gmem_load_req' <Predicate = (and_ln56)> <Delay = 7.30> <CoreInst = "m_axi">   --->   Core 113 'm_axi' <Latency = 5> <II = 1> <Delay = 1.00> <Adapter> <Opcode : 'read' 'write' 'readreq' 'writereq' 'writeresp'>
ST_9 : Operation 88 [2/7] (7.30ns)   --->   "%gmem_load_1_req = readreq i1 @_ssdm_op_ReadReq.m_axi.i64P1A, i64 %gmem_addr_1, i32 1" [/home/orenaud/Xilinx/Vitis_HLS/2021.2/common/technology/autopilot/hls_stream_39.h:173]   --->   Operation 88 'readreq' 'gmem_load_1_req' <Predicate = (and_ln56_1)> <Delay = 7.30> <CoreInst = "m_axi">   --->   Core 113 'm_axi' <Latency = 5> <II = 1> <Delay = 1.00> <Adapter> <Opcode : 'read' 'write' 'readreq' 'writereq' 'writeresp'>

State 10 <SV = 9> <Delay = 7.30>
ST_10 : Operation 89 [1/1] (7.30ns)   --->   "%gmem_addr_read = read i64 @_ssdm_op_Read.m_axi.i64P1A, i64 %gmem_addr" [/home/orenaud/Xilinx/Vitis_HLS/2021.2/common/technology/autopilot/hls_stream_39.h:173]   --->   Operation 89 'read' 'gmem_addr_read' <Predicate = (and_ln56)> <Delay = 7.30> <CoreInst = "m_axi">   --->   Core 113 'm_axi' <Latency = 6> <II = 1> <Delay = 1.00> <Adapter> <Opcode : 'read' 'write' 'readreq' 'writereq' 'writeresp'>
ST_10 : Operation 90 [2/2] (0.00ns)   --->   "%write_ln173 = write void @_ssdm_op_Write.axis.volatile.i64P128A, i64 %raw_data_real_i_stream, i64 %gmem_addr_read" [/home/orenaud/Xilinx/Vitis_HLS/2021.2/common/technology/autopilot/hls_stream_39.h:173]   --->   Operation 90 'write' 'write_ln173' <Predicate = (and_ln56)> <Delay = 0.00> <CoreInst = "axis">   --->   Core 115 'axis' <Latency = 0> <II = 1> <Delay = 1.00> <Adapter> <Opcode : >
ST_10 : Operation 91 [1/7] (7.30ns)   --->   "%gmem_load_1_req = readreq i1 @_ssdm_op_ReadReq.m_axi.i64P1A, i64 %gmem_addr_1, i32 1" [/home/orenaud/Xilinx/Vitis_HLS/2021.2/common/technology/autopilot/hls_stream_39.h:173]   --->   Operation 91 'readreq' 'gmem_load_1_req' <Predicate = (and_ln56_1)> <Delay = 7.30> <CoreInst = "m_axi">   --->   Core 113 'm_axi' <Latency = 5> <II = 1> <Delay = 1.00> <Adapter> <Opcode : 'read' 'write' 'readreq' 'writereq' 'writeresp'>

State 11 <SV = 10> <Delay = 7.30>
ST_11 : Operation 92 [1/2] (0.00ns)   --->   "%write_ln173 = write void @_ssdm_op_Write.axis.volatile.i64P128A, i64 %raw_data_real_i_stream, i64 %gmem_addr_read" [/home/orenaud/Xilinx/Vitis_HLS/2021.2/common/technology/autopilot/hls_stream_39.h:173]   --->   Operation 92 'write' 'write_ln173' <Predicate = (and_ln56)> <Delay = 0.00> <CoreInst = "axis">   --->   Core 115 'axis' <Latency = 0> <II = 1> <Delay = 1.00> <Adapter> <Opcode : >
ST_11 : Operation 93 [1/1] (7.30ns)   --->   "%gmem_addr_1_read = read i64 @_ssdm_op_Read.m_axi.i64P1A, i64 %gmem_addr_1" [/home/orenaud/Xilinx/Vitis_HLS/2021.2/common/technology/autopilot/hls_stream_39.h:173]   --->   Operation 93 'read' 'gmem_addr_1_read' <Predicate = (and_ln56_1)> <Delay = 7.30> <CoreInst = "m_axi">   --->   Core 113 'm_axi' <Latency = 6> <II = 1> <Delay = 1.00> <Adapter> <Opcode : 'read' 'write' 'readreq' 'writereq' 'writeresp'>
ST_11 : Operation 94 [2/2] (0.00ns)   --->   "%write_ln173 = write void @_ssdm_op_Write.axis.volatile.i64P128A, i64 %raw_data_im_i_stream, i64 %gmem_addr_1_read" [/home/orenaud/Xilinx/Vitis_HLS/2021.2/common/technology/autopilot/hls_stream_39.h:173]   --->   Operation 94 'write' 'write_ln173' <Predicate = (and_ln56_1)> <Delay = 0.00> <CoreInst = "axis">   --->   Core 115 'axis' <Latency = 0> <II = 1> <Delay = 1.00> <Adapter> <Opcode : >

State 12 <SV = 11> <Delay = 0.00>
ST_12 : Operation 95 [1/2] (0.00ns)   --->   "%write_ln173 = write void @_ssdm_op_Write.axis.volatile.i64P128A, i64 %raw_data_im_i_stream, i64 %gmem_addr_1_read" [/home/orenaud/Xilinx/Vitis_HLS/2021.2/common/technology/autopilot/hls_stream_39.h:173]   --->   Operation 95 'write' 'write_ln173' <Predicate = (and_ln56_1)> <Delay = 0.00> <CoreInst = "axis">   --->   Core 115 'axis' <Latency = 0> <II = 1> <Delay = 1.00> <Adapter> <Opcode : >

State 13 <SV = 3> <Delay = 0.00>
ST_13 : Operation 96 [1/1] (0.00ns)   --->   "%ret_ln95 = ret" [mem_read_top_rfi_C.cpp:95]   --->   Operation 96 'ret' 'ret_ln95' <Predicate = true> <Delay = 0.00>


============================================================
+ Verbose Summary: Binding
============================================================
STG Binding: 
---------------- STG Properties BEGIN ----------------
- Is combinational: 0
- Is one-state seq: 0
- Is datapath-only: 0
- Is pipelined: 0
- Is top level: 1
Port [ Return ] is wired: 1; IO mode=ap_ctrl_hs:ce=0
Port [ gmem]:  wired=1; compound=1; hidden=0; nouse=0; global=0; static=0; extern=0; dir=0; type=4; pingpong=0; private_global=0; IO mode=m_axi:ce=0
Port [ raw_data_real_i_mem]:  wired=1; compound=0; hidden=0; nouse=0; global=0; static=0; extern=0; dir=0; type=0; pingpong=0; private_global=0; IO mode=ap_none:ce=0
Port [ raw_data_real_i_stream]:  wired=1; compound=1; hidden=0; nouse=0; global=0; static=0; extern=0; dir=1; type=0; pingpong=0; private_global=0; IO mode=axis:ce=0
Port [ raw_data_im_i_mem]:  wired=1; compound=0; hidden=0; nouse=0; global=0; static=0; extern=0; dir=0; type=0; pingpong=0; private_global=0; IO mode=ap_none:ce=0
Port [ raw_data_im_i_stream]:  wired=1; compound=1; hidden=0; nouse=0; global=0; static=0; extern=0; dir=1; type=0; pingpong=0; private_global=0; IO mode=axis:ce=0
Port [ current_rate_1]:  wired=0; compound=0; hidden=1; nouse=0; global=1; static=1; extern=0; dir=2; type=0; pingpong=0; private_global=1; IO mode=ap_ovld:ce=0
Port [ current_factor_1]:  wired=0; compound=0; hidden=1; nouse=0; global=1; static=1; extern=0; dir=2; type=0; pingpong=0; private_global=1; IO mode=ap_ovld:ce=0
Port [ current_rate]:  wired=0; compound=0; hidden=1; nouse=0; global=1; static=1; extern=0; dir=2; type=0; pingpong=0; private_global=1; IO mode=ap_ovld:ce=0
Port [ current_factor]:  wired=0; compound=0; hidden=1; nouse=0; global=1; static=1; extern=0; dir=2; type=0; pingpong=0; private_global=1; IO mode=ap_ovld:ce=0
---------------- STG Properties END ------------------

---------------- Datapath Model BEGIN ----------------

<LifeTime>
<method=bitvector/>
spectopmodule_ln0        (spectopmodule ) [ 00000000000000]
specinterface_ln0        (specinterface ) [ 00000000000000]
specbitsmap_ln0          (specbitsmap   ) [ 00000000000000]
specinterface_ln0        (specinterface ) [ 00000000000000]
specinterface_ln0        (specinterface ) [ 00000000000000]
specinterface_ln0        (specinterface ) [ 00000000000000]
specbitsmap_ln0          (specbitsmap   ) [ 00000000000000]
specinterface_ln0        (specinterface ) [ 00000000000000]
specinterface_ln0        (specinterface ) [ 00000000000000]
specinterface_ln0        (specinterface ) [ 00000000000000]
specbitsmap_ln0          (specbitsmap   ) [ 00000000000000]
specinterface_ln0        (specinterface ) [ 00000000000000]
raw_data_im_i_mem_read   (read          ) [ 00111111111110]
raw_data_real_i_mem_read (read          ) [ 00111111111110]
br_ln0                   (br            ) [ 00000000000000]
specpipeline_ln0         (specpipeline  ) [ 00000000000000]
current_rate_1_load      (load          ) [ 00000000000000]
icmp_ln56                (icmp          ) [ 00000000000000]
current_factor_1_load    (load          ) [ 00000000000000]
icmp_ln56_1              (icmp          ) [ 00000000000000]
and_ln56                 (and           ) [ 00111111111110]
br_ln56                  (br            ) [ 00111111111110]
shl_ln                   (bitconcatenate) [ 00000000000000]
sext_ln58                (sext          ) [ 00000000000000]
add_ln58                 (add           ) [ 00000000000000]
trunc_ln                 (partselect    ) [ 00010000000000]
add_ln59                 (add           ) [ 00000000000000]
store_ln59               (store         ) [ 00000000000000]
icmp_ln62                (icmp          ) [ 00111111111110]
br_ln62                  (br            ) [ 00000000000000]
store_ln63               (store         ) [ 00000000000000]
add_ln64                 (add           ) [ 00000000000000]
store_ln64               (store         ) [ 00000000000000]
br_ln65                  (br            ) [ 00000000000000]
br_ln66                  (br            ) [ 00111111111110]
current_rate_load        (load          ) [ 00010000000000]
icmp_ln56_2              (icmp          ) [ 00000000000000]
current_factor_load      (load          ) [ 00000000000000]
icmp_ln56_3              (icmp          ) [ 00000000000000]
and_ln56_1               (and           ) [ 00111111111110]
br_ln56                  (br            ) [ 00111111111110]
add_ln59_1               (add           ) [ 00000000000000]
store_ln59               (store         ) [ 00000000000000]
icmp_ln62_1              (icmp          ) [ 00111111111110]
br_ln62                  (br            ) [ 00000000000000]
store_ln63               (store         ) [ 00000000000000]
add_ln64_1               (add           ) [ 00000000000000]
store_ln64               (store         ) [ 00000000000000]
br_ln65                  (br            ) [ 00000000000000]
br_ln66                  (br            ) [ 00111111111110]
sext_ln173               (sext          ) [ 00000000000000]
gmem_addr                (getelementptr ) [ 00111111111000]
shouldContinue_1         (phi           ) [ 00010000000000]
shl_ln58_1               (bitconcatenate) [ 00000000000000]
sext_ln58_1              (sext          ) [ 00000000000000]
add_ln58_1               (add           ) [ 00000000000000]
trunc_ln173_1            (partselect    ) [ 00101000000000]
retval_0_i11             (phi           ) [ 00010000000000]
shouldContinue           (or            ) [ 00111111111110]
br_ln90                  (br            ) [ 00000000000000]
sext_ln173_1             (sext          ) [ 00000000000000]
gmem_addr_1              (getelementptr ) [ 00110111111100]
gmem_load_req            (readreq       ) [ 00000000000000]
gmem_addr_read           (read          ) [ 00010000000100]
gmem_load_1_req          (readreq       ) [ 00000000000000]
write_ln173              (write         ) [ 00000000000000]
gmem_addr_1_read         (read          ) [ 00100000000010]
write_ln173              (write         ) [ 00000000000000]
ret_ln95                 (ret           ) [ 00000000000000]
</LifeTime>

<model>

<comp_list>
<comp id="0" class="1000" name="gmem">
<pin_list>
<pin id="1" dir="1" index="0" bw="1" slack="0"/>
</pin_list>
<bind>
<StgValue><ssdm name="gmem"/></StgValue>
</bind>
</comp>

<comp id="2" class="1000" name="raw_data_real_i_mem">
<pin_list>
<pin id="3" dir="1" index="0" bw="1" slack="0"/>
</pin_list>
<bind>
<StgValue><ssdm name="raw_data_real_i_mem"/></StgValue>
</bind>
</comp>

<comp id="4" class="1000" name="raw_data_real_i_stream">
<pin_list>
<pin id="5" dir="1" index="0" bw="1" slack="0"/>
</pin_list>
<bind>
<StgValue><ssdm name="raw_data_real_i_stream"/></StgValue>
</bind>
</comp>

<comp id="6" class="1000" name="raw_data_im_i_mem">
<pin_list>
<pin id="7" dir="1" index="0" bw="1" slack="0"/>
</pin_list>
<bind>
<StgValue><ssdm name="raw_data_im_i_mem"/></StgValue>
</bind>
</comp>

<comp id="8" class="1000" name="raw_data_im_i_stream">
<pin_list>
<pin id="9" dir="1" index="0" bw="1" slack="0"/>
</pin_list>
<bind>
<StgValue><ssdm name="raw_data_im_i_stream"/></StgValue>
</bind>
</comp>

<comp id="10" class="1000" name="current_rate_1">
<pin_list>
<pin id="11" dir="1" index="0" bw="1" slack="0"/>
</pin_list>
<bind>
<StgValue><ssdm name="current_rate_1"/></StgValue>
</bind>
</comp>

<comp id="12" class="1000" name="current_factor_1">
<pin_list>
<pin id="13" dir="1" index="0" bw="1" slack="0"/>
</pin_list>
<bind>
<StgValue><ssdm name="current_factor_1"/></StgValue>
</bind>
</comp>

<comp id="14" class="1000" name="current_rate">
<pin_list>
<pin id="15" dir="1" index="0" bw="1" slack="0"/>
</pin_list>
<bind>
<StgValue><ssdm name="current_rate"/></StgValue>
</bind>
</comp>

<comp id="16" class="1000" name="current_factor">
<pin_list>
<pin id="17" dir="1" index="0" bw="1" slack="0"/>
</pin_list>
<bind>
<StgValue><ssdm name="current_factor"/></StgValue>
</bind>
</comp>

<comp id="18" class="1001" name="const_18">
<pin_list>
<pin id="19" dir="1" index="0" bw="1" slack="2147483647"/>
</pin_list>
<bind>
<StgValue><ssdm name="_ssdm_op_SpecTopModule"/></StgValue>
</bind>
</comp>

<comp id="20" class="1001" name="const_20">
<pin_list>
<pin id="21" dir="1" index="0" bw="1" slack="2147483647"/>
</pin_list>
<bind>
<StgValue><ssdm name="empty_2"/></StgValue>
</bind>
</comp>

<comp id="22" class="1001" name="const_22">
<pin_list>
<pin id="23" dir="1" index="0" bw="1" slack="2147483647"/>
</pin_list>
<bind>
<StgValue><ssdm name="_ssdm_op_SpecInterface"/></StgValue>
</bind>
</comp>

<comp id="24" class="1001" name="const_24">
<pin_list>
<pin id="25" dir="1" index="0" bw="1" slack="2147483647"/>
</pin_list>
<bind>
<StgValue><ssdm name="empty_13"/></StgValue>
</bind>
</comp>

<comp id="26" class="1001" name="const_26">
<pin_list>
<pin id="27" dir="1" index="0" bw="1" slack="0"/>
</pin_list>
<bind>
<StgValue><ssdm name=""/></StgValue>
</bind>
</comp>

<comp id="28" class="1001" name="const_28">
<pin_list>
<pin id="29" dir="1" index="0" bw="1" slack="2147483647"/>
</pin_list>
<bind>
<StgValue><ssdm name="empty_12"/></StgValue>
</bind>
</comp>

<comp id="30" class="1001" name="const_30">
<pin_list>
<pin id="31" dir="1" index="0" bw="1" slack="2147483647"/>
</pin_list>
<bind>
<StgValue><ssdm name="empty_11"/></StgValue>
</bind>
</comp>

<comp id="32" class="1001" name="const_32">
<pin_list>
<pin id="33" dir="1" index="0" bw="1" slack="2147483647"/>
</pin_list>
<bind>
<StgValue><ssdm name="empty_10"/></StgValue>
</bind>
</comp>

<comp id="34" class="1001" name="const_34">
<pin_list>
<pin id="35" dir="1" index="0" bw="1" slack="2147483647"/>
</pin_list>
<bind>
<StgValue><ssdm name=""/></StgValue>
</bind>
</comp>

<comp id="36" class="1001" name="const_36">
<pin_list>
<pin id="37" dir="1" index="0" bw="1" slack="2147483647"/>
</pin_list>
<bind>
<StgValue><ssdm name="_ssdm_op_SpecBitsMap"/></StgValue>
</bind>
</comp>

<comp id="38" class="1001" name="const_38">
<pin_list>
<pin id="39" dir="1" index="0" bw="1" slack="2147483647"/>
</pin_list>
<bind>
<StgValue><ssdm name="empty_9"/></StgValue>
</bind>
</comp>

<comp id="40" class="1001" name="const_40">
<pin_list>
<pin id="41" dir="1" index="0" bw="1" slack="2147483647"/>
</pin_list>
<bind>
<StgValue><ssdm name="empty_1"/></StgValue>
</bind>
</comp>

<comp id="42" class="1001" name="const_42">
<pin_list>
<pin id="43" dir="1" index="0" bw="1" slack="2147483647"/>
</pin_list>
<bind>
<StgValue><ssdm name="empty_4"/></StgValue>
</bind>
</comp>

<comp id="44" class="1001" name="const_44">
<pin_list>
<pin id="45" dir="1" index="0" bw="1" slack="2147483647"/>
</pin_list>
<bind>
<StgValue><ssdm name="empty_5"/></StgValue>
</bind>
</comp>

<comp id="46" class="1001" name="const_46">
<pin_list>
<pin id="47" dir="1" index="0" bw="1" slack="2147483647"/>
</pin_list>
<bind>
<StgValue><ssdm name="empty_0"/></StgValue>
</bind>
</comp>

<comp id="48" class="1001" name="const_48">
<pin_list>
<pin id="49" dir="1" index="0" bw="1" slack="2147483647"/>
</pin_list>
<bind>
<StgValue><ssdm name="empty_8"/></StgValue>
</bind>
</comp>

<comp id="50" class="1001" name="const_50">
<pin_list>
<pin id="51" dir="1" index="0" bw="1" slack="2147483647"/>
</pin_list>
<bind>
<StgValue><ssdm name="empty"/></StgValue>
</bind>
</comp>

<comp id="52" class="1001" name="const_52">
<pin_list>
<pin id="53" dir="1" index="0" bw="1" slack="0"/>
</pin_list>
<bind>
<StgValue><ssdm name=""/></StgValue>
</bind>
</comp>

<comp id="54" class="1001" name="const_54">
<pin_list>
<pin id="55" dir="1" index="0" bw="1" slack="2147483647"/>
</pin_list>
<bind>
<StgValue><ssdm name="empty_6"/></StgValue>
</bind>
</comp>

<comp id="56" class="1001" name="const_56">
<pin_list>
<pin id="57" dir="1" index="0" bw="1" slack="2147483647"/>
</pin_list>
<bind>
<StgValue><ssdm name="empty_3"/></StgValue>
</bind>
</comp>

<comp id="58" class="1001" name="const_58">
<pin_list>
<pin id="59" dir="1" index="0" bw="1" slack="2147483647"/>
</pin_list>
<bind>
<StgValue><ssdm name="empty_7"/></StgValue>
</bind>
</comp>

<comp id="60" class="1001" name="const_60">
<pin_list>
<pin id="61" dir="1" index="0" bw="1" slack="0"/>
</pin_list>
<bind>
<StgValue><ssdm name="_ssdm_op_Read.s_axilite.i64"/></StgValue>
</bind>
</comp>

<comp id="62" class="1001" name="const_62">
<pin_list>
<pin id="63" dir="1" index="0" bw="1" slack="2147483647"/>
</pin_list>
<bind>
<StgValue><ssdm name="_ssdm_op_SpecPipeline"/></StgValue>
</bind>
</comp>

<comp id="64" class="1001" name="const_64">
<pin_list>
<pin id="65" dir="1" index="0" bw="1" slack="2147483647"/>
</pin_list>
<bind>
<StgValue><ssdm name=""/></StgValue>
</bind>
</comp>

<comp id="66" class="1001" name="const_66">
<pin_list>
<pin id="67" dir="1" index="0" bw="1" slack="2147483647"/>
</pin_list>
<bind>
<StgValue><ssdm name="p_str"/></StgValue>
</bind>
</comp>

<comp id="68" class="1001" name="const_68">
<pin_list>
<pin id="69" dir="1" index="0" bw="1" slack="0"/>
</pin_list>
<bind>
<StgValue><ssdm name=""/></StgValue>
</bind>
</comp>

<comp id="70" class="1001" name="const_70">
<pin_list>
<pin id="71" dir="1" index="0" bw="1" slack="0"/>
</pin_list>
<bind>
<StgValue><ssdm name="_ssdm_op_BitConcatenate.i35.i32.i3"/></StgValue>
</bind>
</comp>

<comp id="72" class="1001" name="const_72">
<pin_list>
<pin id="73" dir="1" index="0" bw="1" slack="0"/>
</pin_list>
<bind>
<StgValue><ssdm name=""/></StgValue>
</bind>
</comp>

<comp id="74" class="1001" name="const_74">
<pin_list>
<pin id="75" dir="1" index="0" bw="1" slack="0"/>
</pin_list>
<bind>
<StgValue><ssdm name="_ssdm_op_PartSelect.i61.i64.i32.i32"/></StgValue>
</bind>
</comp>

<comp id="76" class="1001" name="const_76">
<pin_list>
<pin id="77" dir="1" index="0" bw="1" slack="0"/>
</pin_list>
<bind>
<StgValue><ssdm name=""/></StgValue>
</bind>
</comp>

<comp id="78" class="1001" name="const_78">
<pin_list>
<pin id="79" dir="1" index="0" bw="1" slack="0"/>
</pin_list>
<bind>
<StgValue><ssdm name=""/></StgValue>
</bind>
</comp>

<comp id="80" class="1001" name="const_80">
<pin_list>
<pin id="81" dir="1" index="0" bw="1" slack="0"/>
</pin_list>
<bind>
<StgValue><ssdm name=""/></StgValue>
</bind>
</comp>

<comp id="82" class="1001" name="const_82">
<pin_list>
<pin id="83" dir="1" index="0" bw="1" slack="0"/>
</pin_list>
<bind>
<StgValue><ssdm name="_ssdm_op_ReadReq.m_axi.i64P1A"/></StgValue>
</bind>
</comp>

<comp id="84" class="1001" name="const_84">
<pin_list>
<pin id="85" dir="1" index="0" bw="1" slack="1"/>
</pin_list>
<bind>
<StgValue><ssdm name=""/></StgValue>
</bind>
</comp>

<comp id="86" class="1001" name="const_86">
<pin_list>
<pin id="87" dir="1" index="0" bw="1" slack="1"/>
</pin_list>
<bind>
<StgValue><ssdm name=""/></StgValue>
</bind>
</comp>

<comp id="88" class="1001" name="const_88">
<pin_list>
<pin id="89" dir="1" index="0" bw="1" slack="0"/>
</pin_list>
<bind>
<StgValue><ssdm name="_ssdm_op_Read.m_axi.i64P1A"/></StgValue>
</bind>
</comp>

<comp id="90" class="1001" name="const_90">
<pin_list>
<pin id="91" dir="1" index="0" bw="1" slack="0"/>
</pin_list>
<bind>
<StgValue><ssdm name="_ssdm_op_Write.axis.volatile.i64P128A"/></StgValue>
</bind>
</comp>

<comp id="92" class="1004" name="raw_data_im_i_mem_read_read_fu_92">
<pin_list>
<pin id="93" dir="0" index="0" bw="64" slack="0"/>
<pin id="94" dir="0" index="1" bw="64" slack="0"/>
<pin id="95" dir="1" index="2" bw="64" slack="2"/>
</pin_list>
<bind>
<opcode="read(1150) " fcode="read"/>
<opset="raw_data_im_i_mem_read/1 "/>
</bind>
</comp>

<comp id="98" class="1004" name="raw_data_real_i_mem_read_read_fu_98">
<pin_list>
<pin id="99" dir="0" index="0" bw="64" slack="0"/>
<pin id="100" dir="0" index="1" bw="64" slack="0"/>
<pin id="101" dir="1" index="2" bw="64" slack="1"/>
</pin_list>
<bind>
<opcode="read(1150) " fcode="read"/>
<opset="raw_data_real_i_mem_read/1 "/>
</bind>
</comp>

<comp id="104" class="1004" name="grp_readreq_fu_104">
<pin_list>
<pin id="105" dir="0" index="0" bw="1" slack="0"/>
<pin id="106" dir="0" index="1" bw="64" slack="0"/>
<pin id="107" dir="0" index="2" bw="1" slack="0"/>
<pin id="108" dir="1" index="3" bw="1" slack="2147483647"/>
</pin_list>
<bind>
<opcode="readreq(1154) " fcode="readreq"/>
<opset="gmem_load_req/3 "/>
</bind>
</comp>

<comp id="111" class="1004" name="grp_readreq_fu_111">
<pin_list>
<pin id="112" dir="0" index="0" bw="1" slack="0"/>
<pin id="113" dir="0" index="1" bw="64" slack="0"/>
<pin id="114" dir="0" index="2" bw="1" slack="0"/>
<pin id="115" dir="1" index="3" bw="1" slack="2147483647"/>
</pin_list>
<bind>
<opcode="readreq(1154) " fcode="readreq"/>
<opset="gmem_load_1_req/4 "/>
</bind>
</comp>

<comp id="118" class="1004" name="gmem_addr_read_read_fu_118">
<pin_list>
<pin id="119" dir="0" index="0" bw="64" slack="0"/>
<pin id="120" dir="0" index="1" bw="64" slack="7"/>
<pin id="121" dir="1" index="2" bw="64" slack="0"/>
</pin_list>
<bind>
<opcode="read(1150) " fcode="read"/>
<opset="gmem_addr_read/10 "/>
</bind>
</comp>

<comp id="123" class="1004" name="grp_write_fu_123">
<pin_list>
<pin id="124" dir="0" index="0" bw="0" slack="0"/>
<pin id="125" dir="0" index="1" bw="64" slack="0"/>
<pin id="126" dir="0" index="2" bw="64" slack="0"/>
<pin id="127" dir="1" index="3" bw="0" slack="2147483647"/>
</pin_list>
<bind>
<opcode="write(1151) " fcode="write"/>
<opset="write_ln173/10 "/>
</bind>
</comp>

<comp id="131" class="1004" name="gmem_addr_1_read_read_fu_131">
<pin_list>
<pin id="132" dir="0" index="0" bw="64" slack="0"/>
<pin id="133" dir="0" index="1" bw="64" slack="7"/>
<pin id="134" dir="1" index="2" bw="64" slack="0"/>
</pin_list>
<bind>
<opcode="read(1150) " fcode="read"/>
<opset="gmem_addr_1_read/11 "/>
</bind>
</comp>

<comp id="136" class="1004" name="grp_write_fu_136">
<pin_list>
<pin id="137" dir="0" index="0" bw="0" slack="0"/>
<pin id="138" dir="0" index="1" bw="64" slack="0"/>
<pin id="139" dir="0" index="2" bw="64" slack="0"/>
<pin id="140" dir="1" index="3" bw="0" slack="2147483647"/>
</pin_list>
<bind>
<opcode="write(1151) " fcode="write"/>
<opset="write_ln173/11 "/>
</bind>
</comp>

<comp id="144" class="1005" name="shouldContinue_1_reg_144">
<pin_list>
<pin id="145" dir="0" index="0" bw="1" slack="1"/>
<pin id="146" dir="1" index="1" bw="1" slack="1"/>
</pin_list>
<bind>
<opset="shouldContinue_1 (phireg) "/>
</bind>
</comp>

<comp id="149" class="1004" name="shouldContinue_1_phi_fu_149">
<pin_list>
<pin id="150" dir="0" index="0" bw="1" slack="1"/>
<pin id="151" dir="0" index="1" bw="0" slack="2147483647"/>
<pin id="152" dir="0" index="2" bw="1" slack="1"/>
<pin id="153" dir="0" index="3" bw="0" slack="2147483647"/>
<pin id="154" dir="1" index="4" bw="1" slack="0"/>
</pin_list>
<bind>
<opcode="phi(47) " fcode="phi"/>
<opset="shouldContinue_1/3 "/>
</bind>
</comp>

<comp id="157" class="1005" name="retval_0_i11_reg_157">
<pin_list>
<pin id="158" dir="0" index="0" bw="1" slack="1"/>
<pin id="159" dir="1" index="1" bw="1" slack="1"/>
</pin_list>
<bind>
<opset="retval_0_i11 (phireg) "/>
</bind>
</comp>

<comp id="162" class="1004" name="retval_0_i11_phi_fu_162">
<pin_list>
<pin id="163" dir="0" index="0" bw="1" slack="1"/>
<pin id="164" dir="0" index="1" bw="0" slack="2147483647"/>
<pin id="165" dir="0" index="2" bw="1" slack="1"/>
<pin id="166" dir="0" index="3" bw="0" slack="2147483647"/>
<pin id="167" dir="1" index="4" bw="1" slack="0"/>
</pin_list>
<bind>
<opcode="phi(47) " fcode="phi"/>
<opset="retval_0_i11/3 "/>
</bind>
</comp>

<comp id="170" class="1004" name="current_rate_1_load_load_fu_170">
<pin_list>
<pin id="171" dir="0" index="0" bw="32" slack="0"/>
<pin id="172" dir="1" index="1" bw="32" slack="0"/>
</pin_list>
<bind>
<opcode="load(27) " fcode="load"/>
<opset="current_rate_1_load/2 "/>
</bind>
</comp>

<comp id="174" class="1004" name="icmp_ln56_fu_174">
<pin_list>
<pin id="175" dir="0" index="0" bw="32" slack="0"/>
<pin id="176" dir="0" index="1" bw="20" slack="0"/>
<pin id="177" dir="1" index="2" bw="1" slack="0"/>
</pin_list>
<bind>
<opcode="icmp(45) " fcode="icmp"/>
<opset="icmp_ln56/2 "/>
</bind>
</comp>

<comp id="180" class="1004" name="current_factor_1_load_load_fu_180">
<pin_list>
<pin id="181" dir="0" index="0" bw="32" slack="0"/>
<pin id="182" dir="1" index="1" bw="32" slack="0"/>
</pin_list>
<bind>
<opcode="load(27) " fcode="load"/>
<opset="current_factor_1_load/2 "/>
</bind>
</comp>

<comp id="184" class="1004" name="icmp_ln56_1_fu_184">
<pin_list>
<pin id="185" dir="0" index="0" bw="32" slack="0"/>
<pin id="186" dir="0" index="1" bw="1" slack="0"/>
<pin id="187" dir="1" index="2" bw="1" slack="0"/>
</pin_list>
<bind>
<opcode="icmp(45) " fcode="icmp"/>
<opset="icmp_ln56_1/2 "/>
</bind>
</comp>

<comp id="190" class="1004" name="and_ln56_fu_190">
<pin_list>
<pin id="191" dir="0" index="0" bw="1" slack="0"/>
<pin id="192" dir="0" index="1" bw="1" slack="0"/>
<pin id="193" dir="1" index="2" bw="1" slack="1"/>
</pin_list>
<bind>
<opcode="and(23) " fcode="and"/>
<opset="and_ln56/2 "/>
</bind>
</comp>

<comp id="196" class="1004" name="shl_ln_fu_196">
<pin_list>
<pin id="197" dir="0" index="0" bw="35" slack="0"/>
<pin id="198" dir="0" index="1" bw="32" slack="0"/>
<pin id="199" dir="0" index="2" bw="1" slack="0"/>
<pin id="200" dir="1" index="3" bw="35" slack="0"/>
</pin_list>
<bind>
<opcode="bitconcatenate(1004) " fcode="bitconcatenate"/>
<opset="shl_ln/2 "/>
</bind>
</comp>

<comp id="204" class="1004" name="sext_ln58_fu_204">
<pin_list>
<pin id="205" dir="0" index="0" bw="35" slack="0"/>
<pin id="206" dir="1" index="1" bw="64" slack="0"/>
</pin_list>
<bind>
<opcode="sext(35) " fcode="sext"/>
<opset="sext_ln58/2 "/>
</bind>
</comp>

<comp id="208" class="1004" name="add_ln58_fu_208">
<pin_list>
<pin id="209" dir="0" index="0" bw="35" slack="0"/>
<pin id="210" dir="0" index="1" bw="64" slack="1"/>
<pin id="211" dir="1" index="2" bw="64" slack="0"/>
</pin_list>
<bind>
<opcode="add(8) " fcode="add"/>
<opset="add_ln58/2 "/>
</bind>
</comp>

<comp id="213" class="1004" name="trunc_ln_fu_213">
<pin_list>
<pin id="214" dir="0" index="0" bw="61" slack="0"/>
<pin id="215" dir="0" index="1" bw="64" slack="0"/>
<pin id="216" dir="0" index="2" bw="3" slack="0"/>
<pin id="217" dir="0" index="3" bw="7" slack="0"/>
<pin id="218" dir="1" index="4" bw="61" slack="1"/>
</pin_list>
<bind>
<opcode="partselect(1002) " fcode="partselect"/>
<opset="trunc_ln/2 "/>
</bind>
</comp>

<comp id="223" class="1004" name="add_ln59_fu_223">
<pin_list>
<pin id="224" dir="0" index="0" bw="32" slack="0"/>
<pin id="225" dir="0" index="1" bw="1" slack="0"/>
<pin id="226" dir="1" index="2" bw="32" slack="0"/>
</pin_list>
<bind>
<opcode="add(8) " fcode="add"/>
<opset="add_ln59/2 "/>
</bind>
</comp>

<comp id="229" class="1004" name="store_ln59_store_fu_229">
<pin_list>
<pin id="230" dir="0" index="0" bw="32" slack="0"/>
<pin id="231" dir="0" index="1" bw="32" slack="0"/>
<pin id="232" dir="1" index="2" bw="0" slack="2147483647"/>
</pin_list>
<bind>
<opcode="store(28) " fcode="store"/>
<opset="store_ln59/2 "/>
</bind>
</comp>

<comp id="235" class="1004" name="icmp_ln62_fu_235">
<pin_list>
<pin id="236" dir="0" index="0" bw="32" slack="0"/>
<pin id="237" dir="0" index="1" bw="20" slack="0"/>
<pin id="238" dir="1" index="2" bw="1" slack="2147483647"/>
</pin_list>
<bind>
<opcode="icmp(45) " fcode="icmp"/>
<opset="icmp_ln62/2 "/>
</bind>
</comp>

<comp id="241" class="1004" name="store_ln63_store_fu_241">
<pin_list>
<pin id="242" dir="0" index="0" bw="1" slack="0"/>
<pin id="243" dir="0" index="1" bw="32" slack="0"/>
<pin id="244" dir="1" index="2" bw="0" slack="2147483647"/>
</pin_list>
<bind>
<opcode="store(28) " fcode="store"/>
<opset="store_ln63/2 "/>
</bind>
</comp>

<comp id="247" class="1004" name="add_ln64_fu_247">
<pin_list>
<pin id="248" dir="0" index="0" bw="32" slack="0"/>
<pin id="249" dir="0" index="1" bw="1" slack="0"/>
<pin id="250" dir="1" index="2" bw="32" slack="0"/>
</pin_list>
<bind>
<opcode="add(8) " fcode="add"/>
<opset="add_ln64/2 "/>
</bind>
</comp>

<comp id="253" class="1004" name="store_ln64_store_fu_253">
<pin_list>
<pin id="254" dir="0" index="0" bw="32" slack="0"/>
<pin id="255" dir="0" index="1" bw="32" slack="0"/>
<pin id="256" dir="1" index="2" bw="0" slack="2147483647"/>
</pin_list>
<bind>
<opcode="store(28) " fcode="store"/>
<opset="store_ln64/2 "/>
</bind>
</comp>

<comp id="259" class="1004" name="current_rate_load_load_fu_259">
<pin_list>
<pin id="260" dir="0" index="0" bw="32" slack="0"/>
<pin id="261" dir="1" index="1" bw="32" slack="0"/>
</pin_list>
<bind>
<opcode="load(27) " fcode="load"/>
<opset="current_rate_load/2 "/>
</bind>
</comp>

<comp id="263" class="1004" name="icmp_ln56_2_fu_263">
<pin_list>
<pin id="264" dir="0" index="0" bw="32" slack="0"/>
<pin id="265" dir="0" index="1" bw="20" slack="0"/>
<pin id="266" dir="1" index="2" bw="1" slack="0"/>
</pin_list>
<bind>
<opcode="icmp(45) " fcode="icmp"/>
<opset="icmp_ln56_2/2 "/>
</bind>
</comp>

<comp id="269" class="1004" name="current_factor_load_load_fu_269">
<pin_list>
<pin id="270" dir="0" index="0" bw="32" slack="0"/>
<pin id="271" dir="1" index="1" bw="32" slack="0"/>
</pin_list>
<bind>
<opcode="load(27) " fcode="load"/>
<opset="current_factor_load/2 "/>
</bind>
</comp>

<comp id="273" class="1004" name="icmp_ln56_3_fu_273">
<pin_list>
<pin id="274" dir="0" index="0" bw="32" slack="0"/>
<pin id="275" dir="0" index="1" bw="1" slack="0"/>
<pin id="276" dir="1" index="2" bw="1" slack="0"/>
</pin_list>
<bind>
<opcode="icmp(45) " fcode="icmp"/>
<opset="icmp_ln56_3/2 "/>
</bind>
</comp>

<comp id="279" class="1004" name="and_ln56_1_fu_279">
<pin_list>
<pin id="280" dir="0" index="0" bw="1" slack="0"/>
<pin id="281" dir="0" index="1" bw="1" slack="0"/>
<pin id="282" dir="1" index="2" bw="1" slack="1"/>
</pin_list>
<bind>
<opcode="and(23) " fcode="and"/>
<opset="and_ln56_1/2 "/>
</bind>
</comp>

<comp id="285" class="1004" name="add_ln59_1_fu_285">
<pin_list>
<pin id="286" dir="0" index="0" bw="32" slack="0"/>
<pin id="287" dir="0" index="1" bw="1" slack="0"/>
<pin id="288" dir="1" index="2" bw="32" slack="0"/>
</pin_list>
<bind>
<opcode="add(8) " fcode="add"/>
<opset="add_ln59_1/2 "/>
</bind>
</comp>

<comp id="291" class="1004" name="store_ln59_store_fu_291">
<pin_list>
<pin id="292" dir="0" index="0" bw="32" slack="0"/>
<pin id="293" dir="0" index="1" bw="32" slack="0"/>
<pin id="294" dir="1" index="2" bw="0" slack="2147483647"/>
</pin_list>
<bind>
<opcode="store(28) " fcode="store"/>
<opset="store_ln59/2 "/>
</bind>
</comp>

<comp id="297" class="1004" name="icmp_ln62_1_fu_297">
<pin_list>
<pin id="298" dir="0" index="0" bw="32" slack="0"/>
<pin id="299" dir="0" index="1" bw="20" slack="0"/>
<pin id="300" dir="1" index="2" bw="1" slack="2147483647"/>
</pin_list>
<bind>
<opcode="icmp(45) " fcode="icmp"/>
<opset="icmp_ln62_1/2 "/>
</bind>
</comp>

<comp id="303" class="1004" name="store_ln63_store_fu_303">
<pin_list>
<pin id="304" dir="0" index="0" bw="1" slack="0"/>
<pin id="305" dir="0" index="1" bw="32" slack="0"/>
<pin id="306" dir="1" index="2" bw="0" slack="2147483647"/>
</pin_list>
<bind>
<opcode="store(28) " fcode="store"/>
<opset="store_ln63/2 "/>
</bind>
</comp>

<comp id="309" class="1004" name="add_ln64_1_fu_309">
<pin_list>
<pin id="310" dir="0" index="0" bw="32" slack="0"/>
<pin id="311" dir="0" index="1" bw="1" slack="0"/>
<pin id="312" dir="1" index="2" bw="32" slack="0"/>
</pin_list>
<bind>
<opcode="add(8) " fcode="add"/>
<opset="add_ln64_1/2 "/>
</bind>
</comp>

<comp id="315" class="1004" name="store_ln64_store_fu_315">
<pin_list>
<pin id="316" dir="0" index="0" bw="32" slack="0"/>
<pin id="317" dir="0" index="1" bw="32" slack="0"/>
<pin id="318" dir="1" index="2" bw="0" slack="2147483647"/>
</pin_list>
<bind>
<opcode="store(28) " fcode="store"/>
<opset="store_ln64/2 "/>
</bind>
</comp>

<comp id="321" class="1004" name="sext_ln173_fu_321">
<pin_list>
<pin id="322" dir="0" index="0" bw="61" slack="1"/>
<pin id="323" dir="1" index="1" bw="64" slack="0"/>
</pin_list>
<bind>
<opcode="sext(35) " fcode="sext"/>
<opset="sext_ln173/3 "/>
</bind>
</comp>

<comp id="324" class="1004" name="gmem_addr_fu_324">
<pin_list>
<pin id="325" dir="0" index="0" bw="64" slack="0"/>
<pin id="326" dir="0" index="1" bw="61" slack="0"/>
<pin id="327" dir="1" index="2" bw="64" slack="0"/>
</pin_list>
<bind>
<opcode="getelementptr(29) " fcode="getelementptr"/>
<opset="gmem_addr/3 "/>
</bind>
</comp>

<comp id="331" class="1004" name="shl_ln58_1_fu_331">
<pin_list>
<pin id="332" dir="0" index="0" bw="35" slack="0"/>
<pin id="333" dir="0" index="1" bw="32" slack="1"/>
<pin id="334" dir="0" index="2" bw="1" slack="0"/>
<pin id="335" dir="1" index="3" bw="35" slack="0"/>
</pin_list>
<bind>
<opcode="bitconcatenate(1004) " fcode="bitconcatenate"/>
<opset="shl_ln58_1/3 "/>
</bind>
</comp>

<comp id="338" class="1004" name="sext_ln58_1_fu_338">
<pin_list>
<pin id="339" dir="0" index="0" bw="35" slack="0"/>
<pin id="340" dir="1" index="1" bw="64" slack="0"/>
</pin_list>
<bind>
<opcode="sext(35) " fcode="sext"/>
<opset="sext_ln58_1/3 "/>
</bind>
</comp>

<comp id="342" class="1004" name="add_ln58_1_fu_342">
<pin_list>
<pin id="343" dir="0" index="0" bw="35" slack="0"/>
<pin id="344" dir="0" index="1" bw="64" slack="2"/>
<pin id="345" dir="1" index="2" bw="64" slack="0"/>
</pin_list>
<bind>
<opcode="add(8) " fcode="add"/>
<opset="add_ln58_1/3 "/>
</bind>
</comp>

<comp id="347" class="1004" name="trunc_ln173_1_fu_347">
<pin_list>
<pin id="348" dir="0" index="0" bw="61" slack="0"/>
<pin id="349" dir="0" index="1" bw="64" slack="0"/>
<pin id="350" dir="0" index="2" bw="3" slack="0"/>
<pin id="351" dir="0" index="3" bw="7" slack="0"/>
<pin id="352" dir="1" index="4" bw="61" slack="1"/>
</pin_list>
<bind>
<opcode="partselect(1002) " fcode="partselect"/>
<opset="trunc_ln173_1/3 "/>
</bind>
</comp>

<comp id="357" class="1004" name="shouldContinue_fu_357">
<pin_list>
<pin id="358" dir="0" index="0" bw="1" slack="0"/>
<pin id="359" dir="0" index="1" bw="1" slack="0"/>
<pin id="360" dir="1" index="2" bw="1" slack="9"/>
</pin_list>
<bind>
<opcode="or(24) " fcode="or"/>
<opset="shouldContinue/3 "/>
</bind>
</comp>

<comp id="363" class="1004" name="sext_ln173_1_fu_363">
<pin_list>
<pin id="364" dir="0" index="0" bw="61" slack="1"/>
<pin id="365" dir="1" index="1" bw="64" slack="0"/>
</pin_list>
<bind>
<opcode="sext(35) " fcode="sext"/>
<opset="sext_ln173_1/4 "/>
</bind>
</comp>

<comp id="366" class="1004" name="gmem_addr_1_fu_366">
<pin_list>
<pin id="367" dir="0" index="0" bw="64" slack="0"/>
<pin id="368" dir="0" index="1" bw="61" slack="0"/>
<pin id="369" dir="1" index="2" bw="64" slack="0"/>
</pin_list>
<bind>
<opcode="getelementptr(29) " fcode="getelementptr"/>
<opset="gmem_addr_1/4 "/>
</bind>
</comp>

<comp id="373" class="1005" name="raw_data_im_i_mem_read_reg_373">
<pin_list>
<pin id="374" dir="0" index="0" bw="64" slack="2"/>
<pin id="375" dir="1" index="1" bw="64" slack="2"/>
</pin_list>
<bind>
<opset="raw_data_im_i_mem_read "/>
</bind>
</comp>

<comp id="378" class="1005" name="raw_data_real_i_mem_read_reg_378">
<pin_list>
<pin id="379" dir="0" index="0" bw="64" slack="1"/>
<pin id="380" dir="1" index="1" bw="64" slack="1"/>
</pin_list>
<bind>
<opset="raw_data_real_i_mem_read "/>
</bind>
</comp>

<comp id="383" class="1005" name="and_ln56_reg_383">
<pin_list>
<pin id="384" dir="0" index="0" bw="1" slack="1"/>
<pin id="385" dir="1" index="1" bw="1" slack="2147483647"/>
</pin_list>
<bind>
<opset="and_ln56 "/>
</bind>
</comp>

<comp id="387" class="1005" name="trunc_ln_reg_387">
<pin_list>
<pin id="388" dir="0" index="0" bw="61" slack="1"/>
<pin id="389" dir="1" index="1" bw="61" slack="1"/>
</pin_list>
<bind>
<opset="trunc_ln "/>
</bind>
</comp>

<comp id="395" class="1005" name="current_rate_load_reg_395">
<pin_list>
<pin id="396" dir="0" index="0" bw="32" slack="1"/>
<pin id="397" dir="1" index="1" bw="32" slack="1"/>
</pin_list>
<bind>
<opset="current_rate_load "/>
</bind>
</comp>

<comp id="400" class="1005" name="and_ln56_1_reg_400">
<pin_list>
<pin id="401" dir="0" index="0" bw="1" slack="1"/>
<pin id="402" dir="1" index="1" bw="1" slack="2147483647"/>
</pin_list>
<bind>
<opset="and_ln56_1 "/>
</bind>
</comp>

<comp id="407" class="1005" name="gmem_addr_reg_407">
<pin_list>
<pin id="408" dir="0" index="0" bw="64" slack="1"/>
<pin id="409" dir="1" index="1" bw="64" slack="1"/>
</pin_list>
<bind>
<opset="gmem_addr "/>
</bind>
</comp>

<comp id="413" class="1005" name="trunc_ln173_1_reg_413">
<pin_list>
<pin id="414" dir="0" index="0" bw="61" slack="1"/>
<pin id="415" dir="1" index="1" bw="61" slack="1"/>
</pin_list>
<bind>
<opset="trunc_ln173_1 "/>
</bind>
</comp>

<comp id="418" class="1005" name="shouldContinue_reg_418">
<pin_list>
<pin id="419" dir="0" index="0" bw="1" slack="9"/>
<pin id="420" dir="1" index="1" bw="1" slack="2147483647"/>
</pin_list>
<bind>
<opset="shouldContinue "/>
</bind>
</comp>

<comp id="422" class="1005" name="gmem_addr_1_reg_422">
<pin_list>
<pin id="423" dir="0" index="0" bw="64" slack="1"/>
<pin id="424" dir="1" index="1" bw="64" slack="1"/>
</pin_list>
<bind>
<opset="gmem_addr_1 "/>
</bind>
</comp>

<comp id="428" class="1005" name="gmem_addr_read_reg_428">
<pin_list>
<pin id="429" dir="0" index="0" bw="64" slack="1"/>
<pin id="430" dir="1" index="1" bw="64" slack="1"/>
</pin_list>
<bind>
<opset="gmem_addr_read "/>
</bind>
</comp>

<comp id="433" class="1005" name="gmem_addr_1_read_reg_433">
<pin_list>
<pin id="434" dir="0" index="0" bw="64" slack="1"/>
<pin id="435" dir="1" index="1" bw="64" slack="1"/>
</pin_list>
<bind>
<opset="gmem_addr_1_read "/>
</bind>
</comp>

</comp_list>

<net_list>
<net id="96"><net_src comp="60" pin="0"/><net_sink comp="92" pin=0"/></net>

<net id="97"><net_src comp="6" pin="0"/><net_sink comp="92" pin=1"/></net>

<net id="102"><net_src comp="60" pin="0"/><net_sink comp="98" pin=0"/></net>

<net id="103"><net_src comp="2" pin="0"/><net_sink comp="98" pin=1"/></net>

<net id="109"><net_src comp="82" pin="0"/><net_sink comp="104" pin=0"/></net>

<net id="110"><net_src comp="52" pin="0"/><net_sink comp="104" pin=2"/></net>

<net id="116"><net_src comp="82" pin="0"/><net_sink comp="111" pin=0"/></net>

<net id="117"><net_src comp="52" pin="0"/><net_sink comp="111" pin=2"/></net>

<net id="122"><net_src comp="88" pin="0"/><net_sink comp="118" pin=0"/></net>

<net id="128"><net_src comp="90" pin="0"/><net_sink comp="123" pin=0"/></net>

<net id="129"><net_src comp="4" pin="0"/><net_sink comp="123" pin=1"/></net>

<net id="130"><net_src comp="118" pin="2"/><net_sink comp="123" pin=2"/></net>

<net id="135"><net_src comp="88" pin="0"/><net_sink comp="131" pin=0"/></net>

<net id="141"><net_src comp="90" pin="0"/><net_sink comp="136" pin=0"/></net>

<net id="142"><net_src comp="8" pin="0"/><net_sink comp="136" pin=1"/></net>

<net id="143"><net_src comp="131" pin="2"/><net_sink comp="136" pin=2"/></net>

<net id="147"><net_src comp="84" pin="0"/><net_sink comp="144" pin=0"/></net>

<net id="148"><net_src comp="86" pin="0"/><net_sink comp="144" pin=0"/></net>

<net id="155"><net_src comp="144" pin="1"/><net_sink comp="149" pin=0"/></net>

<net id="156"><net_src comp="144" pin="1"/><net_sink comp="149" pin=2"/></net>

<net id="160"><net_src comp="84" pin="0"/><net_sink comp="157" pin=0"/></net>

<net id="161"><net_src comp="86" pin="0"/><net_sink comp="157" pin=0"/></net>

<net id="168"><net_src comp="157" pin="1"/><net_sink comp="162" pin=0"/></net>

<net id="169"><net_src comp="157" pin="1"/><net_sink comp="162" pin=2"/></net>

<net id="173"><net_src comp="10" pin="0"/><net_sink comp="170" pin=0"/></net>

<net id="178"><net_src comp="170" pin="1"/><net_sink comp="174" pin=0"/></net>

<net id="179"><net_src comp="68" pin="0"/><net_sink comp="174" pin=1"/></net>

<net id="183"><net_src comp="12" pin="0"/><net_sink comp="180" pin=0"/></net>

<net id="188"><net_src comp="180" pin="1"/><net_sink comp="184" pin=0"/></net>

<net id="189"><net_src comp="52" pin="0"/><net_sink comp="184" pin=1"/></net>

<net id="194"><net_src comp="174" pin="2"/><net_sink comp="190" pin=0"/></net>

<net id="195"><net_src comp="184" pin="2"/><net_sink comp="190" pin=1"/></net>

<net id="201"><net_src comp="70" pin="0"/><net_sink comp="196" pin=0"/></net>

<net id="202"><net_src comp="170" pin="1"/><net_sink comp="196" pin=1"/></net>

<net id="203"><net_src comp="72" pin="0"/><net_sink comp="196" pin=2"/></net>

<net id="207"><net_src comp="196" pin="3"/><net_sink comp="204" pin=0"/></net>

<net id="212"><net_src comp="204" pin="1"/><net_sink comp="208" pin=0"/></net>

<net id="219"><net_src comp="74" pin="0"/><net_sink comp="213" pin=0"/></net>

<net id="220"><net_src comp="208" pin="2"/><net_sink comp="213" pin=1"/></net>

<net id="221"><net_src comp="76" pin="0"/><net_sink comp="213" pin=2"/></net>

<net id="222"><net_src comp="78" pin="0"/><net_sink comp="213" pin=3"/></net>

<net id="227"><net_src comp="170" pin="1"/><net_sink comp="223" pin=0"/></net>

<net id="228"><net_src comp="52" pin="0"/><net_sink comp="223" pin=1"/></net>

<net id="233"><net_src comp="223" pin="2"/><net_sink comp="229" pin=0"/></net>

<net id="234"><net_src comp="10" pin="0"/><net_sink comp="229" pin=1"/></net>

<net id="239"><net_src comp="223" pin="2"/><net_sink comp="235" pin=0"/></net>

<net id="240"><net_src comp="80" pin="0"/><net_sink comp="235" pin=1"/></net>

<net id="245"><net_src comp="26" pin="0"/><net_sink comp="241" pin=0"/></net>

<net id="246"><net_src comp="10" pin="0"/><net_sink comp="241" pin=1"/></net>

<net id="251"><net_src comp="180" pin="1"/><net_sink comp="247" pin=0"/></net>

<net id="252"><net_src comp="52" pin="0"/><net_sink comp="247" pin=1"/></net>

<net id="257"><net_src comp="247" pin="2"/><net_sink comp="253" pin=0"/></net>

<net id="258"><net_src comp="12" pin="0"/><net_sink comp="253" pin=1"/></net>

<net id="262"><net_src comp="14" pin="0"/><net_sink comp="259" pin=0"/></net>

<net id="267"><net_src comp="259" pin="1"/><net_sink comp="263" pin=0"/></net>

<net id="268"><net_src comp="68" pin="0"/><net_sink comp="263" pin=1"/></net>

<net id="272"><net_src comp="16" pin="0"/><net_sink comp="269" pin=0"/></net>

<net id="277"><net_src comp="269" pin="1"/><net_sink comp="273" pin=0"/></net>

<net id="278"><net_src comp="52" pin="0"/><net_sink comp="273" pin=1"/></net>

<net id="283"><net_src comp="263" pin="2"/><net_sink comp="279" pin=0"/></net>

<net id="284"><net_src comp="273" pin="2"/><net_sink comp="279" pin=1"/></net>

<net id="289"><net_src comp="259" pin="1"/><net_sink comp="285" pin=0"/></net>

<net id="290"><net_src comp="52" pin="0"/><net_sink comp="285" pin=1"/></net>

<net id="295"><net_src comp="285" pin="2"/><net_sink comp="291" pin=0"/></net>

<net id="296"><net_src comp="14" pin="0"/><net_sink comp="291" pin=1"/></net>

<net id="301"><net_src comp="285" pin="2"/><net_sink comp="297" pin=0"/></net>

<net id="302"><net_src comp="80" pin="0"/><net_sink comp="297" pin=1"/></net>

<net id="307"><net_src comp="26" pin="0"/><net_sink comp="303" pin=0"/></net>

<net id="308"><net_src comp="14" pin="0"/><net_sink comp="303" pin=1"/></net>

<net id="313"><net_src comp="269" pin="1"/><net_sink comp="309" pin=0"/></net>

<net id="314"><net_src comp="52" pin="0"/><net_sink comp="309" pin=1"/></net>

<net id="319"><net_src comp="309" pin="2"/><net_sink comp="315" pin=0"/></net>

<net id="320"><net_src comp="16" pin="0"/><net_sink comp="315" pin=1"/></net>

<net id="328"><net_src comp="0" pin="0"/><net_sink comp="324" pin=0"/></net>

<net id="329"><net_src comp="321" pin="1"/><net_sink comp="324" pin=1"/></net>

<net id="330"><net_src comp="324" pin="2"/><net_sink comp="104" pin=1"/></net>

<net id="336"><net_src comp="70" pin="0"/><net_sink comp="331" pin=0"/></net>

<net id="337"><net_src comp="72" pin="0"/><net_sink comp="331" pin=2"/></net>

<net id="341"><net_src comp="331" pin="3"/><net_sink comp="338" pin=0"/></net>

<net id="346"><net_src comp="338" pin="1"/><net_sink comp="342" pin=0"/></net>

<net id="353"><net_src comp="74" pin="0"/><net_sink comp="347" pin=0"/></net>

<net id="354"><net_src comp="342" pin="2"/><net_sink comp="347" pin=1"/></net>

<net id="355"><net_src comp="76" pin="0"/><net_sink comp="347" pin=2"/></net>

<net id="356"><net_src comp="78" pin="0"/><net_sink comp="347" pin=3"/></net>

<net id="361"><net_src comp="149" pin="4"/><net_sink comp="357" pin=0"/></net>

<net id="362"><net_src comp="162" pin="4"/><net_sink comp="357" pin=1"/></net>

<net id="370"><net_src comp="0" pin="0"/><net_sink comp="366" pin=0"/></net>

<net id="371"><net_src comp="363" pin="1"/><net_sink comp="366" pin=1"/></net>

<net id="372"><net_src comp="366" pin="2"/><net_sink comp="111" pin=1"/></net>

<net id="376"><net_src comp="92" pin="2"/><net_sink comp="373" pin=0"/></net>

<net id="377"><net_src comp="373" pin="1"/><net_sink comp="342" pin=1"/></net>

<net id="381"><net_src comp="98" pin="2"/><net_sink comp="378" pin=0"/></net>

<net id="382"><net_src comp="378" pin="1"/><net_sink comp="208" pin=1"/></net>

<net id="386"><net_src comp="190" pin="2"/><net_sink comp="383" pin=0"/></net>

<net id="390"><net_src comp="213" pin="4"/><net_sink comp="387" pin=0"/></net>

<net id="391"><net_src comp="387" pin="1"/><net_sink comp="321" pin=0"/></net>

<net id="398"><net_src comp="259" pin="1"/><net_sink comp="395" pin=0"/></net>

<net id="399"><net_src comp="395" pin="1"/><net_sink comp="331" pin=1"/></net>

<net id="403"><net_src comp="279" pin="2"/><net_sink comp="400" pin=0"/></net>

<net id="410"><net_src comp="324" pin="2"/><net_sink comp="407" pin=0"/></net>

<net id="411"><net_src comp="407" pin="1"/><net_sink comp="104" pin=1"/></net>

<net id="412"><net_src comp="407" pin="1"/><net_sink comp="118" pin=1"/></net>

<net id="416"><net_src comp="347" pin="4"/><net_sink comp="413" pin=0"/></net>

<net id="417"><net_src comp="413" pin="1"/><net_sink comp="363" pin=0"/></net>

<net id="421"><net_src comp="357" pin="2"/><net_sink comp="418" pin=0"/></net>

<net id="425"><net_src comp="366" pin="2"/><net_sink comp="422" pin=0"/></net>

<net id="426"><net_src comp="422" pin="1"/><net_sink comp="111" pin=1"/></net>

<net id="427"><net_src comp="422" pin="1"/><net_sink comp="131" pin=1"/></net>

<net id="431"><net_src comp="118" pin="2"/><net_sink comp="428" pin=0"/></net>

<net id="432"><net_src comp="428" pin="1"/><net_sink comp="123" pin=2"/></net>

<net id="436"><net_src comp="131" pin="2"/><net_sink comp="433" pin=0"/></net>

<net id="437"><net_src comp="433" pin="1"/><net_sink comp="136" pin=2"/></net>

</net_list>

</model> 
---------------- Datapath Model END ------------------

* FSMD analyzer results:
  - Output states:
	Port: raw_data_real_i_stream | {11 }
	Port: raw_data_im_i_stream | {12 }
	Port: current_rate_1 | {2 }
	Port: current_factor_1 | {2 }
	Port: current_rate | {2 }
	Port: current_factor | {2 }
 - Input state : 
	Port: mem_read_top_rfi_C : gmem | {3 4 5 6 7 8 9 10 11 }
	Port: mem_read_top_rfi_C : raw_data_real_i_mem | {1 }
	Port: mem_read_top_rfi_C : raw_data_im_i_mem | {1 }
	Port: mem_read_top_rfi_C : current_rate_1 | {2 }
	Port: mem_read_top_rfi_C : current_factor_1 | {2 }
	Port: mem_read_top_rfi_C : current_rate | {2 }
	Port: mem_read_top_rfi_C : current_factor | {2 }
  - Chain level:
	State 1
	State 2
		icmp_ln56 : 1
		icmp_ln56_1 : 1
		and_ln56 : 2
		br_ln56 : 2
		shl_ln : 1
		sext_ln58 : 2
		add_ln58 : 3
		trunc_ln : 4
		add_ln59 : 1
		store_ln59 : 2
		icmp_ln62 : 2
		br_ln62 : 3
		add_ln64 : 1
		store_ln64 : 2
		icmp_ln56_2 : 1
		icmp_ln56_3 : 1
		and_ln56_1 : 2
		br_ln56 : 2
		add_ln59_1 : 1
		store_ln59 : 2
		icmp_ln62_1 : 2
		br_ln62 : 3
		add_ln64_1 : 1
		store_ln64 : 2
	State 3
		gmem_addr : 1
		gmem_load_req : 2
		sext_ln58_1 : 1
		add_ln58_1 : 2
		trunc_ln173_1 : 3
		shouldContinue : 1
		br_ln90 : 1
	State 4
		gmem_addr_1 : 1
		gmem_load_1_req : 2
	State 5
	State 6
	State 7
	State 8
	State 9
	State 10
	State 11
	State 12
	State 13


============================================================
+ Verbose Summary: Datapath Resource usage 
============================================================

* Functional unit list:
|----------|-------------------------------------|---------|---------|
| Operation|           Functional Unit           |    FF   |   LUT   |
|----------|-------------------------------------|---------|---------|
|          |           add_ln58_fu_208           |    0    |    71   |
|          |           add_ln59_fu_223           |    0    |    39   |
|    add   |           add_ln64_fu_247           |    0    |    39   |
|          |          add_ln59_1_fu_285          |    0    |    39   |
|          |          add_ln64_1_fu_309          |    0    |    39   |
|          |          add_ln58_1_fu_342          |    0    |    71   |
|----------|-------------------------------------|---------|---------|
|          |           icmp_ln56_fu_174          |    0    |    18   |
|          |          icmp_ln56_1_fu_184         |    0    |    18   |
|   icmp   |           icmp_ln62_fu_235          |    0    |    18   |
|          |          icmp_ln56_2_fu_263         |    0    |    18   |
|          |          icmp_ln56_3_fu_273         |    0    |    18   |
|          |          icmp_ln62_1_fu_297         |    0    |    18   |
|----------|-------------------------------------|---------|---------|
|    and   |           and_ln56_fu_190           |    0    |    2    |
|          |          and_ln56_1_fu_279          |    0    |    2    |
|----------|-------------------------------------|---------|---------|
|    or    |        shouldContinue_fu_357        |    0    |    2    |
|----------|-------------------------------------|---------|---------|
|          |  raw_data_im_i_mem_read_read_fu_92  |    0    |    0    |
|   read   | raw_data_real_i_mem_read_read_fu_98 |    0    |    0    |
|          |      gmem_addr_read_read_fu_118     |    0    |    0    |
|          |     gmem_addr_1_read_read_fu_131    |    0    |    0    |
|----------|-------------------------------------|---------|---------|
|  readreq |          grp_readreq_fu_104         |    0    |    0    |
|          |          grp_readreq_fu_111         |    0    |    0    |
|----------|-------------------------------------|---------|---------|
|   write  |           grp_write_fu_123          |    0    |    0    |
|          |           grp_write_fu_136          |    0    |    0    |
|----------|-------------------------------------|---------|---------|
|bitconcatenate|            shl_ln_fu_196            |    0    |    0    |
|          |          shl_ln58_1_fu_331          |    0    |    0    |
|----------|-------------------------------------|---------|---------|
|          |           sext_ln58_fu_204          |    0    |    0    |
|   sext   |          sext_ln173_fu_321          |    0    |    0    |
|          |          sext_ln58_1_fu_338         |    0    |    0    |
|          |         sext_ln173_1_fu_363         |    0    |    0    |
|----------|-------------------------------------|---------|---------|
|partselect|           trunc_ln_fu_213           |    0    |    0    |
|          |         trunc_ln173_1_fu_347        |    0    |    0    |
|----------|-------------------------------------|---------|---------|
|   Total  |                                     |    0    |   412   |
|----------|-------------------------------------|---------|---------|

Memories:
N/A

* Register list:
+--------------------------------+--------+
|                                |   FF   |
+--------------------------------+--------+
|       and_ln56_1_reg_400       |    1   |
|        and_ln56_reg_383        |    1   |
|    current_rate_load_reg_395   |   32   |
|    gmem_addr_1_read_reg_433    |   64   |
|       gmem_addr_1_reg_422      |   64   |
|     gmem_addr_read_reg_428     |   64   |
|        gmem_addr_reg_407       |   64   |
| raw_data_im_i_mem_read_reg_373 |   64   |
|raw_data_real_i_mem_read_reg_378|   64   |
|      retval_0_i11_reg_157      |    1   |
|    shouldContinue_1_reg_144    |    1   |
|     shouldContinue_reg_418     |    1   |
|      trunc_ln173_1_reg_413     |   61   |
|        trunc_ln_reg_387        |   61   |
+--------------------------------+--------+
|              Total             |   543  |
+--------------------------------+--------+

* Multiplexer (MUX) list: 
|--------------------------|------|------|------|--------||---------||---------|
|           Comp           |  Pin | Size |  BW  | S x BW ||  Delay  ||   LUT   |
|--------------------------|------|------|------|--------||---------||---------|
|    grp_readreq_fu_104    |  p1  |   2  |  64  |   128  ||    9    |
|    grp_readreq_fu_111    |  p1  |   2  |  64  |   128  ||    9    |
|     grp_write_fu_123     |  p2  |   2  |  64  |   128  ||    9    |
|     grp_write_fu_136     |  p2  |   2  |  64  |   128  ||    9    |
| shouldContinue_1_reg_144 |  p0  |   2  |   1  |    2   |
|   retval_0_i11_reg_157   |  p0  |   2  |   1  |    2   |
|--------------------------|------|------|------|--------||---------||---------|
|           Total          |      |      |      |   516  ||  9.528  ||    36   |
|--------------------------|------|------|------|--------||---------||---------|



* Summary:
+-----------+--------+--------+--------+
|           |  Delay |   FF   |   LUT  |
+-----------+--------+--------+--------+
|  Function |    -   |    0   |   412  |
|   Memory  |    -   |    -   |    -   |
|Multiplexer|    9   |    -   |   36   |
|  Register |    -   |   543  |    -   |
+-----------+--------+--------+--------+
|   Total   |    9   |   543  |   448  |
+-----------+--------+--------+--------+
