

================================================================
== Vitis HLS Report for 'mem_write_top_rfi_C'
================================================================
* Date:           Thu Jul  6 01:43:39 2023

* Version:        2021.2 (Build 3367213 on Tue Oct 19 02:47:39 MDT 2021)
* Project:        mem_write_top_rfi_C
* Solution:       solution1 (Vivado IP Flow Target)
* Product family: zynq
* Target device:  xc7z020-clg400-1


================================================================
== Performance Estimates
================================================================
+ Timing: 
    * Summary: 
    +--------+----------+----------+------------+
    |  Clock |  Target  | Estimated| Uncertainty|
    +--------+----------+----------+------------+
    |ap_clk  |  10.00 ns|  7.591 ns|     2.70 ns|
    +--------+----------+----------+------------+

+ Latency: 
    * Summary: 
    +---------+---------+----------+----------+-----+-----+---------+
    |  Latency (cycles) |  Latency (absolute) |  Interval | Pipeline|
    |   min   |   max   |    min   |    max   | min | max |   Type  |
    +---------+---------+----------+----------+-----+-----+---------+
    |        ?|        ?|         ?|         ?|    ?|    ?|       no|
    +---------+---------+----------+----------+-----+-----+---------+

    + Detail: 
        * Instance: 
        N/A

        * Loop: 
        +----------+---------+---------+----------+-----------+-----------+------+----------+
        |          |  Latency (cycles) | Iteration|  Initiation Interval  | Trip |          |
        | Loop Name|   min   |   max   |  Latency |  achieved |   target  | Count| Pipelined|
        +----------+---------+---------+----------+-----------+-----------+------+----------+
        |- Loop 1  |        ?|        ?|        19|         12|          1|     ?|       yes|
        +----------+---------+---------+----------+-----------+-----------+------+----------+



================================================================
== Utilization Estimates
================================================================
* Summary: 
+-----------------+---------+-----+--------+-------+-----+
|       Name      | BRAM_18K| DSP |   FF   |  LUT  | URAM|
+-----------------+---------+-----+--------+-------+-----+
|DSP              |        -|    -|       -|      -|    -|
|Expression       |        -|    -|       0|   2878|    -|
|FIFO             |        -|    -|       -|      -|    -|
|Instance         |        8|    -|    1449|   2344|    -|
|Memory           |        -|    -|       -|      -|    -|
|Multiplexer      |        -|    -|       -|    447|    -|
|Register         |        -|    -|    2448|      -|    -|
+-----------------+---------+-----+--------+-------+-----+
|Total            |        8|    0|    3897|   5669|    0|
+-----------------+---------+-----+--------+-------+-----+
|Available        |      280|  220|  106400|  53200|    0|
+-----------------+---------+-----+--------+-------+-----+
|Utilization (%)  |        2|    0|       3|     10|    0|
+-----------------+---------+-----+--------+-------+-----+

+ Detail: 
    * Instance: 
    +-----------------+---------------+---------+----+-----+------+-----+
    |     Instance    |     Module    | BRAM_18K| DSP|  FF |  LUT | URAM|
    +-----------------+---------------+---------+----+-----+------+-----+
    |control_s_axi_U  |control_s_axi  |        0|   0|  883|  1578|    0|
    |gmem_m_axi_U     |gmem_m_axi     |        8|   0|  566|   766|    0|
    +-----------------+---------------+---------+----+-----+------+-----+
    |Total            |               |        8|   0| 1449|  2344|    0|
    +-----------------+---------------+---------+----+-----+------+-----+

    * DSP: 
    N/A

    * Memory: 
    N/A

    * FIFO: 
    N/A

    * Expression: 
    +-------------------------------------+----------+----+---+----+------------+------------+
    |            Variable Name            | Operation| DSP| FF| LUT| Bitwidth P0| Bitwidth P1|
    +-------------------------------------+----------+----+---+----+------------+------------+
    |add_ln61_10_fu_1812_p2               |         +|   0|  0|  71|          64|          64|
    |add_ln61_11_fu_1907_p2               |         +|   0|  0|  71|          64|          64|
    |add_ln61_1_fu_867_p2                 |         +|   0|  0|  71|          64|          64|
    |add_ln61_2_fu_972_p2                 |         +|   0|  0|  71|          64|          64|
    |add_ln61_3_fu_1077_p2                |         +|   0|  0|  71|          64|          64|
    |add_ln61_4_fu_1182_p2                |         +|   0|  0|  71|          64|          64|
    |add_ln61_5_fu_1287_p2                |         +|   0|  0|  71|          64|          64|
    |add_ln61_6_fu_1392_p2                |         +|   0|  0|  71|          64|          64|
    |add_ln61_7_fu_1497_p2                |         +|   0|  0|  71|          64|          64|
    |add_ln61_8_fu_1602_p2                |         +|   0|  0|  71|          64|          64|
    |add_ln61_9_fu_1707_p2                |         +|   0|  0|  71|          64|          64|
    |add_ln61_fu_762_p2                   |         +|   0|  0|  71|          64|          64|
    |add_ln62_10_fu_1827_p2               |         +|   0|  0|  39|          32|           1|
    |add_ln62_11_fu_1922_p2               |         +|   0|  0|  39|          32|           1|
    |add_ln62_1_fu_882_p2                 |         +|   0|  0|  39|          32|           1|
    |add_ln62_2_fu_987_p2                 |         +|   0|  0|  39|          32|           1|
    |add_ln62_3_fu_1092_p2                |         +|   0|  0|  39|          32|           1|
    |add_ln62_4_fu_1197_p2                |         +|   0|  0|  39|          32|           1|
    |add_ln62_5_fu_1302_p2                |         +|   0|  0|  39|          32|           1|
    |add_ln62_6_fu_1407_p2                |         +|   0|  0|  39|          32|           1|
    |add_ln62_7_fu_1512_p2                |         +|   0|  0|  39|          32|           1|
    |add_ln62_8_fu_1617_p2                |         +|   0|  0|  39|          32|           1|
    |add_ln62_9_fu_1722_p2                |         +|   0|  0|  39|          32|           1|
    |add_ln62_fu_777_p2                   |         +|   0|  0|  39|          32|           1|
    |add_ln73_10_fu_1851_p2               |         +|   0|  0|  39|          32|           1|
    |add_ln73_11_fu_1946_p2               |         +|   0|  0|  39|          32|           1|
    |add_ln73_1_fu_906_p2                 |         +|   0|  0|  39|          32|           1|
    |add_ln73_2_fu_1011_p2                |         +|   0|  0|  39|          32|           1|
    |add_ln73_3_fu_1116_p2                |         +|   0|  0|  39|          32|           1|
    |add_ln73_4_fu_1221_p2                |         +|   0|  0|  39|          32|           1|
    |add_ln73_5_fu_1326_p2                |         +|   0|  0|  39|          32|           1|
    |add_ln73_6_fu_1431_p2                |         +|   0|  0|  39|          32|           1|
    |add_ln73_7_fu_1536_p2                |         +|   0|  0|  39|          32|           1|
    |add_ln73_8_fu_1641_p2                |         +|   0|  0|  39|          32|           1|
    |add_ln73_9_fu_1746_p2                |         +|   0|  0|  39|          32|           1|
    |add_ln73_fu_801_p2                   |         +|   0|  0|  39|          32|           1|
    |and_ln58_10_fu_1788_p2               |       and|   0|  0|   2|           1|           1|
    |and_ln58_11_fu_1883_p2               |       and|   0|  0|   2|           1|           1|
    |and_ln58_1_fu_843_p2                 |       and|   0|  0|   2|           1|           1|
    |and_ln58_2_fu_948_p2                 |       and|   0|  0|   2|           1|           1|
    |and_ln58_3_fu_1053_p2                |       and|   0|  0|   2|           1|           1|
    |and_ln58_4_fu_1158_p2                |       and|   0|  0|   2|           1|           1|
    |and_ln58_5_fu_1263_p2                |       and|   0|  0|   2|           1|           1|
    |and_ln58_6_fu_1368_p2                |       and|   0|  0|   2|           1|           1|
    |and_ln58_7_fu_1473_p2                |       and|   0|  0|   2|           1|           1|
    |and_ln58_8_fu_1578_p2                |       and|   0|  0|   2|           1|           1|
    |and_ln58_9_fu_1683_p2                |       and|   0|  0|   2|           1|           1|
    |and_ln58_fu_738_p2                   |       and|   0|  0|   2|           1|           1|
    |ap_block_pp0_stage0_01001            |       and|   0|  0|   2|           1|           1|
    |ap_block_pp0_stage0_11001            |       and|   0|  0|   2|           1|           1|
    |ap_block_pp0_stage10_01001           |       and|   0|  0|   2|           1|           1|
    |ap_block_pp0_stage10_11001           |       and|   0|  0|   2|           1|           1|
    |ap_block_pp0_stage11_01001           |       and|   0|  0|   2|           1|           1|
    |ap_block_pp0_stage11_11001           |       and|   0|  0|   2|           1|           1|
    |ap_block_pp0_stage1_01001            |       and|   0|  0|   2|           1|           1|
    |ap_block_pp0_stage7_01001            |       and|   0|  0|   2|           1|           1|
    |ap_block_pp0_stage7_11001            |       and|   0|  0|   2|           1|           1|
    |ap_block_pp0_stage8_01001            |       and|   0|  0|   2|           1|           1|
    |ap_block_pp0_stage8_11001            |       and|   0|  0|   2|           1|           1|
    |ap_block_pp0_stage9_01001            |       and|   0|  0|   2|           1|           1|
    |ap_block_pp0_stage9_11001            |       and|   0|  0|   2|           1|           1|
    |ap_block_state14_pp0_stage0_iter1    |       and|   0|  0|   2|           1|           1|
    |ap_block_state15_io                  |       and|   0|  0|   2|           1|           1|
    |ap_block_state15_pp0_stage1_iter1    |       and|   0|  0|   2|           1|           1|
    |ap_block_state16_pp0_stage2_iter1    |       and|   0|  0|   2|           1|           1|
    |ap_block_state17_pp0_stage3_iter1    |       and|   0|  0|   2|           1|           1|
    |ap_block_state18_pp0_stage4_iter1    |       and|   0|  0|   2|           1|           1|
    |ap_block_state19_pp0_stage5_iter1    |       and|   0|  0|   2|           1|           1|
    |ap_block_state20_pp0_stage6_iter1    |       and|   0|  0|   2|           1|           1|
    |ap_block_state3_io                   |       and|   0|  0|   2|           1|           1|
    |ap_block_state4_pp0_stage2_iter0     |       and|   0|  0|   2|           1|           1|
    |ap_block_state5_pp0_stage3_iter0     |       and|   0|  0|   2|           1|           1|
    |ap_block_state6_pp0_stage4_iter0     |       and|   0|  0|   2|           1|           1|
    |ap_block_state7_pp0_stage5_iter0     |       and|   0|  0|   2|           1|           1|
    |ap_block_state8_pp0_stage6_iter0     |       and|   0|  0|   2|           1|           1|
    |ap_condition_1084                    |       and|   0|  0|   2|           1|           1|
    |ap_condition_1085                    |       and|   0|  0|   2|           1|           1|
    |ap_condition_1091                    |       and|   0|  0|   2|           1|           1|
    |ap_condition_1092                    |       and|   0|  0|   2|           1|           1|
    |ap_condition_1097                    |       and|   0|  0|   2|           1|           1|
    |ap_condition_1098                    |       and|   0|  0|   2|           1|           1|
    |ap_condition_1103                    |       and|   0|  0|   2|           1|           1|
    |ap_condition_1104                    |       and|   0|  0|   2|           1|           1|
    |ap_condition_1109                    |       and|   0|  0|   2|           1|           1|
    |ap_condition_1110                    |       and|   0|  0|   2|           1|           1|
    |ap_condition_1115                    |       and|   0|  0|   2|           1|           1|
    |ap_condition_1116                    |       and|   0|  0|   2|           1|           1|
    |ap_condition_1121                    |       and|   0|  0|   2|           1|           1|
    |ap_condition_1122                    |       and|   0|  0|   2|           1|           1|
    |ap_condition_1127                    |       and|   0|  0|   2|           1|           1|
    |ap_condition_1128                    |       and|   0|  0|   2|           1|           1|
    |ap_condition_1133                    |       and|   0|  0|   2|           1|           1|
    |ap_condition_1134                    |       and|   0|  0|   2|           1|           1|
    |ap_condition_1139                    |       and|   0|  0|   2|           1|           1|
    |ap_condition_1140                    |       and|   0|  0|   2|           1|           1|
    |ap_condition_1145                    |       and|   0|  0|   2|           1|           1|
    |ap_condition_1146                    |       and|   0|  0|   2|           1|           1|
    |ap_condition_1151                    |       and|   0|  0|   2|           1|           1|
    |ap_predicate_op111_writereq_state3   |       and|   0|  0|   2|           1|           1|
    |ap_predicate_op137_writereq_state4   |       and|   0|  0|   2|           1|           1|
    |ap_predicate_op164_writereq_state5   |       and|   0|  0|   2|           1|           1|
    |ap_predicate_op192_writereq_state6   |       and|   0|  0|   2|           1|           1|
    |ap_predicate_op221_writereq_state7   |       and|   0|  0|   2|           1|           1|
    |ap_predicate_op251_writereq_state8   |       and|   0|  0|   2|           1|           1|
    |ap_predicate_op283_writereq_state9   |       and|   0|  0|   2|           1|           1|
    |ap_predicate_op315_writereq_state10  |       and|   0|  0|   2|           1|           1|
    |ap_predicate_op347_writereq_state11  |       and|   0|  0|   2|           1|           1|
    |ap_predicate_op379_writereq_state12  |       and|   0|  0|   2|           1|           1|
    |ap_predicate_op443_writereq_state13  |       and|   0|  0|   2|           1|           1|
    |ap_predicate_op468_writereq_state14  |       and|   0|  0|   2|           1|           1|
    |icmp_ln58_10_fu_1247_p2              |      icmp|   0|  0|  18|          32|          19|
    |icmp_ln58_11_fu_1257_p2              |      icmp|   0|  0|  18|          32|           1|
    |icmp_ln58_12_fu_1352_p2              |      icmp|   0|  0|  18|          32|          19|
    |icmp_ln58_13_fu_1362_p2              |      icmp|   0|  0|  18|          32|           1|
    |icmp_ln58_14_fu_1457_p2              |      icmp|   0|  0|  18|          32|          19|
    |icmp_ln58_15_fu_1467_p2              |      icmp|   0|  0|  18|          32|           1|
    |icmp_ln58_16_fu_1562_p2              |      icmp|   0|  0|  18|          32|          19|
    |icmp_ln58_17_fu_1572_p2              |      icmp|   0|  0|  18|          32|           1|
    |icmp_ln58_18_fu_1667_p2              |      icmp|   0|  0|  18|          32|          19|
    |icmp_ln58_19_fu_1677_p2              |      icmp|   0|  0|  18|          32|           1|
    |icmp_ln58_1_fu_732_p2                |      icmp|   0|  0|  18|          32|           1|
    |icmp_ln58_20_fu_1772_p2              |      icmp|   0|  0|  18|          32|          19|
    |icmp_ln58_21_fu_1782_p2              |      icmp|   0|  0|  18|          32|           1|
    |icmp_ln58_22_fu_1867_p2              |      icmp|   0|  0|  18|          32|          19|
    |icmp_ln58_23_fu_1877_p2              |      icmp|   0|  0|  18|          32|           1|
    |icmp_ln58_2_fu_827_p2                |      icmp|   0|  0|  18|          32|          19|
    |icmp_ln58_3_fu_837_p2                |      icmp|   0|  0|  18|          32|           1|
    |icmp_ln58_4_fu_932_p2                |      icmp|   0|  0|  18|          32|          19|
    |icmp_ln58_5_fu_942_p2                |      icmp|   0|  0|  18|          32|           1|
    |icmp_ln58_6_fu_1037_p2               |      icmp|   0|  0|  18|          32|          19|
    |icmp_ln58_7_fu_1047_p2               |      icmp|   0|  0|  18|          32|           1|
    |icmp_ln58_8_fu_1142_p2               |      icmp|   0|  0|  18|          32|          19|
    |icmp_ln58_9_fu_1152_p2               |      icmp|   0|  0|  18|          32|           1|
    |icmp_ln58_fu_722_p2                  |      icmp|   0|  0|  18|          32|          19|
    |icmp_ln59_10_fu_1794_p2              |      icmp|   0|  0|  18|          32|           1|
    |icmp_ln59_11_fu_1889_p2              |      icmp|   0|  0|  18|          32|           1|
    |icmp_ln59_1_fu_849_p2                |      icmp|   0|  0|  18|          32|           1|
    |icmp_ln59_2_fu_954_p2                |      icmp|   0|  0|  18|          32|           1|
    |icmp_ln59_3_fu_1059_p2               |      icmp|   0|  0|  18|          32|           1|
    |icmp_ln59_4_fu_1164_p2               |      icmp|   0|  0|  18|          32|           1|
    |icmp_ln59_5_fu_1269_p2               |      icmp|   0|  0|  18|          32|           1|
    |icmp_ln59_6_fu_1374_p2               |      icmp|   0|  0|  18|          32|           1|
    |icmp_ln59_7_fu_1479_p2               |      icmp|   0|  0|  18|          32|           1|
    |icmp_ln59_8_fu_1584_p2               |      icmp|   0|  0|  18|          32|           1|
    |icmp_ln59_9_fu_1689_p2               |      icmp|   0|  0|  18|          32|           1|
    |icmp_ln59_fu_744_p2                  |      icmp|   0|  0|  18|          32|           1|
    |icmp_ln71_10_fu_1839_p2              |      icmp|   0|  0|  18|          32|          19|
    |icmp_ln71_11_fu_1934_p2              |      icmp|   0|  0|  18|          32|          19|
    |icmp_ln71_1_fu_894_p2                |      icmp|   0|  0|  18|          32|          19|
    |icmp_ln71_2_fu_999_p2                |      icmp|   0|  0|  18|          32|          19|
    |icmp_ln71_3_fu_1104_p2               |      icmp|   0|  0|  18|          32|          19|
    |icmp_ln71_4_fu_1209_p2               |      icmp|   0|  0|  18|          32|          19|
    |icmp_ln71_5_fu_1314_p2               |      icmp|   0|  0|  18|          32|          19|
    |icmp_ln71_6_fu_1419_p2               |      icmp|   0|  0|  18|          32|          19|
    |icmp_ln71_7_fu_1524_p2               |      icmp|   0|  0|  18|          32|          19|
    |icmp_ln71_8_fu_1629_p2               |      icmp|   0|  0|  18|          32|          19|
    |icmp_ln71_9_fu_1734_p2               |      icmp|   0|  0|  18|          32|          19|
    |icmp_ln71_fu_789_p2                  |      icmp|   0|  0|  18|          32|          19|
    |ap_block_pp0_stage1_11001            |        or|   0|  0|   2|           1|           1|
    |ap_block_pp0_stage2_01001            |        or|   0|  0|   2|           1|           1|
    |ap_block_pp0_stage2_11001            |        or|   0|  0|   2|           1|           1|
    |ap_block_pp0_stage3_01001            |        or|   0|  0|   2|           1|           1|
    |ap_block_pp0_stage3_11001            |        or|   0|  0|   2|           1|           1|
    |ap_block_pp0_stage4_01001            |        or|   0|  0|   2|           1|           1|
    |ap_block_pp0_stage4_11001            |        or|   0|  0|   2|           1|           1|
    |ap_block_pp0_stage5_01001            |        or|   0|  0|   2|           1|           1|
    |ap_block_pp0_stage5_11001            |        or|   0|  0|   2|           1|           1|
    |ap_block_pp0_stage6_01001            |        or|   0|  0|   2|           1|           1|
    |ap_block_pp0_stage6_11001            |        or|   0|  0|   2|           1|           1|
    |ap_block_state10_io                  |        or|   0|  0|   2|           1|           1|
    |ap_block_state10_pp0_stage8_iter0    |        or|   0|  0|   2|           1|           1|
    |ap_block_state11_io                  |        or|   0|  0|   2|           1|           1|
    |ap_block_state11_pp0_stage9_iter0    |        or|   0|  0|   2|           1|           1|
    |ap_block_state12_io                  |        or|   0|  0|   2|           1|           1|
    |ap_block_state12_pp0_stage10_iter0   |        or|   0|  0|   2|           1|           1|
    |ap_block_state13_io                  |        or|   0|  0|   2|           1|           1|
    |ap_block_state13_pp0_stage11_iter0   |        or|   0|  0|   2|           1|           1|
    |ap_block_state14_io                  |        or|   0|  0|   2|           1|           1|
    |ap_block_state4_io                   |        or|   0|  0|   2|           1|           1|
    |ap_block_state5_io                   |        or|   0|  0|   2|           1|           1|
    |ap_block_state6_io                   |        or|   0|  0|   2|           1|           1|
    |ap_block_state7_io                   |        or|   0|  0|   2|           1|           1|
    |ap_block_state8_io                   |        or|   0|  0|   2|           1|           1|
    |ap_block_state9_io                   |        or|   0|  0|   2|           1|           1|
    |ap_block_state9_pp0_stage7_iter0     |        or|   0|  0|   2|           1|           1|
    |or_ln152_1_fu_1974_p2                |        or|   0|  0|   2|           1|           1|
    |or_ln152_2_fu_1980_p2                |        or|   0|  0|   2|           1|           1|
    |or_ln152_3_fu_1986_p2                |        or|   0|  0|   2|           1|           1|
    |or_ln152_4_fu_1992_p2                |        or|   0|  0|   2|           1|           1|
    |or_ln152_5_fu_1998_p2                |        or|   0|  0|   2|           1|           1|
    |or_ln152_6_fu_2004_p2                |        or|   0|  0|   2|           1|           1|
    |or_ln152_7_fu_2010_p2                |        or|   0|  0|   2|           1|           1|
    |or_ln152_8_fu_2016_p2                |        or|   0|  0|   2|           1|           1|
    |or_ln152_9_fu_2022_p2                |        or|   0|  0|   2|           1|           1|
    |or_ln152_fu_1968_p2                  |        or|   0|  0|   2|           1|           1|
    |shouldContinue_fu_2028_p2            |        or|   0|  0|   2|           1|           1|
    |ap_enable_pp0                        |       xor|   0|  0|   2|           1|           2|
    +-------------------------------------+----------+----+---+----+------------+------------+
    |Total                                |          |   0|  0|2878|        3185|        1386|
    +-------------------------------------+----------+----+---+----+------------+------------+

    * Multiplexer: 
    +--------------------------------------+----+-----------+-----+-----------+
    |                 Name                 | LUT| Input Size| Bits| Total Bits|
    +--------------------------------------+----+-----------+-----+-----------+
    |ap_NS_fsm                             |  65|         15|    1|         15|
    |ap_enable_reg_pp0_iter1               |   9|          2|    1|          2|
    |current_rate                          |   9|          2|   32|         64|
    |current_rate_1                        |   9|          2|   32|         64|
    |current_rate_10                       |   9|          2|   32|         64|
    |current_rate_11                       |   9|          2|   32|         64|
    |current_rate_2                        |   9|          2|   32|         64|
    |current_rate_3                        |   9|          2|   32|         64|
    |current_rate_4                        |   9|          2|   32|         64|
    |current_rate_5                        |   9|          2|   32|         64|
    |current_rate_6                        |   9|          2|   32|         64|
    |current_rate_7                        |   9|          2|   32|         64|
    |current_rate_8                        |   9|          2|   32|         64|
    |current_rate_9                        |   9|          2|   32|         64|
    |filtered_im_0_o_stream_TDATA_blk_n    |   9|          2|    1|          2|
    |filtered_im_1_o_stream_TDATA_blk_n    |   9|          2|    1|          2|
    |filtered_real_0_o_stream_TDATA_blk_n  |   9|          2|    1|          2|
    |filtered_real_1_o_stream_TDATA_blk_n  |   9|          2|    1|          2|
    |gmem_AWADDR                           |  65|         13|   64|        832|
    |gmem_WDATA                            |  65|         13|   64|        832|
    |gmem_blk_n_AW                         |   9|          2|    1|          2|
    |gmem_blk_n_B                          |   9|          2|    1|          2|
    |gmem_blk_n_W                          |   9|          2|    1|          2|
    |mad_I_o_stream_TDATA_blk_n            |   9|          2|    1|          2|
    |mad_R_o_stream_TDATA_blk_n            |   9|          2|    1|          2|
    |raw_data_im_1_o_stream_TDATA_blk_n    |   9|          2|    1|          2|
    |raw_data_im_o_stream_TDATA_blk_n      |   9|          2|    1|          2|
    |raw_data_real_1_o_stream_TDATA_blk_n  |   9|          2|    1|          2|
    |raw_data_real_o_stream_TDATA_blk_n    |   9|          2|    1|          2|
    |std_I_o_stream_TDATA_blk_n            |   9|          2|    1|          2|
    |std_R_o_stream_TDATA_blk_n            |   9|          2|    1|          2|
    +--------------------------------------+----+-----------+-----+-----------+
    |Total                                 | 447|         97|  529|       2479|
    +--------------------------------------+----+-----------+-----+-----------+

    * Register: 
    +-----------------------------------------------+----+----+-----+-----------+
    |                      Name                     | FF | LUT| Bits| Const Bits|
    +-----------------------------------------------+----+----+-----+-----------+
    |and_ln58_10_reg_2324                           |   1|   0|    1|          0|
    |and_ln58_11_reg_2340                           |   1|   0|    1|          0|
    |and_ln58_1_reg_2126                            |   1|   0|    1|          0|
    |and_ln58_2_reg_2148                            |   1|   0|    1|          0|
    |and_ln58_3_reg_2170                            |   1|   0|    1|          0|
    |and_ln58_4_reg_2192                            |   1|   0|    1|          0|
    |and_ln58_5_reg_2214                            |   1|   0|    1|          0|
    |and_ln58_6_reg_2236                            |   1|   0|    1|          0|
    |and_ln58_7_reg_2258                            |   1|   0|    1|          0|
    |and_ln58_8_reg_2280                            |   1|   0|    1|          0|
    |and_ln58_9_reg_2302                            |   1|   0|    1|          0|
    |and_ln58_reg_2104                              |   1|   0|    1|          0|
    |ap_CS_fsm                                      |  14|   0|   14|          0|
    |ap_enable_reg_pp0_iter0                        |   1|   0|    1|          0|
    |ap_enable_reg_pp0_iter1                        |   1|   0|    1|          0|
    |ap_phi_reg_pp0_iter0_retval_0_i109_reg_653     |   1|   0|    1|          0|
    |ap_phi_reg_pp0_iter0_retval_0_i123_reg_666     |   1|   0|    1|          0|
    |ap_phi_reg_pp0_iter0_retval_0_i137_reg_679     |   1|   0|    1|          0|
    |ap_phi_reg_pp0_iter0_retval_0_i151_reg_692     |   1|   0|    1|          0|
    |ap_phi_reg_pp0_iter0_retval_0_i165_reg_705     |   1|   0|    1|          0|
    |ap_phi_reg_pp0_iter0_retval_0_i25_reg_575      |   1|   0|    1|          0|
    |ap_phi_reg_pp0_iter0_retval_0_i39_reg_588      |   1|   0|    1|          0|
    |ap_phi_reg_pp0_iter0_retval_0_i53_reg_601      |   1|   0|    1|          0|
    |ap_phi_reg_pp0_iter0_retval_0_i67_reg_614      |   1|   0|    1|          0|
    |ap_phi_reg_pp0_iter0_retval_0_i81_reg_627      |   1|   0|    1|          0|
    |ap_phi_reg_pp0_iter0_retval_0_i95_reg_640      |   1|   0|    1|          0|
    |ap_phi_reg_pp0_iter0_shouldContinue_1_reg_562  |   1|   0|    1|          0|
    |current_factor                                 |  32|   0|   32|          0|
    |current_factor_1                               |  32|   0|   32|          0|
    |current_factor_10                              |  32|   0|   32|          0|
    |current_factor_11                              |  32|   0|   32|          0|
    |current_factor_2                               |  32|   0|   32|          0|
    |current_factor_3                               |  32|   0|   32|          0|
    |current_factor_4                               |  32|   0|   32|          0|
    |current_factor_5                               |  32|   0|   32|          0|
    |current_factor_6                               |  32|   0|   32|          0|
    |current_factor_7                               |  32|   0|   32|          0|
    |current_factor_8                               |  32|   0|   32|          0|
    |current_factor_9                               |  32|   0|   32|          0|
    |current_rate                                   |  32|   0|   32|          0|
    |current_rate_1                                 |  32|   0|   32|          0|
    |current_rate_10                                |  32|   0|   32|          0|
    |current_rate_11                                |  32|   0|   32|          0|
    |current_rate_2                                 |  32|   0|   32|          0|
    |current_rate_3                                 |  32|   0|   32|          0|
    |current_rate_4                                 |  32|   0|   32|          0|
    |current_rate_5                                 |  32|   0|   32|          0|
    |current_rate_6                                 |  32|   0|   32|          0|
    |current_rate_7                                 |  32|   0|   32|          0|
    |current_rate_8                                 |  32|   0|   32|          0|
    |current_rate_9                                 |  32|   0|   32|          0|
    |filtered_im_0_o_mem_read_reg_2059              |  64|   0|   64|          0|
    |filtered_im_1_o_mem_read_reg_2049              |  64|   0|   64|          0|
    |filtered_real_0_o_mem_read_reg_2054            |  64|   0|   64|          0|
    |filtered_real_1_o_mem_read_reg_2044            |  64|   0|   64|          0|
    |icmp_ln59_10_reg_2328                          |   1|   0|    1|          0|
    |icmp_ln59_11_reg_2344                          |   1|   0|    1|          0|
    |icmp_ln59_1_reg_2130                           |   1|   0|    1|          0|
    |icmp_ln59_2_reg_2152                           |   1|   0|    1|          0|
    |icmp_ln59_3_reg_2174                           |   1|   0|    1|          0|
    |icmp_ln59_4_reg_2196                           |   1|   0|    1|          0|
    |icmp_ln59_5_reg_2218                           |   1|   0|    1|          0|
    |icmp_ln59_6_reg_2240                           |   1|   0|    1|          0|
    |icmp_ln59_7_reg_2262                           |   1|   0|    1|          0|
    |icmp_ln59_8_reg_2284                           |   1|   0|    1|          0|
    |icmp_ln59_9_reg_2306                           |   1|   0|    1|          0|
    |icmp_ln59_reg_2108                             |   1|   0|    1|          0|
    |mad_I_o_mem_read_reg_2069                      |  64|   0|   64|          0|
    |mad_R_o_mem_read_reg_2089                      |  64|   0|   64|          0|
    |raw_data_im_1_o_mem_read_reg_2074              |  64|   0|   64|          0|
    |raw_data_im_o_mem_read_reg_2099                |  64|   0|   64|          0|
    |raw_data_real_1_o_mem_read_reg_2084            |  64|   0|   64|          0|
    |raw_data_real_o_mem_read_reg_2094              |  64|   0|   64|          0|
    |std_I_o_mem_read_reg_2064                      |  64|   0|   64|          0|
    |std_R_o_mem_read_reg_2079                      |  64|   0|   64|          0|
    |tmp_10_reg_2356                                |  64|   0|   64|          0|
    |tmp_11_reg_2367                                |  64|   0|   64|          0|
    |trunc_ln61_10_reg_2348                         |  61|   0|   61|          0|
    |trunc_ln61_1_reg_2134                          |  61|   0|   61|          0|
    |trunc_ln61_2_reg_2156                          |  61|   0|   61|          0|
    |trunc_ln61_3_reg_2178                          |  61|   0|   61|          0|
    |trunc_ln61_4_reg_2200                          |  61|   0|   61|          0|
    |trunc_ln61_5_reg_2222                          |  61|   0|   61|          0|
    |trunc_ln61_6_reg_2244                          |  61|   0|   61|          0|
    |trunc_ln61_7_reg_2266                          |  61|   0|   61|          0|
    |trunc_ln61_8_reg_2288                          |  61|   0|   61|          0|
    |trunc_ln61_9_reg_2310                          |  61|   0|   61|          0|
    |trunc_ln61_s_reg_2332                          |  61|   0|   61|          0|
    |trunc_ln_reg_2112                              |  61|   0|   61|          0|
    +-----------------------------------------------+----+----+-----+-----------+
    |Total                                          |2448|   0| 2448|          0|
    +-----------------------------------------------+----+----+-----+-----------+



================================================================
== Interface
================================================================
* Summary: 
+---------------------------------+-----+-----+------------+--------------------------+--------------+
|            RTL Ports            | Dir | Bits|  Protocol  |       Source Object      |    C Type    |
+---------------------------------+-----+-----+------------+--------------------------+--------------+
|s_axi_control_AWVALID            |   in|    1|       s_axi|                   control|        scalar|
|s_axi_control_AWREADY            |  out|    1|       s_axi|                   control|        scalar|
|s_axi_control_AWADDR             |   in|    8|       s_axi|                   control|        scalar|
|s_axi_control_WVALID             |   in|    1|       s_axi|                   control|        scalar|
|s_axi_control_WREADY             |  out|    1|       s_axi|                   control|        scalar|
|s_axi_control_WDATA              |   in|   32|       s_axi|                   control|        scalar|
|s_axi_control_WSTRB              |   in|    4|       s_axi|                   control|        scalar|
|s_axi_control_ARVALID            |   in|    1|       s_axi|                   control|        scalar|
|s_axi_control_ARREADY            |  out|    1|       s_axi|                   control|        scalar|
|s_axi_control_ARADDR             |   in|    8|       s_axi|                   control|        scalar|
|s_axi_control_RVALID             |  out|    1|       s_axi|                   control|        scalar|
|s_axi_control_RREADY             |   in|    1|       s_axi|                   control|        scalar|
|s_axi_control_RDATA              |  out|   32|       s_axi|                   control|        scalar|
|s_axi_control_RRESP              |  out|    2|       s_axi|                   control|        scalar|
|s_axi_control_BVALID             |  out|    1|       s_axi|                   control|        scalar|
|s_axi_control_BREADY             |   in|    1|       s_axi|                   control|        scalar|
|s_axi_control_BRESP              |  out|    2|       s_axi|                   control|        scalar|
|ap_local_block                   |  out|    1|  ap_ctrl_hs|       mem_write_top_rfi_C|  return value|
|ap_clk                           |   in|    1|  ap_ctrl_hs|       mem_write_top_rfi_C|  return value|
|ap_rst_n                         |   in|    1|  ap_ctrl_hs|       mem_write_top_rfi_C|  return value|
|interrupt                        |  out|    1|  ap_ctrl_hs|       mem_write_top_rfi_C|  return value|
|m_axi_gmem_AWVALID               |  out|    1|       m_axi|                      gmem|       pointer|
|m_axi_gmem_AWREADY               |   in|    1|       m_axi|                      gmem|       pointer|
|m_axi_gmem_AWADDR                |  out|   64|       m_axi|                      gmem|       pointer|
|m_axi_gmem_AWID                  |  out|    1|       m_axi|                      gmem|       pointer|
|m_axi_gmem_AWLEN                 |  out|    8|       m_axi|                      gmem|       pointer|
|m_axi_gmem_AWSIZE                |  out|    3|       m_axi|                      gmem|       pointer|
|m_axi_gmem_AWBURST               |  out|    2|       m_axi|                      gmem|       pointer|
|m_axi_gmem_AWLOCK                |  out|    2|       m_axi|                      gmem|       pointer|
|m_axi_gmem_AWCACHE               |  out|    4|       m_axi|                      gmem|       pointer|
|m_axi_gmem_AWPROT                |  out|    3|       m_axi|                      gmem|       pointer|
|m_axi_gmem_AWQOS                 |  out|    4|       m_axi|                      gmem|       pointer|
|m_axi_gmem_AWREGION              |  out|    4|       m_axi|                      gmem|       pointer|
|m_axi_gmem_AWUSER                |  out|    1|       m_axi|                      gmem|       pointer|
|m_axi_gmem_WVALID                |  out|    1|       m_axi|                      gmem|       pointer|
|m_axi_gmem_WREADY                |   in|    1|       m_axi|                      gmem|       pointer|
|m_axi_gmem_WDATA                 |  out|   64|       m_axi|                      gmem|       pointer|
|m_axi_gmem_WSTRB                 |  out|    8|       m_axi|                      gmem|       pointer|
|m_axi_gmem_WLAST                 |  out|    1|       m_axi|                      gmem|       pointer|
|m_axi_gmem_WID                   |  out|    1|       m_axi|                      gmem|       pointer|
|m_axi_gmem_WUSER                 |  out|    1|       m_axi|                      gmem|       pointer|
|m_axi_gmem_ARVALID               |  out|    1|       m_axi|                      gmem|       pointer|
|m_axi_gmem_ARREADY               |   in|    1|       m_axi|                      gmem|       pointer|
|m_axi_gmem_ARADDR                |  out|   64|       m_axi|                      gmem|       pointer|
|m_axi_gmem_ARID                  |  out|    1|       m_axi|                      gmem|       pointer|
|m_axi_gmem_ARLEN                 |  out|    8|       m_axi|                      gmem|       pointer|
|m_axi_gmem_ARSIZE                |  out|    3|       m_axi|                      gmem|       pointer|
|m_axi_gmem_ARBURST               |  out|    2|       m_axi|                      gmem|       pointer|
|m_axi_gmem_ARLOCK                |  out|    2|       m_axi|                      gmem|       pointer|
|m_axi_gmem_ARCACHE               |  out|    4|       m_axi|                      gmem|       pointer|
|m_axi_gmem_ARPROT                |  out|    3|       m_axi|                      gmem|       pointer|
|m_axi_gmem_ARQOS                 |  out|    4|       m_axi|                      gmem|       pointer|
|m_axi_gmem_ARREGION              |  out|    4|       m_axi|                      gmem|       pointer|
|m_axi_gmem_ARUSER                |  out|    1|       m_axi|                      gmem|       pointer|
|m_axi_gmem_RVALID                |   in|    1|       m_axi|                      gmem|       pointer|
|m_axi_gmem_RREADY                |  out|    1|       m_axi|                      gmem|       pointer|
|m_axi_gmem_RDATA                 |   in|   64|       m_axi|                      gmem|       pointer|
|m_axi_gmem_RLAST                 |   in|    1|       m_axi|                      gmem|       pointer|
|m_axi_gmem_RID                   |   in|    1|       m_axi|                      gmem|       pointer|
|m_axi_gmem_RUSER                 |   in|    1|       m_axi|                      gmem|       pointer|
|m_axi_gmem_RRESP                 |   in|    2|       m_axi|                      gmem|       pointer|
|m_axi_gmem_BVALID                |   in|    1|       m_axi|                      gmem|       pointer|
|m_axi_gmem_BREADY                |  out|    1|       m_axi|                      gmem|       pointer|
|m_axi_gmem_BRESP                 |   in|    2|       m_axi|                      gmem|       pointer|
|m_axi_gmem_BID                   |   in|    1|       m_axi|                      gmem|       pointer|
|m_axi_gmem_BUSER                 |   in|    1|       m_axi|                      gmem|       pointer|
|raw_data_im_o_stream_TDATA       |   in|   64|        axis|      raw_data_im_o_stream|       pointer|
|raw_data_im_o_stream_TVALID      |   in|    1|        axis|      raw_data_im_o_stream|       pointer|
|raw_data_im_o_stream_TREADY      |  out|    1|        axis|      raw_data_im_o_stream|       pointer|
|raw_data_real_o_stream_TDATA     |   in|   64|        axis|    raw_data_real_o_stream|       pointer|
|raw_data_real_o_stream_TVALID    |   in|    1|        axis|    raw_data_real_o_stream|       pointer|
|raw_data_real_o_stream_TREADY    |  out|    1|        axis|    raw_data_real_o_stream|       pointer|
|mad_R_o_stream_TDATA             |   in|   64|        axis|            mad_R_o_stream|       pointer|
|mad_R_o_stream_TVALID            |   in|    1|        axis|            mad_R_o_stream|       pointer|
|mad_R_o_stream_TREADY            |  out|    1|        axis|            mad_R_o_stream|       pointer|
|raw_data_real_1_o_stream_TDATA   |   in|   64|        axis|  raw_data_real_1_o_stream|       pointer|
|raw_data_real_1_o_stream_TVALID  |   in|    1|        axis|  raw_data_real_1_o_stream|       pointer|
|raw_data_real_1_o_stream_TREADY  |  out|    1|        axis|  raw_data_real_1_o_stream|       pointer|
|std_R_o_stream_TDATA             |   in|   64|        axis|            std_R_o_stream|       pointer|
|std_R_o_stream_TVALID            |   in|    1|        axis|            std_R_o_stream|       pointer|
|std_R_o_stream_TREADY            |  out|    1|        axis|            std_R_o_stream|       pointer|
|raw_data_im_1_o_stream_TDATA     |   in|   64|        axis|    raw_data_im_1_o_stream|       pointer|
|raw_data_im_1_o_stream_TVALID    |   in|    1|        axis|    raw_data_im_1_o_stream|       pointer|
|raw_data_im_1_o_stream_TREADY    |  out|    1|        axis|    raw_data_im_1_o_stream|       pointer|
|mad_I_o_stream_TDATA             |   in|   64|        axis|            mad_I_o_stream|       pointer|
|mad_I_o_stream_TVALID            |   in|    1|        axis|            mad_I_o_stream|       pointer|
|mad_I_o_stream_TREADY            |  out|    1|        axis|            mad_I_o_stream|       pointer|
|std_I_o_stream_TDATA             |   in|   64|        axis|            std_I_o_stream|       pointer|
|std_I_o_stream_TVALID            |   in|    1|        axis|            std_I_o_stream|       pointer|
|std_I_o_stream_TREADY            |  out|    1|        axis|            std_I_o_stream|       pointer|
|filtered_im_0_o_stream_TDATA     |   in|   64|        axis|    filtered_im_0_o_stream|       pointer|
|filtered_im_0_o_stream_TVALID    |   in|    1|        axis|    filtered_im_0_o_stream|       pointer|
|filtered_im_0_o_stream_TREADY    |  out|    1|        axis|    filtered_im_0_o_stream|       pointer|
|filtered_real_0_o_stream_TDATA   |   in|   64|        axis|  filtered_real_0_o_stream|       pointer|
|filtered_real_0_o_stream_TVALID  |   in|    1|        axis|  filtered_real_0_o_stream|       pointer|
|filtered_real_0_o_stream_TREADY  |  out|    1|        axis|  filtered_real_0_o_stream|       pointer|
|filtered_im_1_o_stream_TDATA     |   in|   64|        axis|    filtered_im_1_o_stream|       pointer|
|filtered_im_1_o_stream_TVALID    |   in|    1|        axis|    filtered_im_1_o_stream|       pointer|
|filtered_im_1_o_stream_TREADY    |  out|    1|        axis|    filtered_im_1_o_stream|       pointer|
|filtered_real_1_o_stream_TDATA   |   in|   64|        axis|  filtered_real_1_o_stream|       pointer|
|filtered_real_1_o_stream_TVALID  |   in|    1|        axis|  filtered_real_1_o_stream|       pointer|
|filtered_real_1_o_stream_TREADY  |  out|    1|        axis|  filtered_real_1_o_stream|       pointer|
+---------------------------------+-----+-----+------------+--------------------------+--------------+

