

================================================================
== Vitis HLS Report for 'MADCpt_2048_3_ap_int_16_Pipeline_VITIS_LOOP_128_2'
================================================================
* Date:           Tue Jul 25 02:51:34 2023

* Version:        2021.2 (Build 3367213 on Tue Oct 19 02:47:39 MDT 2021)
* Project:        top_graph_top_rfi_C
* Solution:       solution1 (Vivado IP Flow Target)
* Product family: zynq
* Target device:  xc7z020-clg400-1


================================================================
== Performance Estimates
================================================================
+ Timing: 
    * Summary: 
    +--------+----------+----------+------------+
    |  Clock |  Target  | Estimated| Uncertainty|
    +--------+----------+----------+------------+
    |ap_clk  |  10.00 ns|  5.244 ns|     1.00 ns|
    +--------+----------+----------+------------+

+ Latency: 
    * Summary: 
    +---------+---------+-----------+-----------+------+------+---------+
    |  Latency (cycles) |   Latency (absolute)  |   Interval  | Pipeline|
    |   min   |   max   |    min    |    max    |  min |  max |   Type  |
    +---------+---------+-----------+-----------+------+------+---------+
    |     2050|     2050|  20.500 us|  20.500 us|  2050|  2050|       no|
    +---------+---------+-----------+-----------+------+------+---------+

    + Detail: 
        * Instance: 
        N/A

        * Loop: 
        +--------------------+---------+---------+----------+-----------+-----------+------+----------+
        |                    |  Latency (cycles) | Iteration|  Initiation Interval  | Trip |          |
        |      Loop Name     |   min   |   max   |  Latency |  achieved |   target  | Count| Pipelined|
        +--------------------+---------+---------+----------+-----------+-----------+------+----------+
        |- VITIS_LOOP_128_2  |     2048|     2048|         1|          1|          1|  2048|       yes|
        +--------------------+---------+---------+----------+-----------+-----------+------+----------+

============================================================
+ Verbose Summary: Synthesis Manager
============================================================
InlineROM: 1
ExposeGlobal: 0
============================================================
+ Verbose Summary: CDFG Model
============================================================
IsTopModel: 0
ResetActiveHigh: 1
IsCombinational: 0
IsDatapathOnly: 0
HasWiredReturn: 1
HasMFsm: 2
HasVarLatency: 1
IsPipeline: 0
IsRtlPipelined: 0
IsInstanceOverlapped: 0
IsDontTouch: 0
HasImplIP: 0
IsGatedGlobalClock: 0

+ Individual pipeline summary: 
  * Pipeline-0: initiation interval (II) = 1, depth = 1


============================================================
+ Verbose Summary: Schedule
============================================================
* Number of FSM states : 1
* Pipeline : 1
  Pipeline-0 : II = 1, D = 1, States = { 1 }
* Dataflow Pipeline: 0

* FSM state transitions: 
1 --> 

* FSM state operations: 

State 1 <SV = 0> <Delay = 5.24>
ST_1 : Operation 4 [1/1] (0.00ns)   --->   "%i_V = alloca i32 1"   --->   Operation 4 'alloca' 'i_V' <Predicate = true> <Delay = 0.00>
ST_1 : Operation 5 [1/1] (0.00ns)   --->   "%mul_i_i_i_read = read i16 @_ssdm_op_Read.ap_auto.i16, i16 %mul_i_i_i"   --->   Operation 5 'read' 'mul_i_i_i_read' <Predicate = true> <Delay = 0.00>
ST_1 : Operation 6 [1/1] (0.00ns)   --->   "%mul_i_i46_i_read = read i16 @_ssdm_op_Read.ap_auto.i16, i16 %mul_i_i46_i"   --->   Operation 6 'read' 'mul_i_i46_i_read' <Predicate = true> <Delay = 0.00>
ST_1 : Operation 7 [1/1] (1.58ns)   --->   "%store_ln0 = store i12 0, i12 %i_V"   --->   Operation 7 'store' 'store_ln0' <Predicate = true> <Delay = 1.58>
ST_1 : Operation 8 [1/1] (0.00ns)   --->   "%br_ln0 = br void"   --->   Operation 8 'br' 'br_ln0' <Predicate = true> <Delay = 0.00>
ST_1 : Operation 9 [1/1] (0.00ns)   --->   "%i_V_32 = load i12 %i_V"   --->   Operation 9 'load' 'i_V_32' <Predicate = true> <Delay = 0.00>
ST_1 : Operation 10 [1/1] (0.00ns)   --->   "%specpipeline_ln0 = specpipeline void @_ssdm_op_SpecPipeline, i32 4294967295, i32 0, i32 1, i32 0, void @p_str"   --->   Operation 10 'specpipeline' 'specpipeline_ln0' <Predicate = true> <Delay = 0.00>
ST_1 : Operation 11 [1/1] (1.99ns)   --->   "%icmp_ln1072 = icmp_eq  i12 %i_V_32, i12 2048"   --->   Operation 11 'icmp' 'icmp_ln1072' <Predicate = true> <Delay = 1.99> <CoreInst = "Cmp">   --->   Core 9 'Cmp' <Latency = 0> <II = 1> <Delay = 1.99> <FuncUnit> <Opcode : 'icmp'> <InPorts = 2> <OutPorts = 1>
ST_1 : Operation 12 [1/1] (0.00ns)   --->   "%speclooptripcount_ln0 = speclooptripcount void @_ssdm_op_SpecLoopTripCount, i64 2048, i64 2048, i64 2048"   --->   Operation 12 'speclooptripcount' 'speclooptripcount_ln0' <Predicate = true> <Delay = 0.00>
ST_1 : Operation 13 [1/1] (1.54ns)   --->   "%i_V_33 = add i12 %i_V_32, i12 1"   --->   Operation 13 'add' 'i_V_33' <Predicate = true> <Delay = 1.54> <CoreInst = "Adder">   --->   Core 1 'Adder' <Latency = 0> <II = 1> <Delay = 1.54> <FuncUnit> <Opcode : 'add' 'sub'> <InPorts = 2> <OutPorts = 1>
ST_1 : Operation 14 [1/1] (0.00ns)   --->   "%br_ln128 = br i1 %icmp_ln1072, void %.split7.i, void %.preheader.i.preheader.exitStub" [../include/madCpt.hpp:128]   --->   Operation 14 'br' 'br_ln128' <Predicate = true> <Delay = 0.00>
ST_1 : Operation 15 [1/1] (0.00ns)   --->   "%specloopname_ln128 = specloopname void @_ssdm_op_SpecLoopName, void @empty_10" [../include/madCpt.hpp:128]   --->   Operation 15 'specloopname' 'specloopname_ln128' <Predicate = (!icmp_ln1072)> <Delay = 0.00>
ST_1 : Operation 16 [1/1] (0.00ns)   --->   "%zext_ln587 = zext i12 %i_V_32"   --->   Operation 16 'zext' 'zext_ln587' <Predicate = (!icmp_ln1072)> <Delay = 0.00>
ST_1 : Operation 17 [1/1] (0.00ns)   --->   "%MRo_V_addr = getelementptr i16 %MRo_V, i64 0, i64 %zext_ln587" [../include/madCpt.hpp:129]   --->   Operation 17 'getelementptr' 'MRo_V_addr' <Predicate = (!icmp_ln1072)> <Delay = 0.00>
ST_1 : Operation 18 [1/1] (3.25ns)   --->   "%store_ln129 = store i16 %mul_i_i46_i_read, i11 %MRo_V_addr" [../include/madCpt.hpp:129]   --->   Operation 18 'store' 'store_ln129' <Predicate = (!icmp_ln1072)> <Delay = 3.25> <CoreInst = "RAM">   --->   Core 82 'RAM' <Latency = 1> <II = 1> <Delay = 3.25> <Storage> <Opcode : 'load' 'store'> <Ports = 2> <Width = 16> <Depth = 2048> <RAM>
ST_1 : Operation 19 [1/1] (0.00ns)   --->   "%MIo_V_addr = getelementptr i16 %MIo_V, i64 0, i64 %zext_ln587" [../include/madCpt.hpp:130]   --->   Operation 19 'getelementptr' 'MIo_V_addr' <Predicate = (!icmp_ln1072)> <Delay = 0.00>
ST_1 : Operation 20 [1/1] (3.25ns)   --->   "%store_ln130 = store i16 %mul_i_i_i_read, i11 %MIo_V_addr" [../include/madCpt.hpp:130]   --->   Operation 20 'store' 'store_ln130' <Predicate = (!icmp_ln1072)> <Delay = 3.25> <CoreInst = "RAM">   --->   Core 82 'RAM' <Latency = 1> <II = 1> <Delay = 3.25> <Storage> <Opcode : 'load' 'store'> <Ports = 2> <Width = 16> <Depth = 2048> <RAM>
ST_1 : Operation 21 [1/1] (1.58ns)   --->   "%store_ln885 = store i12 %i_V_33, i12 %i_V"   --->   Operation 21 'store' 'store_ln885' <Predicate = (!icmp_ln1072)> <Delay = 1.58>
ST_1 : Operation 22 [1/1] (0.00ns)   --->   "%br_ln0 = br void"   --->   Operation 22 'br' 'br_ln0' <Predicate = (!icmp_ln1072)> <Delay = 0.00>
ST_1 : Operation 23 [1/1] (0.00ns)   --->   "%ret_ln0 = ret"   --->   Operation 23 'ret' 'ret_ln0' <Predicate = (icmp_ln1072)> <Delay = 0.00>


============================================================
+ Verbose Summary: Timing violations
============================================================
Target clock period: 10ns, clock uncertainty: 1ns.

 <State 1>: 5.24ns
The critical path consists of the following:
	'alloca' operation ('i.V') [5]  (0 ns)
	'load' operation ('i.V') on local variable 'i.V' [11]  (0 ns)
	'getelementptr' operation ('MRo_V_addr', ../include/madCpt.hpp:129) [20]  (0 ns)
	'store' operation ('store_ln129', ../include/madCpt.hpp:129) of variable 'mul_i_i46_i_read' on array 'MRo_V' [21]  (3.25 ns)
	blocking operation 1.99 ns on control path)


============================================================
+ Verbose Summary: Binding
============================================================
N/A
* FSMD analyzer results:
  - Output states:
 - Input state : 
  - Chain level:
	State 1


============================================================
+ Verbose Summary: Datapath Resource usage 
============================================================
N/A
