

================================================================
== Vitis HLS Report for 'STDCpt_2048_3_ap_int_16_Pipeline_VITIS_LOOP_32_18'
================================================================
* Date:           Tue Jul 25 02:51:31 2023

* Version:        2021.2 (Build 3367213 on Tue Oct 19 02:47:39 MDT 2021)
* Project:        top_graph_top_rfi_C
* Solution:       solution1 (Vivado IP Flow Target)
* Product family: zynq
* Target device:  xc7z020-clg400-1


================================================================
== Performance Estimates
================================================================
+ Timing: 
    * Summary: 
    +--------+----------+----------+------------+
    |  Clock |  Target  | Estimated| Uncertainty|
    +--------+----------+----------+------------+
    |ap_clk  |  10.00 ns|  6.919 ns|     1.00 ns|
    +--------+----------+----------+------------+

+ Latency: 
    * Summary: 
    +---------+---------+-----------+-----------+------+------+---------+
    |  Latency (cycles) |   Latency (absolute)  |   Interval  | Pipeline|
    |   min   |   max   |    min    |    max    |  min |  max |   Type  |
    +---------+---------+-----------+-----------+------+------+---------+
    |     2050|     2050|  20.500 us|  20.500 us|  2050|  2050|       no|
    +---------+---------+-----------+-----------+------+------+---------+

    + Detail: 
        * Instance: 
        N/A

        * Loop: 
        +-------------------+---------+---------+----------+-----------+-----------+------+----------+
        |                   |  Latency (cycles) | Iteration|  Initiation Interval  | Trip |          |
        |     Loop Name     |   min   |   max   |  Latency |  achieved |   target  | Count| Pipelined|
        +-------------------+---------+---------+----------+-----------+-----------+------+----------+
        |- VITIS_LOOP_32_1  |     2048|     2048|         2|          1|          1|  2048|       yes|
        +-------------------+---------+---------+----------+-----------+-----------+------+----------+

============================================================
+ Verbose Summary: Synthesis Manager
============================================================
InlineROM: 1
ExposeGlobal: 0
============================================================
+ Verbose Summary: CDFG Model
============================================================
IsTopModel: 0
ResetActiveHigh: 1
IsCombinational: 0
IsDatapathOnly: 0
HasWiredReturn: 1
HasMFsm: 2
HasVarLatency: 1
IsPipeline: 0
IsRtlPipelined: 0
IsInstanceOverlapped: 0
IsDontTouch: 0
HasImplIP: 0
IsGatedGlobalClock: 0

+ Individual pipeline summary: 
  * Pipeline-0: initiation interval (II) = 1, depth = 2


============================================================
+ Verbose Summary: Schedule
============================================================
* Number of FSM states : 2
* Pipeline : 1
  Pipeline-0 : II = 1, D = 2, States = { 1 2 }
* Dataflow Pipeline: 0

* FSM state transitions: 
1 --> 2 
2 --> 

* FSM state operations: 

State 1 <SV = 0> <Delay = 3.57>
ST_1 : Operation 5 [1/1] (0.00ns)   --->   "%i_V = alloca i32 1"   --->   Operation 5 'alloca' 'i_V' <Predicate = true> <Delay = 0.00>
ST_1 : Operation 6 [1/1] (0.00ns)   --->   "%sum_V = alloca i32 1"   --->   Operation 6 'alloca' 'sum_V' <Predicate = true> <Delay = 0.00>
ST_1 : Operation 7 [1/1] (1.58ns)   --->   "%store_ln0 = store i16 0, i16 %sum_V"   --->   Operation 7 'store' 'store_ln0' <Predicate = true> <Delay = 1.58>
ST_1 : Operation 8 [1/1] (1.58ns)   --->   "%store_ln0 = store i12 0, i12 %i_V"   --->   Operation 8 'store' 'store_ln0' <Predicate = true> <Delay = 1.58>
ST_1 : Operation 9 [1/1] (0.00ns)   --->   "%br_ln0 = br void %_Z15computeVarianceP6ap_intILi16EES0_.exit.i"   --->   Operation 9 'br' 'br_ln0' <Predicate = true> <Delay = 0.00>
ST_1 : Operation 10 [1/1] (0.00ns)   --->   "%i_V_14 = load i12 %i_V"   --->   Operation 10 'load' 'i_V_14' <Predicate = true> <Delay = 0.00>
ST_1 : Operation 11 [1/1] (0.00ns)   --->   "%specpipeline_ln0 = specpipeline void @_ssdm_op_SpecPipeline, i32 4294967295, i32 0, i32 1, i32 0, void @p_str"   --->   Operation 11 'specpipeline' 'specpipeline_ln0' <Predicate = true> <Delay = 0.00>
ST_1 : Operation 12 [1/1] (1.99ns)   --->   "%icmp_ln1072 = icmp_eq  i12 %i_V_14, i12 2048"   --->   Operation 12 'icmp' 'icmp_ln1072' <Predicate = true> <Delay = 1.99> <CoreInst = "Cmp">   --->   Core 9 'Cmp' <Latency = 0> <II = 1> <Delay = 1.99> <FuncUnit> <Opcode : 'icmp'> <InPorts = 2> <OutPorts = 1>
ST_1 : Operation 13 [1/1] (0.00ns)   --->   "%speclooptripcount_ln0 = speclooptripcount void @_ssdm_op_SpecLoopTripCount, i64 2048, i64 2048, i64 2048"   --->   Operation 13 'speclooptripcount' 'speclooptripcount_ln0' <Predicate = true> <Delay = 0.00>
ST_1 : Operation 14 [1/1] (1.54ns)   --->   "%i_V_15 = add i12 %i_V_14, i12 1"   --->   Operation 14 'add' 'i_V_15' <Predicate = true> <Delay = 1.54> <CoreInst = "Adder">   --->   Core 1 'Adder' <Latency = 0> <II = 1> <Delay = 2.07> <FuncUnit> <Opcode : 'add' 'sub'> <InPorts = 2> <OutPorts = 1>
ST_1 : Operation 15 [1/1] (0.00ns)   --->   "%br_ln32 = br i1 %icmp_ln1072, void %.split9.i, void %_Z15computeVarianceP6ap_intILi16EES0_.exit289.i.exitStub" [../include/stdCpt.hpp:32]   --->   Operation 15 'br' 'br_ln32' <Predicate = true> <Delay = 0.00>
ST_1 : Operation 16 [1/1] (0.00ns)   --->   "%zext_ln587 = zext i12 %i_V_14"   --->   Operation 16 'zext' 'zext_ln587' <Predicate = (!icmp_ln1072)> <Delay = 0.00>
ST_1 : Operation 17 [1/1] (0.00ns)   --->   "%deviation_list_I_i_addr = getelementptr i16 %deviation_list_I_i, i64 0, i64 %zext_ln587"   --->   Operation 17 'getelementptr' 'deviation_list_I_i_addr' <Predicate = (!icmp_ln1072)> <Delay = 0.00>
ST_1 : Operation 18 [2/2] (3.25ns)   --->   "%deviation_list_I_i_load = load i11 %deviation_list_I_i_addr"   --->   Operation 18 'load' 'deviation_list_I_i_load' <Predicate = (!icmp_ln1072)> <Delay = 3.25> <CoreInst = "RAM">   --->   Core 82 'RAM' <Latency = 1> <II = 1> <Delay = 3.25> <Storage> <Opcode : 'load' 'store'> <Ports = 2> <Width = 16> <Depth = 2048> <RAM>
ST_1 : Operation 19 [1/1] (1.58ns)   --->   "%store_ln885 = store i12 %i_V_15, i12 %i_V"   --->   Operation 19 'store' 'store_ln885' <Predicate = (!icmp_ln1072)> <Delay = 1.58>
ST_1 : Operation 26 [1/1] (0.00ns)   --->   "%sum_V_load = load i16 %sum_V"   --->   Operation 26 'load' 'sum_V_load' <Predicate = (icmp_ln1072)> <Delay = 0.00>
ST_1 : Operation 27 [1/1] (0.00ns)   --->   "%write_ln0 = write void @_ssdm_op_Write.ap_auto.i16P0A, i16 %sum_V_6_out, i16 %sum_V_load"   --->   Operation 27 'write' 'write_ln0' <Predicate = (icmp_ln1072)> <Delay = 0.00>
ST_1 : Operation 28 [1/1] (0.00ns)   --->   "%ret_ln0 = ret"   --->   Operation 28 'ret' 'ret_ln0' <Predicate = (icmp_ln1072)> <Delay = 0.00>

State 2 <SV = 1> <Delay = 6.91>
ST_2 : Operation 20 [1/1] (0.00ns)   --->   "%sum_V_load_1 = load i16 %sum_V"   --->   Operation 20 'load' 'sum_V_load_1' <Predicate = true> <Delay = 0.00>
ST_2 : Operation 21 [1/1] (0.00ns)   --->   "%specloopname_ln32 = specloopname void @_ssdm_op_SpecLoopName, void @empty" [../include/stdCpt.hpp:32]   --->   Operation 21 'specloopname' 'specloopname_ln32' <Predicate = true> <Delay = 0.00>
ST_2 : Operation 22 [1/2] (3.25ns)   --->   "%deviation_list_I_i_load = load i11 %deviation_list_I_i_addr"   --->   Operation 22 'load' 'deviation_list_I_i_load' <Predicate = true> <Delay = 3.25> <CoreInst = "RAM">   --->   Core 82 'RAM' <Latency = 1> <II = 1> <Delay = 3.25> <Storage> <Opcode : 'load' 'store'> <Ports = 2> <Width = 16> <Depth = 2048> <RAM>
ST_2 : Operation 23 [1/1] (2.07ns)   --->   "%sum_V_1 = add i16 %deviation_list_I_i_load, i16 %sum_V_load_1"   --->   Operation 23 'add' 'sum_V_1' <Predicate = true> <Delay = 2.07> <CoreInst = "Adder">   --->   Core 1 'Adder' <Latency = 0> <II = 1> <Delay = 2.07> <FuncUnit> <Opcode : 'add' 'sub'> <InPorts = 2> <OutPorts = 1>
ST_2 : Operation 24 [1/1] (1.58ns)   --->   "%store_ln885 = store i16 %sum_V_1, i16 %sum_V"   --->   Operation 24 'store' 'store_ln885' <Predicate = true> <Delay = 1.58>
ST_2 : Operation 25 [1/1] (0.00ns)   --->   "%br_ln0 = br void %_Z15computeVarianceP6ap_intILi16EES0_.exit.i"   --->   Operation 25 'br' 'br_ln0' <Predicate = true> <Delay = 0.00>


============================================================
+ Verbose Summary: Binding
============================================================
STG Binding: 
---------------- STG Properties BEGIN ----------------
- Is combinational: 0
- Is one-state seq: 0
- Is datapath-only: 0
- Is pipelined: 0
- Is top level: 0
Port [ Return ] is wired: 1; IO mode=ap_ctrl_hs:ce=0
Port [ deviation_list_I_i]:  wired=1; compound=1; hidden=0; nouse=0; global=0; static=0; extern=0; dir=0; type=1; pingpong=0; private_global=0; MemPort=[13]; IO mode=ap_memory:ce=0
Port [ sum_V_6_out]:  wired=1; compound=0; hidden=0; nouse=0; global=0; static=0; extern=0; dir=1; type=0; pingpong=0; private_global=0; IO mode=ap_vld:ce=0
---------------- STG Properties END ------------------

---------------- Datapath Model BEGIN ----------------

<LifeTime>
<method=bitvector/>
i_V                     (alloca           ) [ 010]
sum_V                   (alloca           ) [ 011]
store_ln0               (store            ) [ 000]
store_ln0               (store            ) [ 000]
br_ln0                  (br               ) [ 000]
i_V_14                  (load             ) [ 000]
specpipeline_ln0        (specpipeline     ) [ 000]
icmp_ln1072             (icmp             ) [ 010]
speclooptripcount_ln0   (speclooptripcount) [ 000]
i_V_15                  (add              ) [ 000]
br_ln32                 (br               ) [ 000]
zext_ln587              (zext             ) [ 000]
deviation_list_I_i_addr (getelementptr    ) [ 011]
store_ln885             (store            ) [ 000]
sum_V_load_1            (load             ) [ 000]
specloopname_ln32       (specloopname     ) [ 000]
deviation_list_I_i_load (load             ) [ 000]
sum_V_1                 (add              ) [ 000]
store_ln885             (store            ) [ 000]
br_ln0                  (br               ) [ 000]
sum_V_load              (load             ) [ 000]
write_ln0               (write            ) [ 000]
ret_ln0                 (ret              ) [ 000]
</LifeTime>

<model>

<comp_list>
<comp id="0" class="1000" name="deviation_list_I_i">
<pin_list>
<pin id="1" dir="1" index="0" bw="1" slack="0"/>
</pin_list>
<bind>
<StgValue><ssdm name="deviation_list_I_i"/><MemPortTyVec>1 3 </MemPortTyVec>
</StgValue>
</bind>
</comp>

<comp id="2" class="1000" name="sum_V_6_out">
<pin_list>
<pin id="3" dir="1" index="0" bw="1" slack="0"/>
</pin_list>
<bind>
<StgValue><ssdm name="sum_V_6_out"/></StgValue>
</bind>
</comp>

<comp id="4" class="1001" name="const_4">
<pin_list>
<pin id="5" dir="1" index="0" bw="1" slack="0"/>
</pin_list>
<bind>
<StgValue><ssdm name=""/></StgValue>
</bind>
</comp>

<comp id="6" class="1001" name="const_6">
<pin_list>
<pin id="7" dir="1" index="0" bw="1" slack="0"/>
</pin_list>
<bind>
<StgValue><ssdm name=""/></StgValue>
</bind>
</comp>

<comp id="8" class="1001" name="const_8">
<pin_list>
<pin id="9" dir="1" index="0" bw="1" slack="0"/>
</pin_list>
<bind>
<StgValue><ssdm name=""/></StgValue>
</bind>
</comp>

<comp id="10" class="1001" name="const_10">
<pin_list>
<pin id="11" dir="1" index="0" bw="1" slack="2147483647"/>
</pin_list>
<bind>
<StgValue><ssdm name="_ssdm_op_SpecPipeline"/></StgValue>
</bind>
</comp>

<comp id="12" class="1001" name="const_12">
<pin_list>
<pin id="13" dir="1" index="0" bw="1" slack="2147483647"/>
</pin_list>
<bind>
<StgValue><ssdm name=""/></StgValue>
</bind>
</comp>

<comp id="14" class="1001" name="const_14">
<pin_list>
<pin id="15" dir="1" index="0" bw="1" slack="2147483647"/>
</pin_list>
<bind>
<StgValue><ssdm name=""/></StgValue>
</bind>
</comp>

<comp id="16" class="1001" name="const_16">
<pin_list>
<pin id="17" dir="1" index="0" bw="1" slack="2147483647"/>
</pin_list>
<bind>
<StgValue><ssdm name="p_str"/></StgValue>
</bind>
</comp>

<comp id="18" class="1001" name="const_18">
<pin_list>
<pin id="19" dir="1" index="0" bw="1" slack="0"/>
</pin_list>
<bind>
<StgValue><ssdm name=""/></StgValue>
</bind>
</comp>

<comp id="20" class="1001" name="const_20">
<pin_list>
<pin id="21" dir="1" index="0" bw="1" slack="2147483647"/>
</pin_list>
<bind>
<StgValue><ssdm name="_ssdm_op_SpecLoopTripCount"/></StgValue>
</bind>
</comp>

<comp id="22" class="1001" name="const_22">
<pin_list>
<pin id="23" dir="1" index="0" bw="1" slack="2147483647"/>
</pin_list>
<bind>
<StgValue><ssdm name=""/></StgValue>
</bind>
</comp>

<comp id="24" class="1001" name="const_24">
<pin_list>
<pin id="25" dir="1" index="0" bw="1" slack="0"/>
</pin_list>
<bind>
<StgValue><ssdm name=""/></StgValue>
</bind>
</comp>

<comp id="26" class="1001" name="const_26">
<pin_list>
<pin id="27" dir="1" index="0" bw="1" slack="0"/>
</pin_list>
<bind>
<StgValue><ssdm name=""/></StgValue>
</bind>
</comp>

<comp id="28" class="1001" name="const_28">
<pin_list>
<pin id="29" dir="1" index="0" bw="1" slack="2147483647"/>
</pin_list>
<bind>
<StgValue><ssdm name="_ssdm_op_SpecLoopName"/></StgValue>
</bind>
</comp>

<comp id="30" class="1001" name="const_30">
<pin_list>
<pin id="31" dir="1" index="0" bw="1" slack="2147483647"/>
</pin_list>
<bind>
<StgValue><ssdm name="empty"/></StgValue>
</bind>
</comp>

<comp id="32" class="1001" name="const_32">
<pin_list>
<pin id="33" dir="1" index="0" bw="1" slack="0"/>
</pin_list>
<bind>
<StgValue><ssdm name="_ssdm_op_Write.ap_auto.i16P0A"/></StgValue>
</bind>
</comp>

<comp id="34" class="1004" name="i_V_fu_34">
<pin_list>
<pin id="35" dir="0" index="0" bw="1" slack="0"/>
<pin id="36" dir="1" index="1" bw="12" slack="0"/>
</pin_list>
<bind>
<opcode="alloca(26) " fcode="alloca"/>
<opset="i_V/1 "/>
</bind>
</comp>

<comp id="38" class="1004" name="sum_V_fu_38">
<pin_list>
<pin id="39" dir="0" index="0" bw="1" slack="0"/>
<pin id="40" dir="1" index="1" bw="16" slack="0"/>
</pin_list>
<bind>
<opcode="alloca(26) " fcode="alloca"/>
<opset="sum_V/1 "/>
</bind>
</comp>

<comp id="42" class="1004" name="write_ln0_write_fu_42">
<pin_list>
<pin id="43" dir="0" index="0" bw="0" slack="0"/>
<pin id="44" dir="0" index="1" bw="16" slack="0"/>
<pin id="45" dir="0" index="2" bw="16" slack="0"/>
<pin id="46" dir="1" index="3" bw="0" slack="2147483647"/>
</pin_list>
<bind>
<opcode="write(1151) " fcode="write"/>
<opset="write_ln0/1 "/>
</bind>
</comp>

<comp id="49" class="1004" name="deviation_list_I_i_addr_gep_fu_49">
<pin_list>
<pin id="50" dir="0" index="0" bw="16" slack="0"/>
<pin id="51" dir="0" index="1" bw="1" slack="0"/>
<pin id="52" dir="0" index="2" bw="12" slack="0"/>
<pin id="53" dir="1" index="3" bw="11" slack="0"/>
</pin_list>
<bind>
<opcode="getelementptr(29) " fcode="getelementptr"/>
<opset="deviation_list_I_i_addr/1 "/>
</bind>
</comp>

<comp id="56" class="1004" name="grp_access_fu_56">
<pin_list>
<pin id="57" dir="0" index="0" bw="11" slack="0"/>
<pin id="58" dir="0" index="1" bw="16" slack="2147483647"/>
<pin id="59" dir="0" index="2" bw="0" slack="2147483647"/>
<pin id="60" dir="1" index="3" bw="16" slack="0"/>
</pin_list>
<bind>
<opcode="load(27) " fcode="load"/>
<opset="deviation_list_I_i_load/1 "/>
</bind>
</comp>

<comp id="62" class="1004" name="store_ln0_store_fu_62">
<pin_list>
<pin id="63" dir="0" index="0" bw="1" slack="0"/>
<pin id="64" dir="0" index="1" bw="16" slack="0"/>
<pin id="65" dir="1" index="2" bw="0" slack="2147483647"/>
</pin_list>
<bind>
<opcode="store(28) " fcode="store"/>
<opset="store_ln0/1 "/>
</bind>
</comp>

<comp id="67" class="1004" name="store_ln0_store_fu_67">
<pin_list>
<pin id="68" dir="0" index="0" bw="1" slack="0"/>
<pin id="69" dir="0" index="1" bw="12" slack="0"/>
<pin id="70" dir="1" index="2" bw="0" slack="2147483647"/>
</pin_list>
<bind>
<opcode="store(28) " fcode="store"/>
<opset="store_ln0/1 "/>
</bind>
</comp>

<comp id="72" class="1004" name="i_V_14_load_fu_72">
<pin_list>
<pin id="73" dir="0" index="0" bw="12" slack="0"/>
<pin id="74" dir="1" index="1" bw="12" slack="0"/>
</pin_list>
<bind>
<opcode="load(27) " fcode="load"/>
<opset="i_V_14/1 "/>
</bind>
</comp>

<comp id="75" class="1004" name="icmp_ln1072_fu_75">
<pin_list>
<pin id="76" dir="0" index="0" bw="12" slack="0"/>
<pin id="77" dir="0" index="1" bw="12" slack="0"/>
<pin id="78" dir="1" index="2" bw="1" slack="2147483647"/>
</pin_list>
<bind>
<opcode="icmp(45) " fcode="icmp"/>
<opset="icmp_ln1072/1 "/>
</bind>
</comp>

<comp id="81" class="1004" name="i_V_15_fu_81">
<pin_list>
<pin id="82" dir="0" index="0" bw="12" slack="0"/>
<pin id="83" dir="0" index="1" bw="1" slack="0"/>
<pin id="84" dir="1" index="2" bw="12" slack="0"/>
</pin_list>
<bind>
<opcode="add(8) " fcode="add"/>
<opset="i_V_15/1 "/>
</bind>
</comp>

<comp id="87" class="1004" name="zext_ln587_fu_87">
<pin_list>
<pin id="88" dir="0" index="0" bw="12" slack="0"/>
<pin id="89" dir="1" index="1" bw="64" slack="0"/>
</pin_list>
<bind>
<opcode="zext(34) " fcode="zext"/>
<opset="zext_ln587/1 "/>
</bind>
</comp>

<comp id="92" class="1004" name="store_ln885_store_fu_92">
<pin_list>
<pin id="93" dir="0" index="0" bw="12" slack="0"/>
<pin id="94" dir="0" index="1" bw="12" slack="0"/>
<pin id="95" dir="1" index="2" bw="0" slack="2147483647"/>
</pin_list>
<bind>
<opcode="store(28) " fcode="store"/>
<opset="store_ln885/1 "/>
</bind>
</comp>

<comp id="97" class="1004" name="sum_V_load_1_load_fu_97">
<pin_list>
<pin id="98" dir="0" index="0" bw="16" slack="1"/>
<pin id="99" dir="1" index="1" bw="16" slack="0"/>
</pin_list>
<bind>
<opcode="load(27) " fcode="load"/>
<opset="sum_V_load_1/2 "/>
</bind>
</comp>

<comp id="100" class="1004" name="sum_V_1_fu_100">
<pin_list>
<pin id="101" dir="0" index="0" bw="16" slack="0"/>
<pin id="102" dir="0" index="1" bw="16" slack="0"/>
<pin id="103" dir="1" index="2" bw="16" slack="0"/>
</pin_list>
<bind>
<opcode="add(8) " fcode="add"/>
<opset="sum_V_1/2 "/>
</bind>
</comp>

<comp id="106" class="1004" name="store_ln885_store_fu_106">
<pin_list>
<pin id="107" dir="0" index="0" bw="16" slack="0"/>
<pin id="108" dir="0" index="1" bw="16" slack="1"/>
<pin id="109" dir="1" index="2" bw="0" slack="2147483647"/>
</pin_list>
<bind>
<opcode="store(28) " fcode="store"/>
<opset="store_ln885/2 "/>
</bind>
</comp>

<comp id="111" class="1004" name="sum_V_load_load_fu_111">
<pin_list>
<pin id="112" dir="0" index="0" bw="16" slack="0"/>
<pin id="113" dir="1" index="1" bw="16" slack="0"/>
</pin_list>
<bind>
<opcode="load(27) " fcode="load"/>
<opset="sum_V_load/1 "/>
</bind>
</comp>

<comp id="115" class="1005" name="i_V_reg_115">
<pin_list>
<pin id="116" dir="0" index="0" bw="12" slack="0"/>
<pin id="117" dir="1" index="1" bw="12" slack="0"/>
</pin_list>
<bind>
<opset="i_V "/>
</bind>
</comp>

<comp id="122" class="1005" name="sum_V_reg_122">
<pin_list>
<pin id="123" dir="0" index="0" bw="16" slack="0"/>
<pin id="124" dir="1" index="1" bw="16" slack="0"/>
</pin_list>
<bind>
<opset="sum_V "/>
</bind>
</comp>

<comp id="133" class="1005" name="deviation_list_I_i_addr_reg_133">
<pin_list>
<pin id="134" dir="0" index="0" bw="11" slack="1"/>
<pin id="135" dir="1" index="1" bw="11" slack="1"/>
</pin_list>
<bind>
<opset="deviation_list_I_i_addr "/>
</bind>
</comp>

</comp_list>

<net_list>
<net id="37"><net_src comp="4" pin="0"/><net_sink comp="34" pin=0"/></net>

<net id="41"><net_src comp="4" pin="0"/><net_sink comp="38" pin=0"/></net>

<net id="47"><net_src comp="32" pin="0"/><net_sink comp="42" pin=0"/></net>

<net id="48"><net_src comp="2" pin="0"/><net_sink comp="42" pin=1"/></net>

<net id="54"><net_src comp="0" pin="0"/><net_sink comp="49" pin=0"/></net>

<net id="55"><net_src comp="26" pin="0"/><net_sink comp="49" pin=1"/></net>

<net id="61"><net_src comp="49" pin="3"/><net_sink comp="56" pin=0"/></net>

<net id="66"><net_src comp="6" pin="0"/><net_sink comp="62" pin=0"/></net>

<net id="71"><net_src comp="8" pin="0"/><net_sink comp="67" pin=0"/></net>

<net id="79"><net_src comp="72" pin="1"/><net_sink comp="75" pin=0"/></net>

<net id="80"><net_src comp="18" pin="0"/><net_sink comp="75" pin=1"/></net>

<net id="85"><net_src comp="72" pin="1"/><net_sink comp="81" pin=0"/></net>

<net id="86"><net_src comp="24" pin="0"/><net_sink comp="81" pin=1"/></net>

<net id="90"><net_src comp="72" pin="1"/><net_sink comp="87" pin=0"/></net>

<net id="91"><net_src comp="87" pin="1"/><net_sink comp="49" pin=2"/></net>

<net id="96"><net_src comp="81" pin="2"/><net_sink comp="92" pin=0"/></net>

<net id="104"><net_src comp="56" pin="3"/><net_sink comp="100" pin=0"/></net>

<net id="105"><net_src comp="97" pin="1"/><net_sink comp="100" pin=1"/></net>

<net id="110"><net_src comp="100" pin="2"/><net_sink comp="106" pin=0"/></net>

<net id="114"><net_src comp="111" pin="1"/><net_sink comp="42" pin=2"/></net>

<net id="118"><net_src comp="34" pin="1"/><net_sink comp="115" pin=0"/></net>

<net id="119"><net_src comp="115" pin="1"/><net_sink comp="67" pin=1"/></net>

<net id="120"><net_src comp="115" pin="1"/><net_sink comp="72" pin=0"/></net>

<net id="121"><net_src comp="115" pin="1"/><net_sink comp="92" pin=1"/></net>

<net id="125"><net_src comp="38" pin="1"/><net_sink comp="122" pin=0"/></net>

<net id="126"><net_src comp="122" pin="1"/><net_sink comp="62" pin=1"/></net>

<net id="127"><net_src comp="122" pin="1"/><net_sink comp="97" pin=0"/></net>

<net id="128"><net_src comp="122" pin="1"/><net_sink comp="106" pin=1"/></net>

<net id="129"><net_src comp="122" pin="1"/><net_sink comp="111" pin=0"/></net>

<net id="136"><net_src comp="49" pin="3"/><net_sink comp="133" pin=0"/></net>

<net id="137"><net_src comp="133" pin="1"/><net_sink comp="56" pin=0"/></net>

</net_list>

</model> 
---------------- Datapath Model END ------------------

* FSMD analyzer results:
  - Output states:
	Port: sum_V_6_out | {1 }
 - Input state : 
	Port: STDCpt<2048, 3, ap_int<16> >_Pipeline_VITIS_LOOP_32_18 : deviation_list_I_i | {1 2 }
  - Chain level:
	State 1
		store_ln0 : 1
		store_ln0 : 1
		i_V_14 : 1
		icmp_ln1072 : 2
		i_V_15 : 2
		br_ln32 : 3
		zext_ln587 : 2
		deviation_list_I_i_addr : 3
		deviation_list_I_i_load : 4
		store_ln885 : 3
		sum_V_load : 1
		write_ln0 : 2
	State 2
		sum_V_1 : 1
		store_ln885 : 2


============================================================
+ Verbose Summary: Datapath Resource usage 
============================================================

* Functional unit list:
|----------|-----------------------|---------|---------|
| Operation|    Functional Unit    |    FF   |   LUT   |
|----------|-----------------------|---------|---------|
|    add   |      i_V_15_fu_81     |    0    |    12   |
|          |     sum_V_1_fu_100    |    0    |    23   |
|----------|-----------------------|---------|---------|
|   icmp   |   icmp_ln1072_fu_75   |    0    |    12   |
|----------|-----------------------|---------|---------|
|   write  | write_ln0_write_fu_42 |    0    |    0    |
|----------|-----------------------|---------|---------|
|   zext   |    zext_ln587_fu_87   |    0    |    0    |
|----------|-----------------------|---------|---------|
|   Total  |                       |    0    |    47   |
|----------|-----------------------|---------|---------|

Memories:
N/A

* Register list:
+-------------------------------+--------+
|                               |   FF   |
+-------------------------------+--------+
|deviation_list_I_i_addr_reg_133|   11   |
|          i_V_reg_115          |   12   |
|         sum_V_reg_122         |   16   |
+-------------------------------+--------+
|             Total             |   39   |
+-------------------------------+--------+

* Multiplexer (MUX) list: 
|------------------|------|------|------|--------||---------||---------|
|       Comp       |  Pin | Size |  BW  | S x BW ||  Delay  ||   LUT   |
|------------------|------|------|------|--------||---------||---------|
| grp_access_fu_56 |  p0  |   2  |  11  |   22   ||    9    |
|------------------|------|------|------|--------||---------||---------|
|       Total      |      |      |      |   22   ||  1.588  ||    9    |
|------------------|------|------|------|--------||---------||---------|



* Summary:
+-----------+--------+--------+--------+
|           |  Delay |   FF   |   LUT  |
+-----------+--------+--------+--------+
|  Function |    -   |    0   |   47   |
|   Memory  |    -   |    -   |    -   |
|Multiplexer|    1   |    -   |    9   |
|  Register |    -   |   39   |    -   |
+-----------+--------+--------+--------+
|   Total   |    1   |   39   |   56   |
+-----------+--------+--------+--------+
