

================================================================
== Vitis HLS Report for 'STDCpt_2048_3_double_s'
================================================================
* Date:           Thu Jul  6 01:41:43 2023

* Version:        2021.2 (Build 3367213 on Tue Oct 19 02:47:39 MDT 2021)
* Project:        top_graph_top_rfi_C
* Solution:       solution1 (Vivado IP Flow Target)
* Product family: zynq
* Target device:  xc7z020-clg400-1


================================================================
== Performance Estimates
================================================================
+ Timing: 
    * Summary: 
    +--------+----------+----------+------------+
    |  Clock |  Target  | Estimated| Uncertainty|
    +--------+----------+----------+------------+
    |ap_clk  |  10.00 ns|  7.421 ns|     2.70 ns|
    +--------+----------+----------+------------+

+ Latency: 
    * Summary: 
    +---------+---------+----------+----------+-------+-------+---------+
    |  Latency (cycles) |  Latency (absolute) |    Interval   | Pipeline|
    |   min   |   max   |    min   |    max   |  min  |  max  |   Type  |
    +---------+---------+----------+----------+-------+-------+---------+
    |    51456|    51456|  0.515 ms|  0.515 ms|  51456|  51456|       no|
    +---------+---------+----------+----------+-------+-------+---------+

    + Detail: 
        * Instance: 
        N/A

        * Loop: 
        N/A

============================================================
+ Verbose Summary: Synthesis Manager
============================================================
InlineROM: 1
ExposeGlobal: 0
============================================================
+ Verbose Summary: CDFG Model
============================================================
IsTopModel: 0
ResetActiveHigh: 1
IsCombinational: 2
IsDatapathOnly: 0
HasWiredReturn: 1
HasMFsm: 0
HasVarLatency: 1
IsPipeline: 0
IsRtlPipelined: 0
IsInstanceOverlapped: 0
IsDontTouch: 0
HasImplIP: 0
IsGatedGlobalClock: 0


============================================================
+ Verbose Summary: Schedule
============================================================
* Number of FSM states : 91
* Pipeline : 0
* Dataflow Pipeline: 0

* FSM state transitions: 
1 --> 2 
2 --> 3 
3 --> 4 
4 --> 5 
5 --> 6 
6 --> 7 
7 --> 8 
8 --> 9 
9 --> 10 
10 --> 11 
11 --> 12 
12 --> 13 
13 --> 14 
14 --> 15 
15 --> 16 
16 --> 17 
17 --> 18 
18 --> 19 
19 --> 20 
20 --> 21 
21 --> 22 
22 --> 23 
23 --> 24 
24 --> 25 
25 --> 26 
26 --> 27 
27 --> 28 
28 --> 29 
29 --> 30 
30 --> 31 
31 --> 32 
32 --> 33 
33 --> 34 
34 --> 35 
35 --> 36 
36 --> 37 
37 --> 38 
38 --> 39 
39 --> 40 
40 --> 41 
41 --> 42 
42 --> 43 
43 --> 44 
44 --> 45 
45 --> 46 
46 --> 47 
47 --> 48 
48 --> 49 
49 --> 50 
50 --> 51 
51 --> 52 
52 --> 53 
53 --> 54 
54 --> 55 
55 --> 56 
56 --> 57 
57 --> 58 
58 --> 59 
59 --> 60 
60 --> 61 
61 --> 62 
62 --> 63 
63 --> 64 
64 --> 65 
65 --> 66 
66 --> 67 
67 --> 68 
68 --> 69 
69 --> 70 
70 --> 71 
71 --> 72 
72 --> 73 
73 --> 74 
74 --> 75 
75 --> 76 
76 --> 77 
77 --> 78 
78 --> 79 
79 --> 80 
80 --> 81 
81 --> 82 
82 --> 83 
83 --> 84 
84 --> 85 
85 --> 86 
86 --> 87 
87 --> 88 
88 --> 89 
89 --> 90 
90 --> 91 
91 --> 

* FSM state operations: 

State 1 <SV = 0> <Delay = 0.00>
ST_1 : Operation 92 [1/1] (0.00ns)   --->   "%sum_6_loc = alloca i64 1"   --->   Operation 92 'alloca' 'sum_6_loc' <Predicate = true> <Delay = 0.00>
ST_1 : Operation 93 [1/1] (0.00ns)   --->   "%sum_4_loc = alloca i64 1"   --->   Operation 93 'alloca' 'sum_4_loc' <Predicate = true> <Delay = 0.00>
ST_1 : Operation 94 [1/1] (0.00ns)   --->   "%sum_2_loc = alloca i64 1"   --->   Operation 94 'alloca' 'sum_2_loc' <Predicate = true> <Delay = 0.00>
ST_1 : Operation 95 [1/1] (0.00ns)   --->   "%sum_loc = alloca i64 1"   --->   Operation 95 'alloca' 'sum_loc' <Predicate = true> <Delay = 0.00>
ST_1 : Operation 96 [1/1] (0.00ns)   --->   "%RRi = alloca i64 1" [../include/stdCpt.hpp:46]   --->   Operation 96 'alloca' 'RRi' <Predicate = true> <Delay = 0.00>
ST_1 : Operation 97 [1/1] (0.00ns)   --->   "%RRo = alloca i64 1" [../include/stdCpt.hpp:47]   --->   Operation 97 'alloca' 'RRo' <Predicate = true> <Delay = 0.00>
ST_1 : Operation 98 [1/1] (0.00ns)   --->   "%RIi = alloca i64 1" [../include/stdCpt.hpp:48]   --->   Operation 98 'alloca' 'RIi' <Predicate = true> <Delay = 0.00>
ST_1 : Operation 99 [1/1] (0.00ns)   --->   "%RIo = alloca i64 1" [../include/stdCpt.hpp:49]   --->   Operation 99 'alloca' 'RIo' <Predicate = true> <Delay = 0.00>
ST_1 : Operation 100 [1/1] (0.00ns)   --->   "%deviation_list_R = alloca i64 1" [../include/stdCpt.hpp:60]   --->   Operation 100 'alloca' 'deviation_list_R' <Predicate = true> <Delay = 0.00>
ST_1 : Operation 101 [1/1] (0.00ns)   --->   "%deviation_list_I = alloca i64 1" [../include/stdCpt.hpp:62]   --->   Operation 101 'alloca' 'deviation_list_I' <Predicate = true> <Delay = 0.00>
ST_1 : Operation 102 [1/1] (0.00ns)   --->   "%empty = wait i32 @_ssdm_op_Wait"   --->   Operation 102 'wait' 'empty' <Predicate = true> <Delay = 0.00>
ST_1 : Operation 103 [2/2] (0.00ns)   --->   "%call_ln0 = call void @STDCpt<2048, 3, double>_Pipeline_loop_2, i64 %RRi, i64 %RIi, i64 %stream_Brd_Acq_Real_out_2_STD_Computation_raw_data_real_i, i64 %stream_Brd_Acq_Im_out_1_STD_Computation_raw_data_im_i"   --->   Operation 103 'call' 'call_ln0' <Predicate = true> <Delay = 0.00> <CoreType = "Generic">   --->   Core 0 '' <Latency = 0> <II = 1> <Delay = 1.00> <Generic> <Opcode : >

State 2 <SV = 1> <Delay = 0.00>
ST_2 : Operation 104 [1/2] (0.00ns)   --->   "%call_ln0 = call void @STDCpt<2048, 3, double>_Pipeline_loop_2, i64 %RRi, i64 %RIi, i64 %stream_Brd_Acq_Real_out_2_STD_Computation_raw_data_real_i, i64 %stream_Brd_Acq_Im_out_1_STD_Computation_raw_data_im_i"   --->   Operation 104 'call' 'call_ln0' <Predicate = true> <Delay = 0.00> <CoreType = "Generic">   --->   Core 0 '' <Latency = 0> <II = 1> <Delay = 1.00> <Generic> <Opcode : >

State 3 <SV = 2> <Delay = 0.00>
ST_3 : Operation 105 [1/1] (0.00ns)   --->   "%empty_315 = wait i32 @_ssdm_op_Wait"   --->   Operation 105 'wait' 'empty_315' <Predicate = true> <Delay = 0.00>
ST_3 : Operation 106 [2/2] (0.00ns)   --->   "%call_ln0 = call void @STDCpt<2048, 3, double>_Pipeline_VITIS_LOOP_21_1, i64 %RRi, i64 %sum_loc"   --->   Operation 106 'call' 'call_ln0' <Predicate = true> <Delay = 0.00> <CoreType = "Generic">   --->   Core 0 '' <Latency = 0> <II = 1> <Delay = 1.00> <Generic> <Opcode : >
ST_3 : Operation 107 [2/2] (0.00ns)   --->   "%call_ln0 = call void @STDCpt<2048, 3, double>_Pipeline_VITIS_LOOP_21_111, i64 %RIi, i64 %sum_2_loc"   --->   Operation 107 'call' 'call_ln0' <Predicate = true> <Delay = 0.00> <CoreType = "Generic">   --->   Core 0 '' <Latency = 0> <II = 1> <Delay = 1.00> <Generic> <Opcode : >

State 4 <SV = 3> <Delay = 0.00>
ST_4 : Operation 108 [1/2] (0.00ns)   --->   "%call_ln0 = call void @STDCpt<2048, 3, double>_Pipeline_VITIS_LOOP_21_1, i64 %RRi, i64 %sum_loc"   --->   Operation 108 'call' 'call_ln0' <Predicate = true> <Delay = 0.00> <CoreType = "Generic">   --->   Core 0 '' <Latency = 0> <II = 1> <Delay = 1.00> <Generic> <Opcode : >
ST_4 : Operation 109 [1/2] (0.00ns)   --->   "%call_ln0 = call void @STDCpt<2048, 3, double>_Pipeline_VITIS_LOOP_21_111, i64 %RIi, i64 %sum_2_loc"   --->   Operation 109 'call' 'call_ln0' <Predicate = true> <Delay = 0.00> <CoreType = "Generic">   --->   Core 0 '' <Latency = 0> <II = 1> <Delay = 1.00> <Generic> <Opcode : >

State 5 <SV = 4> <Delay = 6.71>
ST_5 : Operation 110 [1/1] (0.00ns)   --->   "%sum_loc_load = load i64 %sum_loc"   --->   Operation 110 'load' 'sum_loc_load' <Predicate = true> <Delay = 0.00>
ST_5 : Operation 111 [7/7] (6.71ns)   --->   "%average_R = dmul i64 %sum_loc_load, i64 0.000488281" [../include/stdCpt.hpp:25]   --->   Operation 111 'dmul' 'average_R' <Predicate = true> <Delay = 6.71> <CoreInst = "DMul_maxdsp">   --->   Core 49 'DMul_maxdsp' <Latency = 6> <II = 1> <Delay = 6.71> <FuncUnit> <Opcode : 'dmul'> <InPorts = 2> <OutPorts = 1>

State 6 <SV = 5> <Delay = 6.71>
ST_6 : Operation 112 [6/7] (6.71ns)   --->   "%average_R = dmul i64 %sum_loc_load, i64 0.000488281" [../include/stdCpt.hpp:25]   --->   Operation 112 'dmul' 'average_R' <Predicate = true> <Delay = 6.71> <CoreInst = "DMul_maxdsp">   --->   Core 49 'DMul_maxdsp' <Latency = 6> <II = 1> <Delay = 6.71> <FuncUnit> <Opcode : 'dmul'> <InPorts = 2> <OutPorts = 1>

State 7 <SV = 6> <Delay = 6.71>
ST_7 : Operation 113 [1/1] (0.00ns)   --->   "%sum_2_loc_load = load i64 %sum_2_loc"   --->   Operation 113 'load' 'sum_2_loc_load' <Predicate = true> <Delay = 0.00>
ST_7 : Operation 114 [5/7] (6.71ns)   --->   "%average_R = dmul i64 %sum_loc_load, i64 0.000488281" [../include/stdCpt.hpp:25]   --->   Operation 114 'dmul' 'average_R' <Predicate = true> <Delay = 6.71> <CoreInst = "DMul_maxdsp">   --->   Core 49 'DMul_maxdsp' <Latency = 6> <II = 1> <Delay = 6.71> <FuncUnit> <Opcode : 'dmul'> <InPorts = 2> <OutPorts = 1>
ST_7 : Operation 115 [7/7] (6.71ns)   --->   "%av_i = dmul i64 %sum_2_loc_load, i64 0.000488281" [../include/stdCpt.hpp:25]   --->   Operation 115 'dmul' 'av_i' <Predicate = true> <Delay = 6.71> <CoreInst = "DMul_maxdsp">   --->   Core 49 'DMul_maxdsp' <Latency = 6> <II = 1> <Delay = 6.71> <FuncUnit> <Opcode : 'dmul'> <InPorts = 2> <OutPorts = 1>

State 8 <SV = 7> <Delay = 6.71>
ST_8 : Operation 116 [4/7] (6.71ns)   --->   "%average_R = dmul i64 %sum_loc_load, i64 0.000488281" [../include/stdCpt.hpp:25]   --->   Operation 116 'dmul' 'average_R' <Predicate = true> <Delay = 6.71> <CoreInst = "DMul_maxdsp">   --->   Core 49 'DMul_maxdsp' <Latency = 6> <II = 1> <Delay = 6.71> <FuncUnit> <Opcode : 'dmul'> <InPorts = 2> <OutPorts = 1>
ST_8 : Operation 117 [6/7] (6.71ns)   --->   "%av_i = dmul i64 %sum_2_loc_load, i64 0.000488281" [../include/stdCpt.hpp:25]   --->   Operation 117 'dmul' 'av_i' <Predicate = true> <Delay = 6.71> <CoreInst = "DMul_maxdsp">   --->   Core 49 'DMul_maxdsp' <Latency = 6> <II = 1> <Delay = 6.71> <FuncUnit> <Opcode : 'dmul'> <InPorts = 2> <OutPorts = 1>

State 9 <SV = 8> <Delay = 6.71>
ST_9 : Operation 118 [3/7] (6.71ns)   --->   "%average_R = dmul i64 %sum_loc_load, i64 0.000488281" [../include/stdCpt.hpp:25]   --->   Operation 118 'dmul' 'average_R' <Predicate = true> <Delay = 6.71> <CoreInst = "DMul_maxdsp">   --->   Core 49 'DMul_maxdsp' <Latency = 6> <II = 1> <Delay = 6.71> <FuncUnit> <Opcode : 'dmul'> <InPorts = 2> <OutPorts = 1>
ST_9 : Operation 119 [5/7] (6.71ns)   --->   "%av_i = dmul i64 %sum_2_loc_load, i64 0.000488281" [../include/stdCpt.hpp:25]   --->   Operation 119 'dmul' 'av_i' <Predicate = true> <Delay = 6.71> <CoreInst = "DMul_maxdsp">   --->   Core 49 'DMul_maxdsp' <Latency = 6> <II = 1> <Delay = 6.71> <FuncUnit> <Opcode : 'dmul'> <InPorts = 2> <OutPorts = 1>

State 10 <SV = 9> <Delay = 6.71>
ST_10 : Operation 120 [2/7] (6.71ns)   --->   "%average_R = dmul i64 %sum_loc_load, i64 0.000488281" [../include/stdCpt.hpp:25]   --->   Operation 120 'dmul' 'average_R' <Predicate = true> <Delay = 6.71> <CoreInst = "DMul_maxdsp">   --->   Core 49 'DMul_maxdsp' <Latency = 6> <II = 1> <Delay = 6.71> <FuncUnit> <Opcode : 'dmul'> <InPorts = 2> <OutPorts = 1>
ST_10 : Operation 121 [4/7] (6.71ns)   --->   "%av_i = dmul i64 %sum_2_loc_load, i64 0.000488281" [../include/stdCpt.hpp:25]   --->   Operation 121 'dmul' 'av_i' <Predicate = true> <Delay = 6.71> <CoreInst = "DMul_maxdsp">   --->   Core 49 'DMul_maxdsp' <Latency = 6> <II = 1> <Delay = 6.71> <FuncUnit> <Opcode : 'dmul'> <InPorts = 2> <OutPorts = 1>

State 11 <SV = 10> <Delay = 6.71>
ST_11 : Operation 122 [1/7] (6.71ns)   --->   "%average_R = dmul i64 %sum_loc_load, i64 0.000488281" [../include/stdCpt.hpp:25]   --->   Operation 122 'dmul' 'average_R' <Predicate = true> <Delay = 6.71> <CoreInst = "DMul_maxdsp">   --->   Core 49 'DMul_maxdsp' <Latency = 6> <II = 1> <Delay = 6.71> <FuncUnit> <Opcode : 'dmul'> <InPorts = 2> <OutPorts = 1>
ST_11 : Operation 123 [2/2] (0.00ns)   --->   "%call_ln25 = call void @STDCpt<2048, 3, double>_Pipeline_VITIS_LOOP_39_1, i64 %RRi, i64 %average_R, i64 %deviation_list_R, i6 %pow_reduce_anonymous_namespace_log_inverse_lut_table_pow_0_5_64_array_V, i109 %pow_reduce_anonymous_namespace_log0_lut_table_ap_fixed_121_12_ap_q_mode_5_ap_o_mode_3_0_double_0_5_64_array_V, i105 %pow_reduce_anonymous_namespace_log_lut_table_ap_fixed_121_12_ap_q_mode_5_ap_o_mode_3_0_4_4_16_array_V, i102 %pow_reduce_anonymous_namespace_log_lut_table_ap_fixed_121_12_ap_q_mode_5_ap_o_mode_3_0_7_6_64_array_V, i97 %pow_reduce_anonymous_namespace_log_lut_table_ap_fixed_121_12_ap_q_mode_5_ap_o_mode_3_0_12_6_64_array_V, i92 %pow_reduce_anonymous_namespace_log_lut_table_ap_fixed_121_12_ap_q_mode_5_ap_o_mode_3_0_17_6_64_array_V, i87 %pow_reduce_anonymous_namespace_log_lut_table_ap_fixed_121_12_ap_q_mode_5_ap_o_mode_3_0_22_6_64_array_V, i82 %pow_reduce_anonymous_namespace_log_lut_table_ap_fixed_121_12_ap_q_mode_5_ap_o_mode_3_0_27_6_64_array_V, i77 %pow_reduce_anonymous_namespace_log_lut_table_ap_fixed_121_12_ap_q_mode_5_ap_o_mode_3_0_32_6_64_array_V, i58 %pow_reduce_anonymous_namespace_table_exp_Z1_ap_ufixed_58_1_ap_q_mode_5_ap_o_mode_3_0_array_V, i26 %pow_reduce_anonymous_namespace_table_f_Z3_ap_ufixed_59_0_ap_q_mode_5_ap_o_mode_3_0_array_V, i42 %pow_reduce_anonymous_namespace_table_f_Z2_ap_ufixed_59_0_ap_q_mode_5_ap_o_mode_3_0_array_V" [../include/stdCpt.hpp:25]   --->   Operation 123 'call' 'call_ln25' <Predicate = true> <Delay = 0.00> <CoreType = "Generic">   --->   Core 0 '' <Latency = 0> <II = 1> <Delay = 1.00> <Generic> <Opcode : >
ST_11 : Operation 124 [3/7] (6.71ns)   --->   "%av_i = dmul i64 %sum_2_loc_load, i64 0.000488281" [../include/stdCpt.hpp:25]   --->   Operation 124 'dmul' 'av_i' <Predicate = true> <Delay = 6.71> <CoreInst = "DMul_maxdsp">   --->   Core 49 'DMul_maxdsp' <Latency = 6> <II = 1> <Delay = 6.71> <FuncUnit> <Opcode : 'dmul'> <InPorts = 2> <OutPorts = 1>

State 12 <SV = 11> <Delay = 6.71>
ST_12 : Operation 125 [1/2] (0.00ns)   --->   "%call_ln25 = call void @STDCpt<2048, 3, double>_Pipeline_VITIS_LOOP_39_1, i64 %RRi, i64 %average_R, i64 %deviation_list_R, i6 %pow_reduce_anonymous_namespace_log_inverse_lut_table_pow_0_5_64_array_V, i109 %pow_reduce_anonymous_namespace_log0_lut_table_ap_fixed_121_12_ap_q_mode_5_ap_o_mode_3_0_double_0_5_64_array_V, i105 %pow_reduce_anonymous_namespace_log_lut_table_ap_fixed_121_12_ap_q_mode_5_ap_o_mode_3_0_4_4_16_array_V, i102 %pow_reduce_anonymous_namespace_log_lut_table_ap_fixed_121_12_ap_q_mode_5_ap_o_mode_3_0_7_6_64_array_V, i97 %pow_reduce_anonymous_namespace_log_lut_table_ap_fixed_121_12_ap_q_mode_5_ap_o_mode_3_0_12_6_64_array_V, i92 %pow_reduce_anonymous_namespace_log_lut_table_ap_fixed_121_12_ap_q_mode_5_ap_o_mode_3_0_17_6_64_array_V, i87 %pow_reduce_anonymous_namespace_log_lut_table_ap_fixed_121_12_ap_q_mode_5_ap_o_mode_3_0_22_6_64_array_V, i82 %pow_reduce_anonymous_namespace_log_lut_table_ap_fixed_121_12_ap_q_mode_5_ap_o_mode_3_0_27_6_64_array_V, i77 %pow_reduce_anonymous_namespace_log_lut_table_ap_fixed_121_12_ap_q_mode_5_ap_o_mode_3_0_32_6_64_array_V, i58 %pow_reduce_anonymous_namespace_table_exp_Z1_ap_ufixed_58_1_ap_q_mode_5_ap_o_mode_3_0_array_V, i26 %pow_reduce_anonymous_namespace_table_f_Z3_ap_ufixed_59_0_ap_q_mode_5_ap_o_mode_3_0_array_V, i42 %pow_reduce_anonymous_namespace_table_f_Z2_ap_ufixed_59_0_ap_q_mode_5_ap_o_mode_3_0_array_V" [../include/stdCpt.hpp:25]   --->   Operation 125 'call' 'call_ln25' <Predicate = true> <Delay = 0.00> <CoreType = "Generic">   --->   Core 0 '' <Latency = 0> <II = 1> <Delay = 1.00> <Generic> <Opcode : >
ST_12 : Operation 126 [2/7] (6.71ns)   --->   "%av_i = dmul i64 %sum_2_loc_load, i64 0.000488281" [../include/stdCpt.hpp:25]   --->   Operation 126 'dmul' 'av_i' <Predicate = true> <Delay = 6.71> <CoreInst = "DMul_maxdsp">   --->   Core 49 'DMul_maxdsp' <Latency = 6> <II = 1> <Delay = 6.71> <FuncUnit> <Opcode : 'dmul'> <InPorts = 2> <OutPorts = 1>

State 13 <SV = 12> <Delay = 6.71>
ST_13 : Operation 127 [1/7] (6.71ns)   --->   "%av_i = dmul i64 %sum_2_loc_load, i64 0.000488281" [../include/stdCpt.hpp:25]   --->   Operation 127 'dmul' 'av_i' <Predicate = true> <Delay = 6.71> <CoreInst = "DMul_maxdsp">   --->   Core 49 'DMul_maxdsp' <Latency = 6> <II = 1> <Delay = 6.71> <FuncUnit> <Opcode : 'dmul'> <InPorts = 2> <OutPorts = 1>
ST_13 : Operation 128 [2/2] (0.00ns)   --->   "%call_ln25 = call void @STDCpt<2048, 3, double>_Pipeline_VITIS_LOOP_39_112, i64 %RIi, i64 %av_i, i64 %deviation_list_I, i6 %pow_reduce_anonymous_namespace_log_inverse_lut_table_pow_0_5_64_array_V, i109 %pow_reduce_anonymous_namespace_log0_lut_table_ap_fixed_121_12_ap_q_mode_5_ap_o_mode_3_0_double_0_5_64_array_V, i105 %pow_reduce_anonymous_namespace_log_lut_table_ap_fixed_121_12_ap_q_mode_5_ap_o_mode_3_0_4_4_16_array_V, i102 %pow_reduce_anonymous_namespace_log_lut_table_ap_fixed_121_12_ap_q_mode_5_ap_o_mode_3_0_7_6_64_array_V, i97 %pow_reduce_anonymous_namespace_log_lut_table_ap_fixed_121_12_ap_q_mode_5_ap_o_mode_3_0_12_6_64_array_V, i92 %pow_reduce_anonymous_namespace_log_lut_table_ap_fixed_121_12_ap_q_mode_5_ap_o_mode_3_0_17_6_64_array_V, i87 %pow_reduce_anonymous_namespace_log_lut_table_ap_fixed_121_12_ap_q_mode_5_ap_o_mode_3_0_22_6_64_array_V, i82 %pow_reduce_anonymous_namespace_log_lut_table_ap_fixed_121_12_ap_q_mode_5_ap_o_mode_3_0_27_6_64_array_V, i77 %pow_reduce_anonymous_namespace_log_lut_table_ap_fixed_121_12_ap_q_mode_5_ap_o_mode_3_0_32_6_64_array_V, i58 %pow_reduce_anonymous_namespace_table_exp_Z1_ap_ufixed_58_1_ap_q_mode_5_ap_o_mode_3_0_array_V, i26 %pow_reduce_anonymous_namespace_table_f_Z3_ap_ufixed_59_0_ap_q_mode_5_ap_o_mode_3_0_array_V, i42 %pow_reduce_anonymous_namespace_table_f_Z2_ap_ufixed_59_0_ap_q_mode_5_ap_o_mode_3_0_array_V" [../include/stdCpt.hpp:25]   --->   Operation 128 'call' 'call_ln25' <Predicate = true> <Delay = 0.00> <CoreType = "Generic">   --->   Core 0 '' <Latency = 0> <II = 1> <Delay = 1.00> <Generic> <Opcode : >
ST_13 : Operation 129 [2/2] (0.00ns)   --->   "%call_ln0 = call void @STDCpt<2048, 3, double>_Pipeline_VITIS_LOOP_32_1, i64 %deviation_list_R, i64 %sum_4_loc"   --->   Operation 129 'call' 'call_ln0' <Predicate = true> <Delay = 0.00> <CoreType = "Generic">   --->   Core 0 '' <Latency = 0> <II = 1> <Delay = 1.00> <Generic> <Opcode : >

State 14 <SV = 13> <Delay = 0.00>
ST_14 : Operation 130 [1/2] (0.00ns)   --->   "%call_ln25 = call void @STDCpt<2048, 3, double>_Pipeline_VITIS_LOOP_39_112, i64 %RIi, i64 %av_i, i64 %deviation_list_I, i6 %pow_reduce_anonymous_namespace_log_inverse_lut_table_pow_0_5_64_array_V, i109 %pow_reduce_anonymous_namespace_log0_lut_table_ap_fixed_121_12_ap_q_mode_5_ap_o_mode_3_0_double_0_5_64_array_V, i105 %pow_reduce_anonymous_namespace_log_lut_table_ap_fixed_121_12_ap_q_mode_5_ap_o_mode_3_0_4_4_16_array_V, i102 %pow_reduce_anonymous_namespace_log_lut_table_ap_fixed_121_12_ap_q_mode_5_ap_o_mode_3_0_7_6_64_array_V, i97 %pow_reduce_anonymous_namespace_log_lut_table_ap_fixed_121_12_ap_q_mode_5_ap_o_mode_3_0_12_6_64_array_V, i92 %pow_reduce_anonymous_namespace_log_lut_table_ap_fixed_121_12_ap_q_mode_5_ap_o_mode_3_0_17_6_64_array_V, i87 %pow_reduce_anonymous_namespace_log_lut_table_ap_fixed_121_12_ap_q_mode_5_ap_o_mode_3_0_22_6_64_array_V, i82 %pow_reduce_anonymous_namespace_log_lut_table_ap_fixed_121_12_ap_q_mode_5_ap_o_mode_3_0_27_6_64_array_V, i77 %pow_reduce_anonymous_namespace_log_lut_table_ap_fixed_121_12_ap_q_mode_5_ap_o_mode_3_0_32_6_64_array_V, i58 %pow_reduce_anonymous_namespace_table_exp_Z1_ap_ufixed_58_1_ap_q_mode_5_ap_o_mode_3_0_array_V, i26 %pow_reduce_anonymous_namespace_table_f_Z3_ap_ufixed_59_0_ap_q_mode_5_ap_o_mode_3_0_array_V, i42 %pow_reduce_anonymous_namespace_table_f_Z2_ap_ufixed_59_0_ap_q_mode_5_ap_o_mode_3_0_array_V" [../include/stdCpt.hpp:25]   --->   Operation 130 'call' 'call_ln25' <Predicate = true> <Delay = 0.00> <CoreType = "Generic">   --->   Core 0 '' <Latency = 0> <II = 1> <Delay = 1.00> <Generic> <Opcode : >
ST_14 : Operation 131 [1/2] (0.00ns)   --->   "%call_ln0 = call void @STDCpt<2048, 3, double>_Pipeline_VITIS_LOOP_32_1, i64 %deviation_list_R, i64 %sum_4_loc"   --->   Operation 131 'call' 'call_ln0' <Predicate = true> <Delay = 0.00> <CoreType = "Generic">   --->   Core 0 '' <Latency = 0> <II = 1> <Delay = 1.00> <Generic> <Opcode : >

State 15 <SV = 14> <Delay = 0.00>
ST_15 : Operation 132 [2/2] (0.00ns)   --->   "%call_ln0 = call void @STDCpt<2048, 3, double>_Pipeline_VITIS_LOOP_32_113, i64 %deviation_list_I, i64 %sum_6_loc"   --->   Operation 132 'call' 'call_ln0' <Predicate = true> <Delay = 0.00> <CoreType = "Generic">   --->   Core 0 '' <Latency = 0> <II = 1> <Delay = 1.00> <Generic> <Opcode : >

State 16 <SV = 15> <Delay = 0.00>
ST_16 : Operation 133 [1/2] (0.00ns)   --->   "%call_ln0 = call void @STDCpt<2048, 3, double>_Pipeline_VITIS_LOOP_32_113, i64 %deviation_list_I, i64 %sum_6_loc"   --->   Operation 133 'call' 'call_ln0' <Predicate = true> <Delay = 0.00> <CoreType = "Generic">   --->   Core 0 '' <Latency = 0> <II = 1> <Delay = 1.00> <Generic> <Opcode : >

State 17 <SV = 16> <Delay = 6.71>
ST_17 : Operation 134 [1/1] (0.00ns)   --->   "%sum_4_loc_load = load i64 %sum_4_loc"   --->   Operation 134 'load' 'sum_4_loc_load' <Predicate = true> <Delay = 0.00>
ST_17 : Operation 135 [1/1] (0.00ns)   --->   "%sum_6_loc_load = load i64 %sum_6_loc"   --->   Operation 135 'load' 'sum_6_loc_load' <Predicate = true> <Delay = 0.00>
ST_17 : Operation 136 [7/7] (6.71ns)   --->   "%variance_R = dmul i64 %sum_4_loc_load, i64 0.000488281" [../include/stdCpt.hpp:36]   --->   Operation 136 'dmul' 'variance_R' <Predicate = true> <Delay = 6.71> <CoreInst = "DMul_maxdsp">   --->   Core 49 'DMul_maxdsp' <Latency = 6> <II = 1> <Delay = 6.71> <FuncUnit> <Opcode : 'dmul'> <InPorts = 2> <OutPorts = 1>
ST_17 : Operation 137 [7/7] (6.71ns)   --->   "%variance_I = dmul i64 %sum_6_loc_load, i64 0.000488281" [../include/stdCpt.hpp:36]   --->   Operation 137 'dmul' 'variance_I' <Predicate = true> <Delay = 6.71> <CoreInst = "DMul_maxdsp">   --->   Core 49 'DMul_maxdsp' <Latency = 6> <II = 1> <Delay = 6.71> <FuncUnit> <Opcode : 'dmul'> <InPorts = 2> <OutPorts = 1>

State 18 <SV = 17> <Delay = 6.71>
ST_18 : Operation 138 [6/7] (6.71ns)   --->   "%variance_R = dmul i64 %sum_4_loc_load, i64 0.000488281" [../include/stdCpt.hpp:36]   --->   Operation 138 'dmul' 'variance_R' <Predicate = true> <Delay = 6.71> <CoreInst = "DMul_maxdsp">   --->   Core 49 'DMul_maxdsp' <Latency = 6> <II = 1> <Delay = 6.71> <FuncUnit> <Opcode : 'dmul'> <InPorts = 2> <OutPorts = 1>
ST_18 : Operation 139 [6/7] (6.71ns)   --->   "%variance_I = dmul i64 %sum_6_loc_load, i64 0.000488281" [../include/stdCpt.hpp:36]   --->   Operation 139 'dmul' 'variance_I' <Predicate = true> <Delay = 6.71> <CoreInst = "DMul_maxdsp">   --->   Core 49 'DMul_maxdsp' <Latency = 6> <II = 1> <Delay = 6.71> <FuncUnit> <Opcode : 'dmul'> <InPorts = 2> <OutPorts = 1>

State 19 <SV = 18> <Delay = 6.71>
ST_19 : Operation 140 [5/7] (6.71ns)   --->   "%variance_R = dmul i64 %sum_4_loc_load, i64 0.000488281" [../include/stdCpt.hpp:36]   --->   Operation 140 'dmul' 'variance_R' <Predicate = true> <Delay = 6.71> <CoreInst = "DMul_maxdsp">   --->   Core 49 'DMul_maxdsp' <Latency = 6> <II = 1> <Delay = 6.71> <FuncUnit> <Opcode : 'dmul'> <InPorts = 2> <OutPorts = 1>
ST_19 : Operation 141 [5/7] (6.71ns)   --->   "%variance_I = dmul i64 %sum_6_loc_load, i64 0.000488281" [../include/stdCpt.hpp:36]   --->   Operation 141 'dmul' 'variance_I' <Predicate = true> <Delay = 6.71> <CoreInst = "DMul_maxdsp">   --->   Core 49 'DMul_maxdsp' <Latency = 6> <II = 1> <Delay = 6.71> <FuncUnit> <Opcode : 'dmul'> <InPorts = 2> <OutPorts = 1>

State 20 <SV = 19> <Delay = 6.71>
ST_20 : Operation 142 [4/7] (6.71ns)   --->   "%variance_R = dmul i64 %sum_4_loc_load, i64 0.000488281" [../include/stdCpt.hpp:36]   --->   Operation 142 'dmul' 'variance_R' <Predicate = true> <Delay = 6.71> <CoreInst = "DMul_maxdsp">   --->   Core 49 'DMul_maxdsp' <Latency = 6> <II = 1> <Delay = 6.71> <FuncUnit> <Opcode : 'dmul'> <InPorts = 2> <OutPorts = 1>
ST_20 : Operation 143 [4/7] (6.71ns)   --->   "%variance_I = dmul i64 %sum_6_loc_load, i64 0.000488281" [../include/stdCpt.hpp:36]   --->   Operation 143 'dmul' 'variance_I' <Predicate = true> <Delay = 6.71> <CoreInst = "DMul_maxdsp">   --->   Core 49 'DMul_maxdsp' <Latency = 6> <II = 1> <Delay = 6.71> <FuncUnit> <Opcode : 'dmul'> <InPorts = 2> <OutPorts = 1>

State 21 <SV = 20> <Delay = 6.71>
ST_21 : Operation 144 [3/7] (6.71ns)   --->   "%variance_R = dmul i64 %sum_4_loc_load, i64 0.000488281" [../include/stdCpt.hpp:36]   --->   Operation 144 'dmul' 'variance_R' <Predicate = true> <Delay = 6.71> <CoreInst = "DMul_maxdsp">   --->   Core 49 'DMul_maxdsp' <Latency = 6> <II = 1> <Delay = 6.71> <FuncUnit> <Opcode : 'dmul'> <InPorts = 2> <OutPorts = 1>
ST_21 : Operation 145 [3/7] (6.71ns)   --->   "%variance_I = dmul i64 %sum_6_loc_load, i64 0.000488281" [../include/stdCpt.hpp:36]   --->   Operation 145 'dmul' 'variance_I' <Predicate = true> <Delay = 6.71> <CoreInst = "DMul_maxdsp">   --->   Core 49 'DMul_maxdsp' <Latency = 6> <II = 1> <Delay = 6.71> <FuncUnit> <Opcode : 'dmul'> <InPorts = 2> <OutPorts = 1>

State 22 <SV = 21> <Delay = 6.71>
ST_22 : Operation 146 [2/7] (6.71ns)   --->   "%variance_R = dmul i64 %sum_4_loc_load, i64 0.000488281" [../include/stdCpt.hpp:36]   --->   Operation 146 'dmul' 'variance_R' <Predicate = true> <Delay = 6.71> <CoreInst = "DMul_maxdsp">   --->   Core 49 'DMul_maxdsp' <Latency = 6> <II = 1> <Delay = 6.71> <FuncUnit> <Opcode : 'dmul'> <InPorts = 2> <OutPorts = 1>
ST_22 : Operation 147 [2/7] (6.71ns)   --->   "%variance_I = dmul i64 %sum_6_loc_load, i64 0.000488281" [../include/stdCpt.hpp:36]   --->   Operation 147 'dmul' 'variance_I' <Predicate = true> <Delay = 6.71> <CoreInst = "DMul_maxdsp">   --->   Core 49 'DMul_maxdsp' <Latency = 6> <II = 1> <Delay = 6.71> <FuncUnit> <Opcode : 'dmul'> <InPorts = 2> <OutPorts = 1>

State 23 <SV = 22> <Delay = 6.71>
ST_23 : Operation 148 [1/7] (6.71ns)   --->   "%variance_R = dmul i64 %sum_4_loc_load, i64 0.000488281" [../include/stdCpt.hpp:36]   --->   Operation 148 'dmul' 'variance_R' <Predicate = true> <Delay = 6.71> <CoreInst = "DMul_maxdsp">   --->   Core 49 'DMul_maxdsp' <Latency = 6> <II = 1> <Delay = 6.71> <FuncUnit> <Opcode : 'dmul'> <InPorts = 2> <OutPorts = 1>
ST_23 : Operation 149 [1/7] (6.71ns)   --->   "%variance_I = dmul i64 %sum_6_loc_load, i64 0.000488281" [../include/stdCpt.hpp:36]   --->   Operation 149 'dmul' 'variance_I' <Predicate = true> <Delay = 6.71> <CoreInst = "DMul_maxdsp">   --->   Core 49 'DMul_maxdsp' <Latency = 6> <II = 1> <Delay = 6.71> <FuncUnit> <Opcode : 'dmul'> <InPorts = 2> <OutPorts = 1>

State 24 <SV = 23> <Delay = 5.17>
ST_24 : Operation 150 [57/57] (5.17ns)   --->   "%tmp_7_i = dsqrt i64 @llvm.sqrt.f64, i64 %variance_R" [../include/stdCpt.hpp:73]   --->   Operation 150 'dsqrt' 'tmp_7_i' <Predicate = true> <Delay = 5.17> <CoreInst = "DSqrt">   --->   Core 52 'DSqrt' <Latency = 56> <II = 1> <Delay = 5.17> <FuncUnit> <Opcode : 'dsqrt'> <InPorts = 1> <OutPorts = 1>
ST_24 : Operation 151 [57/57] (5.17ns)   --->   "%tmp_8_i = dsqrt i64 @llvm.sqrt.f64, i64 %variance_I" [../include/stdCpt.hpp:74]   --->   Operation 151 'dsqrt' 'tmp_8_i' <Predicate = true> <Delay = 5.17> <CoreInst = "DSqrt">   --->   Core 52 'DSqrt' <Latency = 56> <II = 1> <Delay = 5.17> <FuncUnit> <Opcode : 'dsqrt'> <InPorts = 1> <OutPorts = 1>

State 25 <SV = 24> <Delay = 5.17>
ST_25 : Operation 152 [56/57] (5.17ns)   --->   "%tmp_7_i = dsqrt i64 @llvm.sqrt.f64, i64 %variance_R" [../include/stdCpt.hpp:73]   --->   Operation 152 'dsqrt' 'tmp_7_i' <Predicate = true> <Delay = 5.17> <CoreInst = "DSqrt">   --->   Core 52 'DSqrt' <Latency = 56> <II = 1> <Delay = 5.17> <FuncUnit> <Opcode : 'dsqrt'> <InPorts = 1> <OutPorts = 1>
ST_25 : Operation 153 [56/57] (5.17ns)   --->   "%tmp_8_i = dsqrt i64 @llvm.sqrt.f64, i64 %variance_I" [../include/stdCpt.hpp:74]   --->   Operation 153 'dsqrt' 'tmp_8_i' <Predicate = true> <Delay = 5.17> <CoreInst = "DSqrt">   --->   Core 52 'DSqrt' <Latency = 56> <II = 1> <Delay = 5.17> <FuncUnit> <Opcode : 'dsqrt'> <InPorts = 1> <OutPorts = 1>

State 26 <SV = 25> <Delay = 5.17>
ST_26 : Operation 154 [55/57] (5.17ns)   --->   "%tmp_7_i = dsqrt i64 @llvm.sqrt.f64, i64 %variance_R" [../include/stdCpt.hpp:73]   --->   Operation 154 'dsqrt' 'tmp_7_i' <Predicate = true> <Delay = 5.17> <CoreInst = "DSqrt">   --->   Core 52 'DSqrt' <Latency = 56> <II = 1> <Delay = 5.17> <FuncUnit> <Opcode : 'dsqrt'> <InPorts = 1> <OutPorts = 1>
ST_26 : Operation 155 [55/57] (5.17ns)   --->   "%tmp_8_i = dsqrt i64 @llvm.sqrt.f64, i64 %variance_I" [../include/stdCpt.hpp:74]   --->   Operation 155 'dsqrt' 'tmp_8_i' <Predicate = true> <Delay = 5.17> <CoreInst = "DSqrt">   --->   Core 52 'DSqrt' <Latency = 56> <II = 1> <Delay = 5.17> <FuncUnit> <Opcode : 'dsqrt'> <InPorts = 1> <OutPorts = 1>

State 27 <SV = 26> <Delay = 5.17>
ST_27 : Operation 156 [54/57] (5.17ns)   --->   "%tmp_7_i = dsqrt i64 @llvm.sqrt.f64, i64 %variance_R" [../include/stdCpt.hpp:73]   --->   Operation 156 'dsqrt' 'tmp_7_i' <Predicate = true> <Delay = 5.17> <CoreInst = "DSqrt">   --->   Core 52 'DSqrt' <Latency = 56> <II = 1> <Delay = 5.17> <FuncUnit> <Opcode : 'dsqrt'> <InPorts = 1> <OutPorts = 1>
ST_27 : Operation 157 [54/57] (5.17ns)   --->   "%tmp_8_i = dsqrt i64 @llvm.sqrt.f64, i64 %variance_I" [../include/stdCpt.hpp:74]   --->   Operation 157 'dsqrt' 'tmp_8_i' <Predicate = true> <Delay = 5.17> <CoreInst = "DSqrt">   --->   Core 52 'DSqrt' <Latency = 56> <II = 1> <Delay = 5.17> <FuncUnit> <Opcode : 'dsqrt'> <InPorts = 1> <OutPorts = 1>

State 28 <SV = 27> <Delay = 5.17>
ST_28 : Operation 158 [53/57] (5.17ns)   --->   "%tmp_7_i = dsqrt i64 @llvm.sqrt.f64, i64 %variance_R" [../include/stdCpt.hpp:73]   --->   Operation 158 'dsqrt' 'tmp_7_i' <Predicate = true> <Delay = 5.17> <CoreInst = "DSqrt">   --->   Core 52 'DSqrt' <Latency = 56> <II = 1> <Delay = 5.17> <FuncUnit> <Opcode : 'dsqrt'> <InPorts = 1> <OutPorts = 1>
ST_28 : Operation 159 [53/57] (5.17ns)   --->   "%tmp_8_i = dsqrt i64 @llvm.sqrt.f64, i64 %variance_I" [../include/stdCpt.hpp:74]   --->   Operation 159 'dsqrt' 'tmp_8_i' <Predicate = true> <Delay = 5.17> <CoreInst = "DSqrt">   --->   Core 52 'DSqrt' <Latency = 56> <II = 1> <Delay = 5.17> <FuncUnit> <Opcode : 'dsqrt'> <InPorts = 1> <OutPorts = 1>

State 29 <SV = 28> <Delay = 5.17>
ST_29 : Operation 160 [52/57] (5.17ns)   --->   "%tmp_7_i = dsqrt i64 @llvm.sqrt.f64, i64 %variance_R" [../include/stdCpt.hpp:73]   --->   Operation 160 'dsqrt' 'tmp_7_i' <Predicate = true> <Delay = 5.17> <CoreInst = "DSqrt">   --->   Core 52 'DSqrt' <Latency = 56> <II = 1> <Delay = 5.17> <FuncUnit> <Opcode : 'dsqrt'> <InPorts = 1> <OutPorts = 1>
ST_29 : Operation 161 [52/57] (5.17ns)   --->   "%tmp_8_i = dsqrt i64 @llvm.sqrt.f64, i64 %variance_I" [../include/stdCpt.hpp:74]   --->   Operation 161 'dsqrt' 'tmp_8_i' <Predicate = true> <Delay = 5.17> <CoreInst = "DSqrt">   --->   Core 52 'DSqrt' <Latency = 56> <II = 1> <Delay = 5.17> <FuncUnit> <Opcode : 'dsqrt'> <InPorts = 1> <OutPorts = 1>

State 30 <SV = 29> <Delay = 5.17>
ST_30 : Operation 162 [51/57] (5.17ns)   --->   "%tmp_7_i = dsqrt i64 @llvm.sqrt.f64, i64 %variance_R" [../include/stdCpt.hpp:73]   --->   Operation 162 'dsqrt' 'tmp_7_i' <Predicate = true> <Delay = 5.17> <CoreInst = "DSqrt">   --->   Core 52 'DSqrt' <Latency = 56> <II = 1> <Delay = 5.17> <FuncUnit> <Opcode : 'dsqrt'> <InPorts = 1> <OutPorts = 1>
ST_30 : Operation 163 [51/57] (5.17ns)   --->   "%tmp_8_i = dsqrt i64 @llvm.sqrt.f64, i64 %variance_I" [../include/stdCpt.hpp:74]   --->   Operation 163 'dsqrt' 'tmp_8_i' <Predicate = true> <Delay = 5.17> <CoreInst = "DSqrt">   --->   Core 52 'DSqrt' <Latency = 56> <II = 1> <Delay = 5.17> <FuncUnit> <Opcode : 'dsqrt'> <InPorts = 1> <OutPorts = 1>

State 31 <SV = 30> <Delay = 5.17>
ST_31 : Operation 164 [50/57] (5.17ns)   --->   "%tmp_7_i = dsqrt i64 @llvm.sqrt.f64, i64 %variance_R" [../include/stdCpt.hpp:73]   --->   Operation 164 'dsqrt' 'tmp_7_i' <Predicate = true> <Delay = 5.17> <CoreInst = "DSqrt">   --->   Core 52 'DSqrt' <Latency = 56> <II = 1> <Delay = 5.17> <FuncUnit> <Opcode : 'dsqrt'> <InPorts = 1> <OutPorts = 1>
ST_31 : Operation 165 [50/57] (5.17ns)   --->   "%tmp_8_i = dsqrt i64 @llvm.sqrt.f64, i64 %variance_I" [../include/stdCpt.hpp:74]   --->   Operation 165 'dsqrt' 'tmp_8_i' <Predicate = true> <Delay = 5.17> <CoreInst = "DSqrt">   --->   Core 52 'DSqrt' <Latency = 56> <II = 1> <Delay = 5.17> <FuncUnit> <Opcode : 'dsqrt'> <InPorts = 1> <OutPorts = 1>

State 32 <SV = 31> <Delay = 5.17>
ST_32 : Operation 166 [49/57] (5.17ns)   --->   "%tmp_7_i = dsqrt i64 @llvm.sqrt.f64, i64 %variance_R" [../include/stdCpt.hpp:73]   --->   Operation 166 'dsqrt' 'tmp_7_i' <Predicate = true> <Delay = 5.17> <CoreInst = "DSqrt">   --->   Core 52 'DSqrt' <Latency = 56> <II = 1> <Delay = 5.17> <FuncUnit> <Opcode : 'dsqrt'> <InPorts = 1> <OutPorts = 1>
ST_32 : Operation 167 [49/57] (5.17ns)   --->   "%tmp_8_i = dsqrt i64 @llvm.sqrt.f64, i64 %variance_I" [../include/stdCpt.hpp:74]   --->   Operation 167 'dsqrt' 'tmp_8_i' <Predicate = true> <Delay = 5.17> <CoreInst = "DSqrt">   --->   Core 52 'DSqrt' <Latency = 56> <II = 1> <Delay = 5.17> <FuncUnit> <Opcode : 'dsqrt'> <InPorts = 1> <OutPorts = 1>

State 33 <SV = 32> <Delay = 5.17>
ST_33 : Operation 168 [48/57] (5.17ns)   --->   "%tmp_7_i = dsqrt i64 @llvm.sqrt.f64, i64 %variance_R" [../include/stdCpt.hpp:73]   --->   Operation 168 'dsqrt' 'tmp_7_i' <Predicate = true> <Delay = 5.17> <CoreInst = "DSqrt">   --->   Core 52 'DSqrt' <Latency = 56> <II = 1> <Delay = 5.17> <FuncUnit> <Opcode : 'dsqrt'> <InPorts = 1> <OutPorts = 1>
ST_33 : Operation 169 [48/57] (5.17ns)   --->   "%tmp_8_i = dsqrt i64 @llvm.sqrt.f64, i64 %variance_I" [../include/stdCpt.hpp:74]   --->   Operation 169 'dsqrt' 'tmp_8_i' <Predicate = true> <Delay = 5.17> <CoreInst = "DSqrt">   --->   Core 52 'DSqrt' <Latency = 56> <II = 1> <Delay = 5.17> <FuncUnit> <Opcode : 'dsqrt'> <InPorts = 1> <OutPorts = 1>

State 34 <SV = 33> <Delay = 5.17>
ST_34 : Operation 170 [47/57] (5.17ns)   --->   "%tmp_7_i = dsqrt i64 @llvm.sqrt.f64, i64 %variance_R" [../include/stdCpt.hpp:73]   --->   Operation 170 'dsqrt' 'tmp_7_i' <Predicate = true> <Delay = 5.17> <CoreInst = "DSqrt">   --->   Core 52 'DSqrt' <Latency = 56> <II = 1> <Delay = 5.17> <FuncUnit> <Opcode : 'dsqrt'> <InPorts = 1> <OutPorts = 1>
ST_34 : Operation 171 [47/57] (5.17ns)   --->   "%tmp_8_i = dsqrt i64 @llvm.sqrt.f64, i64 %variance_I" [../include/stdCpt.hpp:74]   --->   Operation 171 'dsqrt' 'tmp_8_i' <Predicate = true> <Delay = 5.17> <CoreInst = "DSqrt">   --->   Core 52 'DSqrt' <Latency = 56> <II = 1> <Delay = 5.17> <FuncUnit> <Opcode : 'dsqrt'> <InPorts = 1> <OutPorts = 1>

State 35 <SV = 34> <Delay = 5.17>
ST_35 : Operation 172 [46/57] (5.17ns)   --->   "%tmp_7_i = dsqrt i64 @llvm.sqrt.f64, i64 %variance_R" [../include/stdCpt.hpp:73]   --->   Operation 172 'dsqrt' 'tmp_7_i' <Predicate = true> <Delay = 5.17> <CoreInst = "DSqrt">   --->   Core 52 'DSqrt' <Latency = 56> <II = 1> <Delay = 5.17> <FuncUnit> <Opcode : 'dsqrt'> <InPorts = 1> <OutPorts = 1>
ST_35 : Operation 173 [46/57] (5.17ns)   --->   "%tmp_8_i = dsqrt i64 @llvm.sqrt.f64, i64 %variance_I" [../include/stdCpt.hpp:74]   --->   Operation 173 'dsqrt' 'tmp_8_i' <Predicate = true> <Delay = 5.17> <CoreInst = "DSqrt">   --->   Core 52 'DSqrt' <Latency = 56> <II = 1> <Delay = 5.17> <FuncUnit> <Opcode : 'dsqrt'> <InPorts = 1> <OutPorts = 1>

State 36 <SV = 35> <Delay = 5.17>
ST_36 : Operation 174 [45/57] (5.17ns)   --->   "%tmp_7_i = dsqrt i64 @llvm.sqrt.f64, i64 %variance_R" [../include/stdCpt.hpp:73]   --->   Operation 174 'dsqrt' 'tmp_7_i' <Predicate = true> <Delay = 5.17> <CoreInst = "DSqrt">   --->   Core 52 'DSqrt' <Latency = 56> <II = 1> <Delay = 5.17> <FuncUnit> <Opcode : 'dsqrt'> <InPorts = 1> <OutPorts = 1>
ST_36 : Operation 175 [45/57] (5.17ns)   --->   "%tmp_8_i = dsqrt i64 @llvm.sqrt.f64, i64 %variance_I" [../include/stdCpt.hpp:74]   --->   Operation 175 'dsqrt' 'tmp_8_i' <Predicate = true> <Delay = 5.17> <CoreInst = "DSqrt">   --->   Core 52 'DSqrt' <Latency = 56> <II = 1> <Delay = 5.17> <FuncUnit> <Opcode : 'dsqrt'> <InPorts = 1> <OutPorts = 1>

State 37 <SV = 36> <Delay = 5.17>
ST_37 : Operation 176 [44/57] (5.17ns)   --->   "%tmp_7_i = dsqrt i64 @llvm.sqrt.f64, i64 %variance_R" [../include/stdCpt.hpp:73]   --->   Operation 176 'dsqrt' 'tmp_7_i' <Predicate = true> <Delay = 5.17> <CoreInst = "DSqrt">   --->   Core 52 'DSqrt' <Latency = 56> <II = 1> <Delay = 5.17> <FuncUnit> <Opcode : 'dsqrt'> <InPorts = 1> <OutPorts = 1>
ST_37 : Operation 177 [44/57] (5.17ns)   --->   "%tmp_8_i = dsqrt i64 @llvm.sqrt.f64, i64 %variance_I" [../include/stdCpt.hpp:74]   --->   Operation 177 'dsqrt' 'tmp_8_i' <Predicate = true> <Delay = 5.17> <CoreInst = "DSqrt">   --->   Core 52 'DSqrt' <Latency = 56> <II = 1> <Delay = 5.17> <FuncUnit> <Opcode : 'dsqrt'> <InPorts = 1> <OutPorts = 1>

State 38 <SV = 37> <Delay = 5.17>
ST_38 : Operation 178 [43/57] (5.17ns)   --->   "%tmp_7_i = dsqrt i64 @llvm.sqrt.f64, i64 %variance_R" [../include/stdCpt.hpp:73]   --->   Operation 178 'dsqrt' 'tmp_7_i' <Predicate = true> <Delay = 5.17> <CoreInst = "DSqrt">   --->   Core 52 'DSqrt' <Latency = 56> <II = 1> <Delay = 5.17> <FuncUnit> <Opcode : 'dsqrt'> <InPorts = 1> <OutPorts = 1>
ST_38 : Operation 179 [43/57] (5.17ns)   --->   "%tmp_8_i = dsqrt i64 @llvm.sqrt.f64, i64 %variance_I" [../include/stdCpt.hpp:74]   --->   Operation 179 'dsqrt' 'tmp_8_i' <Predicate = true> <Delay = 5.17> <CoreInst = "DSqrt">   --->   Core 52 'DSqrt' <Latency = 56> <II = 1> <Delay = 5.17> <FuncUnit> <Opcode : 'dsqrt'> <InPorts = 1> <OutPorts = 1>

State 39 <SV = 38> <Delay = 5.17>
ST_39 : Operation 180 [42/57] (5.17ns)   --->   "%tmp_7_i = dsqrt i64 @llvm.sqrt.f64, i64 %variance_R" [../include/stdCpt.hpp:73]   --->   Operation 180 'dsqrt' 'tmp_7_i' <Predicate = true> <Delay = 5.17> <CoreInst = "DSqrt">   --->   Core 52 'DSqrt' <Latency = 56> <II = 1> <Delay = 5.17> <FuncUnit> <Opcode : 'dsqrt'> <InPorts = 1> <OutPorts = 1>
ST_39 : Operation 181 [42/57] (5.17ns)   --->   "%tmp_8_i = dsqrt i64 @llvm.sqrt.f64, i64 %variance_I" [../include/stdCpt.hpp:74]   --->   Operation 181 'dsqrt' 'tmp_8_i' <Predicate = true> <Delay = 5.17> <CoreInst = "DSqrt">   --->   Core 52 'DSqrt' <Latency = 56> <II = 1> <Delay = 5.17> <FuncUnit> <Opcode : 'dsqrt'> <InPorts = 1> <OutPorts = 1>

State 40 <SV = 39> <Delay = 5.17>
ST_40 : Operation 182 [41/57] (5.17ns)   --->   "%tmp_7_i = dsqrt i64 @llvm.sqrt.f64, i64 %variance_R" [../include/stdCpt.hpp:73]   --->   Operation 182 'dsqrt' 'tmp_7_i' <Predicate = true> <Delay = 5.17> <CoreInst = "DSqrt">   --->   Core 52 'DSqrt' <Latency = 56> <II = 1> <Delay = 5.17> <FuncUnit> <Opcode : 'dsqrt'> <InPorts = 1> <OutPorts = 1>
ST_40 : Operation 183 [41/57] (5.17ns)   --->   "%tmp_8_i = dsqrt i64 @llvm.sqrt.f64, i64 %variance_I" [../include/stdCpt.hpp:74]   --->   Operation 183 'dsqrt' 'tmp_8_i' <Predicate = true> <Delay = 5.17> <CoreInst = "DSqrt">   --->   Core 52 'DSqrt' <Latency = 56> <II = 1> <Delay = 5.17> <FuncUnit> <Opcode : 'dsqrt'> <InPorts = 1> <OutPorts = 1>

State 41 <SV = 40> <Delay = 5.17>
ST_41 : Operation 184 [40/57] (5.17ns)   --->   "%tmp_7_i = dsqrt i64 @llvm.sqrt.f64, i64 %variance_R" [../include/stdCpt.hpp:73]   --->   Operation 184 'dsqrt' 'tmp_7_i' <Predicate = true> <Delay = 5.17> <CoreInst = "DSqrt">   --->   Core 52 'DSqrt' <Latency = 56> <II = 1> <Delay = 5.17> <FuncUnit> <Opcode : 'dsqrt'> <InPorts = 1> <OutPorts = 1>
ST_41 : Operation 185 [40/57] (5.17ns)   --->   "%tmp_8_i = dsqrt i64 @llvm.sqrt.f64, i64 %variance_I" [../include/stdCpt.hpp:74]   --->   Operation 185 'dsqrt' 'tmp_8_i' <Predicate = true> <Delay = 5.17> <CoreInst = "DSqrt">   --->   Core 52 'DSqrt' <Latency = 56> <II = 1> <Delay = 5.17> <FuncUnit> <Opcode : 'dsqrt'> <InPorts = 1> <OutPorts = 1>

State 42 <SV = 41> <Delay = 5.17>
ST_42 : Operation 186 [39/57] (5.17ns)   --->   "%tmp_7_i = dsqrt i64 @llvm.sqrt.f64, i64 %variance_R" [../include/stdCpt.hpp:73]   --->   Operation 186 'dsqrt' 'tmp_7_i' <Predicate = true> <Delay = 5.17> <CoreInst = "DSqrt">   --->   Core 52 'DSqrt' <Latency = 56> <II = 1> <Delay = 5.17> <FuncUnit> <Opcode : 'dsqrt'> <InPorts = 1> <OutPorts = 1>
ST_42 : Operation 187 [39/57] (5.17ns)   --->   "%tmp_8_i = dsqrt i64 @llvm.sqrt.f64, i64 %variance_I" [../include/stdCpt.hpp:74]   --->   Operation 187 'dsqrt' 'tmp_8_i' <Predicate = true> <Delay = 5.17> <CoreInst = "DSqrt">   --->   Core 52 'DSqrt' <Latency = 56> <II = 1> <Delay = 5.17> <FuncUnit> <Opcode : 'dsqrt'> <InPorts = 1> <OutPorts = 1>

State 43 <SV = 42> <Delay = 5.17>
ST_43 : Operation 188 [38/57] (5.17ns)   --->   "%tmp_7_i = dsqrt i64 @llvm.sqrt.f64, i64 %variance_R" [../include/stdCpt.hpp:73]   --->   Operation 188 'dsqrt' 'tmp_7_i' <Predicate = true> <Delay = 5.17> <CoreInst = "DSqrt">   --->   Core 52 'DSqrt' <Latency = 56> <II = 1> <Delay = 5.17> <FuncUnit> <Opcode : 'dsqrt'> <InPorts = 1> <OutPorts = 1>
ST_43 : Operation 189 [38/57] (5.17ns)   --->   "%tmp_8_i = dsqrt i64 @llvm.sqrt.f64, i64 %variance_I" [../include/stdCpt.hpp:74]   --->   Operation 189 'dsqrt' 'tmp_8_i' <Predicate = true> <Delay = 5.17> <CoreInst = "DSqrt">   --->   Core 52 'DSqrt' <Latency = 56> <II = 1> <Delay = 5.17> <FuncUnit> <Opcode : 'dsqrt'> <InPorts = 1> <OutPorts = 1>

State 44 <SV = 43> <Delay = 5.17>
ST_44 : Operation 190 [37/57] (5.17ns)   --->   "%tmp_7_i = dsqrt i64 @llvm.sqrt.f64, i64 %variance_R" [../include/stdCpt.hpp:73]   --->   Operation 190 'dsqrt' 'tmp_7_i' <Predicate = true> <Delay = 5.17> <CoreInst = "DSqrt">   --->   Core 52 'DSqrt' <Latency = 56> <II = 1> <Delay = 5.17> <FuncUnit> <Opcode : 'dsqrt'> <InPorts = 1> <OutPorts = 1>
ST_44 : Operation 191 [37/57] (5.17ns)   --->   "%tmp_8_i = dsqrt i64 @llvm.sqrt.f64, i64 %variance_I" [../include/stdCpt.hpp:74]   --->   Operation 191 'dsqrt' 'tmp_8_i' <Predicate = true> <Delay = 5.17> <CoreInst = "DSqrt">   --->   Core 52 'DSqrt' <Latency = 56> <II = 1> <Delay = 5.17> <FuncUnit> <Opcode : 'dsqrt'> <InPorts = 1> <OutPorts = 1>

State 45 <SV = 44> <Delay = 5.17>
ST_45 : Operation 192 [36/57] (5.17ns)   --->   "%tmp_7_i = dsqrt i64 @llvm.sqrt.f64, i64 %variance_R" [../include/stdCpt.hpp:73]   --->   Operation 192 'dsqrt' 'tmp_7_i' <Predicate = true> <Delay = 5.17> <CoreInst = "DSqrt">   --->   Core 52 'DSqrt' <Latency = 56> <II = 1> <Delay = 5.17> <FuncUnit> <Opcode : 'dsqrt'> <InPorts = 1> <OutPorts = 1>
ST_45 : Operation 193 [36/57] (5.17ns)   --->   "%tmp_8_i = dsqrt i64 @llvm.sqrt.f64, i64 %variance_I" [../include/stdCpt.hpp:74]   --->   Operation 193 'dsqrt' 'tmp_8_i' <Predicate = true> <Delay = 5.17> <CoreInst = "DSqrt">   --->   Core 52 'DSqrt' <Latency = 56> <II = 1> <Delay = 5.17> <FuncUnit> <Opcode : 'dsqrt'> <InPorts = 1> <OutPorts = 1>

State 46 <SV = 45> <Delay = 5.17>
ST_46 : Operation 194 [35/57] (5.17ns)   --->   "%tmp_7_i = dsqrt i64 @llvm.sqrt.f64, i64 %variance_R" [../include/stdCpt.hpp:73]   --->   Operation 194 'dsqrt' 'tmp_7_i' <Predicate = true> <Delay = 5.17> <CoreInst = "DSqrt">   --->   Core 52 'DSqrt' <Latency = 56> <II = 1> <Delay = 5.17> <FuncUnit> <Opcode : 'dsqrt'> <InPorts = 1> <OutPorts = 1>
ST_46 : Operation 195 [35/57] (5.17ns)   --->   "%tmp_8_i = dsqrt i64 @llvm.sqrt.f64, i64 %variance_I" [../include/stdCpt.hpp:74]   --->   Operation 195 'dsqrt' 'tmp_8_i' <Predicate = true> <Delay = 5.17> <CoreInst = "DSqrt">   --->   Core 52 'DSqrt' <Latency = 56> <II = 1> <Delay = 5.17> <FuncUnit> <Opcode : 'dsqrt'> <InPorts = 1> <OutPorts = 1>

State 47 <SV = 46> <Delay = 5.17>
ST_47 : Operation 196 [34/57] (5.17ns)   --->   "%tmp_7_i = dsqrt i64 @llvm.sqrt.f64, i64 %variance_R" [../include/stdCpt.hpp:73]   --->   Operation 196 'dsqrt' 'tmp_7_i' <Predicate = true> <Delay = 5.17> <CoreInst = "DSqrt">   --->   Core 52 'DSqrt' <Latency = 56> <II = 1> <Delay = 5.17> <FuncUnit> <Opcode : 'dsqrt'> <InPorts = 1> <OutPorts = 1>
ST_47 : Operation 197 [34/57] (5.17ns)   --->   "%tmp_8_i = dsqrt i64 @llvm.sqrt.f64, i64 %variance_I" [../include/stdCpt.hpp:74]   --->   Operation 197 'dsqrt' 'tmp_8_i' <Predicate = true> <Delay = 5.17> <CoreInst = "DSqrt">   --->   Core 52 'DSqrt' <Latency = 56> <II = 1> <Delay = 5.17> <FuncUnit> <Opcode : 'dsqrt'> <InPorts = 1> <OutPorts = 1>

State 48 <SV = 47> <Delay = 5.17>
ST_48 : Operation 198 [33/57] (5.17ns)   --->   "%tmp_7_i = dsqrt i64 @llvm.sqrt.f64, i64 %variance_R" [../include/stdCpt.hpp:73]   --->   Operation 198 'dsqrt' 'tmp_7_i' <Predicate = true> <Delay = 5.17> <CoreInst = "DSqrt">   --->   Core 52 'DSqrt' <Latency = 56> <II = 1> <Delay = 5.17> <FuncUnit> <Opcode : 'dsqrt'> <InPorts = 1> <OutPorts = 1>
ST_48 : Operation 199 [33/57] (5.17ns)   --->   "%tmp_8_i = dsqrt i64 @llvm.sqrt.f64, i64 %variance_I" [../include/stdCpt.hpp:74]   --->   Operation 199 'dsqrt' 'tmp_8_i' <Predicate = true> <Delay = 5.17> <CoreInst = "DSqrt">   --->   Core 52 'DSqrt' <Latency = 56> <II = 1> <Delay = 5.17> <FuncUnit> <Opcode : 'dsqrt'> <InPorts = 1> <OutPorts = 1>

State 49 <SV = 48> <Delay = 5.17>
ST_49 : Operation 200 [32/57] (5.17ns)   --->   "%tmp_7_i = dsqrt i64 @llvm.sqrt.f64, i64 %variance_R" [../include/stdCpt.hpp:73]   --->   Operation 200 'dsqrt' 'tmp_7_i' <Predicate = true> <Delay = 5.17> <CoreInst = "DSqrt">   --->   Core 52 'DSqrt' <Latency = 56> <II = 1> <Delay = 5.17> <FuncUnit> <Opcode : 'dsqrt'> <InPorts = 1> <OutPorts = 1>
ST_49 : Operation 201 [32/57] (5.17ns)   --->   "%tmp_8_i = dsqrt i64 @llvm.sqrt.f64, i64 %variance_I" [../include/stdCpt.hpp:74]   --->   Operation 201 'dsqrt' 'tmp_8_i' <Predicate = true> <Delay = 5.17> <CoreInst = "DSqrt">   --->   Core 52 'DSqrt' <Latency = 56> <II = 1> <Delay = 5.17> <FuncUnit> <Opcode : 'dsqrt'> <InPorts = 1> <OutPorts = 1>

State 50 <SV = 49> <Delay = 5.17>
ST_50 : Operation 202 [31/57] (5.17ns)   --->   "%tmp_7_i = dsqrt i64 @llvm.sqrt.f64, i64 %variance_R" [../include/stdCpt.hpp:73]   --->   Operation 202 'dsqrt' 'tmp_7_i' <Predicate = true> <Delay = 5.17> <CoreInst = "DSqrt">   --->   Core 52 'DSqrt' <Latency = 56> <II = 1> <Delay = 5.17> <FuncUnit> <Opcode : 'dsqrt'> <InPorts = 1> <OutPorts = 1>
ST_50 : Operation 203 [31/57] (5.17ns)   --->   "%tmp_8_i = dsqrt i64 @llvm.sqrt.f64, i64 %variance_I" [../include/stdCpt.hpp:74]   --->   Operation 203 'dsqrt' 'tmp_8_i' <Predicate = true> <Delay = 5.17> <CoreInst = "DSqrt">   --->   Core 52 'DSqrt' <Latency = 56> <II = 1> <Delay = 5.17> <FuncUnit> <Opcode : 'dsqrt'> <InPorts = 1> <OutPorts = 1>

State 51 <SV = 50> <Delay = 5.17>
ST_51 : Operation 204 [30/57] (5.17ns)   --->   "%tmp_7_i = dsqrt i64 @llvm.sqrt.f64, i64 %variance_R" [../include/stdCpt.hpp:73]   --->   Operation 204 'dsqrt' 'tmp_7_i' <Predicate = true> <Delay = 5.17> <CoreInst = "DSqrt">   --->   Core 52 'DSqrt' <Latency = 56> <II = 1> <Delay = 5.17> <FuncUnit> <Opcode : 'dsqrt'> <InPorts = 1> <OutPorts = 1>
ST_51 : Operation 205 [30/57] (5.17ns)   --->   "%tmp_8_i = dsqrt i64 @llvm.sqrt.f64, i64 %variance_I" [../include/stdCpt.hpp:74]   --->   Operation 205 'dsqrt' 'tmp_8_i' <Predicate = true> <Delay = 5.17> <CoreInst = "DSqrt">   --->   Core 52 'DSqrt' <Latency = 56> <II = 1> <Delay = 5.17> <FuncUnit> <Opcode : 'dsqrt'> <InPorts = 1> <OutPorts = 1>

State 52 <SV = 51> <Delay = 5.17>
ST_52 : Operation 206 [29/57] (5.17ns)   --->   "%tmp_7_i = dsqrt i64 @llvm.sqrt.f64, i64 %variance_R" [../include/stdCpt.hpp:73]   --->   Operation 206 'dsqrt' 'tmp_7_i' <Predicate = true> <Delay = 5.17> <CoreInst = "DSqrt">   --->   Core 52 'DSqrt' <Latency = 56> <II = 1> <Delay = 5.17> <FuncUnit> <Opcode : 'dsqrt'> <InPorts = 1> <OutPorts = 1>
ST_52 : Operation 207 [29/57] (5.17ns)   --->   "%tmp_8_i = dsqrt i64 @llvm.sqrt.f64, i64 %variance_I" [../include/stdCpt.hpp:74]   --->   Operation 207 'dsqrt' 'tmp_8_i' <Predicate = true> <Delay = 5.17> <CoreInst = "DSqrt">   --->   Core 52 'DSqrt' <Latency = 56> <II = 1> <Delay = 5.17> <FuncUnit> <Opcode : 'dsqrt'> <InPorts = 1> <OutPorts = 1>

State 53 <SV = 52> <Delay = 5.17>
ST_53 : Operation 208 [28/57] (5.17ns)   --->   "%tmp_7_i = dsqrt i64 @llvm.sqrt.f64, i64 %variance_R" [../include/stdCpt.hpp:73]   --->   Operation 208 'dsqrt' 'tmp_7_i' <Predicate = true> <Delay = 5.17> <CoreInst = "DSqrt">   --->   Core 52 'DSqrt' <Latency = 56> <II = 1> <Delay = 5.17> <FuncUnit> <Opcode : 'dsqrt'> <InPorts = 1> <OutPorts = 1>
ST_53 : Operation 209 [28/57] (5.17ns)   --->   "%tmp_8_i = dsqrt i64 @llvm.sqrt.f64, i64 %variance_I" [../include/stdCpt.hpp:74]   --->   Operation 209 'dsqrt' 'tmp_8_i' <Predicate = true> <Delay = 5.17> <CoreInst = "DSqrt">   --->   Core 52 'DSqrt' <Latency = 56> <II = 1> <Delay = 5.17> <FuncUnit> <Opcode : 'dsqrt'> <InPorts = 1> <OutPorts = 1>

State 54 <SV = 53> <Delay = 5.17>
ST_54 : Operation 210 [27/57] (5.17ns)   --->   "%tmp_7_i = dsqrt i64 @llvm.sqrt.f64, i64 %variance_R" [../include/stdCpt.hpp:73]   --->   Operation 210 'dsqrt' 'tmp_7_i' <Predicate = true> <Delay = 5.17> <CoreInst = "DSqrt">   --->   Core 52 'DSqrt' <Latency = 56> <II = 1> <Delay = 5.17> <FuncUnit> <Opcode : 'dsqrt'> <InPorts = 1> <OutPorts = 1>
ST_54 : Operation 211 [27/57] (5.17ns)   --->   "%tmp_8_i = dsqrt i64 @llvm.sqrt.f64, i64 %variance_I" [../include/stdCpt.hpp:74]   --->   Operation 211 'dsqrt' 'tmp_8_i' <Predicate = true> <Delay = 5.17> <CoreInst = "DSqrt">   --->   Core 52 'DSqrt' <Latency = 56> <II = 1> <Delay = 5.17> <FuncUnit> <Opcode : 'dsqrt'> <InPorts = 1> <OutPorts = 1>

State 55 <SV = 54> <Delay = 5.17>
ST_55 : Operation 212 [26/57] (5.17ns)   --->   "%tmp_7_i = dsqrt i64 @llvm.sqrt.f64, i64 %variance_R" [../include/stdCpt.hpp:73]   --->   Operation 212 'dsqrt' 'tmp_7_i' <Predicate = true> <Delay = 5.17> <CoreInst = "DSqrt">   --->   Core 52 'DSqrt' <Latency = 56> <II = 1> <Delay = 5.17> <FuncUnit> <Opcode : 'dsqrt'> <InPorts = 1> <OutPorts = 1>
ST_55 : Operation 213 [26/57] (5.17ns)   --->   "%tmp_8_i = dsqrt i64 @llvm.sqrt.f64, i64 %variance_I" [../include/stdCpt.hpp:74]   --->   Operation 213 'dsqrt' 'tmp_8_i' <Predicate = true> <Delay = 5.17> <CoreInst = "DSqrt">   --->   Core 52 'DSqrt' <Latency = 56> <II = 1> <Delay = 5.17> <FuncUnit> <Opcode : 'dsqrt'> <InPorts = 1> <OutPorts = 1>

State 56 <SV = 55> <Delay = 5.17>
ST_56 : Operation 214 [25/57] (5.17ns)   --->   "%tmp_7_i = dsqrt i64 @llvm.sqrt.f64, i64 %variance_R" [../include/stdCpt.hpp:73]   --->   Operation 214 'dsqrt' 'tmp_7_i' <Predicate = true> <Delay = 5.17> <CoreInst = "DSqrt">   --->   Core 52 'DSqrt' <Latency = 56> <II = 1> <Delay = 5.17> <FuncUnit> <Opcode : 'dsqrt'> <InPorts = 1> <OutPorts = 1>
ST_56 : Operation 215 [25/57] (5.17ns)   --->   "%tmp_8_i = dsqrt i64 @llvm.sqrt.f64, i64 %variance_I" [../include/stdCpt.hpp:74]   --->   Operation 215 'dsqrt' 'tmp_8_i' <Predicate = true> <Delay = 5.17> <CoreInst = "DSqrt">   --->   Core 52 'DSqrt' <Latency = 56> <II = 1> <Delay = 5.17> <FuncUnit> <Opcode : 'dsqrt'> <InPorts = 1> <OutPorts = 1>

State 57 <SV = 56> <Delay = 5.17>
ST_57 : Operation 216 [24/57] (5.17ns)   --->   "%tmp_7_i = dsqrt i64 @llvm.sqrt.f64, i64 %variance_R" [../include/stdCpt.hpp:73]   --->   Operation 216 'dsqrt' 'tmp_7_i' <Predicate = true> <Delay = 5.17> <CoreInst = "DSqrt">   --->   Core 52 'DSqrt' <Latency = 56> <II = 1> <Delay = 5.17> <FuncUnit> <Opcode : 'dsqrt'> <InPorts = 1> <OutPorts = 1>
ST_57 : Operation 217 [24/57] (5.17ns)   --->   "%tmp_8_i = dsqrt i64 @llvm.sqrt.f64, i64 %variance_I" [../include/stdCpt.hpp:74]   --->   Operation 217 'dsqrt' 'tmp_8_i' <Predicate = true> <Delay = 5.17> <CoreInst = "DSqrt">   --->   Core 52 'DSqrt' <Latency = 56> <II = 1> <Delay = 5.17> <FuncUnit> <Opcode : 'dsqrt'> <InPorts = 1> <OutPorts = 1>

State 58 <SV = 57> <Delay = 5.17>
ST_58 : Operation 218 [23/57] (5.17ns)   --->   "%tmp_7_i = dsqrt i64 @llvm.sqrt.f64, i64 %variance_R" [../include/stdCpt.hpp:73]   --->   Operation 218 'dsqrt' 'tmp_7_i' <Predicate = true> <Delay = 5.17> <CoreInst = "DSqrt">   --->   Core 52 'DSqrt' <Latency = 56> <II = 1> <Delay = 5.17> <FuncUnit> <Opcode : 'dsqrt'> <InPorts = 1> <OutPorts = 1>
ST_58 : Operation 219 [23/57] (5.17ns)   --->   "%tmp_8_i = dsqrt i64 @llvm.sqrt.f64, i64 %variance_I" [../include/stdCpt.hpp:74]   --->   Operation 219 'dsqrt' 'tmp_8_i' <Predicate = true> <Delay = 5.17> <CoreInst = "DSqrt">   --->   Core 52 'DSqrt' <Latency = 56> <II = 1> <Delay = 5.17> <FuncUnit> <Opcode : 'dsqrt'> <InPorts = 1> <OutPorts = 1>

State 59 <SV = 58> <Delay = 5.17>
ST_59 : Operation 220 [22/57] (5.17ns)   --->   "%tmp_7_i = dsqrt i64 @llvm.sqrt.f64, i64 %variance_R" [../include/stdCpt.hpp:73]   --->   Operation 220 'dsqrt' 'tmp_7_i' <Predicate = true> <Delay = 5.17> <CoreInst = "DSqrt">   --->   Core 52 'DSqrt' <Latency = 56> <II = 1> <Delay = 5.17> <FuncUnit> <Opcode : 'dsqrt'> <InPorts = 1> <OutPorts = 1>
ST_59 : Operation 221 [22/57] (5.17ns)   --->   "%tmp_8_i = dsqrt i64 @llvm.sqrt.f64, i64 %variance_I" [../include/stdCpt.hpp:74]   --->   Operation 221 'dsqrt' 'tmp_8_i' <Predicate = true> <Delay = 5.17> <CoreInst = "DSqrt">   --->   Core 52 'DSqrt' <Latency = 56> <II = 1> <Delay = 5.17> <FuncUnit> <Opcode : 'dsqrt'> <InPorts = 1> <OutPorts = 1>

State 60 <SV = 59> <Delay = 5.17>
ST_60 : Operation 222 [21/57] (5.17ns)   --->   "%tmp_7_i = dsqrt i64 @llvm.sqrt.f64, i64 %variance_R" [../include/stdCpt.hpp:73]   --->   Operation 222 'dsqrt' 'tmp_7_i' <Predicate = true> <Delay = 5.17> <CoreInst = "DSqrt">   --->   Core 52 'DSqrt' <Latency = 56> <II = 1> <Delay = 5.17> <FuncUnit> <Opcode : 'dsqrt'> <InPorts = 1> <OutPorts = 1>
ST_60 : Operation 223 [21/57] (5.17ns)   --->   "%tmp_8_i = dsqrt i64 @llvm.sqrt.f64, i64 %variance_I" [../include/stdCpt.hpp:74]   --->   Operation 223 'dsqrt' 'tmp_8_i' <Predicate = true> <Delay = 5.17> <CoreInst = "DSqrt">   --->   Core 52 'DSqrt' <Latency = 56> <II = 1> <Delay = 5.17> <FuncUnit> <Opcode : 'dsqrt'> <InPorts = 1> <OutPorts = 1>

State 61 <SV = 60> <Delay = 5.17>
ST_61 : Operation 224 [20/57] (5.17ns)   --->   "%tmp_7_i = dsqrt i64 @llvm.sqrt.f64, i64 %variance_R" [../include/stdCpt.hpp:73]   --->   Operation 224 'dsqrt' 'tmp_7_i' <Predicate = true> <Delay = 5.17> <CoreInst = "DSqrt">   --->   Core 52 'DSqrt' <Latency = 56> <II = 1> <Delay = 5.17> <FuncUnit> <Opcode : 'dsqrt'> <InPorts = 1> <OutPorts = 1>
ST_61 : Operation 225 [20/57] (5.17ns)   --->   "%tmp_8_i = dsqrt i64 @llvm.sqrt.f64, i64 %variance_I" [../include/stdCpt.hpp:74]   --->   Operation 225 'dsqrt' 'tmp_8_i' <Predicate = true> <Delay = 5.17> <CoreInst = "DSqrt">   --->   Core 52 'DSqrt' <Latency = 56> <II = 1> <Delay = 5.17> <FuncUnit> <Opcode : 'dsqrt'> <InPorts = 1> <OutPorts = 1>

State 62 <SV = 61> <Delay = 5.17>
ST_62 : Operation 226 [19/57] (5.17ns)   --->   "%tmp_7_i = dsqrt i64 @llvm.sqrt.f64, i64 %variance_R" [../include/stdCpt.hpp:73]   --->   Operation 226 'dsqrt' 'tmp_7_i' <Predicate = true> <Delay = 5.17> <CoreInst = "DSqrt">   --->   Core 52 'DSqrt' <Latency = 56> <II = 1> <Delay = 5.17> <FuncUnit> <Opcode : 'dsqrt'> <InPorts = 1> <OutPorts = 1>
ST_62 : Operation 227 [19/57] (5.17ns)   --->   "%tmp_8_i = dsqrt i64 @llvm.sqrt.f64, i64 %variance_I" [../include/stdCpt.hpp:74]   --->   Operation 227 'dsqrt' 'tmp_8_i' <Predicate = true> <Delay = 5.17> <CoreInst = "DSqrt">   --->   Core 52 'DSqrt' <Latency = 56> <II = 1> <Delay = 5.17> <FuncUnit> <Opcode : 'dsqrt'> <InPorts = 1> <OutPorts = 1>

State 63 <SV = 62> <Delay = 5.17>
ST_63 : Operation 228 [18/57] (5.17ns)   --->   "%tmp_7_i = dsqrt i64 @llvm.sqrt.f64, i64 %variance_R" [../include/stdCpt.hpp:73]   --->   Operation 228 'dsqrt' 'tmp_7_i' <Predicate = true> <Delay = 5.17> <CoreInst = "DSqrt">   --->   Core 52 'DSqrt' <Latency = 56> <II = 1> <Delay = 5.17> <FuncUnit> <Opcode : 'dsqrt'> <InPorts = 1> <OutPorts = 1>
ST_63 : Operation 229 [18/57] (5.17ns)   --->   "%tmp_8_i = dsqrt i64 @llvm.sqrt.f64, i64 %variance_I" [../include/stdCpt.hpp:74]   --->   Operation 229 'dsqrt' 'tmp_8_i' <Predicate = true> <Delay = 5.17> <CoreInst = "DSqrt">   --->   Core 52 'DSqrt' <Latency = 56> <II = 1> <Delay = 5.17> <FuncUnit> <Opcode : 'dsqrt'> <InPorts = 1> <OutPorts = 1>

State 64 <SV = 63> <Delay = 5.17>
ST_64 : Operation 230 [17/57] (5.17ns)   --->   "%tmp_7_i = dsqrt i64 @llvm.sqrt.f64, i64 %variance_R" [../include/stdCpt.hpp:73]   --->   Operation 230 'dsqrt' 'tmp_7_i' <Predicate = true> <Delay = 5.17> <CoreInst = "DSqrt">   --->   Core 52 'DSqrt' <Latency = 56> <II = 1> <Delay = 5.17> <FuncUnit> <Opcode : 'dsqrt'> <InPorts = 1> <OutPorts = 1>
ST_64 : Operation 231 [17/57] (5.17ns)   --->   "%tmp_8_i = dsqrt i64 @llvm.sqrt.f64, i64 %variance_I" [../include/stdCpt.hpp:74]   --->   Operation 231 'dsqrt' 'tmp_8_i' <Predicate = true> <Delay = 5.17> <CoreInst = "DSqrt">   --->   Core 52 'DSqrt' <Latency = 56> <II = 1> <Delay = 5.17> <FuncUnit> <Opcode : 'dsqrt'> <InPorts = 1> <OutPorts = 1>

State 65 <SV = 64> <Delay = 5.17>
ST_65 : Operation 232 [16/57] (5.17ns)   --->   "%tmp_7_i = dsqrt i64 @llvm.sqrt.f64, i64 %variance_R" [../include/stdCpt.hpp:73]   --->   Operation 232 'dsqrt' 'tmp_7_i' <Predicate = true> <Delay = 5.17> <CoreInst = "DSqrt">   --->   Core 52 'DSqrt' <Latency = 56> <II = 1> <Delay = 5.17> <FuncUnit> <Opcode : 'dsqrt'> <InPorts = 1> <OutPorts = 1>
ST_65 : Operation 233 [16/57] (5.17ns)   --->   "%tmp_8_i = dsqrt i64 @llvm.sqrt.f64, i64 %variance_I" [../include/stdCpt.hpp:74]   --->   Operation 233 'dsqrt' 'tmp_8_i' <Predicate = true> <Delay = 5.17> <CoreInst = "DSqrt">   --->   Core 52 'DSqrt' <Latency = 56> <II = 1> <Delay = 5.17> <FuncUnit> <Opcode : 'dsqrt'> <InPorts = 1> <OutPorts = 1>

State 66 <SV = 65> <Delay = 5.17>
ST_66 : Operation 234 [15/57] (5.17ns)   --->   "%tmp_7_i = dsqrt i64 @llvm.sqrt.f64, i64 %variance_R" [../include/stdCpt.hpp:73]   --->   Operation 234 'dsqrt' 'tmp_7_i' <Predicate = true> <Delay = 5.17> <CoreInst = "DSqrt">   --->   Core 52 'DSqrt' <Latency = 56> <II = 1> <Delay = 5.17> <FuncUnit> <Opcode : 'dsqrt'> <InPorts = 1> <OutPorts = 1>
ST_66 : Operation 235 [15/57] (5.17ns)   --->   "%tmp_8_i = dsqrt i64 @llvm.sqrt.f64, i64 %variance_I" [../include/stdCpt.hpp:74]   --->   Operation 235 'dsqrt' 'tmp_8_i' <Predicate = true> <Delay = 5.17> <CoreInst = "DSqrt">   --->   Core 52 'DSqrt' <Latency = 56> <II = 1> <Delay = 5.17> <FuncUnit> <Opcode : 'dsqrt'> <InPorts = 1> <OutPorts = 1>

State 67 <SV = 66> <Delay = 5.17>
ST_67 : Operation 236 [14/57] (5.17ns)   --->   "%tmp_7_i = dsqrt i64 @llvm.sqrt.f64, i64 %variance_R" [../include/stdCpt.hpp:73]   --->   Operation 236 'dsqrt' 'tmp_7_i' <Predicate = true> <Delay = 5.17> <CoreInst = "DSqrt">   --->   Core 52 'DSqrt' <Latency = 56> <II = 1> <Delay = 5.17> <FuncUnit> <Opcode : 'dsqrt'> <InPorts = 1> <OutPorts = 1>
ST_67 : Operation 237 [14/57] (5.17ns)   --->   "%tmp_8_i = dsqrt i64 @llvm.sqrt.f64, i64 %variance_I" [../include/stdCpt.hpp:74]   --->   Operation 237 'dsqrt' 'tmp_8_i' <Predicate = true> <Delay = 5.17> <CoreInst = "DSqrt">   --->   Core 52 'DSqrt' <Latency = 56> <II = 1> <Delay = 5.17> <FuncUnit> <Opcode : 'dsqrt'> <InPorts = 1> <OutPorts = 1>

State 68 <SV = 67> <Delay = 5.17>
ST_68 : Operation 238 [13/57] (5.17ns)   --->   "%tmp_7_i = dsqrt i64 @llvm.sqrt.f64, i64 %variance_R" [../include/stdCpt.hpp:73]   --->   Operation 238 'dsqrt' 'tmp_7_i' <Predicate = true> <Delay = 5.17> <CoreInst = "DSqrt">   --->   Core 52 'DSqrt' <Latency = 56> <II = 1> <Delay = 5.17> <FuncUnit> <Opcode : 'dsqrt'> <InPorts = 1> <OutPorts = 1>
ST_68 : Operation 239 [13/57] (5.17ns)   --->   "%tmp_8_i = dsqrt i64 @llvm.sqrt.f64, i64 %variance_I" [../include/stdCpt.hpp:74]   --->   Operation 239 'dsqrt' 'tmp_8_i' <Predicate = true> <Delay = 5.17> <CoreInst = "DSqrt">   --->   Core 52 'DSqrt' <Latency = 56> <II = 1> <Delay = 5.17> <FuncUnit> <Opcode : 'dsqrt'> <InPorts = 1> <OutPorts = 1>

State 69 <SV = 68> <Delay = 5.17>
ST_69 : Operation 240 [12/57] (5.17ns)   --->   "%tmp_7_i = dsqrt i64 @llvm.sqrt.f64, i64 %variance_R" [../include/stdCpt.hpp:73]   --->   Operation 240 'dsqrt' 'tmp_7_i' <Predicate = true> <Delay = 5.17> <CoreInst = "DSqrt">   --->   Core 52 'DSqrt' <Latency = 56> <II = 1> <Delay = 5.17> <FuncUnit> <Opcode : 'dsqrt'> <InPorts = 1> <OutPorts = 1>
ST_69 : Operation 241 [12/57] (5.17ns)   --->   "%tmp_8_i = dsqrt i64 @llvm.sqrt.f64, i64 %variance_I" [../include/stdCpt.hpp:74]   --->   Operation 241 'dsqrt' 'tmp_8_i' <Predicate = true> <Delay = 5.17> <CoreInst = "DSqrt">   --->   Core 52 'DSqrt' <Latency = 56> <II = 1> <Delay = 5.17> <FuncUnit> <Opcode : 'dsqrt'> <InPorts = 1> <OutPorts = 1>

State 70 <SV = 69> <Delay = 5.17>
ST_70 : Operation 242 [11/57] (5.17ns)   --->   "%tmp_7_i = dsqrt i64 @llvm.sqrt.f64, i64 %variance_R" [../include/stdCpt.hpp:73]   --->   Operation 242 'dsqrt' 'tmp_7_i' <Predicate = true> <Delay = 5.17> <CoreInst = "DSqrt">   --->   Core 52 'DSqrt' <Latency = 56> <II = 1> <Delay = 5.17> <FuncUnit> <Opcode : 'dsqrt'> <InPorts = 1> <OutPorts = 1>
ST_70 : Operation 243 [11/57] (5.17ns)   --->   "%tmp_8_i = dsqrt i64 @llvm.sqrt.f64, i64 %variance_I" [../include/stdCpt.hpp:74]   --->   Operation 243 'dsqrt' 'tmp_8_i' <Predicate = true> <Delay = 5.17> <CoreInst = "DSqrt">   --->   Core 52 'DSqrt' <Latency = 56> <II = 1> <Delay = 5.17> <FuncUnit> <Opcode : 'dsqrt'> <InPorts = 1> <OutPorts = 1>

State 71 <SV = 70> <Delay = 5.17>
ST_71 : Operation 244 [10/57] (5.17ns)   --->   "%tmp_7_i = dsqrt i64 @llvm.sqrt.f64, i64 %variance_R" [../include/stdCpt.hpp:73]   --->   Operation 244 'dsqrt' 'tmp_7_i' <Predicate = true> <Delay = 5.17> <CoreInst = "DSqrt">   --->   Core 52 'DSqrt' <Latency = 56> <II = 1> <Delay = 5.17> <FuncUnit> <Opcode : 'dsqrt'> <InPorts = 1> <OutPorts = 1>
ST_71 : Operation 245 [10/57] (5.17ns)   --->   "%tmp_8_i = dsqrt i64 @llvm.sqrt.f64, i64 %variance_I" [../include/stdCpt.hpp:74]   --->   Operation 245 'dsqrt' 'tmp_8_i' <Predicate = true> <Delay = 5.17> <CoreInst = "DSqrt">   --->   Core 52 'DSqrt' <Latency = 56> <II = 1> <Delay = 5.17> <FuncUnit> <Opcode : 'dsqrt'> <InPorts = 1> <OutPorts = 1>

State 72 <SV = 71> <Delay = 5.17>
ST_72 : Operation 246 [9/57] (5.17ns)   --->   "%tmp_7_i = dsqrt i64 @llvm.sqrt.f64, i64 %variance_R" [../include/stdCpt.hpp:73]   --->   Operation 246 'dsqrt' 'tmp_7_i' <Predicate = true> <Delay = 5.17> <CoreInst = "DSqrt">   --->   Core 52 'DSqrt' <Latency = 56> <II = 1> <Delay = 5.17> <FuncUnit> <Opcode : 'dsqrt'> <InPorts = 1> <OutPorts = 1>
ST_72 : Operation 247 [9/57] (5.17ns)   --->   "%tmp_8_i = dsqrt i64 @llvm.sqrt.f64, i64 %variance_I" [../include/stdCpt.hpp:74]   --->   Operation 247 'dsqrt' 'tmp_8_i' <Predicate = true> <Delay = 5.17> <CoreInst = "DSqrt">   --->   Core 52 'DSqrt' <Latency = 56> <II = 1> <Delay = 5.17> <FuncUnit> <Opcode : 'dsqrt'> <InPorts = 1> <OutPorts = 1>

State 73 <SV = 72> <Delay = 5.17>
ST_73 : Operation 248 [8/57] (5.17ns)   --->   "%tmp_7_i = dsqrt i64 @llvm.sqrt.f64, i64 %variance_R" [../include/stdCpt.hpp:73]   --->   Operation 248 'dsqrt' 'tmp_7_i' <Predicate = true> <Delay = 5.17> <CoreInst = "DSqrt">   --->   Core 52 'DSqrt' <Latency = 56> <II = 1> <Delay = 5.17> <FuncUnit> <Opcode : 'dsqrt'> <InPorts = 1> <OutPorts = 1>
ST_73 : Operation 249 [8/57] (5.17ns)   --->   "%tmp_8_i = dsqrt i64 @llvm.sqrt.f64, i64 %variance_I" [../include/stdCpt.hpp:74]   --->   Operation 249 'dsqrt' 'tmp_8_i' <Predicate = true> <Delay = 5.17> <CoreInst = "DSqrt">   --->   Core 52 'DSqrt' <Latency = 56> <II = 1> <Delay = 5.17> <FuncUnit> <Opcode : 'dsqrt'> <InPorts = 1> <OutPorts = 1>

State 74 <SV = 73> <Delay = 5.17>
ST_74 : Operation 250 [7/57] (5.17ns)   --->   "%tmp_7_i = dsqrt i64 @llvm.sqrt.f64, i64 %variance_R" [../include/stdCpt.hpp:73]   --->   Operation 250 'dsqrt' 'tmp_7_i' <Predicate = true> <Delay = 5.17> <CoreInst = "DSqrt">   --->   Core 52 'DSqrt' <Latency = 56> <II = 1> <Delay = 5.17> <FuncUnit> <Opcode : 'dsqrt'> <InPorts = 1> <OutPorts = 1>
ST_74 : Operation 251 [7/57] (5.17ns)   --->   "%tmp_8_i = dsqrt i64 @llvm.sqrt.f64, i64 %variance_I" [../include/stdCpt.hpp:74]   --->   Operation 251 'dsqrt' 'tmp_8_i' <Predicate = true> <Delay = 5.17> <CoreInst = "DSqrt">   --->   Core 52 'DSqrt' <Latency = 56> <II = 1> <Delay = 5.17> <FuncUnit> <Opcode : 'dsqrt'> <InPorts = 1> <OutPorts = 1>

State 75 <SV = 74> <Delay = 5.17>
ST_75 : Operation 252 [6/57] (5.17ns)   --->   "%tmp_7_i = dsqrt i64 @llvm.sqrt.f64, i64 %variance_R" [../include/stdCpt.hpp:73]   --->   Operation 252 'dsqrt' 'tmp_7_i' <Predicate = true> <Delay = 5.17> <CoreInst = "DSqrt">   --->   Core 52 'DSqrt' <Latency = 56> <II = 1> <Delay = 5.17> <FuncUnit> <Opcode : 'dsqrt'> <InPorts = 1> <OutPorts = 1>
ST_75 : Operation 253 [6/57] (5.17ns)   --->   "%tmp_8_i = dsqrt i64 @llvm.sqrt.f64, i64 %variance_I" [../include/stdCpt.hpp:74]   --->   Operation 253 'dsqrt' 'tmp_8_i' <Predicate = true> <Delay = 5.17> <CoreInst = "DSqrt">   --->   Core 52 'DSqrt' <Latency = 56> <II = 1> <Delay = 5.17> <FuncUnit> <Opcode : 'dsqrt'> <InPorts = 1> <OutPorts = 1>

State 76 <SV = 75> <Delay = 5.17>
ST_76 : Operation 254 [5/57] (5.17ns)   --->   "%tmp_7_i = dsqrt i64 @llvm.sqrt.f64, i64 %variance_R" [../include/stdCpt.hpp:73]   --->   Operation 254 'dsqrt' 'tmp_7_i' <Predicate = true> <Delay = 5.17> <CoreInst = "DSqrt">   --->   Core 52 'DSqrt' <Latency = 56> <II = 1> <Delay = 5.17> <FuncUnit> <Opcode : 'dsqrt'> <InPorts = 1> <OutPorts = 1>
ST_76 : Operation 255 [5/57] (5.17ns)   --->   "%tmp_8_i = dsqrt i64 @llvm.sqrt.f64, i64 %variance_I" [../include/stdCpt.hpp:74]   --->   Operation 255 'dsqrt' 'tmp_8_i' <Predicate = true> <Delay = 5.17> <CoreInst = "DSqrt">   --->   Core 52 'DSqrt' <Latency = 56> <II = 1> <Delay = 5.17> <FuncUnit> <Opcode : 'dsqrt'> <InPorts = 1> <OutPorts = 1>

State 77 <SV = 76> <Delay = 5.17>
ST_77 : Operation 256 [4/57] (5.17ns)   --->   "%tmp_7_i = dsqrt i64 @llvm.sqrt.f64, i64 %variance_R" [../include/stdCpt.hpp:73]   --->   Operation 256 'dsqrt' 'tmp_7_i' <Predicate = true> <Delay = 5.17> <CoreInst = "DSqrt">   --->   Core 52 'DSqrt' <Latency = 56> <II = 1> <Delay = 5.17> <FuncUnit> <Opcode : 'dsqrt'> <InPorts = 1> <OutPorts = 1>
ST_77 : Operation 257 [4/57] (5.17ns)   --->   "%tmp_8_i = dsqrt i64 @llvm.sqrt.f64, i64 %variance_I" [../include/stdCpt.hpp:74]   --->   Operation 257 'dsqrt' 'tmp_8_i' <Predicate = true> <Delay = 5.17> <CoreInst = "DSqrt">   --->   Core 52 'DSqrt' <Latency = 56> <II = 1> <Delay = 5.17> <FuncUnit> <Opcode : 'dsqrt'> <InPorts = 1> <OutPorts = 1>

State 78 <SV = 77> <Delay = 5.17>
ST_78 : Operation 258 [3/57] (5.17ns)   --->   "%tmp_7_i = dsqrt i64 @llvm.sqrt.f64, i64 %variance_R" [../include/stdCpt.hpp:73]   --->   Operation 258 'dsqrt' 'tmp_7_i' <Predicate = true> <Delay = 5.17> <CoreInst = "DSqrt">   --->   Core 52 'DSqrt' <Latency = 56> <II = 1> <Delay = 5.17> <FuncUnit> <Opcode : 'dsqrt'> <InPorts = 1> <OutPorts = 1>
ST_78 : Operation 259 [3/57] (5.17ns)   --->   "%tmp_8_i = dsqrt i64 @llvm.sqrt.f64, i64 %variance_I" [../include/stdCpt.hpp:74]   --->   Operation 259 'dsqrt' 'tmp_8_i' <Predicate = true> <Delay = 5.17> <CoreInst = "DSqrt">   --->   Core 52 'DSqrt' <Latency = 56> <II = 1> <Delay = 5.17> <FuncUnit> <Opcode : 'dsqrt'> <InPorts = 1> <OutPorts = 1>

State 79 <SV = 78> <Delay = 5.17>
ST_79 : Operation 260 [2/57] (5.17ns)   --->   "%tmp_7_i = dsqrt i64 @llvm.sqrt.f64, i64 %variance_R" [../include/stdCpt.hpp:73]   --->   Operation 260 'dsqrt' 'tmp_7_i' <Predicate = true> <Delay = 5.17> <CoreInst = "DSqrt">   --->   Core 52 'DSqrt' <Latency = 56> <II = 1> <Delay = 5.17> <FuncUnit> <Opcode : 'dsqrt'> <InPorts = 1> <OutPorts = 1>
ST_79 : Operation 261 [2/57] (5.17ns)   --->   "%tmp_8_i = dsqrt i64 @llvm.sqrt.f64, i64 %variance_I" [../include/stdCpt.hpp:74]   --->   Operation 261 'dsqrt' 'tmp_8_i' <Predicate = true> <Delay = 5.17> <CoreInst = "DSqrt">   --->   Core 52 'DSqrt' <Latency = 56> <II = 1> <Delay = 5.17> <FuncUnit> <Opcode : 'dsqrt'> <InPorts = 1> <OutPorts = 1>

State 80 <SV = 79> <Delay = 5.17>
ST_80 : Operation 262 [1/57] (5.17ns)   --->   "%tmp_7_i = dsqrt i64 @llvm.sqrt.f64, i64 %variance_R" [../include/stdCpt.hpp:73]   --->   Operation 262 'dsqrt' 'tmp_7_i' <Predicate = true> <Delay = 5.17> <CoreInst = "DSqrt">   --->   Core 52 'DSqrt' <Latency = 56> <II = 1> <Delay = 5.17> <FuncUnit> <Opcode : 'dsqrt'> <InPorts = 1> <OutPorts = 1>
ST_80 : Operation 263 [1/57] (5.17ns)   --->   "%tmp_8_i = dsqrt i64 @llvm.sqrt.f64, i64 %variance_I" [../include/stdCpt.hpp:74]   --->   Operation 263 'dsqrt' 'tmp_8_i' <Predicate = true> <Delay = 5.17> <CoreInst = "DSqrt">   --->   Core 52 'DSqrt' <Latency = 56> <II = 1> <Delay = 5.17> <FuncUnit> <Opcode : 'dsqrt'> <InPorts = 1> <OutPorts = 1>

State 81 <SV = 80> <Delay = 6.71>
ST_81 : Operation 264 [7/7] (6.71ns)   --->   "%mul_i = dmul i64 %tmp_7_i, i64 3" [../include/stdCpt.hpp:73]   --->   Operation 264 'dmul' 'mul_i' <Predicate = true> <Delay = 6.71> <CoreInst = "DMul_maxdsp">   --->   Core 49 'DMul_maxdsp' <Latency = 6> <II = 1> <Delay = 6.71> <FuncUnit> <Opcode : 'dmul'> <InPorts = 2> <OutPorts = 1>
ST_81 : Operation 265 [7/7] (6.71ns)   --->   "%mul1_i = dmul i64 %tmp_8_i, i64 3" [../include/stdCpt.hpp:74]   --->   Operation 265 'dmul' 'mul1_i' <Predicate = true> <Delay = 6.71> <CoreInst = "DMul_maxdsp">   --->   Core 49 'DMul_maxdsp' <Latency = 6> <II = 1> <Delay = 6.71> <FuncUnit> <Opcode : 'dmul'> <InPorts = 2> <OutPorts = 1>

State 82 <SV = 81> <Delay = 6.71>
ST_82 : Operation 266 [6/7] (6.71ns)   --->   "%mul_i = dmul i64 %tmp_7_i, i64 3" [../include/stdCpt.hpp:73]   --->   Operation 266 'dmul' 'mul_i' <Predicate = true> <Delay = 6.71> <CoreInst = "DMul_maxdsp">   --->   Core 49 'DMul_maxdsp' <Latency = 6> <II = 1> <Delay = 6.71> <FuncUnit> <Opcode : 'dmul'> <InPorts = 2> <OutPorts = 1>
ST_82 : Operation 267 [6/7] (6.71ns)   --->   "%mul1_i = dmul i64 %tmp_8_i, i64 3" [../include/stdCpt.hpp:74]   --->   Operation 267 'dmul' 'mul1_i' <Predicate = true> <Delay = 6.71> <CoreInst = "DMul_maxdsp">   --->   Core 49 'DMul_maxdsp' <Latency = 6> <II = 1> <Delay = 6.71> <FuncUnit> <Opcode : 'dmul'> <InPorts = 2> <OutPorts = 1>

State 83 <SV = 82> <Delay = 6.71>
ST_83 : Operation 268 [5/7] (6.71ns)   --->   "%mul_i = dmul i64 %tmp_7_i, i64 3" [../include/stdCpt.hpp:73]   --->   Operation 268 'dmul' 'mul_i' <Predicate = true> <Delay = 6.71> <CoreInst = "DMul_maxdsp">   --->   Core 49 'DMul_maxdsp' <Latency = 6> <II = 1> <Delay = 6.71> <FuncUnit> <Opcode : 'dmul'> <InPorts = 2> <OutPorts = 1>
ST_83 : Operation 269 [5/7] (6.71ns)   --->   "%mul1_i = dmul i64 %tmp_8_i, i64 3" [../include/stdCpt.hpp:74]   --->   Operation 269 'dmul' 'mul1_i' <Predicate = true> <Delay = 6.71> <CoreInst = "DMul_maxdsp">   --->   Core 49 'DMul_maxdsp' <Latency = 6> <II = 1> <Delay = 6.71> <FuncUnit> <Opcode : 'dmul'> <InPorts = 2> <OutPorts = 1>

State 84 <SV = 83> <Delay = 6.71>
ST_84 : Operation 270 [4/7] (6.71ns)   --->   "%mul_i = dmul i64 %tmp_7_i, i64 3" [../include/stdCpt.hpp:73]   --->   Operation 270 'dmul' 'mul_i' <Predicate = true> <Delay = 6.71> <CoreInst = "DMul_maxdsp">   --->   Core 49 'DMul_maxdsp' <Latency = 6> <II = 1> <Delay = 6.71> <FuncUnit> <Opcode : 'dmul'> <InPorts = 2> <OutPorts = 1>
ST_84 : Operation 271 [4/7] (6.71ns)   --->   "%mul1_i = dmul i64 %tmp_8_i, i64 3" [../include/stdCpt.hpp:74]   --->   Operation 271 'dmul' 'mul1_i' <Predicate = true> <Delay = 6.71> <CoreInst = "DMul_maxdsp">   --->   Core 49 'DMul_maxdsp' <Latency = 6> <II = 1> <Delay = 6.71> <FuncUnit> <Opcode : 'dmul'> <InPorts = 2> <OutPorts = 1>

State 85 <SV = 84> <Delay = 6.71>
ST_85 : Operation 272 [3/7] (6.71ns)   --->   "%mul_i = dmul i64 %tmp_7_i, i64 3" [../include/stdCpt.hpp:73]   --->   Operation 272 'dmul' 'mul_i' <Predicate = true> <Delay = 6.71> <CoreInst = "DMul_maxdsp">   --->   Core 49 'DMul_maxdsp' <Latency = 6> <II = 1> <Delay = 6.71> <FuncUnit> <Opcode : 'dmul'> <InPorts = 2> <OutPorts = 1>
ST_85 : Operation 273 [3/7] (6.71ns)   --->   "%mul1_i = dmul i64 %tmp_8_i, i64 3" [../include/stdCpt.hpp:74]   --->   Operation 273 'dmul' 'mul1_i' <Predicate = true> <Delay = 6.71> <CoreInst = "DMul_maxdsp">   --->   Core 49 'DMul_maxdsp' <Latency = 6> <II = 1> <Delay = 6.71> <FuncUnit> <Opcode : 'dmul'> <InPorts = 2> <OutPorts = 1>

State 86 <SV = 85> <Delay = 6.71>
ST_86 : Operation 274 [2/7] (6.71ns)   --->   "%mul_i = dmul i64 %tmp_7_i, i64 3" [../include/stdCpt.hpp:73]   --->   Operation 274 'dmul' 'mul_i' <Predicate = true> <Delay = 6.71> <CoreInst = "DMul_maxdsp">   --->   Core 49 'DMul_maxdsp' <Latency = 6> <II = 1> <Delay = 6.71> <FuncUnit> <Opcode : 'dmul'> <InPorts = 2> <OutPorts = 1>
ST_86 : Operation 275 [2/7] (6.71ns)   --->   "%mul1_i = dmul i64 %tmp_8_i, i64 3" [../include/stdCpt.hpp:74]   --->   Operation 275 'dmul' 'mul1_i' <Predicate = true> <Delay = 6.71> <CoreInst = "DMul_maxdsp">   --->   Core 49 'DMul_maxdsp' <Latency = 6> <II = 1> <Delay = 6.71> <FuncUnit> <Opcode : 'dmul'> <InPorts = 2> <OutPorts = 1>

State 87 <SV = 86> <Delay = 6.71>
ST_87 : Operation 276 [1/7] (6.71ns)   --->   "%mul_i = dmul i64 %tmp_7_i, i64 3" [../include/stdCpt.hpp:73]   --->   Operation 276 'dmul' 'mul_i' <Predicate = true> <Delay = 6.71> <CoreInst = "DMul_maxdsp">   --->   Core 49 'DMul_maxdsp' <Latency = 6> <II = 1> <Delay = 6.71> <FuncUnit> <Opcode : 'dmul'> <InPorts = 2> <OutPorts = 1>
ST_87 : Operation 277 [1/7] (6.71ns)   --->   "%mul1_i = dmul i64 %tmp_8_i, i64 3" [../include/stdCpt.hpp:74]   --->   Operation 277 'dmul' 'mul1_i' <Predicate = true> <Delay = 6.71> <CoreInst = "DMul_maxdsp">   --->   Core 49 'DMul_maxdsp' <Latency = 6> <II = 1> <Delay = 6.71> <FuncUnit> <Opcode : 'dmul'> <InPorts = 2> <OutPorts = 1>

State 88 <SV = 87> <Delay = 3.25>
ST_88 : Operation 278 [2/2] (3.25ns)   --->   "%call_ln73 = call void @STDCpt<2048, 3, double>_Pipeline_VITIS_LOOP_72_1, i64 %RRo, i64 %mul_i, i64 %RIo, i64 %mul1_i" [../include/stdCpt.hpp:73]   --->   Operation 278 'call' 'call_ln73' <Predicate = true> <Delay = 3.25> <CoreType = "Generic">   --->   Core 0 '' <Latency = 0> <II = 1> <Delay = 1.00> <Generic> <Opcode : >

State 89 <SV = 88> <Delay = 0.00>
ST_89 : Operation 279 [1/2] (0.00ns)   --->   "%call_ln73 = call void @STDCpt<2048, 3, double>_Pipeline_VITIS_LOOP_72_1, i64 %RRo, i64 %mul_i, i64 %RIo, i64 %mul1_i" [../include/stdCpt.hpp:73]   --->   Operation 279 'call' 'call_ln73' <Predicate = true> <Delay = 0.00> <CoreType = "Generic">   --->   Core 0 '' <Latency = 0> <II = 1> <Delay = 1.00> <Generic> <Opcode : >

State 90 <SV = 89> <Delay = 0.00>
ST_90 : Operation 280 [1/1] (0.00ns)   --->   "%empty_316 = wait i32 @_ssdm_op_Wait"   --->   Operation 280 'wait' 'empty_316' <Predicate = true> <Delay = 0.00>
ST_90 : Operation 281 [2/2] (0.00ns)   --->   "%call_ln0 = call void @STDCpt<2048, 3, double>_Pipeline_loop_3, i64 %RRo, i64 %RIo, i64 %stream_STD_Computation_std_R_o_Brd_STD_R_in, i64 %stream_STD_Computation_std_I_o_Brd_STD_I_in"   --->   Operation 281 'call' 'call_ln0' <Predicate = true> <Delay = 0.00> <CoreType = "Generic">   --->   Core 0 '' <Latency = 0> <II = 1> <Delay = 1.00> <Generic> <Opcode : >

State 91 <SV = 90> <Delay = 0.00>
ST_91 : Operation 282 [1/1] (0.00ns)   --->   "%specinterface_ln0 = specinterface void @_ssdm_op_SpecInterface, i64 %stream_Brd_Acq_Im_out_1_STD_Computation_raw_data_im_i, void @empty_4, i32 0, i32 0, void @empty_3, i32 0, i32 0, void @empty_3, void @empty_3, void @empty_3, i32 0, i32 0, i32 0, i32 0, void @empty_3, void @empty_3"   --->   Operation 282 'specinterface' 'specinterface_ln0' <Predicate = true> <Delay = 0.00>
ST_91 : Operation 283 [1/1] (0.00ns)   --->   "%specinterface_ln0 = specinterface void @_ssdm_op_SpecInterface, i64 %stream_Brd_Acq_Im_out_1_STD_Computation_raw_data_im_i, void @empty_4, i32 0, i32 0, void @empty_3, i32 0, i32 0, void @empty_3, void @empty_3, void @empty_3, i32 0, i32 0, i32 0, i32 0, void @empty_3, void @empty_3"   --->   Operation 283 'specinterface' 'specinterface_ln0' <Predicate = true> <Delay = 0.00>
ST_91 : Operation 284 [1/1] (0.00ns)   --->   "%specinterface_ln0 = specinterface void @_ssdm_op_SpecInterface, i64 %stream_Brd_Acq_Im_out_1_STD_Computation_raw_data_im_i, void @empty_4, i32 0, i32 0, void @empty_3, i32 0, i32 0, void @empty_3, void @empty_3, void @empty_3, i32 0, i32 0, i32 0, i32 0, void @empty_3, void @empty_3"   --->   Operation 284 'specinterface' 'specinterface_ln0' <Predicate = true> <Delay = 0.00>
ST_91 : Operation 285 [1/1] (0.00ns)   --->   "%specinterface_ln0 = specinterface void @_ssdm_op_SpecInterface, i64 %stream_Brd_Acq_Real_out_2_STD_Computation_raw_data_real_i, void @empty_4, i32 0, i32 0, void @empty_3, i32 0, i32 0, void @empty_3, void @empty_3, void @empty_3, i32 0, i32 0, i32 0, i32 0, void @empty_3, void @empty_3"   --->   Operation 285 'specinterface' 'specinterface_ln0' <Predicate = true> <Delay = 0.00>
ST_91 : Operation 286 [1/1] (0.00ns)   --->   "%specinterface_ln0 = specinterface void @_ssdm_op_SpecInterface, i64 %stream_Brd_Acq_Real_out_2_STD_Computation_raw_data_real_i, void @empty_4, i32 0, i32 0, void @empty_3, i32 0, i32 0, void @empty_3, void @empty_3, void @empty_3, i32 0, i32 0, i32 0, i32 0, void @empty_3, void @empty_3"   --->   Operation 286 'specinterface' 'specinterface_ln0' <Predicate = true> <Delay = 0.00>
ST_91 : Operation 287 [1/1] (0.00ns)   --->   "%specinterface_ln0 = specinterface void @_ssdm_op_SpecInterface, i64 %stream_Brd_Acq_Real_out_2_STD_Computation_raw_data_real_i, void @empty_4, i32 0, i32 0, void @empty_3, i32 0, i32 0, void @empty_3, void @empty_3, void @empty_3, i32 0, i32 0, i32 0, i32 0, void @empty_3, void @empty_3"   --->   Operation 287 'specinterface' 'specinterface_ln0' <Predicate = true> <Delay = 0.00>
ST_91 : Operation 288 [1/1] (0.00ns)   --->   "%specinterface_ln0 = specinterface void @_ssdm_op_SpecInterface, i64 %stream_STD_Computation_std_I_o_Brd_STD_I_in, void @empty_4, i32 0, i32 0, void @empty_3, i32 0, i32 0, void @empty_3, void @empty_3, void @empty_3, i32 0, i32 0, i32 0, i32 0, void @empty_3, void @empty_3"   --->   Operation 288 'specinterface' 'specinterface_ln0' <Predicate = true> <Delay = 0.00>
ST_91 : Operation 289 [1/1] (0.00ns)   --->   "%specinterface_ln0 = specinterface void @_ssdm_op_SpecInterface, i64 %stream_STD_Computation_std_I_o_Brd_STD_I_in, void @empty_4, i32 0, i32 0, void @empty_3, i32 0, i32 0, void @empty_3, void @empty_3, void @empty_3, i32 0, i32 0, i32 0, i32 0, void @empty_3, void @empty_3"   --->   Operation 289 'specinterface' 'specinterface_ln0' <Predicate = true> <Delay = 0.00>
ST_91 : Operation 290 [1/1] (0.00ns)   --->   "%specinterface_ln0 = specinterface void @_ssdm_op_SpecInterface, i64 %stream_STD_Computation_std_I_o_Brd_STD_I_in, void @empty_4, i32 0, i32 0, void @empty_3, i32 0, i32 0, void @empty_3, void @empty_3, void @empty_3, i32 0, i32 0, i32 0, i32 0, void @empty_3, void @empty_3"   --->   Operation 290 'specinterface' 'specinterface_ln0' <Predicate = true> <Delay = 0.00>
ST_91 : Operation 291 [1/1] (0.00ns)   --->   "%specinterface_ln0 = specinterface void @_ssdm_op_SpecInterface, i64 %stream_STD_Computation_std_R_o_Brd_STD_R_in, void @empty_4, i32 0, i32 0, void @empty_3, i32 0, i32 0, void @empty_3, void @empty_3, void @empty_3, i32 0, i32 0, i32 0, i32 0, void @empty_3, void @empty_3"   --->   Operation 291 'specinterface' 'specinterface_ln0' <Predicate = true> <Delay = 0.00>
ST_91 : Operation 292 [1/1] (0.00ns)   --->   "%specinterface_ln0 = specinterface void @_ssdm_op_SpecInterface, i64 %stream_STD_Computation_std_R_o_Brd_STD_R_in, void @empty_4, i32 0, i32 0, void @empty_3, i32 0, i32 0, void @empty_3, void @empty_3, void @empty_3, i32 0, i32 0, i32 0, i32 0, void @empty_3, void @empty_3"   --->   Operation 292 'specinterface' 'specinterface_ln0' <Predicate = true> <Delay = 0.00>
ST_91 : Operation 293 [1/1] (0.00ns)   --->   "%specinterface_ln0 = specinterface void @_ssdm_op_SpecInterface, i64 %stream_STD_Computation_std_R_o_Brd_STD_R_in, void @empty_4, i32 0, i32 0, void @empty_3, i32 0, i32 0, void @empty_3, void @empty_3, void @empty_3, i32 0, i32 0, i32 0, i32 0, void @empty_3, void @empty_3"   --->   Operation 293 'specinterface' 'specinterface_ln0' <Predicate = true> <Delay = 0.00>
ST_91 : Operation 294 [1/1] (0.00ns)   --->   "%specinterface_ln0 = specinterface void @_ssdm_op_SpecInterface, i64 %stream_STD_Computation_std_I_o_Brd_STD_I_in, void @empty_4, i32 0, i32 0, void @empty_3, i32 0, i32 0, void @empty_3, void @empty_3, void @empty_3, i32 0, i32 0, i32 0, i32 0, void @empty_3, void @empty_3"   --->   Operation 294 'specinterface' 'specinterface_ln0' <Predicate = true> <Delay = 0.00>
ST_91 : Operation 295 [1/1] (0.00ns)   --->   "%specinterface_ln0 = specinterface void @_ssdm_op_SpecInterface, i64 %stream_STD_Computation_std_R_o_Brd_STD_R_in, void @empty_4, i32 0, i32 0, void @empty_3, i32 0, i32 0, void @empty_3, void @empty_3, void @empty_3, i32 0, i32 0, i32 0, i32 0, void @empty_3, void @empty_3"   --->   Operation 295 'specinterface' 'specinterface_ln0' <Predicate = true> <Delay = 0.00>
ST_91 : Operation 296 [1/1] (0.00ns)   --->   "%specinterface_ln0 = specinterface void @_ssdm_op_SpecInterface, i64 %stream_Brd_Acq_Real_out_2_STD_Computation_raw_data_real_i, void @empty_4, i32 0, i32 0, void @empty_3, i32 0, i32 0, void @empty_3, void @empty_3, void @empty_3, i32 0, i32 0, i32 0, i32 0, void @empty_3, void @empty_3"   --->   Operation 296 'specinterface' 'specinterface_ln0' <Predicate = true> <Delay = 0.00>
ST_91 : Operation 297 [1/1] (0.00ns)   --->   "%specinterface_ln0 = specinterface void @_ssdm_op_SpecInterface, i64 %stream_Brd_Acq_Im_out_1_STD_Computation_raw_data_im_i, void @empty_4, i32 0, i32 0, void @empty_3, i32 0, i32 0, void @empty_3, void @empty_3, void @empty_3, i32 0, i32 0, i32 0, i32 0, void @empty_3, void @empty_3"   --->   Operation 297 'specinterface' 'specinterface_ln0' <Predicate = true> <Delay = 0.00>
ST_91 : Operation 298 [1/2] (0.00ns)   --->   "%call_ln0 = call void @STDCpt<2048, 3, double>_Pipeline_loop_3, i64 %RRo, i64 %RIo, i64 %stream_STD_Computation_std_R_o_Brd_STD_R_in, i64 %stream_STD_Computation_std_I_o_Brd_STD_I_in"   --->   Operation 298 'call' 'call_ln0' <Predicate = true> <Delay = 0.00> <CoreType = "Generic">   --->   Core 0 '' <Latency = 0> <II = 1> <Delay = 1.00> <Generic> <Opcode : >
ST_91 : Operation 299 [1/1] (0.00ns)   --->   "%ret_ln0 = ret"   --->   Operation 299 'ret' 'ret_ln0' <Predicate = true> <Delay = 0.00>


============================================================
+ Verbose Summary: Timing violations
============================================================
Target clock period: 10ns, clock uncertainty: 2.7ns.

 <State 1>: 0ns
The critical path consists of the following:

 <State 2>: 0ns
The critical path consists of the following:

 <State 3>: 0ns
The critical path consists of the following:

 <State 4>: 0ns
The critical path consists of the following:

 <State 5>: 6.72ns
The critical path consists of the following:
	'load' operation ('sum_loc_load') on local variable 'sum_loc' [47]  (0 ns)
	'dmul' operation ('average_R', ../include/stdCpt.hpp:25) [50]  (6.72 ns)

 <State 6>: 6.72ns
The critical path consists of the following:
	'dmul' operation ('average_R', ../include/stdCpt.hpp:25) [50]  (6.72 ns)

 <State 7>: 6.72ns
The critical path consists of the following:
	'dmul' operation ('average_R', ../include/stdCpt.hpp:25) [50]  (6.72 ns)

 <State 8>: 6.72ns
The critical path consists of the following:
	'dmul' operation ('average_R', ../include/stdCpt.hpp:25) [50]  (6.72 ns)

 <State 9>: 6.72ns
The critical path consists of the following:
	'dmul' operation ('average_R', ../include/stdCpt.hpp:25) [50]  (6.72 ns)

 <State 10>: 6.72ns
The critical path consists of the following:
	'dmul' operation ('average_R', ../include/stdCpt.hpp:25) [50]  (6.72 ns)

 <State 11>: 6.72ns
The critical path consists of the following:
	'dmul' operation ('average_R', ../include/stdCpt.hpp:25) [50]  (6.72 ns)

 <State 12>: 6.72ns
The critical path consists of the following:
	'dmul' operation ('av_i', ../include/stdCpt.hpp:25) [52]  (6.72 ns)

 <State 13>: 6.72ns
The critical path consists of the following:
	'dmul' operation ('av_i', ../include/stdCpt.hpp:25) [52]  (6.72 ns)

 <State 14>: 0ns
The critical path consists of the following:

 <State 15>: 0ns
The critical path consists of the following:

 <State 16>: 0ns
The critical path consists of the following:

 <State 17>: 6.72ns
The critical path consists of the following:
	'load' operation ('sum_4_loc_load') on local variable 'sum_4_loc' [55]  (0 ns)
	'dmul' operation ('variance_R', ../include/stdCpt.hpp:36) [58]  (6.72 ns)

 <State 18>: 6.72ns
The critical path consists of the following:
	'dmul' operation ('variance_R', ../include/stdCpt.hpp:36) [58]  (6.72 ns)

 <State 19>: 6.72ns
The critical path consists of the following:
	'dmul' operation ('variance_R', ../include/stdCpt.hpp:36) [58]  (6.72 ns)

 <State 20>: 6.72ns
The critical path consists of the following:
	'dmul' operation ('variance_R', ../include/stdCpt.hpp:36) [58]  (6.72 ns)

 <State 21>: 6.72ns
The critical path consists of the following:
	'dmul' operation ('variance_R', ../include/stdCpt.hpp:36) [58]  (6.72 ns)

 <State 22>: 6.72ns
The critical path consists of the following:
	'dmul' operation ('variance_R', ../include/stdCpt.hpp:36) [58]  (6.72 ns)

 <State 23>: 6.72ns
The critical path consists of the following:
	'dmul' operation ('variance_R', ../include/stdCpt.hpp:36) [58]  (6.72 ns)

 <State 24>: 5.17ns
The critical path consists of the following:
	'dsqrt' operation ('tmp_7_i', ../include/stdCpt.hpp:73) [60]  (5.17 ns)

 <State 25>: 5.17ns
The critical path consists of the following:
	'dsqrt' operation ('tmp_7_i', ../include/stdCpt.hpp:73) [60]  (5.17 ns)

 <State 26>: 5.17ns
The critical path consists of the following:
	'dsqrt' operation ('tmp_7_i', ../include/stdCpt.hpp:73) [60]  (5.17 ns)

 <State 27>: 5.17ns
The critical path consists of the following:
	'dsqrt' operation ('tmp_7_i', ../include/stdCpt.hpp:73) [60]  (5.17 ns)

 <State 28>: 5.17ns
The critical path consists of the following:
	'dsqrt' operation ('tmp_7_i', ../include/stdCpt.hpp:73) [60]  (5.17 ns)

 <State 29>: 5.17ns
The critical path consists of the following:
	'dsqrt' operation ('tmp_7_i', ../include/stdCpt.hpp:73) [60]  (5.17 ns)

 <State 30>: 5.17ns
The critical path consists of the following:
	'dsqrt' operation ('tmp_7_i', ../include/stdCpt.hpp:73) [60]  (5.17 ns)

 <State 31>: 5.17ns
The critical path consists of the following:
	'dsqrt' operation ('tmp_7_i', ../include/stdCpt.hpp:73) [60]  (5.17 ns)

 <State 32>: 5.17ns
The critical path consists of the following:
	'dsqrt' operation ('tmp_7_i', ../include/stdCpt.hpp:73) [60]  (5.17 ns)

 <State 33>: 5.17ns
The critical path consists of the following:
	'dsqrt' operation ('tmp_7_i', ../include/stdCpt.hpp:73) [60]  (5.17 ns)

 <State 34>: 5.17ns
The critical path consists of the following:
	'dsqrt' operation ('tmp_7_i', ../include/stdCpt.hpp:73) [60]  (5.17 ns)

 <State 35>: 5.17ns
The critical path consists of the following:
	'dsqrt' operation ('tmp_7_i', ../include/stdCpt.hpp:73) [60]  (5.17 ns)

 <State 36>: 5.17ns
The critical path consists of the following:
	'dsqrt' operation ('tmp_7_i', ../include/stdCpt.hpp:73) [60]  (5.17 ns)

 <State 37>: 5.17ns
The critical path consists of the following:
	'dsqrt' operation ('tmp_7_i', ../include/stdCpt.hpp:73) [60]  (5.17 ns)

 <State 38>: 5.17ns
The critical path consists of the following:
	'dsqrt' operation ('tmp_7_i', ../include/stdCpt.hpp:73) [60]  (5.17 ns)

 <State 39>: 5.17ns
The critical path consists of the following:
	'dsqrt' operation ('tmp_7_i', ../include/stdCpt.hpp:73) [60]  (5.17 ns)

 <State 40>: 5.17ns
The critical path consists of the following:
	'dsqrt' operation ('tmp_7_i', ../include/stdCpt.hpp:73) [60]  (5.17 ns)

 <State 41>: 5.17ns
The critical path consists of the following:
	'dsqrt' operation ('tmp_7_i', ../include/stdCpt.hpp:73) [60]  (5.17 ns)

 <State 42>: 5.17ns
The critical path consists of the following:
	'dsqrt' operation ('tmp_7_i', ../include/stdCpt.hpp:73) [60]  (5.17 ns)

 <State 43>: 5.17ns
The critical path consists of the following:
	'dsqrt' operation ('tmp_7_i', ../include/stdCpt.hpp:73) [60]  (5.17 ns)

 <State 44>: 5.17ns
The critical path consists of the following:
	'dsqrt' operation ('tmp_7_i', ../include/stdCpt.hpp:73) [60]  (5.17 ns)

 <State 45>: 5.17ns
The critical path consists of the following:
	'dsqrt' operation ('tmp_7_i', ../include/stdCpt.hpp:73) [60]  (5.17 ns)

 <State 46>: 5.17ns
The critical path consists of the following:
	'dsqrt' operation ('tmp_7_i', ../include/stdCpt.hpp:73) [60]  (5.17 ns)

 <State 47>: 5.17ns
The critical path consists of the following:
	'dsqrt' operation ('tmp_7_i', ../include/stdCpt.hpp:73) [60]  (5.17 ns)

 <State 48>: 5.17ns
The critical path consists of the following:
	'dsqrt' operation ('tmp_7_i', ../include/stdCpt.hpp:73) [60]  (5.17 ns)

 <State 49>: 5.17ns
The critical path consists of the following:
	'dsqrt' operation ('tmp_7_i', ../include/stdCpt.hpp:73) [60]  (5.17 ns)

 <State 50>: 5.17ns
The critical path consists of the following:
	'dsqrt' operation ('tmp_7_i', ../include/stdCpt.hpp:73) [60]  (5.17 ns)

 <State 51>: 5.17ns
The critical path consists of the following:
	'dsqrt' operation ('tmp_7_i', ../include/stdCpt.hpp:73) [60]  (5.17 ns)

 <State 52>: 5.17ns
The critical path consists of the following:
	'dsqrt' operation ('tmp_7_i', ../include/stdCpt.hpp:73) [60]  (5.17 ns)

 <State 53>: 5.17ns
The critical path consists of the following:
	'dsqrt' operation ('tmp_7_i', ../include/stdCpt.hpp:73) [60]  (5.17 ns)

 <State 54>: 5.17ns
The critical path consists of the following:
	'dsqrt' operation ('tmp_7_i', ../include/stdCpt.hpp:73) [60]  (5.17 ns)

 <State 55>: 5.17ns
The critical path consists of the following:
	'dsqrt' operation ('tmp_7_i', ../include/stdCpt.hpp:73) [60]  (5.17 ns)

 <State 56>: 5.17ns
The critical path consists of the following:
	'dsqrt' operation ('tmp_7_i', ../include/stdCpt.hpp:73) [60]  (5.17 ns)

 <State 57>: 5.17ns
The critical path consists of the following:
	'dsqrt' operation ('tmp_7_i', ../include/stdCpt.hpp:73) [60]  (5.17 ns)

 <State 58>: 5.17ns
The critical path consists of the following:
	'dsqrt' operation ('tmp_7_i', ../include/stdCpt.hpp:73) [60]  (5.17 ns)

 <State 59>: 5.17ns
The critical path consists of the following:
	'dsqrt' operation ('tmp_7_i', ../include/stdCpt.hpp:73) [60]  (5.17 ns)

 <State 60>: 5.17ns
The critical path consists of the following:
	'dsqrt' operation ('tmp_7_i', ../include/stdCpt.hpp:73) [60]  (5.17 ns)

 <State 61>: 5.17ns
The critical path consists of the following:
	'dsqrt' operation ('tmp_7_i', ../include/stdCpt.hpp:73) [60]  (5.17 ns)

 <State 62>: 5.17ns
The critical path consists of the following:
	'dsqrt' operation ('tmp_7_i', ../include/stdCpt.hpp:73) [60]  (5.17 ns)

 <State 63>: 5.17ns
The critical path consists of the following:
	'dsqrt' operation ('tmp_7_i', ../include/stdCpt.hpp:73) [60]  (5.17 ns)

 <State 64>: 5.17ns
The critical path consists of the following:
	'dsqrt' operation ('tmp_7_i', ../include/stdCpt.hpp:73) [60]  (5.17 ns)

 <State 65>: 5.17ns
The critical path consists of the following:
	'dsqrt' operation ('tmp_7_i', ../include/stdCpt.hpp:73) [60]  (5.17 ns)

 <State 66>: 5.17ns
The critical path consists of the following:
	'dsqrt' operation ('tmp_7_i', ../include/stdCpt.hpp:73) [60]  (5.17 ns)

 <State 67>: 5.17ns
The critical path consists of the following:
	'dsqrt' operation ('tmp_7_i', ../include/stdCpt.hpp:73) [60]  (5.17 ns)

 <State 68>: 5.17ns
The critical path consists of the following:
	'dsqrt' operation ('tmp_7_i', ../include/stdCpt.hpp:73) [60]  (5.17 ns)

 <State 69>: 5.17ns
The critical path consists of the following:
	'dsqrt' operation ('tmp_7_i', ../include/stdCpt.hpp:73) [60]  (5.17 ns)

 <State 70>: 5.17ns
The critical path consists of the following:
	'dsqrt' operation ('tmp_7_i', ../include/stdCpt.hpp:73) [60]  (5.17 ns)

 <State 71>: 5.17ns
The critical path consists of the following:
	'dsqrt' operation ('tmp_7_i', ../include/stdCpt.hpp:73) [60]  (5.17 ns)

 <State 72>: 5.17ns
The critical path consists of the following:
	'dsqrt' operation ('tmp_7_i', ../include/stdCpt.hpp:73) [60]  (5.17 ns)

 <State 73>: 5.17ns
The critical path consists of the following:
	'dsqrt' operation ('tmp_7_i', ../include/stdCpt.hpp:73) [60]  (5.17 ns)

 <State 74>: 5.17ns
The critical path consists of the following:
	'dsqrt' operation ('tmp_7_i', ../include/stdCpt.hpp:73) [60]  (5.17 ns)

 <State 75>: 5.17ns
The critical path consists of the following:
	'dsqrt' operation ('tmp_7_i', ../include/stdCpt.hpp:73) [60]  (5.17 ns)

 <State 76>: 5.17ns
The critical path consists of the following:
	'dsqrt' operation ('tmp_7_i', ../include/stdCpt.hpp:73) [60]  (5.17 ns)

 <State 77>: 5.17ns
The critical path consists of the following:
	'dsqrt' operation ('tmp_7_i', ../include/stdCpt.hpp:73) [60]  (5.17 ns)

 <State 78>: 5.17ns
The critical path consists of the following:
	'dsqrt' operation ('tmp_7_i', ../include/stdCpt.hpp:73) [60]  (5.17 ns)

 <State 79>: 5.17ns
The critical path consists of the following:
	'dsqrt' operation ('tmp_7_i', ../include/stdCpt.hpp:73) [60]  (5.17 ns)

 <State 80>: 5.17ns
The critical path consists of the following:
	'dsqrt' operation ('tmp_7_i', ../include/stdCpt.hpp:73) [60]  (5.17 ns)

 <State 81>: 6.72ns
The critical path consists of the following:
	'dmul' operation ('mul_i', ../include/stdCpt.hpp:73) [61]  (6.72 ns)

 <State 82>: 6.72ns
The critical path consists of the following:
	'dmul' operation ('mul_i', ../include/stdCpt.hpp:73) [61]  (6.72 ns)

 <State 83>: 6.72ns
The critical path consists of the following:
	'dmul' operation ('mul_i', ../include/stdCpt.hpp:73) [61]  (6.72 ns)

 <State 84>: 6.72ns
The critical path consists of the following:
	'dmul' operation ('mul_i', ../include/stdCpt.hpp:73) [61]  (6.72 ns)

 <State 85>: 6.72ns
The critical path consists of the following:
	'dmul' operation ('mul_i', ../include/stdCpt.hpp:73) [61]  (6.72 ns)

 <State 86>: 6.72ns
The critical path consists of the following:
	'dmul' operation ('mul_i', ../include/stdCpt.hpp:73) [61]  (6.72 ns)

 <State 87>: 6.72ns
The critical path consists of the following:
	'dmul' operation ('mul_i', ../include/stdCpt.hpp:73) [61]  (6.72 ns)

 <State 88>: 3.25ns
The critical path consists of the following:
	'call' operation ('call_ln73', ../include/stdCpt.hpp:73) to 'STDCpt<2048, 3, double>_Pipeline_VITIS_LOOP_72_1' [64]  (3.25 ns)

 <State 89>: 0ns
The critical path consists of the following:

 <State 90>: 0ns
The critical path consists of the following:

 <State 91>: 0ns
The critical path consists of the following:


============================================================
+ Verbose Summary: Binding
============================================================
N/A
* FSMD analyzer results:
  - Output states:
 - Input state : 
  - Chain level:
	State 1
	State 2
	State 3
	State 4
	State 5
	State 6
	State 7
	State 8
	State 9
	State 10
	State 11
	State 12
	State 13
	State 14
	State 15
	State 16
	State 17
	State 18
	State 19
	State 20
	State 21
	State 22
	State 23
	State 24
	State 25
	State 26
	State 27
	State 28
	State 29
	State 30
	State 31
	State 32
	State 33
	State 34
	State 35
	State 36
	State 37
	State 38
	State 39
	State 40
	State 41
	State 42
	State 43
	State 44
	State 45
	State 46
	State 47
	State 48
	State 49
	State 50
	State 51
	State 52
	State 53
	State 54
	State 55
	State 56
	State 57
	State 58
	State 59
	State 60
	State 61
	State 62
	State 63
	State 64
	State 65
	State 66
	State 67
	State 68
	State 69
	State 70
	State 71
	State 72
	State 73
	State 74
	State 75
	State 76
	State 77
	State 78
	State 79
	State 80
	State 81
	State 82
	State 83
	State 84
	State 85
	State 86
	State 87
	State 88
	State 89
	State 90
	State 91


============================================================
+ Verbose Summary: Datapath Resource usage 
============================================================
N/A
