

================================================================
== Vitis HLS Report for 'MADCpt_2048_3_ap_int_16_Pipeline_VITIS_LOOP_128_2'
================================================================
* Date:           Tue Jul 25 02:51:42 2023

* Version:        2021.2 (Build 3367213 on Tue Oct 19 02:47:39 MDT 2021)
* Project:        top_graph_top_rfi_C
* Solution:       solution1 (Vivado IP Flow Target)
* Product family: zynq
* Target device:  xc7z020-clg400-1


================================================================
== Performance Estimates
================================================================
+ Timing: 
    * Summary: 
    +--------+----------+----------+------------+
    |  Clock |  Target  | Estimated| Uncertainty|
    +--------+----------+----------+------------+
    |ap_clk  |  10.00 ns|  5.244 ns|     1.00 ns|
    +--------+----------+----------+------------+

+ Latency: 
    * Summary: 
    +---------+---------+-----------+-----------+------+------+---------+
    |  Latency (cycles) |   Latency (absolute)  |   Interval  | Pipeline|
    |   min   |   max   |    min    |    max    |  min |  max |   Type  |
    +---------+---------+-----------+-----------+------+------+---------+
    |     2050|     2050|  20.500 us|  20.500 us|  2050|  2050|       no|
    +---------+---------+-----------+-----------+------+------+---------+

    + Detail: 
        * Instance: 
        N/A

        * Loop: 
        +--------------------+---------+---------+----------+-----------+-----------+------+----------+
        |                    |  Latency (cycles) | Iteration|  Initiation Interval  | Trip |          |
        |      Loop Name     |   min   |   max   |  Latency |  achieved |   target  | Count| Pipelined|
        +--------------------+---------+---------+----------+-----------+-----------+------+----------+
        |- VITIS_LOOP_128_2  |     2048|     2048|         1|          1|          1|  2048|       yes|
        +--------------------+---------+---------+----------+-----------+-----------+------+----------+



================================================================
== Utilization Estimates
================================================================
* Summary: 
+-----------------+---------+-----+--------+-------+-----+
|       Name      | BRAM_18K| DSP |   FF   |  LUT  | URAM|
+-----------------+---------+-----+--------+-------+-----+
|DSP              |        -|    -|       -|      -|    -|
|Expression       |        -|    -|       0|     24|    -|
|FIFO             |        -|    -|       -|      -|    -|
|Instance         |        -|    -|       -|      -|    -|
|Memory           |        -|    -|       -|      -|    -|
|Multiplexer      |        -|    -|       -|     27|    -|
|Register         |        -|    -|      14|      -|    -|
+-----------------+---------+-----+--------+-------+-----+
|Total            |        0|    0|      14|     51|    0|
+-----------------+---------+-----+--------+-------+-----+
|Available        |      280|  220|  106400|  53200|    0|
+-----------------+---------+-----+--------+-------+-----+
|Utilization (%)  |        0|    0|      ~0|     ~0|    0|
+-----------------+---------+-----+--------+-------+-----+

+ Detail: 
    * Instance: 
    N/A

    * DSP: 
    N/A

    * Memory: 
    N/A

    * FIFO: 
    N/A

    * Expression: 
    +----------------------+----------+----+---+----+------------+------------+
    |     Variable Name    | Operation| DSP| FF| LUT| Bitwidth P0| Bitwidth P1|
    +----------------------+----------+----+---+----+------------+------------+
    |i_V_33_fu_94_p2       |         +|   0|  0|  12|          12|           1|
    |icmp_ln1072_fu_88_p2  |      icmp|   0|  0|  12|          12|          13|
    +----------------------+----------+----+---+----+------------+------------+
    |Total                 |          |   0|  0|  24|          24|          14|
    +----------------------+----------+----+---+----+------------+------------+

    * Multiplexer: 
    +-------------------------+----+-----------+-----+-----------+
    |           Name          | LUT| Input Size| Bits| Total Bits|
    +-------------------------+----+-----------+-----+-----------+
    |ap_done_int              |   9|          2|    1|          2|
    |ap_sig_allocacmp_i_V_32  |   9|          2|   12|         24|
    |i_V_fu_36                |   9|          2|   12|         24|
    +-------------------------+----+-----------+-----+-----------+
    |Total                    |  27|          6|   25|         50|
    +-------------------------+----+-----------+-----+-----------+

    * Register: 
    +-------------+----+----+-----+-----------+
    |     Name    | FF | LUT| Bits| Const Bits|
    +-------------+----+----+-----+-----------+
    |ap_CS_fsm    |   1|   0|    1|          0|
    |ap_done_reg  |   1|   0|    1|          0|
    |i_V_fu_36    |  12|   0|   12|          0|
    +-------------+----+----+-----+-----------+
    |Total        |  14|   0|   14|          0|
    +-------------+----+----+-----+-----------+



================================================================
== Interface
================================================================
* Summary: 
+----------------+-----+-----+------------+--------------------------------------------------------+--------------+
|    RTL Ports   | Dir | Bits|  Protocol  |                      Source Object                     |    C Type    |
+----------------+-----+-----+------------+--------------------------------------------------------+--------------+
|ap_clk          |   in|    1|  ap_ctrl_hs|  MADCpt<2048, 3, ap_int<16> >_Pipeline_VITIS_LOOP_128_2|  return value|
|ap_rst          |   in|    1|  ap_ctrl_hs|  MADCpt<2048, 3, ap_int<16> >_Pipeline_VITIS_LOOP_128_2|  return value|
|ap_start        |   in|    1|  ap_ctrl_hs|  MADCpt<2048, 3, ap_int<16> >_Pipeline_VITIS_LOOP_128_2|  return value|
|ap_done         |  out|    1|  ap_ctrl_hs|  MADCpt<2048, 3, ap_int<16> >_Pipeline_VITIS_LOOP_128_2|  return value|
|ap_idle         |  out|    1|  ap_ctrl_hs|  MADCpt<2048, 3, ap_int<16> >_Pipeline_VITIS_LOOP_128_2|  return value|
|ap_ready        |  out|    1|  ap_ctrl_hs|  MADCpt<2048, 3, ap_int<16> >_Pipeline_VITIS_LOOP_128_2|  return value|
|MRo_V_address0  |  out|   11|   ap_memory|                                                   MRo_V|         array|
|MRo_V_ce0       |  out|    1|   ap_memory|                                                   MRo_V|         array|
|MRo_V_we0       |  out|    1|   ap_memory|                                                   MRo_V|         array|
|MRo_V_d0        |  out|   16|   ap_memory|                                                   MRo_V|         array|
|mul_i_i46_i     |   in|   16|     ap_none|                                             mul_i_i46_i|        scalar|
|MIo_V_address0  |  out|   11|   ap_memory|                                                   MIo_V|         array|
|MIo_V_ce0       |  out|    1|   ap_memory|                                                   MIo_V|         array|
|MIo_V_we0       |  out|    1|   ap_memory|                                                   MIo_V|         array|
|MIo_V_d0        |  out|   16|   ap_memory|                                                   MIo_V|         array|
|mul_i_i_i       |   in|   16|     ap_none|                                               mul_i_i_i|        scalar|
+----------------+-----+-----+------------+--------------------------------------------------------+--------------+

