

================================================================
== Vitis HLS Report for 'MADCpt_2048_3_double_s'
================================================================
* Date:           Thu Jul  6 01:41:49 2023

* Version:        2021.2 (Build 3367213 on Tue Oct 19 02:47:39 MDT 2021)
* Project:        top_graph_top_rfi_C
* Solution:       solution1 (Vivado IP Flow Target)
* Product family: zynq
* Target device:  xc7z020-clg400-1


================================================================
== Performance Estimates
================================================================
+ Timing: 
    * Summary: 
    +--------+----------+----------+------------+
    |  Clock |  Target  | Estimated| Uncertainty|
    +--------+----------+----------+------------+
    |ap_clk  |  10.00 ns|  7.297 ns|     2.70 ns|
    +--------+----------+----------+------------+

+ Latency: 
    * Summary: 
    +---------+---------+----------+----------+--------+-----+---------+
    |  Latency (cycles) |  Latency (absolute) |   Interval   | Pipeline|
    |   min   |   max   |    min   |    max   |   min  | max |   Type  |
    +---------+---------+----------+----------+--------+-----+---------+
    |   868460|        ?|  8.685 ms|         ?|  868460|    ?|       no|
    +---------+---------+----------+----------+--------+-----+---------+

    + Detail: 
        * Instance: 
        +------------------------------------------------------------+-------------------------------------------------+---------+---------+-----------+-----------+--------+------+---------+
        |                                                            |                                                 |  Latency (cycles) |   Latency (absolute)  |    Interval   | Pipeline|
        |                          Instance                          |                      Module                     |   min   |   max   |    min    |    max    |   min  |  max |   Type  |
        +------------------------------------------------------------+-------------------------------------------------+---------+---------+-----------+-----------+--------+------+---------+
        |grp_MADCpt_2048_3_double_Pipeline_VITIS_LOOP_84_1_fu_184    |MADCpt_2048_3_double_Pipeline_VITIS_LOOP_84_1    |     2050|     2050|  20.500 us|  20.500 us|    2050|  2050|       no|
        |grp_sortList_fu_196                                         |sortList                                         |   430094|        ?|   4.301 ms|          ?|  430094|     ?|       no|
        |grp_sortList_fu_202                                         |sortList                                         |   430094|        ?|   4.301 ms|          ?|  430094|     ?|       no|
        |grp_MADCpt_2048_3_double_Pipeline_VITIS_LOOP_69_1_fu_208    |MADCpt_2048_3_double_Pipeline_VITIS_LOOP_69_1    |     2058|     2058|  20.580 us|  20.580 us|    2058|  2058|       no|
        |grp_MADCpt_2048_3_double_Pipeline_VITIS_LOOP_69_115_fu_215  |MADCpt_2048_3_double_Pipeline_VITIS_LOOP_69_115  |     2058|     2058|  20.580 us|  20.580 us|    2058|  2058|       no|
        |grp_MADCpt_2048_3_double_Pipeline_VITIS_LOOP_114_2_fu_222   |MADCpt_2048_3_double_Pipeline_VITIS_LOOP_114_2   |     2050|     2050|  20.500 us|  20.500 us|    2050|  2050|       no|
        |grp_MADCpt_2048_3_double_Pipeline_VITIS_LOOP_119_3_fu_230   |MADCpt_2048_3_double_Pipeline_VITIS_LOOP_119_3   |     2050|     2050|  20.500 us|  20.500 us|    2050|  2050|       no|
        +------------------------------------------------------------+-------------------------------------------------+---------+---------+-----------+-----------+--------+------+---------+

        * Loop: 
        N/A



================================================================
== Utilization Estimates
================================================================
* Summary: 
+-----------------+---------+-----+--------+-------+-----+
|       Name      | BRAM_18K| DSP |   FF   |  LUT  | URAM|
+-----------------+---------+-----+--------+-------+-----+
|DSP              |        -|    -|       -|      -|    -|
|Expression       |        -|    -|       0|      6|    -|
|FIFO             |        -|    -|       -|      -|    -|
|Instance         |     2048|   28|    4700|  10081|    0|
|Memory           |       80|    -|       0|      0|    0|
|Multiplexer      |        -|    -|       -|    962|    -|
|Register         |        -|    -|    1033|      -|    -|
+-----------------+---------+-----+--------+-------+-----+
|Total            |     2128|   28|    5733|  11049|    0|
+-----------------+---------+-----+--------+-------+-----+
|Available        |      280|  220|  106400|  53200|    0|
+-----------------+---------+-----+--------+-------+-----+
|Utilization (%)  |      760|   12|       5|     20|    0|
+-----------------+---------+-----+--------+-------+-----+

+ Detail: 
    * Instance: 
    +------------------------------------------------------------+-------------------------------------------------+---------+----+------+------+-----+
    |                          Instance                          |                      Module                     | BRAM_18K| DSP|  FF  |  LUT | URAM|
    +------------------------------------------------------------+-------------------------------------------------+---------+----+------+------+-----+
    |grp_MADCpt_2048_3_double_Pipeline_VITIS_LOOP_114_2_fu_222   |MADCpt_2048_3_double_Pipeline_VITIS_LOOP_114_2   |        0|   0|    14|    51|    0|
    |grp_MADCpt_2048_3_double_Pipeline_VITIS_LOOP_119_3_fu_230   |MADCpt_2048_3_double_Pipeline_VITIS_LOOP_119_3   |        0|   0|    15|    84|    0|
    |grp_MADCpt_2048_3_double_Pipeline_VITIS_LOOP_69_1_fu_208    |MADCpt_2048_3_double_Pipeline_VITIS_LOOP_69_1    |        0|   0|   234|    94|    0|
    |grp_MADCpt_2048_3_double_Pipeline_VITIS_LOOP_69_115_fu_215  |MADCpt_2048_3_double_Pipeline_VITIS_LOOP_69_115  |        0|   0|   234|    94|    0|
    |grp_MADCpt_2048_3_double_Pipeline_VITIS_LOOP_84_1_fu_184    |MADCpt_2048_3_double_Pipeline_VITIS_LOOP_84_1    |        0|   0|    27|    84|    0|
    |dadddsub_64ns_64ns_64_7_full_dsp_1_U61                      |dadddsub_64ns_64ns_64_7_full_dsp_1               |        0|   3|   630|  1141|    0|
    |dadddsub_64ns_64ns_64_7_full_dsp_1_U62                      |dadddsub_64ns_64ns_64_7_full_dsp_1               |        0|   3|   630|  1141|    0|
    |dmul_64ns_64ns_64_7_max_dsp_1_U63                           |dmul_64ns_64ns_64_7_max_dsp_1                    |        0|  11|   342|   586|    0|
    |dmul_64ns_64ns_64_7_max_dsp_1_U64                           |dmul_64ns_64ns_64_7_max_dsp_1                    |        0|  11|   342|   586|    0|
    |fpext_32ns_64_2_no_dsp_1_U59                                |fpext_32ns_64_2_no_dsp_1                         |        0|   0|     0|     0|    0|
    |fpext_32ns_64_2_no_dsp_1_U60                                |fpext_32ns_64_2_no_dsp_1                         |        0|   0|     0|     0|    0|
    |fptrunc_64ns_32_2_no_dsp_1_U57                              |fptrunc_64ns_32_2_no_dsp_1                       |        0|   0|     0|     0|    0|
    |fptrunc_64ns_32_2_no_dsp_1_U58                              |fptrunc_64ns_32_2_no_dsp_1                       |        0|   0|     0|     0|    0|
    |grp_sortList_fu_196                                         |sortList                                         |     1024|   0|  1116|  3110|    0|
    |grp_sortList_fu_202                                         |sortList                                         |     1024|   0|  1116|  3110|    0|
    +------------------------------------------------------------+-------------------------------------------------+---------+----+------+------+-----+
    |Total                                                       |                                                 |     2048|  28|  4700| 10081|    0|
    +------------------------------------------------------------+-------------------------------------------------+---------+----+------+------+-----+

    * DSP: 
    N/A

    * Memory: 
    +----------------------------+------------------------------------------------------+---------+---+----+-----+------+-----+------+-------------+
    |           Memory           |                        Module                        | BRAM_18K| FF| LUT| URAM| Words| Bits| Banks| W*Bits*Banks|
    +----------------------------+------------------------------------------------------+---------+---+----+-----+------+-----+------+-------------+
    |RDRi_U                      |MADCpt_2048_3_double_s_RDRi_RAM_AUTO_1R1W             |        8|  0|   0|    0|  2048|   64|     1|       131072|
    |RDIi_U                      |MADCpt_2048_3_double_s_RDRi_RAM_AUTO_1R1W             |        8|  0|   0|    0|  2048|   64|     1|       131072|
    |deviation_list_R_U          |MADCpt_2048_3_double_s_RDRi_RAM_AUTO_1R1W             |        8|  0|   0|    0|  2048|   64|     1|       131072|
    |deviation_list_I_U          |MADCpt_2048_3_double_s_RDRi_RAM_AUTO_1R1W             |        8|  0|   0|    0|  2048|   64|     1|       131072|
    |MRo_U                       |MADCpt_2048_3_double_s_RDRi_RAM_AUTO_1R1W             |        8|  0|   0|    0|  2048|   64|     1|       131072|
    |MIo_U                       |MADCpt_2048_3_double_s_RDRi_RAM_AUTO_1R1W             |        8|  0|   0|    0|  2048|   64|     1|       131072|
    |sorted_list_R_i_U           |MADCpt_2048_3_double_s_sorted_list_R_i_RAM_AUTO_1R1W  |        8|  0|   0|    0|  2048|   64|     1|       131072|
    |sorted_list_I_i_U           |MADCpt_2048_3_double_s_sorted_list_R_i_RAM_AUTO_1R1W  |        8|  0|   0|    0|  2048|   64|     1|       131072|
    |sorted_deviated_list_R_i_U  |MADCpt_2048_3_double_s_sorted_list_R_i_RAM_AUTO_1R1W  |        8|  0|   0|    0|  2048|   64|     1|       131072|
    |sorted_deviated_list_I_i_U  |MADCpt_2048_3_double_s_sorted_list_R_i_RAM_AUTO_1R1W  |        8|  0|   0|    0|  2048|   64|     1|       131072|
    +----------------------------+------------------------------------------------------+---------+---+----+-----+------+-----+------+-------------+
    |Total                       |                                                      |       80|  0|   0|    0| 20480|  640|    10|      1310720|
    +----------------------------+------------------------------------------------------+---------+---+----+-----+------+-----+------+-------------+

    * FIFO: 
    N/A

    * Expression: 
    +----------------------------------+----------+----+---+----+------------+------------+
    |           Variable Name          | Operation| DSP| FF| LUT| Bitwidth P0| Bitwidth P1|
    +----------------------------------+----------+----+---+----+------------+------------+
    |ap_block_state1                   |        or|   0|  0|   2|           1|           1|
    |ap_block_state25_on_subcall_done  |        or|   0|  0|   2|           1|           1|
    |ap_block_state27_on_subcall_done  |        or|   0|  0|   2|           1|           1|
    +----------------------------------+----------+----+---+----+------------+------------+
    |Total                             |          |   0|  0|   6|           3|           3|
    +----------------------------------+----------+----+---+----+------------+------------+

    * Multiplexer: 
    +----------------------------------------------------------------+-----+-----------+-----+-----------+
    |                              Name                              | LUT | Input Size| Bits| Total Bits|
    +----------------------------------------------------------------+-----+-----------+-----+-----------+
    |MIo_address0                                                    |   14|          3|   11|         33|
    |MIo_ce0                                                         |   14|          3|    1|          3|
    |MIo_we0                                                         |    9|          2|    1|          2|
    |MRo_address0                                                    |   14|          3|   11|         33|
    |MRo_ce0                                                         |   14|          3|    1|          3|
    |MRo_we0                                                         |    9|          2|    1|          2|
    |RDIi_address0                                                   |   14|          3|   11|         33|
    |RDIi_ce0                                                        |   14|          3|    1|          3|
    |RDIi_we0                                                        |    9|          2|    1|          2|
    |RDRi_address0                                                   |   14|          3|   11|         33|
    |RDRi_ce0                                                        |   14|          3|    1|          3|
    |RDRi_we0                                                        |    9|          2|    1|          2|
    |ap_NS_fsm                                                       |  289|         66|    1|         66|
    |ap_done                                                         |    9|          2|    1|          2|
    |deviation_list_I_address0                                       |   14|          3|   11|         33|
    |deviation_list_I_ce0                                            |   14|          3|    1|          3|
    |deviation_list_I_we0                                            |    9|          2|    1|          2|
    |deviation_list_R_address0                                       |   14|          3|   11|         33|
    |deviation_list_R_ce0                                            |   14|          3|    1|          3|
    |deviation_list_R_we0                                            |    9|          2|    1|          2|
    |grp_fu_254_ce                                                   |    9|          2|    1|          2|
    |grp_fu_254_opcode                                               |   14|          3|    2|          6|
    |grp_fu_254_p0                                                   |   20|          4|   64|        256|
    |grp_fu_254_p1                                                   |   20|          4|   64|        256|
    |grp_fu_258_ce                                                   |    9|          2|    1|          2|
    |grp_fu_258_opcode                                               |   14|          3|    2|          6|
    |grp_fu_258_p0                                                   |   20|          4|   64|        256|
    |grp_fu_258_p1                                                   |   20|          4|   64|        256|
    |grp_fu_262_p0                                                   |   20|          4|   64|        256|
    |grp_fu_262_p1                                                   |   20|          4|   64|        256|
    |grp_fu_267_p0                                                   |   20|          4|   64|        256|
    |grp_fu_267_p1                                                   |   20|          4|   64|        256|
    |grp_sortList_fu_196_data_q0                                     |   14|          3|   64|        192|
    |grp_sortList_fu_202_data_q0                                     |   14|          3|   64|        192|
    |sorted_deviated_list_I_i_address0                               |   14|          3|   11|         33|
    |sorted_deviated_list_I_i_ce0                                    |   14|          3|    1|          3|
    |sorted_deviated_list_I_i_we0                                    |    9|          2|    1|          2|
    |sorted_deviated_list_R_i_address0                               |   14|          3|   11|         33|
    |sorted_deviated_list_R_i_ce0                                    |   14|          3|    1|          3|
    |sorted_deviated_list_R_i_we0                                    |    9|          2|    1|          2|
    |sorted_list_I_i_address0                                        |   20|          4|   11|         44|
    |sorted_list_I_i_ce0                                             |   20|          4|    1|          4|
    |sorted_list_I_i_we0                                             |    9|          2|    1|          2|
    |sorted_list_R_i_address0                                        |   20|          4|   11|         44|
    |sorted_list_R_i_ce0                                             |   20|          4|    1|          4|
    |sorted_list_R_i_we0                                             |    9|          2|    1|          2|
    |stream_Brd_Acq_Im_out_0_MAD_Computation_raw_data_im_i_read      |    9|          2|    1|          2|
    |stream_Brd_Acq_Real_out_1_MAD_Computation_raw_data_real_i_read  |    9|          2|    1|          2|
    |stream_MAD_Computation_mad_I_o_Brd_MAD_I_in_write               |    9|          2|    1|          2|
    |stream_MAD_Computation_mad_R_o_Brd_MAD_R_in_write               |    9|          2|    1|          2|
    +----------------------------------------------------------------+-----+-----------+-----+-----------+
    |Total                                                           |  962|        208|  782|       2928|
    +----------------------------------------------------------------+-----+-----------+-----+-----------+

    * Register: 
    +-------------------------------------------------------------------------+----+----+-----+-----------+
    |                                   Name                                  | FF | LUT| Bits| Const Bits|
    +-------------------------------------------------------------------------+----+----+-----+-----------+
    |ap_CS_fsm                                                                |  65|   0|   65|          0|
    |ap_done_reg                                                              |   1|   0|    1|          0|
    |grp_MADCpt_2048_3_double_Pipeline_VITIS_LOOP_114_2_fu_222_ap_start_reg   |   1|   0|    1|          0|
    |grp_MADCpt_2048_3_double_Pipeline_VITIS_LOOP_119_3_fu_230_ap_start_reg   |   1|   0|    1|          0|
    |grp_MADCpt_2048_3_double_Pipeline_VITIS_LOOP_69_115_fu_215_ap_start_reg  |   1|   0|    1|          0|
    |grp_MADCpt_2048_3_double_Pipeline_VITIS_LOOP_69_1_fu_208_ap_start_reg    |   1|   0|    1|          0|
    |grp_MADCpt_2048_3_double_Pipeline_VITIS_LOOP_84_1_fu_184_ap_start_reg    |   1|   0|    1|          0|
    |grp_sortList_fu_196_ap_start_reg                                         |   1|   0|    1|          0|
    |grp_sortList_fu_202_ap_start_reg                                         |   1|   0|    1|          0|
    |reg_276                                                                  |  64|   0|   64|          0|
    |reg_281                                                                  |  64|   0|   64|          0|
    |reg_286                                                                  |  64|   0|   64|          0|
    |reg_293                                                                  |  64|   0|   64|          0|
    |reg_300                                                                  |  32|   0|   32|          0|
    |reg_305                                                                  |  32|   0|   32|          0|
    |reg_310                                                                  |  64|   0|   64|          0|
    |reg_316                                                                  |  64|   0|   64|          0|
    |sorted_deviated_list_I_i_load_1_reg_397                                  |  64|   0|   64|          0|
    |sorted_deviated_list_I_i_load_reg_392                                    |  64|   0|   64|          0|
    |sorted_deviated_list_R_i_load_1_reg_387                                  |  64|   0|   64|          0|
    |sorted_deviated_list_R_i_load_reg_382                                    |  64|   0|   64|          0|
    |sorted_list_I_i_load_1_reg_357                                           |  64|   0|   64|          0|
    |sorted_list_I_i_load_reg_352                                             |  64|   0|   64|          0|
    |sorted_list_R_i_load_1_reg_347                                           |  64|   0|   64|          0|
    |sorted_list_R_i_load_reg_342                                             |  64|   0|   64|          0|
    +-------------------------------------------------------------------------+----+----+-----+-----------+
    |Total                                                                    |1033|   0| 1033|          0|
    +-------------------------------------------------------------------------+----+----+-----+-----------+



================================================================
== Interface
================================================================
* Summary: 
+-------------------------------------------------------------------+-----+-----+------------+-----------------------------------------------------------+--------------+
|                             RTL Ports                             | Dir | Bits|  Protocol  |                       Source Object                       |    C Type    |
+-------------------------------------------------------------------+-----+-----+------------+-----------------------------------------------------------+--------------+
|ap_clk                                                             |   in|    1|  ap_ctrl_hs|                                    MADCpt<2048, 3, double>|  return value|
|ap_rst                                                             |   in|    1|  ap_ctrl_hs|                                    MADCpt<2048, 3, double>|  return value|
|ap_start                                                           |   in|    1|  ap_ctrl_hs|                                    MADCpt<2048, 3, double>|  return value|
|ap_done                                                            |  out|    1|  ap_ctrl_hs|                                    MADCpt<2048, 3, double>|  return value|
|ap_continue                                                        |   in|    1|  ap_ctrl_hs|                                    MADCpt<2048, 3, double>|  return value|
|ap_idle                                                            |  out|    1|  ap_ctrl_hs|                                    MADCpt<2048, 3, double>|  return value|
|ap_ready                                                           |  out|    1|  ap_ctrl_hs|                                    MADCpt<2048, 3, double>|  return value|
|stream_Brd_Acq_Real_out_1_MAD_Computation_raw_data_real_i_dout     |   in|   64|     ap_fifo|  stream_Brd_Acq_Real_out_1_MAD_Computation_raw_data_real_i|       pointer|
|stream_Brd_Acq_Real_out_1_MAD_Computation_raw_data_real_i_empty_n  |   in|    1|     ap_fifo|  stream_Brd_Acq_Real_out_1_MAD_Computation_raw_data_real_i|       pointer|
|stream_Brd_Acq_Real_out_1_MAD_Computation_raw_data_real_i_read     |  out|    1|     ap_fifo|  stream_Brd_Acq_Real_out_1_MAD_Computation_raw_data_real_i|       pointer|
|stream_Brd_Acq_Im_out_0_MAD_Computation_raw_data_im_i_dout         |   in|   64|     ap_fifo|      stream_Brd_Acq_Im_out_0_MAD_Computation_raw_data_im_i|       pointer|
|stream_Brd_Acq_Im_out_0_MAD_Computation_raw_data_im_i_empty_n      |   in|    1|     ap_fifo|      stream_Brd_Acq_Im_out_0_MAD_Computation_raw_data_im_i|       pointer|
|stream_Brd_Acq_Im_out_0_MAD_Computation_raw_data_im_i_read         |  out|    1|     ap_fifo|      stream_Brd_Acq_Im_out_0_MAD_Computation_raw_data_im_i|       pointer|
|stream_MAD_Computation_mad_R_o_Brd_MAD_R_in_din                    |  out|   64|     ap_fifo|                stream_MAD_Computation_mad_R_o_Brd_MAD_R_in|       pointer|
|stream_MAD_Computation_mad_R_o_Brd_MAD_R_in_full_n                 |   in|    1|     ap_fifo|                stream_MAD_Computation_mad_R_o_Brd_MAD_R_in|       pointer|
|stream_MAD_Computation_mad_R_o_Brd_MAD_R_in_write                  |  out|    1|     ap_fifo|                stream_MAD_Computation_mad_R_o_Brd_MAD_R_in|       pointer|
|stream_MAD_Computation_mad_I_o_Brd_MAD_I_in_din                    |  out|   64|     ap_fifo|                stream_MAD_Computation_mad_I_o_Brd_MAD_I_in|       pointer|
|stream_MAD_Computation_mad_I_o_Brd_MAD_I_in_full_n                 |   in|    1|     ap_fifo|                stream_MAD_Computation_mad_I_o_Brd_MAD_I_in|       pointer|
|stream_MAD_Computation_mad_I_o_Brd_MAD_I_in_write                  |  out|    1|     ap_fifo|                stream_MAD_Computation_mad_I_o_Brd_MAD_I_in|       pointer|
+-------------------------------------------------------------------+-----+-----+------------+-----------------------------------------------------------+--------------+

