

================================================================
== Vitis HLS Report for 'RFIFilter_0_2048_double_s'
================================================================
* Date:           Wed Jul  5 23:25:42 2023

* Version:        2021.2 (Build 3367213 on Tue Oct 19 02:47:39 MDT 2021)
* Project:        top_graph_top_rfi_C
* Solution:       solution1 (Vivado IP Flow Target)
* Product family: zynq
* Target device:  xc7z020-clg400-1


================================================================
== Performance Estimates
================================================================
+ Timing: 
    * Summary: 
    +--------+----------+----------+------------+
    |  Clock |  Target  | Estimated| Uncertainty|
    +--------+----------+----------+------------+
    |ap_clk  |  10.00 ns|  7.297 ns|     2.70 ns|
    +--------+----------+----------+------------+

+ Latency: 
    * Summary: 
    +---------+---------+-----------+-----------+------+------+---------+
    |  Latency (cycles) |   Latency (absolute)  |   Interval  | Pipeline|
    |   min   |   max   |    min    |    max    |  min |  max |   Type  |
    +---------+---------+-----------+-----------+------+------+---------+
    |     6171|     6171|  61.710 us|  61.710 us|  6171|  6171|       no|
    +---------+---------+-----------+-----------+------+------+---------+

    + Detail: 
        * Instance: 
        +------------------------------------------------------+-------------------------------------------+---------+---------+-----------+-----------+------+------+---------+
        |                                                      |                                           |  Latency (cycles) |   Latency (absolute)  |   Interval  | Pipeline|
        |                       Instance                       |                   Module                  |   min   |   max   |    min    |    max    |  min |  max |   Type  |
        +------------------------------------------------------+-------------------------------------------+---------+---------+-----------+-----------+------+------+---------+
        |grp_RFIFilter_0_2048_double_Pipeline_loop_2_fu_84     |RFIFilter_0_2048_double_Pipeline_loop_2    |     2050|     2050|  20.500 us|  20.500 us|  2050|  2050|       no|
        |grp_RFIFilter_0_2048_double_Pipeline_loop_1_fu_94     |RFIFilter_0_2048_double_Pipeline_loop_1    |     2053|     2053|  20.530 us|  20.530 us|  2053|  2053|       no|
        |grp_RFIFilter_0_2048_double_Pipeline_loop_114_fu_105  |RFIFilter_0_2048_double_Pipeline_loop_114  |     2053|     2053|  20.530 us|  20.530 us|  2053|  2053|       no|
        |grp_RFIFilter_0_2048_double_Pipeline_loop_3_fu_116    |RFIFilter_0_2048_double_Pipeline_loop_3    |     2050|     2050|  20.500 us|  20.500 us|  2050|  2050|       no|
        +------------------------------------------------------+-------------------------------------------+---------+---------+-----------+-----------+------+------+---------+

        * Loop: 
        N/A



================================================================
== Utilization Estimates
================================================================
* Summary: 
+-----------------+---------+-----+--------+-------+-----+
|       Name      | BRAM_18K| DSP |   FF   |  LUT  | URAM|
+-----------------+---------+-----+--------+-------+-----+
|DSP              |        -|    -|       -|      -|    -|
|Expression       |        -|    -|       0|     93|    -|
|FIFO             |        -|    -|       -|      -|    -|
|Instance         |        -|   14|    1728|   2681|    -|
|Memory           |       32|    -|       0|      0|    0|
|Multiplexer      |        -|    -|       -|    329|    -|
|Register         |        -|    -|     471|      -|    -|
+-----------------+---------+-----+--------+-------+-----+
|Total            |       32|   14|    2199|   3103|    0|
+-----------------+---------+-----+--------+-------+-----+
|Available        |      280|  220|  106400|  53200|    0|
+-----------------+---------+-----+--------+-------+-----+
|Utilization (%)  |       11|    6|       2|      5|    0|
+-----------------+---------+-----+--------+-------+-----+

+ Detail: 
    * Instance: 
    +------------------------------------------------------+-------------------------------------------+---------+----+-----+------+-----+
    |                       Instance                       |                   Module                  | BRAM_18K| DSP|  FF |  LUT | URAM|
    +------------------------------------------------------+-------------------------------------------+---------+----+-----+------+-----+
    |grp_RFIFilter_0_2048_double_Pipeline_loop_1_fu_94     |RFIFilter_0_2048_double_Pipeline_loop_1    |        0|   0|  357|   393|    0|
    |grp_RFIFilter_0_2048_double_Pipeline_loop_114_fu_105  |RFIFilter_0_2048_double_Pipeline_loop_114  |        0|   0|  357|   393|    0|
    |grp_RFIFilter_0_2048_double_Pipeline_loop_2_fu_84     |RFIFilter_0_2048_double_Pipeline_loop_2    |        0|   0|   27|    84|    0|
    |grp_RFIFilter_0_2048_double_Pipeline_loop_3_fu_116    |RFIFilter_0_2048_double_Pipeline_loop_3    |        0|   0|   15|    84|    0|
    |dadd_64ns_64ns_64_7_full_dsp_1_U210                   |dadd_64ns_64ns_64_7_full_dsp_1             |        0|   3|  630|  1141|    0|
    |dmul_64ns_64ns_64_7_max_dsp_1_U211                    |dmul_64ns_64ns_64_7_max_dsp_1              |        0|  11|  342|   586|    0|
    +------------------------------------------------------+-------------------------------------------+---------+----+-----+------+-----+
    |Total                                                 |                                           |        0|  14| 1728|  2681|    0|
    +------------------------------------------------------+-------------------------------------------+---------+----+-----+------+-----+

    * DSP: 
    N/A

    * Memory: 
    +-------+---------------------------------------------+---------+---+----+-----+------+-----+------+-------------+
    | Memory|                    Module                   | BRAM_18K| FF| LUT| URAM| Words| Bits| Banks| W*Bits*Banks|
    +-------+---------------------------------------------+---------+---+----+-----+------+-----+------+-------------+
    |RRi_U  |RFIFilter_0_2048_double_s_RRi_RAM_AUTO_1R1W  |        8|  0|   0|    0|  2048|   64|     1|       131072|
    |RRo_U  |RFIFilter_0_2048_double_s_RRi_RAM_AUTO_1R1W  |        8|  0|   0|    0|  2048|   64|     1|       131072|
    |RIi_U  |RFIFilter_0_2048_double_s_RRi_RAM_AUTO_1R1W  |        8|  0|   0|    0|  2048|   64|     1|       131072|
    |RIo_U  |RFIFilter_0_2048_double_s_RRi_RAM_AUTO_1R1W  |        8|  0|   0|    0|  2048|   64|     1|       131072|
    +-------+---------------------------------------------+---------+---+----+-----+------+-----+------+-------------+
    |Total  |                                             |       32|  0|   0|    0|  8192|  256|     4|       524288|
    +-------+---------------------------------------------+---------+---+----+-----+------+-----+------+-------------+

    * FIFO: 
    N/A

    * Expression: 
    +----------------------------------+----------+----+---+----+------------+------------+
    |           Variable Name          | Operation| DSP| FF| LUT| Bitwidth P0| Bitwidth P1|
    +----------------------------------+----------+----+---+----+------------+------------+
    |icmp_ln20_2_fu_174_p2             |      icmp|   0|  0|  24|          52|           1|
    |ap_block_state1                   |        or|   0|  0|   2|           1|           1|
    |ap_block_state17_on_subcall_done  |        or|   0|  0|   2|           1|           1|
    |sub_i_neg_i_fu_156_p2             |       xor|   0|  0|  65|          64|          65|
    +----------------------------------+----------+----+---+----+------------+------------+
    |Total                             |          |   0|  0|  93|         118|          68|
    +----------------------------------+----------+----+---+----+------------+------------+

    * Multiplexer: 
    +--------------------------------------------------------------+-----+-----------+-----+-----------+
    |                             Name                             | LUT | Input Size| Bits| Total Bits|
    +--------------------------------------------------------------+-----+-----------+-----+-----------+
    |RIi_address0                                                  |   14|          3|   11|         33|
    |RIi_ce0                                                       |   14|          3|    1|          3|
    |RIi_we0                                                       |    9|          2|    1|          2|
    |RIo_address0                                                  |   14|          3|   11|         33|
    |RIo_ce0                                                       |   14|          3|    1|          3|
    |RIo_we0                                                       |    9|          2|    1|          2|
    |RRi_address0                                                  |   14|          3|   11|         33|
    |RRi_ce0                                                       |   14|          3|    1|          3|
    |RRi_we0                                                       |    9|          2|    1|          2|
    |RRo_address0                                                  |   14|          3|   11|         33|
    |RRo_ce0                                                       |   14|          3|    1|          3|
    |RRo_we0                                                       |    9|          2|    1|          2|
    |ap_NS_fsm                                                     |  100|         20|    1|         20|
    |ap_done                                                       |    9|          2|    1|          2|
    |stream_Brd_Acq_Im_out_4_RFI_Filter_raw_data_im_i_read         |    9|          2|    1|          2|
    |stream_Brd_Acq_Real_out_4_RFI_Filter_raw_data_real_i_read     |    9|          2|    1|          2|
    |stream_Brd_MAD_I_out_1_RFI_Filter_mad_I_i_blk_n               |    9|          2|    1|          2|
    |stream_Brd_MAD_R_out_2_RFI_Filter_mad_R_i_blk_n               |    9|          2|    1|          2|
    |stream_Brd_STD_I_out_1_RFI_Filter_std_I_i_blk_n               |    9|          2|    1|          2|
    |stream_Brd_STD_R_out_2_RFI_Filter_std_R_i_blk_n               |    9|          2|    1|          2|
    |stream_RFI_Filter_filtered_im_data_o_Brd_Res_Im_in_write      |    9|          2|    1|          2|
    |stream_RFI_Filter_filtered_real_data_o_Brd_Res_Real_in_write  |    9|          2|    1|          2|
    +--------------------------------------------------------------+-----+-----------+-----+-----------+
    |Total                                                         |  329|         70|   62|        190|
    +--------------------------------------------------------------+-----+-----------+-----+-----------+

    * Register: 
    +-------------------------------------------------------------------+----+----+-----+-----------+
    |                                Name                               | FF | LUT| Bits| Const Bits|
    +-------------------------------------------------------------------+----+----+-----+-----------+
    |add4_i_reg_202                                                     |  64|   0|   64|          0|
    |ap_CS_fsm                                                          |  19|   0|   19|          0|
    |ap_done_reg                                                        |   1|   0|    1|          0|
    |av_threshold_i_reg_207                                             |  64|   0|   64|          0|
    |empty_318_reg_214                                                  |  63|   0|   63|          0|
    |empty_320_reg_220                                                  |  63|   0|   63|          0|
    |grp_RFIFilter_0_2048_double_Pipeline_loop_114_fu_105_ap_start_reg  |   1|   0|    1|          0|
    |grp_RFIFilter_0_2048_double_Pipeline_loop_1_fu_94_ap_start_reg     |   1|   0|    1|          0|
    |grp_RFIFilter_0_2048_double_Pipeline_loop_2_fu_84_ap_start_reg     |   1|   0|    1|          0|
    |grp_RFIFilter_0_2048_double_Pipeline_loop_3_fu_116_ap_start_reg    |   1|   0|    1|          0|
    |icmp_ln20_2_reg_232                                                |   1|   0|    1|          0|
    |stream_Brd_MAD_I_out_1_RFI_Filter_mad_I_i_read_reg_182             |  64|   0|   64|          0|
    |stream_Brd_MAD_R_out_2_RFI_Filter_mad_R_i_read_reg_187             |  64|   0|   64|          0|
    |sub_i_i_reg_226                                                    |  64|   0|   64|          0|
    +-------------------------------------------------------------------+----+----+-----+-----------+
    |Total                                                              | 471|   0|  471|          0|
    +-------------------------------------------------------------------+----+----+-----+-----------+



================================================================
== Interface
================================================================
* Summary: 
+---------------------------------------------------------------+-----+-----+------------+--------------------------------------------------------+--------------+
|                           RTL Ports                           | Dir | Bits|  Protocol  |                      Source Object                     |    C Type    |
+---------------------------------------------------------------+-----+-----+------------+--------------------------------------------------------+--------------+
|ap_clk                                                         |   in|    1|  ap_ctrl_hs|                              RFIFilter<0, 2048, double>|  return value|
|ap_rst                                                         |   in|    1|  ap_ctrl_hs|                              RFIFilter<0, 2048, double>|  return value|
|ap_start                                                       |   in|    1|  ap_ctrl_hs|                              RFIFilter<0, 2048, double>|  return value|
|ap_done                                                        |  out|    1|  ap_ctrl_hs|                              RFIFilter<0, 2048, double>|  return value|
|ap_continue                                                    |   in|    1|  ap_ctrl_hs|                              RFIFilter<0, 2048, double>|  return value|
|ap_idle                                                        |  out|    1|  ap_ctrl_hs|                              RFIFilter<0, 2048, double>|  return value|
|ap_ready                                                       |  out|    1|  ap_ctrl_hs|                              RFIFilter<0, 2048, double>|  return value|
|stream_Brd_STD_I_out_1_RFI_Filter_std_I_i_dout                 |   in|   64|     ap_fifo|               stream_Brd_STD_I_out_1_RFI_Filter_std_I_i|       pointer|
|stream_Brd_STD_I_out_1_RFI_Filter_std_I_i_empty_n              |   in|    1|     ap_fifo|               stream_Brd_STD_I_out_1_RFI_Filter_std_I_i|       pointer|
|stream_Brd_STD_I_out_1_RFI_Filter_std_I_i_read                 |  out|    1|     ap_fifo|               stream_Brd_STD_I_out_1_RFI_Filter_std_I_i|       pointer|
|stream_Brd_STD_R_out_2_RFI_Filter_std_R_i_dout                 |   in|   64|     ap_fifo|               stream_Brd_STD_R_out_2_RFI_Filter_std_R_i|       pointer|
|stream_Brd_STD_R_out_2_RFI_Filter_std_R_i_empty_n              |   in|    1|     ap_fifo|               stream_Brd_STD_R_out_2_RFI_Filter_std_R_i|       pointer|
|stream_Brd_STD_R_out_2_RFI_Filter_std_R_i_read                 |  out|    1|     ap_fifo|               stream_Brd_STD_R_out_2_RFI_Filter_std_R_i|       pointer|
|stream_Brd_MAD_I_out_1_RFI_Filter_mad_I_i_dout                 |   in|   64|     ap_fifo|               stream_Brd_MAD_I_out_1_RFI_Filter_mad_I_i|       pointer|
|stream_Brd_MAD_I_out_1_RFI_Filter_mad_I_i_empty_n              |   in|    1|     ap_fifo|               stream_Brd_MAD_I_out_1_RFI_Filter_mad_I_i|       pointer|
|stream_Brd_MAD_I_out_1_RFI_Filter_mad_I_i_read                 |  out|    1|     ap_fifo|               stream_Brd_MAD_I_out_1_RFI_Filter_mad_I_i|       pointer|
|stream_Brd_MAD_R_out_2_RFI_Filter_mad_R_i_dout                 |   in|   64|     ap_fifo|               stream_Brd_MAD_R_out_2_RFI_Filter_mad_R_i|       pointer|
|stream_Brd_MAD_R_out_2_RFI_Filter_mad_R_i_empty_n              |   in|    1|     ap_fifo|               stream_Brd_MAD_R_out_2_RFI_Filter_mad_R_i|       pointer|
|stream_Brd_MAD_R_out_2_RFI_Filter_mad_R_i_read                 |  out|    1|     ap_fifo|               stream_Brd_MAD_R_out_2_RFI_Filter_mad_R_i|       pointer|
|stream_Brd_Acq_Real_out_4_RFI_Filter_raw_data_real_i_dout      |   in|   64|     ap_fifo|    stream_Brd_Acq_Real_out_4_RFI_Filter_raw_data_real_i|       pointer|
|stream_Brd_Acq_Real_out_4_RFI_Filter_raw_data_real_i_empty_n   |   in|    1|     ap_fifo|    stream_Brd_Acq_Real_out_4_RFI_Filter_raw_data_real_i|       pointer|
|stream_Brd_Acq_Real_out_4_RFI_Filter_raw_data_real_i_read      |  out|    1|     ap_fifo|    stream_Brd_Acq_Real_out_4_RFI_Filter_raw_data_real_i|       pointer|
|stream_Brd_Acq_Im_out_4_RFI_Filter_raw_data_im_i_dout          |   in|   64|     ap_fifo|        stream_Brd_Acq_Im_out_4_RFI_Filter_raw_data_im_i|       pointer|
|stream_Brd_Acq_Im_out_4_RFI_Filter_raw_data_im_i_empty_n       |   in|    1|     ap_fifo|        stream_Brd_Acq_Im_out_4_RFI_Filter_raw_data_im_i|       pointer|
|stream_Brd_Acq_Im_out_4_RFI_Filter_raw_data_im_i_read          |  out|    1|     ap_fifo|        stream_Brd_Acq_Im_out_4_RFI_Filter_raw_data_im_i|       pointer|
|stream_RFI_Filter_filtered_real_data_o_Brd_Res_Real_in_din     |  out|   64|     ap_fifo|  stream_RFI_Filter_filtered_real_data_o_Brd_Res_Real_in|       pointer|
|stream_RFI_Filter_filtered_real_data_o_Brd_Res_Real_in_full_n  |   in|    1|     ap_fifo|  stream_RFI_Filter_filtered_real_data_o_Brd_Res_Real_in|       pointer|
|stream_RFI_Filter_filtered_real_data_o_Brd_Res_Real_in_write   |  out|    1|     ap_fifo|  stream_RFI_Filter_filtered_real_data_o_Brd_Res_Real_in|       pointer|
|stream_RFI_Filter_filtered_im_data_o_Brd_Res_Im_in_din         |  out|   64|     ap_fifo|      stream_RFI_Filter_filtered_im_data_o_Brd_Res_Im_in|       pointer|
|stream_RFI_Filter_filtered_im_data_o_Brd_Res_Im_in_full_n      |   in|    1|     ap_fifo|      stream_RFI_Filter_filtered_im_data_o_Brd_Res_Im_in|       pointer|
|stream_RFI_Filter_filtered_im_data_o_Brd_Res_Im_in_write       |  out|    1|     ap_fifo|      stream_RFI_Filter_filtered_im_data_o_Brd_Res_Im_in|       pointer|
+---------------------------------------------------------------+-----+-----+------------+--------------------------------------------------------+--------------+

