

================================================================
== Vitis HLS Report for 'RFIFilter_0_2048_ap_int_16_Pipeline_loop_1'
================================================================
* Date:           Tue Jul 25 02:51:44 2023

* Version:        2021.2 (Build 3367213 on Tue Oct 19 02:47:39 MDT 2021)
* Project:        top_graph_top_rfi_C
* Solution:       solution1 (Vivado IP Flow Target)
* Product family: zynq
* Target device:  xc7z020-clg400-1


================================================================
== Performance Estimates
================================================================
+ Timing: 
    * Summary: 
    +--------+----------+----------+------------+
    |  Clock |  Target  | Estimated| Uncertainty|
    +--------+----------+----------+------------+
    |ap_clk  |  10.00 ns|  7.639 ns|     1.00 ns|
    +--------+----------+----------+------------+

+ Latency: 
    * Summary: 
    +---------+---------+-----------+-----------+------+------+---------+
    |  Latency (cycles) |   Latency (absolute)  |   Interval  | Pipeline|
    |   min   |   max   |    min    |    max    |  min |  max |   Type  |
    +---------+---------+-----------+-----------+------+------+---------+
    |     2051|     2051|  20.510 us|  20.510 us|  2051|  2051|       no|
    +---------+---------+-----------+-----------+------+------+---------+

    + Detail: 
        * Instance: 
        N/A

        * Loop: 
        +----------+---------+---------+----------+-----------+-----------+------+----------+
        |          |  Latency (cycles) | Iteration|  Initiation Interval  | Trip |          |
        | Loop Name|   min   |   max   |  Latency |  achieved |   target  | Count| Pipelined|
        +----------+---------+---------+----------+-----------+-----------+------+----------+
        |- loop_1  |     2049|     2049|         3|          1|          1|  2048|       yes|
        +----------+---------+---------+----------+-----------+-----------+------+----------+



================================================================
== Utilization Estimates
================================================================
* Summary: 
+-----------------+---------+-----+--------+-------+-----+
|       Name      | BRAM_18K| DSP |   FF   |  LUT  | URAM|
+-----------------+---------+-----+--------+-------+-----+
|DSP              |        -|    -|       -|      -|    -|
|Expression       |        -|    -|       0|    101|    -|
|FIFO             |        -|    -|       -|      -|    -|
|Instance         |        -|    -|       -|      -|    -|
|Memory           |        -|    -|       -|      -|    -|
|Multiplexer      |        -|    -|       -|     36|    -|
|Register         |        -|    -|      57|      -|    -|
+-----------------+---------+-----+--------+-------+-----+
|Total            |        0|    0|      57|    137|    0|
+-----------------+---------+-----+--------+-------+-----+
|Available        |      280|  220|  106400|  53200|    0|
+-----------------+---------+-----+--------+-------+-----+
|Utilization (%)  |        0|    0|      ~0|     ~0|    0|
+-----------------+---------+-----+--------+-------+-----+

+ Detail: 
    * Instance: 
    N/A

    * DSP: 
    N/A

    * Memory: 
    N/A

    * FIFO: 
    N/A

    * Expression: 
    +-------------------------+----------+----+---+----+------------+------------+
    |      Variable Name      | Operation| DSP| FF| LUT| Bitwidth P0| Bitwidth P1|
    +-------------------------+----------+----+---+----+------------+------------+
    |i_V_24_fu_108_p2         |         +|   0|  0|  12|          12|           1|
    |and_ln22_fu_141_p2       |       and|   0|  0|   2|           1|           1|
    |and_ln24_fu_158_p2       |       and|   0|  0|   2|           1|           1|
    |icmp_ln1072_2_fu_136_p2  |      icmp|   0|  0|  13|          17|          17|
    |icmp_ln1072_fu_102_p2    |      icmp|   0|  0|  12|          12|          13|
    |icmp_ln1080_1_fu_153_p2  |      icmp|   0|  0|  13|          16|          16|
    |icmp_ln1080_fu_147_p2    |      icmp|   0|  0|  13|          16|           1|
    |select_ln22_fu_171_p3    |    select|   0|  0|  16|           1|          16|
    |threshold_V_fu_164_p3    |    select|   0|  0|  16|           1|          16|
    |ap_enable_pp0            |       xor|   0|  0|   2|           1|           2|
    +-------------------------+----------+----+---+----+------------+------------+
    |Total                    |          |   0|  0| 101|          78|          84|
    +-------------------------+----------+----+---+----+------------+------------+

    * Multiplexer: 
    +-------------------------+----+-----------+-----+-----------+
    |           Name          | LUT| Input Size| Bits| Total Bits|
    +-------------------------+----+-----------+-----+-----------+
    |ap_done_int              |   9|          2|    1|          2|
    |ap_enable_reg_pp0_iter1  |   9|          2|    1|          2|
    |ap_sig_allocacmp_i_V     |   9|          2|   12|         24|
    |i_V_21_fu_46             |   9|          2|   12|         24|
    +-------------------------+----+-----------+-----+-----------+
    |Total                    |  36|          8|   26|         52|
    +-------------------------+----+-----------+-----+-----------+

    * Register: 
    +----------------------------------+----+----+-----+-----------+
    |               Name               | FF | LUT| Bits| Const Bits|
    +----------------------------------+----+----+-----+-----------+
    |ap_CS_fsm                         |   1|   0|    1|          0|
    |ap_done_reg                       |   1|   0|    1|          0|
    |ap_enable_reg_pp0_iter1           |   1|   0|    1|          0|
    |ap_enable_reg_pp0_iter2           |   1|   0|    1|          0|
    |ap_loop_exit_ready_pp0_iter1_reg  |   1|   0|    1|          0|
    |i_V_21_fu_46                      |  12|   0|   12|          0|
    |select_ln22_reg_215               |  16|   0|   16|          0|
    |zext_ln587_reg_205                |  12|   0|   64|         52|
    |zext_ln587_reg_205_pp0_iter1_reg  |  12|   0|   64|         52|
    +----------------------------------+----+----+-----+-----------+
    |Total                             |  57|   0|  161|        104|
    +----------------------------------+----+----+-----+-----------+



================================================================
== Interface
================================================================
* Summary: 
+----------------+-----+-----+------------+-------------------------------------------------+--------------+
|    RTL Ports   | Dir | Bits|  Protocol  |                  Source Object                  |    C Type    |
+----------------+-----+-----+------------+-------------------------------------------------+--------------+
|ap_clk          |   in|    1|  ap_ctrl_hs|  RFIFilter<0, 2048, ap_int<16> >_Pipeline_loop_1|  return value|
|ap_rst          |   in|    1|  ap_ctrl_hs|  RFIFilter<0, 2048, ap_int<16> >_Pipeline_loop_1|  return value|
|ap_start        |   in|    1|  ap_ctrl_hs|  RFIFilter<0, 2048, ap_int<16> >_Pipeline_loop_1|  return value|
|ap_done         |  out|    1|  ap_ctrl_hs|  RFIFilter<0, 2048, ap_int<16> >_Pipeline_loop_1|  return value|
|ap_idle         |  out|    1|  ap_ctrl_hs|  RFIFilter<0, 2048, ap_int<16> >_Pipeline_loop_1|  return value|
|ap_ready        |  out|    1|  ap_ctrl_hs|  RFIFilter<0, 2048, ap_int<16> >_Pipeline_loop_1|  return value|
|RRi_V_address0  |  out|   11|   ap_memory|                                            RRi_V|         array|
|RRi_V_ce0       |  out|    1|   ap_memory|                                            RRi_V|         array|
|RRi_V_q0        |   in|   16|   ap_memory|                                            RRi_V|         array|
|sub_i_i46_i_i   |   in|   17|     ap_none|                                    sub_i_i46_i_i|        scalar|
|RRo_V_address0  |  out|   11|   ap_memory|                                            RRo_V|         array|
|RRo_V_ce0       |  out|    1|   ap_memory|                                            RRo_V|         array|
|RRo_V_we0       |  out|    1|   ap_memory|                                            RRo_V|         array|
|RRo_V_d0        |  out|   16|   ap_memory|                                            RRo_V|         array|
|select_ln1558   |   in|   16|     ap_none|                                    select_ln1558|        scalar|
|conv_i20_i_i    |   in|   16|     ap_none|                                     conv_i20_i_i|        scalar|
+----------------+-----+-----+------------+-------------------------------------------------+--------------+

