

================================================================
== Vitis HLS Report for 'RFIFilter_0_2048_ap_int_16_s'
================================================================
* Date:           Tue Jul 25 02:51:44 2023

* Version:        2021.2 (Build 3367213 on Tue Oct 19 02:47:39 MDT 2021)
* Project:        top_graph_top_rfi_C
* Solution:       solution1 (Vivado IP Flow Target)
* Product family: zynq
* Target device:  xc7z020-clg400-1


================================================================
== Performance Estimates
================================================================
+ Timing: 
    * Summary: 
    +--------+----------+----------+------------+
    |  Clock |  Target  | Estimated| Uncertainty|
    +--------+----------+----------+------------+
    |ap_clk  |  10.00 ns|  7.639 ns|     1.00 ns|
    +--------+----------+----------+------------+

+ Latency: 
    * Summary: 
    +---------+---------+-----------+-----------+------+------+---------+
    |  Latency (cycles) |   Latency (absolute)  |   Interval  | Pipeline|
    |   min   |   max   |    min    |    max    |  min |  max |   Type  |
    +---------+---------+-----------+-----------+------+------+---------+
    |     6157|     6157|  61.570 us|  61.570 us|  6157|  6157|       no|
    +---------+---------+-----------+-----------+------+------+---------+

    + Detail: 
        * Instance: 
        +--------------------------------------------------------+---------------------------------------------+---------+---------+-----------+-----------+------+------+---------+
        |                                                        |                                             |  Latency (cycles) |   Latency (absolute)  |   Interval  | Pipeline|
        |                        Instance                        |                    Module                   |   min   |   max   |    min    |    max    |  min |  max |   Type  |
        +--------------------------------------------------------+---------------------------------------------+---------+---------+-----------+-----------+------+------+---------+
        |grp_RFIFilter_0_2048_ap_int_16_Pipeline_loop_2_fu_90    |RFIFilter_0_2048_ap_int_16_Pipeline_loop_2   |     2050|     2050|  20.500 us|  20.500 us|  2050|  2050|       no|
        |grp_RFIFilter_0_2048_ap_int_16_Pipeline_loop_1_fu_100   |RFIFilter_0_2048_ap_int_16_Pipeline_loop_1   |     2051|     2051|  20.510 us|  20.510 us|  2051|  2051|       no|
        |grp_RFIFilter_0_2048_ap_int_16_Pipeline_loop_19_fu_109  |RFIFilter_0_2048_ap_int_16_Pipeline_loop_19  |     2051|     2051|  20.510 us|  20.510 us|  2051|  2051|       no|
        |grp_RFIFilter_0_2048_ap_int_16_Pipeline_loop_3_fu_118   |RFIFilter_0_2048_ap_int_16_Pipeline_loop_3   |     2050|     2050|  20.500 us|  20.500 us|  2050|  2050|       no|
        +--------------------------------------------------------+---------------------------------------------+---------+---------+-----------+-----------+------+------+---------+

        * Loop: 
        N/A



================================================================
== Utilization Estimates
================================================================
* Summary: 
+-----------------+---------+-----+--------+-------+-----+
|       Name      | BRAM_18K| DSP |   FF   |  LUT  | URAM|
+-----------------+---------+-----+--------+-------+-----+
|DSP              |        -|    -|       -|      -|    -|
|Expression       |        -|    -|       0|    115|    -|
|FIFO             |        -|    -|       -|      -|    -|
|Instance         |        -|    -|     156|    442|    -|
|Memory           |        8|    -|       0|      0|    0|
|Multiplexer      |        -|    -|       -|    271|    -|
|Register         |        -|    -|      93|      -|    -|
+-----------------+---------+-----+--------+-------+-----+
|Total            |        8|    0|     249|    828|    0|
+-----------------+---------+-----+--------+-------+-----+
|Available        |      280|  220|  106400|  53200|    0|
+-----------------+---------+-----+--------+-------+-----+
|Utilization (%)  |        2|    0|      ~0|      1|    0|
+-----------------+---------+-----+--------+-------+-----+

+ Detail: 
    * Instance: 
    +--------------------------------------------------------+---------------------------------------------+---------+----+----+-----+-----+
    |                        Instance                        |                    Module                   | BRAM_18K| DSP| FF | LUT | URAM|
    +--------------------------------------------------------+---------------------------------------------+---------+----+----+-----+-----+
    |grp_RFIFilter_0_2048_ap_int_16_Pipeline_loop_1_fu_100   |RFIFilter_0_2048_ap_int_16_Pipeline_loop_1   |        0|   0|  57|  137|    0|
    |grp_RFIFilter_0_2048_ap_int_16_Pipeline_loop_19_fu_109  |RFIFilter_0_2048_ap_int_16_Pipeline_loop_19  |        0|   0|  57|  137|    0|
    |grp_RFIFilter_0_2048_ap_int_16_Pipeline_loop_2_fu_90    |RFIFilter_0_2048_ap_int_16_Pipeline_loop_2   |        0|   0|  27|   84|    0|
    |grp_RFIFilter_0_2048_ap_int_16_Pipeline_loop_3_fu_118   |RFIFilter_0_2048_ap_int_16_Pipeline_loop_3   |        0|   0|  15|   84|    0|
    +--------------------------------------------------------+---------------------------------------------+---------+----+----+-----+-----+
    |Total                                                   |                                             |        0|   0| 156|  442|    0|
    +--------------------------------------------------------+---------------------------------------------+---------+----+----+-----+-----+

    * DSP: 
    N/A

    * Memory: 
    +---------+--------------------------------------------------+---------+---+----+-----+------+-----+------+-------------+
    |  Memory |                      Module                      | BRAM_18K| FF| LUT| URAM| Words| Bits| Banks| W*Bits*Banks|
    +---------+--------------------------------------------------+---------+---+----+-----+------+-----+------+-------------+
    |RRi_V_U  |RFIFilter_0_2048_ap_int_16_s_RRi_V_RAM_AUTO_1R1W  |        2|  0|   0|    0|  2048|   16|     1|        32768|
    |RRo_V_U  |RFIFilter_0_2048_ap_int_16_s_RRi_V_RAM_AUTO_1R1W  |        2|  0|   0|    0|  2048|   16|     1|        32768|
    |RIi_V_U  |RFIFilter_0_2048_ap_int_16_s_RRi_V_RAM_AUTO_1R1W  |        2|  0|   0|    0|  2048|   16|     1|        32768|
    |RIo_V_U  |RFIFilter_0_2048_ap_int_16_s_RRi_V_RAM_AUTO_1R1W  |        2|  0|   0|    0|  2048|   16|     1|        32768|
    +---------+--------------------------------------------------+---------+---+----+-----+------+-----+------+-------------+
    |Total    |                                                  |        8|  0|   0|    0|  8192|   64|     4|       131072|
    +---------+--------------------------------------------------+---------+---+----+-----+------+-----+------+-------------+

    * FIFO: 
    N/A

    * Expression: 
    +---------------------------------+----------+----+---+----+------------+------------+
    |          Variable Name          | Operation| DSP| FF| LUT| Bitwidth P0| Bitwidth P1|
    +---------------------------------+----------+----+---+----+------------+------------+
    |add_ln1540_fu_134_p2             |         +|   0|  0|  24|          17|          17|
    |sub_i_i46_i_i_fu_191_p2          |         -|   0|  0|  24|           1|          17|
    |sub_ln1558_8_fu_174_p2           |         -|   0|  0|  23|           1|          16|
    |sub_ln1558_fu_148_p2             |         -|   0|  0|  24|           1|          17|
    |ap_block_state1                  |        or|   0|  0|   2|           1|           1|
    |ap_block_state5_on_subcall_done  |        or|   0|  0|   2|           1|           1|
    |select_ln1558_fu_180_p3          |    select|   0|  0|  16|           1|          16|
    +---------------------------------+----------+----+---+----+------------+------------+
    |Total                            |          |   0|  0| 115|          23|          85|
    +---------------------------------+----------+----+---+----+------------+------------+

    * Multiplexer: 
    +--------------------------------------------------------------+----+-----------+-----+-----------+
    |                             Name                             | LUT| Input Size| Bits| Total Bits|
    +--------------------------------------------------------------+----+-----------+-----+-----------+
    |RIi_V_address0                                                |  14|          3|   11|         33|
    |RIi_V_ce0                                                     |  14|          3|    1|          3|
    |RIi_V_we0                                                     |   9|          2|    1|          2|
    |RIo_V_address0                                                |  14|          3|   11|         33|
    |RIo_V_ce0                                                     |  14|          3|    1|          3|
    |RIo_V_we0                                                     |   9|          2|    1|          2|
    |RRi_V_address0                                                |  14|          3|   11|         33|
    |RRi_V_ce0                                                     |  14|          3|    1|          3|
    |RRi_V_we0                                                     |   9|          2|    1|          2|
    |RRo_V_address0                                                |  14|          3|   11|         33|
    |RRo_V_ce0                                                     |  14|          3|    1|          3|
    |RRo_V_we0                                                     |   9|          2|    1|          2|
    |ap_NS_fsm                                                     |  42|          8|    1|          8|
    |ap_done                                                       |   9|          2|    1|          2|
    |stream_Brd_Acq_Im_out_4_RFI_Filter_raw_data_im_i_read         |   9|          2|    1|          2|
    |stream_Brd_Acq_Real_out_4_RFI_Filter_raw_data_real_i_read     |   9|          2|    1|          2|
    |stream_Brd_MAD_I_out_1_RFI_Filter_mad_I_i_blk_n               |   9|          2|    1|          2|
    |stream_Brd_MAD_R_out_2_RFI_Filter_mad_R_i_blk_n               |   9|          2|    1|          2|
    |stream_Brd_STD_I_out_1_RFI_Filter_std_I_i_blk_n               |   9|          2|    1|          2|
    |stream_Brd_STD_R_out_2_RFI_Filter_std_R_i_blk_n               |   9|          2|    1|          2|
    |stream_RFI_Filter_filtered_im_data_o_Brd_Res_Im_in_write      |   9|          2|    1|          2|
    |stream_RFI_Filter_filtered_real_data_o_Brd_Res_Real_in_write  |   9|          2|    1|          2|
    +--------------------------------------------------------------+----+-----------+-----+-----------+
    |Total                                                         | 271|         58|   62|        178|
    +--------------------------------------------------------------+----+-----------+-----+-----------+

    * Register: 
    +---------------------------------------------------------------------+----+----+-----+-----------+
    |                                 Name                                | FF | LUT| Bits| Const Bits|
    +---------------------------------------------------------------------+----+----+-----+-----------+
    |ap_CS_fsm                                                            |   7|   0|    7|          0|
    |ap_done_reg                                                          |   1|   0|    1|          0|
    |empty_336_reg_228                                                    |  16|   0|   16|          0|
    |grp_RFIFilter_0_2048_ap_int_16_Pipeline_loop_19_fu_109_ap_start_reg  |   1|   0|    1|          0|
    |grp_RFIFilter_0_2048_ap_int_16_Pipeline_loop_1_fu_100_ap_start_reg   |   1|   0|    1|          0|
    |grp_RFIFilter_0_2048_ap_int_16_Pipeline_loop_2_fu_90_ap_start_reg    |   1|   0|    1|          0|
    |grp_RFIFilter_0_2048_ap_int_16_Pipeline_loop_3_fu_118_ap_start_reg   |   1|   0|    1|          0|
    |select_ln1558_reg_215                                                |  16|   0|   16|          0|
    |sub_i_i46_i_i_reg_222                                                |  17|   0|   17|          0|
    |tmp_V_2_reg_210                                                      |  16|   0|   16|          0|
    |tmp_V_reg_205                                                        |  16|   0|   16|          0|
    +---------------------------------------------------------------------+----+----+-----+-----------+
    |Total                                                                |  93|   0|   93|          0|
    +---------------------------------------------------------------------+----+----+-----+-----------+



================================================================
== Interface
================================================================
* Summary: 
+---------------------------------------------------------------+-----+-----+------------+--------------------------------------------------------+--------------+
|                           RTL Ports                           | Dir | Bits|  Protocol  |                      Source Object                     |    C Type    |
+---------------------------------------------------------------+-----+-----+------------+--------------------------------------------------------+--------------+
|ap_clk                                                         |   in|    1|  ap_ctrl_hs|                         RFIFilter<0, 2048, ap_int<16> >|  return value|
|ap_rst                                                         |   in|    1|  ap_ctrl_hs|                         RFIFilter<0, 2048, ap_int<16> >|  return value|
|ap_start                                                       |   in|    1|  ap_ctrl_hs|                         RFIFilter<0, 2048, ap_int<16> >|  return value|
|ap_done                                                        |  out|    1|  ap_ctrl_hs|                         RFIFilter<0, 2048, ap_int<16> >|  return value|
|ap_continue                                                    |   in|    1|  ap_ctrl_hs|                         RFIFilter<0, 2048, ap_int<16> >|  return value|
|ap_idle                                                        |  out|    1|  ap_ctrl_hs|                         RFIFilter<0, 2048, ap_int<16> >|  return value|
|ap_ready                                                       |  out|    1|  ap_ctrl_hs|                         RFIFilter<0, 2048, ap_int<16> >|  return value|
|stream_Brd_STD_I_out_1_RFI_Filter_std_I_i_dout                 |   in|   16|     ap_fifo|               stream_Brd_STD_I_out_1_RFI_Filter_std_I_i|       pointer|
|stream_Brd_STD_I_out_1_RFI_Filter_std_I_i_empty_n              |   in|    1|     ap_fifo|               stream_Brd_STD_I_out_1_RFI_Filter_std_I_i|       pointer|
|stream_Brd_STD_I_out_1_RFI_Filter_std_I_i_read                 |  out|    1|     ap_fifo|               stream_Brd_STD_I_out_1_RFI_Filter_std_I_i|       pointer|
|stream_Brd_STD_R_out_2_RFI_Filter_std_R_i_dout                 |   in|   16|     ap_fifo|               stream_Brd_STD_R_out_2_RFI_Filter_std_R_i|       pointer|
|stream_Brd_STD_R_out_2_RFI_Filter_std_R_i_empty_n              |   in|    1|     ap_fifo|               stream_Brd_STD_R_out_2_RFI_Filter_std_R_i|       pointer|
|stream_Brd_STD_R_out_2_RFI_Filter_std_R_i_read                 |  out|    1|     ap_fifo|               stream_Brd_STD_R_out_2_RFI_Filter_std_R_i|       pointer|
|stream_Brd_MAD_I_out_1_RFI_Filter_mad_I_i_dout                 |   in|   16|     ap_fifo|               stream_Brd_MAD_I_out_1_RFI_Filter_mad_I_i|       pointer|
|stream_Brd_MAD_I_out_1_RFI_Filter_mad_I_i_empty_n              |   in|    1|     ap_fifo|               stream_Brd_MAD_I_out_1_RFI_Filter_mad_I_i|       pointer|
|stream_Brd_MAD_I_out_1_RFI_Filter_mad_I_i_read                 |  out|    1|     ap_fifo|               stream_Brd_MAD_I_out_1_RFI_Filter_mad_I_i|       pointer|
|stream_Brd_MAD_R_out_2_RFI_Filter_mad_R_i_dout                 |   in|   16|     ap_fifo|               stream_Brd_MAD_R_out_2_RFI_Filter_mad_R_i|       pointer|
|stream_Brd_MAD_R_out_2_RFI_Filter_mad_R_i_empty_n              |   in|    1|     ap_fifo|               stream_Brd_MAD_R_out_2_RFI_Filter_mad_R_i|       pointer|
|stream_Brd_MAD_R_out_2_RFI_Filter_mad_R_i_read                 |  out|    1|     ap_fifo|               stream_Brd_MAD_R_out_2_RFI_Filter_mad_R_i|       pointer|
|stream_Brd_Acq_Real_out_4_RFI_Filter_raw_data_real_i_dout      |   in|   16|     ap_fifo|    stream_Brd_Acq_Real_out_4_RFI_Filter_raw_data_real_i|       pointer|
|stream_Brd_Acq_Real_out_4_RFI_Filter_raw_data_real_i_empty_n   |   in|    1|     ap_fifo|    stream_Brd_Acq_Real_out_4_RFI_Filter_raw_data_real_i|       pointer|
|stream_Brd_Acq_Real_out_4_RFI_Filter_raw_data_real_i_read      |  out|    1|     ap_fifo|    stream_Brd_Acq_Real_out_4_RFI_Filter_raw_data_real_i|       pointer|
|stream_Brd_Acq_Im_out_4_RFI_Filter_raw_data_im_i_dout          |   in|   16|     ap_fifo|        stream_Brd_Acq_Im_out_4_RFI_Filter_raw_data_im_i|       pointer|
|stream_Brd_Acq_Im_out_4_RFI_Filter_raw_data_im_i_empty_n       |   in|    1|     ap_fifo|        stream_Brd_Acq_Im_out_4_RFI_Filter_raw_data_im_i|       pointer|
|stream_Brd_Acq_Im_out_4_RFI_Filter_raw_data_im_i_read          |  out|    1|     ap_fifo|        stream_Brd_Acq_Im_out_4_RFI_Filter_raw_data_im_i|       pointer|
|stream_RFI_Filter_filtered_real_data_o_Brd_Res_Real_in_din     |  out|   16|     ap_fifo|  stream_RFI_Filter_filtered_real_data_o_Brd_Res_Real_in|       pointer|
|stream_RFI_Filter_filtered_real_data_o_Brd_Res_Real_in_full_n  |   in|    1|     ap_fifo|  stream_RFI_Filter_filtered_real_data_o_Brd_Res_Real_in|       pointer|
|stream_RFI_Filter_filtered_real_data_o_Brd_Res_Real_in_write   |  out|    1|     ap_fifo|  stream_RFI_Filter_filtered_real_data_o_Brd_Res_Real_in|       pointer|
|stream_RFI_Filter_filtered_im_data_o_Brd_Res_Im_in_din         |  out|   16|     ap_fifo|      stream_RFI_Filter_filtered_im_data_o_Brd_Res_Im_in|       pointer|
|stream_RFI_Filter_filtered_im_data_o_Brd_Res_Im_in_full_n      |   in|    1|     ap_fifo|      stream_RFI_Filter_filtered_im_data_o_Brd_Res_Im_in|       pointer|
|stream_RFI_Filter_filtered_im_data_o_Brd_Res_Im_in_write       |  out|    1|     ap_fifo|      stream_RFI_Filter_filtered_im_data_o_Brd_Res_Im_in|       pointer|
+---------------------------------------------------------------+-----+-----+------------+--------------------------------------------------------+--------------+

