

================================================================
== Vitis HLS Report for 'RFIFilter_0_2048_double_Pipeline_loop_114'
================================================================
* Date:           Wed Jul  5 23:25:41 2023

* Version:        2021.2 (Build 3367213 on Tue Oct 19 02:47:39 MDT 2021)
* Project:        top_graph_top_rfi_C
* Solution:       solution1 (Vivado IP Flow Target)
* Product family: zynq
* Target device:  xc7z020-clg400-1


================================================================
== Performance Estimates
================================================================
+ Timing: 
    * Summary: 
    +--------+----------+----------+------------+
    |  Clock |  Target  | Estimated| Uncertainty|
    +--------+----------+----------+------------+
    |ap_clk  |  10.00 ns|  6.438 ns|     2.70 ns|
    +--------+----------+----------+------------+

+ Latency: 
    * Summary: 
    +---------+---------+-----------+-----------+------+------+---------+
    |  Latency (cycles) |   Latency (absolute)  |   Interval  | Pipeline|
    |   min   |   max   |    min    |    max    |  min |  max |   Type  |
    +---------+---------+-----------+-----------+------+------+---------+
    |     2053|     2053|  20.530 us|  20.530 us|  2053|  2053|       no|
    +---------+---------+-----------+-----------+------+------+---------+

    + Detail: 
        * Instance: 
        N/A

        * Loop: 
        +----------+---------+---------+----------+-----------+-----------+------+----------+
        |          |  Latency (cycles) | Iteration|  Initiation Interval  | Trip |          |
        | Loop Name|   min   |   max   |  Latency |  achieved |   target  | Count| Pipelined|
        +----------+---------+---------+----------+-----------+-----------+------+----------+
        |- loop_1  |     2051|     2051|         5|          1|          1|  2048|       yes|
        +----------+---------+---------+----------+-----------+-----------+------+----------+



================================================================
== Utilization Estimates
================================================================
* Summary: 
+-----------------+---------+-----+--------+-------+-----+
|       Name      | BRAM_18K| DSP |   FF   |  LUT  | URAM|
+-----------------+---------+-----+--------+-------+-----+
|DSP              |        -|    -|       -|      -|    -|
|Expression       |        -|    -|       0|    229|    -|
|FIFO             |        -|    -|       -|      -|    -|
|Instance         |        -|    -|       -|      -|    -|
|Memory           |        -|    -|       -|      -|    -|
|Multiplexer      |        -|    -|       -|     36|    -|
|Register         |        -|    -|     357|    128|    -|
+-----------------+---------+-----+--------+-------+-----+
|Total            |        0|    0|     357|    393|    0|
+-----------------+---------+-----+--------+-------+-----+
|Available        |      280|  220|  106400|  53200|    0|
+-----------------+---------+-----+--------+-------+-----+
|Utilization (%)  |        0|    0|      ~0|     ~0|    0|
+-----------------+---------+-----+--------+-------+-----+

+ Detail: 
    * Instance: 
    +----------------------------------+-----------------------------+---------+----+---+----+-----+
    |             Instance             |            Module           | BRAM_18K| DSP| FF| LUT| URAM|
    +----------------------------------+-----------------------------+---------+----+---+----+-----+
    |dcmp_64ns_64ns_1_2_no_dsp_1_U195  |dcmp_64ns_64ns_1_2_no_dsp_1  |        0|   0|  0|   0|    0|
    |dcmp_64ns_64ns_1_2_no_dsp_1_U196  |dcmp_64ns_64ns_1_2_no_dsp_1  |        0|   0|  0|   0|    0|
    |dcmp_64ns_64ns_1_2_no_dsp_1_U197  |dcmp_64ns_64ns_1_2_no_dsp_1  |        0|   0|  0|   0|    0|
    |dcmp_64ns_64ns_1_2_no_dsp_1_U198  |dcmp_64ns_64ns_1_2_no_dsp_1  |        0|   0|  0|   0|    0|
    +----------------------------------+-----------------------------+---------+----+---+----+-----+
    |Total                             |                             |        0|   0|  0|   0|    0|
    +----------------------------------+-----------------------------+---------+----+---+----+-----+

    * DSP: 
    N/A

    * Memory: 
    N/A

    * FIFO: 
    N/A

    * Expression: 
    +-----------------------+----------+----+---+----+------------+------------+
    |     Variable Name     | Operation| DSP| FF| LUT| Bitwidth P0| Bitwidth P1|
    +-----------------------+----------+----+---+----+------------+------------+
    |add_ln19_fu_152_p2     |         +|   0|  0|  12|          12|           1|
    |and_ln20_1_fu_251_p2   |       and|   0|  0|   2|           1|           1|
    |and_ln20_2_fu_245_p2   |       and|   0|  0|   2|           1|           1|
    |and_ln20_fu_239_p2     |       and|   0|  0|   2|           1|           1|
    |and_ln22_1_fu_273_p2   |       and|   0|  0|   2|           1|           1|
    |and_ln22_2_fu_267_p2   |       and|   0|  0|   2|           1|           1|
    |and_ln22_fu_261_p2     |       and|   0|  0|   2|           1|           1|
    |icmp_ln19_fu_146_p2    |      icmp|   0|  0|  12|          12|          13|
    |icmp_ln20_1_fu_223_p2  |      icmp|   0|  0|  24|          52|           1|
    |icmp_ln20_3_fu_173_p2  |      icmp|   0|  0|  11|          11|           2|
    |icmp_ln20_fu_217_p2    |      icmp|   0|  0|  11|          11|           2|
    |icmp_ln22_fu_189_p2    |      icmp|   0|  0|  11|          11|           2|
    |or_ln20_1_fu_235_p2    |        or|   0|  0|   2|           1|           1|
    |or_ln20_fu_229_p2      |        or|   0|  0|   2|           1|           1|
    |or_ln22_fu_257_p2      |        or|   0|  0|   2|           1|           1|
    |RIo_d0                 |    select|   0|  0|  64|           1|          64|
    |select_ln22_fu_279_p3  |    select|   0|  0|  64|           1|          64|
    |ap_enable_pp0          |       xor|   0|  0|   2|           1|           2|
    +-----------------------+----------+----+---+----+------------+------------+
    |Total                  |          |   0|  0| 229|         121|         160|
    +-----------------------+----------+----+---+----+------------+------------+

    * Multiplexer: 
    +-------------------------+----+-----------+-----+-----------+
    |           Name          | LUT| Input Size| Bits| Total Bits|
    +-------------------------+----+-----------+-----+-----------+
    |ap_done_int              |   9|          2|    1|          2|
    |ap_enable_reg_pp0_iter1  |   9|          2|    1|          2|
    |ap_sig_allocacmp_i_10    |   9|          2|   12|         24|
    |i_fu_60                  |   9|          2|   12|         24|
    +-------------------------+----+-----------+-----+-----------+
    |Total                    |  36|          8|   26|         52|
    +-------------------------+----+-----------+-----+-----------+

    * Register: 
    +----------------------------------+----+----+-----+-----------+
    |               Name               | FF | LUT| Bits| Const Bits|
    +----------------------------------+----+----+-----+-----------+
    |RIi_load_reg_340                  |  64|   0|   64|          0|
    |and_ln20_1_reg_350                |   1|   0|    1|          0|
    |and_ln22_1_reg_355                |   1|   0|    1|          0|
    |ap_CS_fsm                         |   1|   0|    1|          0|
    |ap_done_reg                       |   1|   0|    1|          0|
    |ap_enable_reg_pp0_iter1           |   1|   0|    1|          0|
    |ap_enable_reg_pp0_iter2           |   1|   0|    1|          0|
    |ap_enable_reg_pp0_iter3           |   1|   0|    1|          0|
    |ap_enable_reg_pp0_iter4           |   1|   0|    1|          0|
    |ap_loop_exit_ready_pp0_iter1_reg  |   1|   0|    1|          0|
    |ap_loop_exit_ready_pp0_iter2_reg  |   1|   0|    1|          0|
    |ap_loop_exit_ready_pp0_iter3_reg  |   1|   0|    1|          0|
    |i_12_cast_i_reg_320               |  12|   0|   64|         52|
    |i_fu_60                           |  12|   0|   12|          0|
    |icmp_ln20_3_reg_330               |   1|   0|    1|          0|
    |icmp_ln22_reg_335                 |   1|   0|    1|          0|
    |RIi_load_reg_340                  |  64|  32|   64|          0|
    |i_12_cast_i_reg_320               |  64|  32|   64|         52|
    |icmp_ln20_3_reg_330               |  64|  32|    1|          0|
    |icmp_ln22_reg_335                 |  64|  32|    1|          0|
    +----------------------------------+----+----+-----+-----------+
    |Total                             | 357| 128|  283|        104|
    +----------------------------------+----+----+-----+-----------+



================================================================
== Interface
================================================================
* Summary: 
+----------------+-----+-----+------------+----------------------------------------------+--------------+
|    RTL Ports   | Dir | Bits|  Protocol  |                 Source Object                |    C Type    |
+----------------+-----+-----+------------+----------------------------------------------+--------------+
|ap_clk          |   in|    1|  ap_ctrl_hs|  RFIFilter<0, 2048, double>_Pipeline_loop_114|  return value|
|ap_rst          |   in|    1|  ap_ctrl_hs|  RFIFilter<0, 2048, double>_Pipeline_loop_114|  return value|
|ap_start        |   in|    1|  ap_ctrl_hs|  RFIFilter<0, 2048, double>_Pipeline_loop_114|  return value|
|ap_done         |  out|    1|  ap_ctrl_hs|  RFIFilter<0, 2048, double>_Pipeline_loop_114|  return value|
|ap_idle         |  out|    1|  ap_ctrl_hs|  RFIFilter<0, 2048, double>_Pipeline_loop_114|  return value|
|ap_ready        |  out|    1|  ap_ctrl_hs|  RFIFilter<0, 2048, double>_Pipeline_loop_114|  return value|
|RIi_address0    |  out|   11|   ap_memory|                                           RIi|         array|
|RIi_ce0         |  out|    1|   ap_memory|                                           RIi|         array|
|RIi_q0          |   in|   64|   ap_memory|                                           RIi|         array|
|sub_i_neg_i     |   in|   63|     ap_none|                                   sub_i_neg_i|        scalar|
|icmp_ln20_2     |   in|    1|     ap_none|                                   icmp_ln20_2|        scalar|
|sub_i_i         |   in|   64|     ap_none|                                       sub_i_i|        scalar|
|RIo_address0    |  out|   11|   ap_memory|                                           RIo|         array|
|RIo_ce0         |  out|    1|   ap_memory|                                           RIo|         array|
|RIo_we0         |  out|    1|   ap_memory|                                           RIo|         array|
|RIo_d0          |  out|   64|   ap_memory|                                           RIo|         array|
|sub_i_to_int_i  |   in|   63|     ap_none|                                sub_i_to_int_i|        scalar|
|av_threshold_i  |   in|   64|     ap_none|                                av_threshold_i|        scalar|
+----------------+-----+-----+------------+----------------------------------------------+--------------+

