

================================================================
== Vitis HLS Report for 'sortList_Pipeline_1'
================================================================
* Date:           Thu Jul  6 01:41:48 2023

* Version:        2021.2 (Build 3367213 on Tue Oct 19 02:47:39 MDT 2021)
* Project:        top_graph_top_rfi_C
* Solution:       solution1 (Vivado IP Flow Target)
* Product family: zynq
* Target device:  xc7z020-clg400-1


================================================================
== Performance Estimates
================================================================
+ Timing: 
    * Summary: 
    +--------+----------+----------+------------+
    |  Clock |  Target  | Estimated| Uncertainty|
    +--------+----------+----------+------------+
    |ap_clk  |  10.00 ns|  5.691 ns|     2.70 ns|
    +--------+----------+----------+------------+

+ Latency: 
    * Summary: 
    +---------+---------+----------+----------+--------+--------+---------+
    |  Latency (cycles) |  Latency (absolute) |     Interval    | Pipeline|
    |   min   |   max   |    min   |    max   |   min  |   max  |   Type  |
    +---------+---------+----------+----------+--------+--------+---------+
    |   409602|   409602|  4.096 ms|  4.096 ms|  409602|  409602|       no|
    +---------+---------+----------+----------+--------+--------+---------+

    + Detail: 
        * Instance: 
        N/A

        * Loop: 
        +----------+---------+---------+----------+-----------+-----------+--------+----------+
        |          |  Latency (cycles) | Iteration|  Initiation Interval  |  Trip  |          |
        | Loop Name|   min   |   max   |  Latency |  achieved |   target  |  Count | Pipelined|
        +----------+---------+---------+----------+-----------+-----------+--------+----------+
        |- Loop 1  |   409600|   409600|         1|          1|          1|  409600|       yes|
        +----------+---------+---------+----------+-----------+-----------+--------+----------+



================================================================
== Utilization Estimates
================================================================
* Summary: 
+-----------------+---------+-----+--------+-------+-----+
|       Name      | BRAM_18K| DSP |   FF   |  LUT  | URAM|
+-----------------+---------+-----+--------+-------+-----+
|DSP              |        -|    -|       -|      -|    -|
|Expression       |        -|    -|       0|     39|    -|
|FIFO             |        -|    -|       -|      -|    -|
|Instance         |        -|    -|       -|      -|    -|
|Memory           |        -|    -|       -|      -|    -|
|Multiplexer      |        -|    -|       -|     27|    -|
|Register         |        -|    -|      21|      -|    -|
+-----------------+---------+-----+--------+-------+-----+
|Total            |        0|    0|      21|     66|    0|
+-----------------+---------+-----+--------+-------+-----+
|Available        |      280|  220|  106400|  53200|    0|
+-----------------+---------+-----+--------+-------+-----+
|Utilization (%)  |        0|    0|      ~0|     ~0|    0|
+-----------------+---------+-----+--------+-------+-----+

+ Detail: 
    * Instance: 
    N/A

    * DSP: 
    N/A

    * Memory: 
    N/A

    * FIFO: 
    N/A

    * Expression: 
    +-----------------------+----------+----+---+----+------------+------------+
    |     Variable Name     | Operation| DSP| FF| LUT| Bitwidth P0| Bitwidth P1|
    +-----------------------+----------+----+---+----+------------+------------+
    |empty_92_fu_56_p2      |         +|   0|  0|  26|          19|           1|
    |exitcond5320_fu_50_p2  |      icmp|   0|  0|  13|          19|          18|
    +-----------------------+----------+----+---+----+------------+------------+
    |Total                  |          |   0|  0|  39|          38|          19|
    +-----------------------+----------+----+---+----+------------+------------+

    * Multiplexer: 
    +-------------------------+----+-----------+-----+-----------+
    |           Name          | LUT| Input Size| Bits| Total Bits|
    +-------------------------+----+-----------+-----+-----------+
    |ap_done_int              |   9|          2|    1|          2|
    |ap_sig_allocacmp_p_load  |   9|          2|   19|         38|
    |empty_fu_24              |   9|          2|   19|         38|
    +-------------------------+----+-----------+-----+-----------+
    |Total                    |  27|          6|   39|         78|
    +-------------------------+----+-----------+-----+-----------+

    * Register: 
    +-------------+----+----+-----+-----------+
    |     Name    | FF | LUT| Bits| Const Bits|
    +-------------+----+----+-----+-----------+
    |ap_CS_fsm    |   1|   0|    1|          0|
    |ap_done_reg  |   1|   0|    1|          0|
    |empty_fu_24  |  19|   0|   19|          0|
    +-------------+----+----+-----+-----------+
    |Total        |  21|   0|   21|          0|
    +-------------+----+----+-----+-----------+



================================================================
== Interface
================================================================
* Summary: 
+----------------+-----+-----+------------+---------------------+--------------+
|    RTL Ports   | Dir | Bits|  Protocol  |    Source Object    |    C Type    |
+----------------+-----+-----+------------+---------------------+--------------+
|ap_clk          |   in|    1|  ap_ctrl_hs|  sortList_Pipeline_1|  return value|
|ap_rst          |   in|    1|  ap_ctrl_hs|  sortList_Pipeline_1|  return value|
|ap_start        |   in|    1|  ap_ctrl_hs|  sortList_Pipeline_1|  return value|
|ap_done         |  out|    1|  ap_ctrl_hs|  sortList_Pipeline_1|  return value|
|ap_idle         |  out|    1|  ap_ctrl_hs|  sortList_Pipeline_1|  return value|
|ap_ready        |  out|    1|  ap_ctrl_hs|  sortList_Pipeline_1|  return value|
|count_address0  |  out|   19|   ap_memory|                count|         array|
|count_ce0       |  out|    1|   ap_memory|                count|         array|
|count_we0       |  out|    1|   ap_memory|                count|         array|
|count_d0        |  out|   32|   ap_memory|                count|         array|
+----------------+-----+-----+------------+---------------------+--------------+

