

================================================================
== Vitis HLS Report for 'stdDeviationList'
================================================================
* Date:           Tue Jul 25 02:51:39 2023

* Version:        2021.2 (Build 3367213 on Tue Oct 19 02:47:39 MDT 2021)
* Project:        top_graph_top_rfi_C
* Solution:       solution1 (Vivado IP Flow Target)
* Product family: zynq
* Target device:  xc7z020-clg400-1


================================================================
== Performance Estimates
================================================================
+ Timing: 
    * Summary: 
    +--------+----------+----------+------------+
    |  Clock |  Target  | Estimated| Uncertainty|
    +--------+----------+----------+------------+
    |ap_clk  |  10.00 ns|  8.905 ns|     1.00 ns|
    +--------+----------+----------+------------+

+ Latency: 
    * Summary: 
    +---------+---------+-----------+-----------+------+------+---------+
    |  Latency (cycles) |   Latency (absolute)  |   Interval  | Pipeline|
    |   min   |   max   |    min    |    max    |  min |  max |   Type  |
    +---------+---------+-----------+-----------+------+------+---------+
    |     2160|     2160|  21.600 us|  21.600 us|  2160|  2160|       no|
    +---------+---------+-----------+-----------+------+------+---------+

    + Detail: 
        * Instance: 
        +---------------------------------+----------------------+---------+---------+----------+----------+-----+-----+---------+
        |                                 |                      |  Latency (cycles) |  Latency (absolute) |  Interval | Pipeline|
        |             Instance            |        Module        |   min   |   max   |    min   |    max   | min | max |   Type  |
        +---------------------------------+----------------------+---------+---------+----------+----------+-----+-----+---------+
        |grp_pow_generic_double_s_fu_132  |pow_generic_double_s  |       69|       69|  0.690 us|  0.690 us|    1|    1|      yes|
        +---------------------------------+----------------------+---------+---------+----------+----------+-----+-----+---------+

        * Loop: 
        +-------------------+---------+---------+----------+-----------+-----------+------+----------+
        |                   |  Latency (cycles) | Iteration|  Initiation Interval  | Trip |          |
        |     Loop Name     |   min   |   max   |  Latency |  achieved |   target  | Count| Pipelined|
        +-------------------+---------+---------+----------+-----------+-----------+------+----------+
        |- VITIS_LOOP_39_1  |     2158|     2158|       112|          1|          1|  2048|       yes|
        +-------------------+---------+---------+----------+-----------+-----------+------+----------+



================================================================
== Utilization Estimates
================================================================
* Summary: 
+-----------------+---------+-----+--------+-------+-----+
|       Name      | BRAM_18K| DSP |   FF   |  LUT  | URAM|
+-----------------+---------+-----+--------+-------+-----+
|DSP              |        -|    -|       -|      -|    -|
|Expression       |        -|    -|       0|    471|    -|
|FIFO             |        -|    -|       -|      -|    -|
|Instance         |       30|   45|   11734|   8470|    -|
|Memory           |        -|    -|       -|      -|    -|
|Multiplexer      |        -|    -|       -|     36|    -|
|Register         |        -|    -|     713|     32|    -|
+-----------------+---------+-----+--------+-------+-----+
|Total            |       30|   45|   12447|   9009|    0|
+-----------------+---------+-----+--------+-------+-----+
|Available        |      280|  220|  106400|  53200|    0|
+-----------------+---------+-----+--------+-------+-----+
|Utilization (%)  |       10|   20|      11|     16|    0|
+-----------------+---------+-----+--------+-------+-----+

+ Detail: 
    * Instance: 
    +------------------------------------+--------------------------------+---------+----+-------+------+-----+
    |              Instance              |             Module             | BRAM_18K| DSP|   FF  |  LUT | URAM|
    +------------------------------------+--------------------------------+---------+----+-------+------+-----+
    |dsqrt_64ns_64ns_64_30_no_dsp_1_U72  |dsqrt_64ns_64ns_64_30_no_dsp_1  |        0|   0|      0|     0|    0|
    |fpext_32ns_64_2_no_dsp_1_U71        |fpext_32ns_64_2_no_dsp_1        |        0|   0|      0|     0|    0|
    |grp_pow_generic_double_s_fu_132     |pow_generic_double_s            |       30|  45|  11734|  8470|    0|
    |sitofp_32s_32_5_no_dsp_1_U70        |sitofp_32s_32_5_no_dsp_1        |        0|   0|      0|     0|    0|
    +------------------------------------+--------------------------------+---------+----+-------+------+-----+
    |Total                               |                                |       30|  45|  11734|  8470|    0|
    +------------------------------------+--------------------------------+---------+----+-------+------+-----+

    * DSP: 
    N/A

    * Memory: 
    N/A

    * FIFO: 
    N/A

    * Expression: 
    +--------------------------+----------+----+---+-----+------------+------------+
    |       Variable Name      | Operation| DSP| FF| LUT | Bitwidth P0| Bitwidth P1|
    +--------------------------+----------+----+---+-----+------------+------------+
    |i_V_2_fu_190_p2           |         +|   0|  0|   12|          12|           1|
    |ret_fu_210_p2             |         -|   0|  0|   24|          17|          17|
    |sh_amt_1_fu_286_p2        |         -|   0|  0|   13|           1|          10|
    |sh_amt_fu_258_p2          |         -|   0|  0|   12|          11|          12|
    |sub_ln501_fu_442_p2       |         -|   0|  0|   23|           1|          16|
    |and_ln358_fu_431_p2       |       and|   0|  0|    2|           1|           1|
    |and_ln360_fu_320_p2       |       and|   0|  0|    2|           1|           1|
    |and_ln361_1_fu_408_p2     |       and|   0|  0|    2|           1|           1|
    |and_ln361_fu_384_p2       |       and|   0|  0|    2|           1|           1|
    |and_ln379_fu_338_p2       |       and|   0|  0|    2|           1|           1|
    |icmp_ln354_fu_252_p2      |      icmp|   0|  0|   28|          63|           1|
    |icmp_ln358_fu_268_p2      |      icmp|   0|  0|   11|          11|          11|
    |icmp_ln360_fu_274_p2      |      icmp|   0|  0|   12|          12|           1|
    |icmp_ln361_fu_280_p2      |      icmp|   0|  0|   12|          12|           6|
    |icmp_ln379_fu_302_p2      |      icmp|   0|  0|   10|           6|           1|
    |icmp_ln39_fu_184_p2       |      icmp|   0|  0|   12|          12|          13|
    |lshr_ln363_fu_366_p2      |      lshr|   0|  0|  161|          54|          54|
    |or_ln358_fu_308_p2        |        or|   0|  0|    2|           1|           1|
    |or_ln360_fu_326_p2        |        or|   0|  0|    2|           1|           1|
    |or_ln361_fu_413_p2        |        or|   0|  0|    2|           1|           1|
    |deviation_list_d0         |    select|   0|  0|   16|           1|          16|
    |select_ln358_fu_436_p3    |    select|   0|  0|   16|           1|          16|
    |select_ln361_1_fu_418_p3  |    select|   0|  0|   16|           1|           1|
    |select_ln361_fu_388_p3    |    select|   0|  0|   16|           1|          16|
    |select_ln379_fu_396_p3    |    select|   0|  0|   16|           1|          16|
    |shl_ln381_fu_379_p2       |       shl|   0|  0|   35|          16|          16|
    |ap_enable_pp0             |       xor|   0|  0|    2|           1|           2|
    |xor_ln354_fu_426_p2       |       xor|   0|  0|    2|           1|           2|
    |xor_ln358_fu_314_p2       |       xor|   0|  0|    2|           1|           2|
    |xor_ln360_fu_332_p2       |       xor|   0|  0|    2|           1|           2|
    |xor_ln361_fu_403_p2       |       xor|   0|  0|    2|           1|           2|
    +--------------------------+----------+----+---+-----+------------+------------+
    |Total                     |          |   0|  0|  471|         246|         242|
    +--------------------------+----------+----+---+-----+------------+------------+

    * Multiplexer: 
    +-------------------------+----+-----------+-----+-----------+
    |           Name          | LUT| Input Size| Bits| Total Bits|
    +-------------------------+----+-----------+-----+-----------+
    |ap_done_int              |   9|          2|    1|          2|
    |ap_enable_reg_pp0_iter1  |   9|          2|    1|          2|
    |ap_sig_allocacmp_i_V_1   |   9|          2|   12|         24|
    |i_V_fu_96                |   9|          2|   12|         24|
    +-------------------------+----+-----------+-----+-----------+
    |Total                    |  36|          8|   26|         52|
    +-------------------------+----+-----------+-----+-----------+

    * Register: 
    +----------------------------------------------+----+----+-----+-----------+
    |                     Name                     | FF | LUT| Bits| Const Bits|
    +----------------------------------------------+----+----+-----+-----------+
    |and_ln360_reg_555                             |   1|   0|    1|          0|
    |and_ln379_reg_561                             |   1|   0|    1|          0|
    |ap_CS_fsm                                     |   1|   0|    1|          0|
    |ap_done_reg                                   |   1|   0|    1|          0|
    |ap_enable_reg_pp0_iter1                       |   1|   0|    1|          0|
    |ap_enable_reg_pp0_iter10                      |   1|   0|    1|          0|
    |ap_enable_reg_pp0_iter100                     |   1|   0|    1|          0|
    |ap_enable_reg_pp0_iter101                     |   1|   0|    1|          0|
    |ap_enable_reg_pp0_iter102                     |   1|   0|    1|          0|
    |ap_enable_reg_pp0_iter103                     |   1|   0|    1|          0|
    |ap_enable_reg_pp0_iter104                     |   1|   0|    1|          0|
    |ap_enable_reg_pp0_iter105                     |   1|   0|    1|          0|
    |ap_enable_reg_pp0_iter106                     |   1|   0|    1|          0|
    |ap_enable_reg_pp0_iter107                     |   1|   0|    1|          0|
    |ap_enable_reg_pp0_iter108                     |   1|   0|    1|          0|
    |ap_enable_reg_pp0_iter109                     |   1|   0|    1|          0|
    |ap_enable_reg_pp0_iter11                      |   1|   0|    1|          0|
    |ap_enable_reg_pp0_iter110                     |   1|   0|    1|          0|
    |ap_enable_reg_pp0_iter111                     |   1|   0|    1|          0|
    |ap_enable_reg_pp0_iter12                      |   1|   0|    1|          0|
    |ap_enable_reg_pp0_iter13                      |   1|   0|    1|          0|
    |ap_enable_reg_pp0_iter14                      |   1|   0|    1|          0|
    |ap_enable_reg_pp0_iter15                      |   1|   0|    1|          0|
    |ap_enable_reg_pp0_iter16                      |   1|   0|    1|          0|
    |ap_enable_reg_pp0_iter17                      |   1|   0|    1|          0|
    |ap_enable_reg_pp0_iter18                      |   1|   0|    1|          0|
    |ap_enable_reg_pp0_iter19                      |   1|   0|    1|          0|
    |ap_enable_reg_pp0_iter2                       |   1|   0|    1|          0|
    |ap_enable_reg_pp0_iter20                      |   1|   0|    1|          0|
    |ap_enable_reg_pp0_iter21                      |   1|   0|    1|          0|
    |ap_enable_reg_pp0_iter22                      |   1|   0|    1|          0|
    |ap_enable_reg_pp0_iter23                      |   1|   0|    1|          0|
    |ap_enable_reg_pp0_iter24                      |   1|   0|    1|          0|
    |ap_enable_reg_pp0_iter25                      |   1|   0|    1|          0|
    |ap_enable_reg_pp0_iter26                      |   1|   0|    1|          0|
    |ap_enable_reg_pp0_iter27                      |   1|   0|    1|          0|
    |ap_enable_reg_pp0_iter28                      |   1|   0|    1|          0|
    |ap_enable_reg_pp0_iter29                      |   1|   0|    1|          0|
    |ap_enable_reg_pp0_iter3                       |   1|   0|    1|          0|
    |ap_enable_reg_pp0_iter30                      |   1|   0|    1|          0|
    |ap_enable_reg_pp0_iter31                      |   1|   0|    1|          0|
    |ap_enable_reg_pp0_iter32                      |   1|   0|    1|          0|
    |ap_enable_reg_pp0_iter33                      |   1|   0|    1|          0|
    |ap_enable_reg_pp0_iter34                      |   1|   0|    1|          0|
    |ap_enable_reg_pp0_iter35                      |   1|   0|    1|          0|
    |ap_enable_reg_pp0_iter36                      |   1|   0|    1|          0|
    |ap_enable_reg_pp0_iter37                      |   1|   0|    1|          0|
    |ap_enable_reg_pp0_iter38                      |   1|   0|    1|          0|
    |ap_enable_reg_pp0_iter39                      |   1|   0|    1|          0|
    |ap_enable_reg_pp0_iter4                       |   1|   0|    1|          0|
    |ap_enable_reg_pp0_iter40                      |   1|   0|    1|          0|
    |ap_enable_reg_pp0_iter41                      |   1|   0|    1|          0|
    |ap_enable_reg_pp0_iter42                      |   1|   0|    1|          0|
    |ap_enable_reg_pp0_iter43                      |   1|   0|    1|          0|
    |ap_enable_reg_pp0_iter44                      |   1|   0|    1|          0|
    |ap_enable_reg_pp0_iter45                      |   1|   0|    1|          0|
    |ap_enable_reg_pp0_iter46                      |   1|   0|    1|          0|
    |ap_enable_reg_pp0_iter47                      |   1|   0|    1|          0|
    |ap_enable_reg_pp0_iter48                      |   1|   0|    1|          0|
    |ap_enable_reg_pp0_iter49                      |   1|   0|    1|          0|
    |ap_enable_reg_pp0_iter5                       |   1|   0|    1|          0|
    |ap_enable_reg_pp0_iter50                      |   1|   0|    1|          0|
    |ap_enable_reg_pp0_iter51                      |   1|   0|    1|          0|
    |ap_enable_reg_pp0_iter52                      |   1|   0|    1|          0|
    |ap_enable_reg_pp0_iter53                      |   1|   0|    1|          0|
    |ap_enable_reg_pp0_iter54                      |   1|   0|    1|          0|
    |ap_enable_reg_pp0_iter55                      |   1|   0|    1|          0|
    |ap_enable_reg_pp0_iter56                      |   1|   0|    1|          0|
    |ap_enable_reg_pp0_iter57                      |   1|   0|    1|          0|
    |ap_enable_reg_pp0_iter58                      |   1|   0|    1|          0|
    |ap_enable_reg_pp0_iter59                      |   1|   0|    1|          0|
    |ap_enable_reg_pp0_iter6                       |   1|   0|    1|          0|
    |ap_enable_reg_pp0_iter60                      |   1|   0|    1|          0|
    |ap_enable_reg_pp0_iter61                      |   1|   0|    1|          0|
    |ap_enable_reg_pp0_iter62                      |   1|   0|    1|          0|
    |ap_enable_reg_pp0_iter63                      |   1|   0|    1|          0|
    |ap_enable_reg_pp0_iter64                      |   1|   0|    1|          0|
    |ap_enable_reg_pp0_iter65                      |   1|   0|    1|          0|
    |ap_enable_reg_pp0_iter66                      |   1|   0|    1|          0|
    |ap_enable_reg_pp0_iter67                      |   1|   0|    1|          0|
    |ap_enable_reg_pp0_iter68                      |   1|   0|    1|          0|
    |ap_enable_reg_pp0_iter69                      |   1|   0|    1|          0|
    |ap_enable_reg_pp0_iter7                       |   1|   0|    1|          0|
    |ap_enable_reg_pp0_iter70                      |   1|   0|    1|          0|
    |ap_enable_reg_pp0_iter71                      |   1|   0|    1|          0|
    |ap_enable_reg_pp0_iter72                      |   1|   0|    1|          0|
    |ap_enable_reg_pp0_iter73                      |   1|   0|    1|          0|
    |ap_enable_reg_pp0_iter74                      |   1|   0|    1|          0|
    |ap_enable_reg_pp0_iter75                      |   1|   0|    1|          0|
    |ap_enable_reg_pp0_iter76                      |   1|   0|    1|          0|
    |ap_enable_reg_pp0_iter77                      |   1|   0|    1|          0|
    |ap_enable_reg_pp0_iter78                      |   1|   0|    1|          0|
    |ap_enable_reg_pp0_iter79                      |   1|   0|    1|          0|
    |ap_enable_reg_pp0_iter8                       |   1|   0|    1|          0|
    |ap_enable_reg_pp0_iter80                      |   1|   0|    1|          0|
    |ap_enable_reg_pp0_iter81                      |   1|   0|    1|          0|
    |ap_enable_reg_pp0_iter82                      |   1|   0|    1|          0|
    |ap_enable_reg_pp0_iter83                      |   1|   0|    1|          0|
    |ap_enable_reg_pp0_iter84                      |   1|   0|    1|          0|
    |ap_enable_reg_pp0_iter85                      |   1|   0|    1|          0|
    |ap_enable_reg_pp0_iter86                      |   1|   0|    1|          0|
    |ap_enable_reg_pp0_iter87                      |   1|   0|    1|          0|
    |ap_enable_reg_pp0_iter88                      |   1|   0|    1|          0|
    |ap_enable_reg_pp0_iter89                      |   1|   0|    1|          0|
    |ap_enable_reg_pp0_iter9                       |   1|   0|    1|          0|
    |ap_enable_reg_pp0_iter90                      |   1|   0|    1|          0|
    |ap_enable_reg_pp0_iter91                      |   1|   0|    1|          0|
    |ap_enable_reg_pp0_iter92                      |   1|   0|    1|          0|
    |ap_enable_reg_pp0_iter93                      |   1|   0|    1|          0|
    |ap_enable_reg_pp0_iter94                      |   1|   0|    1|          0|
    |ap_enable_reg_pp0_iter95                      |   1|   0|    1|          0|
    |ap_enable_reg_pp0_iter96                      |   1|   0|    1|          0|
    |ap_enable_reg_pp0_iter97                      |   1|   0|    1|          0|
    |ap_enable_reg_pp0_iter98                      |   1|   0|    1|          0|
    |ap_enable_reg_pp0_iter99                      |   1|   0|    1|          0|
    |ap_loop_exit_ready_pp0_iter100_reg            |   1|   0|    1|          0|
    |ap_loop_exit_ready_pp0_iter101_reg            |   1|   0|    1|          0|
    |ap_loop_exit_ready_pp0_iter102_reg            |   1|   0|    1|          0|
    |ap_loop_exit_ready_pp0_iter103_reg            |   1|   0|    1|          0|
    |ap_loop_exit_ready_pp0_iter104_reg            |   1|   0|    1|          0|
    |ap_loop_exit_ready_pp0_iter105_reg            |   1|   0|    1|          0|
    |ap_loop_exit_ready_pp0_iter106_reg            |   1|   0|    1|          0|
    |ap_loop_exit_ready_pp0_iter107_reg            |   1|   0|    1|          0|
    |ap_loop_exit_ready_pp0_iter108_reg            |   1|   0|    1|          0|
    |ap_loop_exit_ready_pp0_iter109_reg            |   1|   0|    1|          0|
    |ap_loop_exit_ready_pp0_iter10_reg             |   1|   0|    1|          0|
    |ap_loop_exit_ready_pp0_iter110_reg            |   1|   0|    1|          0|
    |ap_loop_exit_ready_pp0_iter11_reg             |   1|   0|    1|          0|
    |ap_loop_exit_ready_pp0_iter12_reg             |   1|   0|    1|          0|
    |ap_loop_exit_ready_pp0_iter13_reg             |   1|   0|    1|          0|
    |ap_loop_exit_ready_pp0_iter14_reg             |   1|   0|    1|          0|
    |ap_loop_exit_ready_pp0_iter15_reg             |   1|   0|    1|          0|
    |ap_loop_exit_ready_pp0_iter16_reg             |   1|   0|    1|          0|
    |ap_loop_exit_ready_pp0_iter17_reg             |   1|   0|    1|          0|
    |ap_loop_exit_ready_pp0_iter18_reg             |   1|   0|    1|          0|
    |ap_loop_exit_ready_pp0_iter19_reg             |   1|   0|    1|          0|
    |ap_loop_exit_ready_pp0_iter1_reg              |   1|   0|    1|          0|
    |ap_loop_exit_ready_pp0_iter20_reg             |   1|   0|    1|          0|
    |ap_loop_exit_ready_pp0_iter21_reg             |   1|   0|    1|          0|
    |ap_loop_exit_ready_pp0_iter22_reg             |   1|   0|    1|          0|
    |ap_loop_exit_ready_pp0_iter23_reg             |   1|   0|    1|          0|
    |ap_loop_exit_ready_pp0_iter24_reg             |   1|   0|    1|          0|
    |ap_loop_exit_ready_pp0_iter25_reg             |   1|   0|    1|          0|
    |ap_loop_exit_ready_pp0_iter26_reg             |   1|   0|    1|          0|
    |ap_loop_exit_ready_pp0_iter27_reg             |   1|   0|    1|          0|
    |ap_loop_exit_ready_pp0_iter28_reg             |   1|   0|    1|          0|
    |ap_loop_exit_ready_pp0_iter29_reg             |   1|   0|    1|          0|
    |ap_loop_exit_ready_pp0_iter2_reg              |   1|   0|    1|          0|
    |ap_loop_exit_ready_pp0_iter30_reg             |   1|   0|    1|          0|
    |ap_loop_exit_ready_pp0_iter31_reg             |   1|   0|    1|          0|
    |ap_loop_exit_ready_pp0_iter32_reg             |   1|   0|    1|          0|
    |ap_loop_exit_ready_pp0_iter33_reg             |   1|   0|    1|          0|
    |ap_loop_exit_ready_pp0_iter34_reg             |   1|   0|    1|          0|
    |ap_loop_exit_ready_pp0_iter35_reg             |   1|   0|    1|          0|
    |ap_loop_exit_ready_pp0_iter36_reg             |   1|   0|    1|          0|
    |ap_loop_exit_ready_pp0_iter37_reg             |   1|   0|    1|          0|
    |ap_loop_exit_ready_pp0_iter38_reg             |   1|   0|    1|          0|
    |ap_loop_exit_ready_pp0_iter39_reg             |   1|   0|    1|          0|
    |ap_loop_exit_ready_pp0_iter3_reg              |   1|   0|    1|          0|
    |ap_loop_exit_ready_pp0_iter40_reg             |   1|   0|    1|          0|
    |ap_loop_exit_ready_pp0_iter41_reg             |   1|   0|    1|          0|
    |ap_loop_exit_ready_pp0_iter42_reg             |   1|   0|    1|          0|
    |ap_loop_exit_ready_pp0_iter43_reg             |   1|   0|    1|          0|
    |ap_loop_exit_ready_pp0_iter44_reg             |   1|   0|    1|          0|
    |ap_loop_exit_ready_pp0_iter45_reg             |   1|   0|    1|          0|
    |ap_loop_exit_ready_pp0_iter46_reg             |   1|   0|    1|          0|
    |ap_loop_exit_ready_pp0_iter47_reg             |   1|   0|    1|          0|
    |ap_loop_exit_ready_pp0_iter48_reg             |   1|   0|    1|          0|
    |ap_loop_exit_ready_pp0_iter49_reg             |   1|   0|    1|          0|
    |ap_loop_exit_ready_pp0_iter4_reg              |   1|   0|    1|          0|
    |ap_loop_exit_ready_pp0_iter50_reg             |   1|   0|    1|          0|
    |ap_loop_exit_ready_pp0_iter51_reg             |   1|   0|    1|          0|
    |ap_loop_exit_ready_pp0_iter52_reg             |   1|   0|    1|          0|
    |ap_loop_exit_ready_pp0_iter53_reg             |   1|   0|    1|          0|
    |ap_loop_exit_ready_pp0_iter54_reg             |   1|   0|    1|          0|
    |ap_loop_exit_ready_pp0_iter55_reg             |   1|   0|    1|          0|
    |ap_loop_exit_ready_pp0_iter56_reg             |   1|   0|    1|          0|
    |ap_loop_exit_ready_pp0_iter57_reg             |   1|   0|    1|          0|
    |ap_loop_exit_ready_pp0_iter58_reg             |   1|   0|    1|          0|
    |ap_loop_exit_ready_pp0_iter59_reg             |   1|   0|    1|          0|
    |ap_loop_exit_ready_pp0_iter5_reg              |   1|   0|    1|          0|
    |ap_loop_exit_ready_pp0_iter60_reg             |   1|   0|    1|          0|
    |ap_loop_exit_ready_pp0_iter61_reg             |   1|   0|    1|          0|
    |ap_loop_exit_ready_pp0_iter62_reg             |   1|   0|    1|          0|
    |ap_loop_exit_ready_pp0_iter63_reg             |   1|   0|    1|          0|
    |ap_loop_exit_ready_pp0_iter64_reg             |   1|   0|    1|          0|
    |ap_loop_exit_ready_pp0_iter65_reg             |   1|   0|    1|          0|
    |ap_loop_exit_ready_pp0_iter66_reg             |   1|   0|    1|          0|
    |ap_loop_exit_ready_pp0_iter67_reg             |   1|   0|    1|          0|
    |ap_loop_exit_ready_pp0_iter68_reg             |   1|   0|    1|          0|
    |ap_loop_exit_ready_pp0_iter69_reg             |   1|   0|    1|          0|
    |ap_loop_exit_ready_pp0_iter6_reg              |   1|   0|    1|          0|
    |ap_loop_exit_ready_pp0_iter70_reg             |   1|   0|    1|          0|
    |ap_loop_exit_ready_pp0_iter71_reg             |   1|   0|    1|          0|
    |ap_loop_exit_ready_pp0_iter72_reg             |   1|   0|    1|          0|
    |ap_loop_exit_ready_pp0_iter73_reg             |   1|   0|    1|          0|
    |ap_loop_exit_ready_pp0_iter74_reg             |   1|   0|    1|          0|
    |ap_loop_exit_ready_pp0_iter75_reg             |   1|   0|    1|          0|
    |ap_loop_exit_ready_pp0_iter76_reg             |   1|   0|    1|          0|
    |ap_loop_exit_ready_pp0_iter77_reg             |   1|   0|    1|          0|
    |ap_loop_exit_ready_pp0_iter78_reg             |   1|   0|    1|          0|
    |ap_loop_exit_ready_pp0_iter79_reg             |   1|   0|    1|          0|
    |ap_loop_exit_ready_pp0_iter7_reg              |   1|   0|    1|          0|
    |ap_loop_exit_ready_pp0_iter80_reg             |   1|   0|    1|          0|
    |ap_loop_exit_ready_pp0_iter81_reg             |   1|   0|    1|          0|
    |ap_loop_exit_ready_pp0_iter82_reg             |   1|   0|    1|          0|
    |ap_loop_exit_ready_pp0_iter83_reg             |   1|   0|    1|          0|
    |ap_loop_exit_ready_pp0_iter84_reg             |   1|   0|    1|          0|
    |ap_loop_exit_ready_pp0_iter85_reg             |   1|   0|    1|          0|
    |ap_loop_exit_ready_pp0_iter86_reg             |   1|   0|    1|          0|
    |ap_loop_exit_ready_pp0_iter87_reg             |   1|   0|    1|          0|
    |ap_loop_exit_ready_pp0_iter88_reg             |   1|   0|    1|          0|
    |ap_loop_exit_ready_pp0_iter89_reg             |   1|   0|    1|          0|
    |ap_loop_exit_ready_pp0_iter8_reg              |   1|   0|    1|          0|
    |ap_loop_exit_ready_pp0_iter90_reg             |   1|   0|    1|          0|
    |ap_loop_exit_ready_pp0_iter91_reg             |   1|   0|    1|          0|
    |ap_loop_exit_ready_pp0_iter92_reg             |   1|   0|    1|          0|
    |ap_loop_exit_ready_pp0_iter93_reg             |   1|   0|    1|          0|
    |ap_loop_exit_ready_pp0_iter94_reg             |   1|   0|    1|          0|
    |ap_loop_exit_ready_pp0_iter95_reg             |   1|   0|    1|          0|
    |ap_loop_exit_ready_pp0_iter96_reg             |   1|   0|    1|          0|
    |ap_loop_exit_ready_pp0_iter97_reg             |   1|   0|    1|          0|
    |ap_loop_exit_ready_pp0_iter98_reg             |   1|   0|    1|          0|
    |ap_loop_exit_ready_pp0_iter99_reg             |   1|   0|    1|          0|
    |ap_loop_exit_ready_pp0_iter9_reg              |   1|   0|    1|          0|
    |grp_pow_generic_double_s_fu_132_ap_start_reg  |   1|   0|    1|          0|
    |i_V_fu_96                                     |  12|   0|   12|          0|
    |icmp_ln354_reg_528                            |   1|   0|    1|          0|
    |icmp_ln354_reg_528_pp0_iter110_reg            |   1|   0|    1|          0|
    |icmp_ln358_reg_539                            |   1|   0|    1|          0|
    |icmp_ln358_reg_539_pp0_iter110_reg            |   1|   0|    1|          0|
    |icmp_ln361_reg_544                            |   1|   0|    1|          0|
    |p_Result_s_reg_517                            |   1|   0|    1|          0|
    |p_Result_s_reg_517_pp0_iter110_reg            |   1|   0|    1|          0|
    |p_x_assign_reg_492                            |  32|   0|   32|          0|
    |reg_reg_512                                   |  64|   0|   64|          0|
    |ret_reg_482                                   |  17|   0|   17|          0|
    |rhs_reg_463                                   |  17|   0|   17|          0|
    |select_ln361_1_reg_566                        |  16|   0|   16|          0|
    |sh_amt_1_reg_550                              |  10|   0|   10|          0|
    |sh_amt_reg_534                                |  12|   0|   12|          0|
    |tmp_reg_502                                   |  64|   0|   64|          0|
    |trunc_ln359_reg_522                           |  16|   0|   16|          0|
    |trunc_ln359_reg_522_pp0_iter110_reg           |  16|   0|   16|          0|
    |val_reg_507                                   |  64|   0|   64|          0|
    |x_assign_reg_497                              |  64|   0|   64|          0|
    |zext_ln587_reg_472                            |  12|   0|   64|         52|
    |zext_ln587_reg_472                            |  64|  32|   64|         52|
    +----------------------------------------------+----+----+-----+-----------+
    |Total                                         | 713|  32|  765|        104|
    +----------------------------------------------+----+----+-----+-----------+



================================================================
== Interface
================================================================
* Summary: 
+-------------------------+-----+-----+------------+------------------+--------------+
|        RTL Ports        | Dir | Bits|  Protocol  |   Source Object  |    C Type    |
+-------------------------+-----+-----+------------+------------------+--------------+
|ap_clk                   |   in|    1|  ap_ctrl_hs|  stdDeviationList|  return value|
|ap_rst                   |   in|    1|  ap_ctrl_hs|  stdDeviationList|  return value|
|ap_start                 |   in|    1|  ap_ctrl_hs|  stdDeviationList|  return value|
|ap_done                  |  out|    1|  ap_ctrl_hs|  stdDeviationList|  return value|
|ap_idle                  |  out|    1|  ap_ctrl_hs|  stdDeviationList|  return value|
|ap_ready                 |  out|    1|  ap_ctrl_hs|  stdDeviationList|  return value|
|list_address0            |  out|   11|   ap_memory|              list|         array|
|list_ce0                 |  out|    1|   ap_memory|              list|         array|
|list_q0                  |   in|   16|   ap_memory|              list|         array|
|average                  |   in|    7|     ap_none|           average|        scalar|
|deviation_list_address0  |  out|   11|   ap_memory|    deviation_list|         array|
|deviation_list_ce0       |  out|    1|   ap_memory|    deviation_list|         array|
|deviation_list_we0       |  out|    1|   ap_memory|    deviation_list|         array|
|deviation_list_d0        |  out|   16|   ap_memory|    deviation_list|         array|
+-------------------------+-----+-----+------------+------------------+--------------+

